/home/grupo08/anaconda3/lib/python3.7/site-packages/tensorflow/python/framework/dtypes.py:516: FutureWarning: Passing (type, 1) or '1type' as a synonym of type is deprecated; in a future version of numpy, it will be understood as (type, (1,)) / '(1,)type'.
  _np_qint8 = np.dtype([("qint8", np.int8, 1)])
/home/grupo08/anaconda3/lib/python3.7/site-packages/tensorflow/python/framework/dtypes.py:517: FutureWarning: Passing (type, 1) or '1type' as a synonym of type is deprecated; in a future version of numpy, it will be understood as (type, (1,)) / '(1,)type'.
  _np_quint8 = np.dtype([("quint8", np.uint8, 1)])
/home/grupo08/anaconda3/lib/python3.7/site-packages/tensorflow/python/framework/dtypes.py:518: FutureWarning: Passing (type, 1) or '1type' as a synonym of type is deprecated; in a future version of numpy, it will be understood as (type, (1,)) / '(1,)type'.
  _np_qint16 = np.dtype([("qint16", np.int16, 1)])
/home/grupo08/anaconda3/lib/python3.7/site-packages/tensorflow/python/framework/dtypes.py:519: FutureWarning: Passing (type, 1) or '1type' as a synonym of type is deprecated; in a future version of numpy, it will be understood as (type, (1,)) / '(1,)type'.
  _np_quint16 = np.dtype([("quint16", np.uint16, 1)])
/home/grupo08/anaconda3/lib/python3.7/site-packages/tensorflow/python/framework/dtypes.py:520: FutureWarning: Passing (type, 1) or '1type' as a synonym of type is deprecated; in a future version of numpy, it will be understood as (type, (1,)) / '(1,)type'.
  _np_qint32 = np.dtype([("qint32", np.int32, 1)])
/home/grupo08/anaconda3/lib/python3.7/site-packages/tensorflow/python/framework/dtypes.py:525: FutureWarning: Passing (type, 1) or '1type' as a synonym of type is deprecated; in a future version of numpy, it will be understood as (type, (1,)) / '(1,)type'.
  np_resource = np.dtype([("resource", np.ubyte, 1)])
/home/grupo08/anaconda3/lib/python3.7/site-packages/tensorboard/compat/tensorflow_stub/dtypes.py:541: FutureWarning: Passing (type, 1) or '1type' as a synonym of type is deprecated; in a future version of numpy, it will be understood as (type, (1,)) / '(1,)type'.
  _np_qint8 = np.dtype([("qint8", np.int8, 1)])
/home/grupo08/anaconda3/lib/python3.7/site-packages/tensorboard/compat/tensorflow_stub/dtypes.py:542: FutureWarning: Passing (type, 1) or '1type' as a synonym of type is deprecated; in a future version of numpy, it will be understood as (type, (1,)) / '(1,)type'.
  _np_quint8 = np.dtype([("quint8", np.uint8, 1)])
/home/grupo08/anaconda3/lib/python3.7/site-packages/tensorboard/compat/tensorflow_stub/dtypes.py:543: FutureWarning: Passing (type, 1) or '1type' as a synonym of type is deprecated; in a future version of numpy, it will be understood as (type, (1,)) / '(1,)type'.
  _np_qint16 = np.dtype([("qint16", np.int16, 1)])
/home/grupo08/anaconda3/lib/python3.7/site-packages/tensorboard/compat/tensorflow_stub/dtypes.py:544: FutureWarning: Passing (type, 1) or '1type' as a synonym of type is deprecated; in a future version of numpy, it will be understood as (type, (1,)) / '(1,)type'.
  _np_quint16 = np.dtype([("quint16", np.uint16, 1)])
/home/grupo08/anaconda3/lib/python3.7/site-packages/tensorboard/compat/tensorflow_stub/dtypes.py:545: FutureWarning: Passing (type, 1) or '1type' as a synonym of type is deprecated; in a future version of numpy, it will be understood as (type, (1,)) / '(1,)type'.
  _np_qint32 = np.dtype([("qint32", np.int32, 1)])
/home/grupo08/anaconda3/lib/python3.7/site-packages/tensorboard/compat/tensorflow_stub/dtypes.py:550: FutureWarning: Passing (type, 1) or '1type' as a synonym of type is deprecated; in a future version of numpy, it will be understood as (type, (1,)) / '(1,)type'.
  np_resource = np.dtype([("resource", np.ubyte, 1)])
WARNING:tensorflow:From /home/grupo08/tensorflow/models/research/deeplab/datasets/build_cityscapes_data.py:188: The name tf.app.run is deprecated. Please use tf.compat.v1.app.run instead.

WARNING:tensorflow:From /home/grupo08/tensorflow/models/research/deeplab/datasets/build_data.py:63: The name tf.placeholder is deprecated. Please use tf.compat.v1.placeholder instead.

W0407 17:31:54.197633 140585878722304 deprecation_wrapper.py:119] From /home/grupo08/tensorflow/models/research/deeplab/datasets/build_data.py:63: The name tf.placeholder is deprecated. Please use tf.compat.v1.placeholder instead.

WARNING:tensorflow:From /home/grupo08/tensorflow/models/research/deeplab/datasets/build_data.py:65: The name tf.Session is deprecated. Please use tf.compat.v1.Session instead.

W0407 17:31:54.198912 140585878722304 deprecation_wrapper.py:119] From /home/grupo08/tensorflow/models/research/deeplab/datasets/build_data.py:65: The name tf.Session is deprecated. Please use tf.compat.v1.Session instead.

2020-04-07 17:31:54.200247: I tensorflow/stream_executor/platform/default/dso_loader.cc:42] Successfully opened dynamic library libcuda.so.1
2020-04-07 17:31:54.277652: I tensorflow/core/common_runtime/gpu/gpu_device.cc:1640] Found device 0 with properties: 
name: TITAN Xp major: 6 minor: 1 memoryClockRate(GHz): 1.582
pciBusID: 0000:07:00.0
2020-04-07 17:31:54.277958: I tensorflow/stream_executor/platform/default/dso_loader.cc:42] Successfully opened dynamic library libcudart.so.10.1
2020-04-07 17:31:54.280099: I tensorflow/stream_executor/platform/default/dso_loader.cc:42] Successfully opened dynamic library libcublas.so.10
2020-04-07 17:31:54.282054: I tensorflow/stream_executor/platform/default/dso_loader.cc:42] Successfully opened dynamic library libcufft.so.10
2020-04-07 17:31:54.282387: I tensorflow/stream_executor/platform/default/dso_loader.cc:42] Successfully opened dynamic library libcurand.so.10
2020-04-07 17:31:54.284842: I tensorflow/stream_executor/platform/default/dso_loader.cc:42] Successfully opened dynamic library libcusolver.so.10
2020-04-07 17:31:54.286014: I tensorflow/stream_executor/platform/default/dso_loader.cc:42] Successfully opened dynamic library libcusparse.so.10
2020-04-07 17:31:54.291142: I tensorflow/stream_executor/platform/default/dso_loader.cc:42] Successfully opened dynamic library libcudnn.so.7
2020-04-07 17:31:54.299209: I tensorflow/core/common_runtime/gpu/gpu_device.cc:1763] Adding visible gpu devices: 0
2020-04-07 17:31:54.299719: I tensorflow/core/platform/cpu_feature_guard.cc:142] Your CPU supports instructions that this TensorFlow binary was not compiled to use: SSE4.1 SSE4.2 AVX AVX2 FMA
2020-04-07 17:31:54.312997: I tensorflow/core/platform/profile_utils/cpu_utils.cc:94] CPU Frequency: 2099865000 Hz
2020-04-07 17:31:54.313423: I tensorflow/compiler/xla/service/service.cc:168] XLA service 0x561156db4370 executing computations on platform Host. Devices:
2020-04-07 17:31:54.313480: I tensorflow/compiler/xla/service/service.cc:175]   StreamExecutor device (0): <undefined>, <undefined>
2020-04-07 17:31:54.322034: I tensorflow/core/common_runtime/gpu/gpu_device.cc:1640] Found device 0 with properties: 
name: TITAN Xp major: 6 minor: 1 memoryClockRate(GHz): 1.582
pciBusID: 0000:07:00.0
2020-04-07 17:31:54.322129: I tensorflow/stream_executor/platform/default/dso_loader.cc:42] Successfully opened dynamic library libcudart.so.10.1
2020-04-07 17:31:54.322160: I tensorflow/stream_executor/platform/default/dso_loader.cc:42] Successfully opened dynamic library libcublas.so.10
2020-04-07 17:31:54.322184: I tensorflow/stream_executor/platform/default/dso_loader.cc:42] Successfully opened dynamic library libcufft.so.10
2020-04-07 17:31:54.322207: I tensorflow/stream_executor/platform/default/dso_loader.cc:42] Successfully opened dynamic library libcurand.so.10
2020-04-07 17:31:54.322230: I tensorflow/stream_executor/platform/default/dso_loader.cc:42] Successfully opened dynamic library libcusolver.so.10
2020-04-07 17:31:54.322255: I tensorflow/stream_executor/platform/default/dso_loader.cc:42] Successfully opened dynamic library libcusparse.so.10
2020-04-07 17:31:54.322283: I tensorflow/stream_executor/platform/default/dso_loader.cc:42] Successfully opened dynamic library libcudnn.so.7
2020-04-07 17:31:54.327643: I tensorflow/core/common_runtime/gpu/gpu_device.cc:1763] Adding visible gpu devices: 0
2020-04-07 17:31:54.327706: I tensorflow/stream_executor/platform/default/dso_loader.cc:42] Successfully opened dynamic library libcudart.so.10.1
2020-04-07 17:31:54.589253: I tensorflow/core/common_runtime/gpu/gpu_device.cc:1181] Device interconnect StreamExecutor with strength 1 edge matrix:
2020-04-07 17:31:54.589329: I tensorflow/core/common_runtime/gpu/gpu_device.cc:1187]      0 
2020-04-07 17:31:54.589344: I tensorflow/core/common_runtime/gpu/gpu_device.cc:1200] 0:   N 
2020-04-07 17:31:54.621800: I tensorflow/core/common_runtime/gpu/gpu_device.cc:1326] Created TensorFlow device (/job:localhost/replica:0/task:0/device:GPU:0 with 11438 MB memory) -> physical GPU (device: 0, name: TITAN Xp, pci bus id: 0000:07:00.0, compute capability: 6.1)
2020-04-07 17:31:54.625799: I tensorflow/compiler/xla/service/service.cc:168] XLA service 0x5611573f90b0 executing computations on platform CUDA. Devices:
2020-04-07 17:31:54.625867: I tensorflow/compiler/xla/service/service.cc:175]   StreamExecutor device (0): TITAN Xp, Compute Capability 6.1
2020-04-07 17:31:54.634215: I tensorflow/core/common_runtime/gpu/gpu_device.cc:1640] Found device 0 with properties: 
name: TITAN Xp major: 6 minor: 1 memoryClockRate(GHz): 1.582
pciBusID: 0000:07:00.0
2020-04-07 17:31:54.634319: I tensorflow/stream_executor/platform/default/dso_loader.cc:42] Successfully opened dynamic library libcudart.so.10.1
2020-04-07 17:31:54.634354: I tensorflow/stream_executor/platform/default/dso_loader.cc:42] Successfully opened dynamic library libcublas.so.10
2020-04-07 17:31:54.634382: I tensorflow/stream_executor/platform/default/dso_loader.cc:42] Successfully opened dynamic library libcufft.so.10
2020-04-07 17:31:54.634409: I tensorflow/stream_executor/platform/default/dso_loader.cc:42] Successfully opened dynamic library libcurand.so.10
2020-04-07 17:31:54.634437: I tensorflow/stream_executor/platform/default/dso_loader.cc:42] Successfully opened dynamic library libcusolver.so.10
2020-04-07 17:31:54.634464: I tensorflow/stream_executor/platform/default/dso_loader.cc:42] Successfully opened dynamic library libcusparse.so.10
2020-04-07 17:31:54.634492: I tensorflow/stream_executor/platform/default/dso_loader.cc:42] Successfully opened dynamic library libcudnn.so.7
2020-04-07 17:31:54.642318: I tensorflow/core/common_runtime/gpu/gpu_device.cc:1763] Adding visible gpu devices: 0
2020-04-07 17:31:54.642398: I tensorflow/core/common_runtime/gpu/gpu_device.cc:1181] Device interconnect StreamExecutor with strength 1 edge matrix:
2020-04-07 17:31:54.642416: I tensorflow/core/common_runtime/gpu/gpu_device.cc:1187]      0 
2020-04-07 17:31:54.642428: I tensorflow/core/common_runtime/gpu/gpu_device.cc:1200] 0:   N 
2020-04-07 17:31:54.648177: I tensorflow/core/common_runtime/gpu/gpu_device.cc:1326] Created TensorFlow device (/job:localhost/replica:0/task:0/device:GPU:0 with 11438 MB memory) -> physical GPU (device: 0, name: TITAN Xp, pci bus id: 0000:07:00.0, compute capability: 6.1)
WARNING:tensorflow:From /home/grupo08/tensorflow/models/research/deeplab/datasets/build_cityscapes_data.py:154: The name tf.python_io.TFRecordWriter is deprecated. Please use tf.io.TFRecordWriter instead.

W0407 17:31:54.650167 140585878722304 deprecation_wrapper.py:119] From /home/grupo08/tensorflow/models/research/deeplab/datasets/build_cityscapes_data.py:154: The name tf.python_io.TFRecordWriter is deprecated. Please use tf.io.TFRecordWriter instead.

WARNING:tensorflow:From /home/grupo08/tensorflow/models/research/deeplab/datasets/build_cityscapes_data.py:162: FastGFile.__init__ (from tensorflow.python.platform.gfile) is deprecated and will be removed in a future version.
Instructions for updating:
Use tf.gfile.GFile.
W0407 17:31:54.650745 140585878722304 deprecation.py:323] From /home/grupo08/tensorflow/models/research/deeplab/datasets/build_cityscapes_data.py:162: FastGFile.__init__ (from tensorflow.python.platform.gfile) is deprecated and will be removed in a future version.
Instructions for updating:
Use tf.gfile.GFile.
Traceback (most recent call last):
  File "/home/grupo08/tensorflow/models/research/deeplab/datasets/build_cityscapes_data.py", line 188, in <module>
    tf.app.run()
  File "/home/grupo08/anaconda3/lib/python3.7/site-packages/tensorflow/python/platform/app.py", line 40, in run
    _run(main=main, argv=argv, flags_parser=_parse_flags_tolerate_undef)
  File "/home/grupo08/anaconda3/lib/python3.7/site-packages/absl/app.py", line 299, in run
    _run_main(main, args)
  File "/home/grupo08/anaconda3/lib/python3.7/site-packages/absl/app.py", line 250, in _run_main
    sys.exit(main(argv))
  File "/home/grupo08/tensorflow/models/research/deeplab/datasets/build_cityscapes_data.py", line 184, in main
    _convert_dataset(dataset_split)
  File "/home/grupo08/tensorflow/models/research/deeplab/datasets/build_cityscapes_data.py", line 165, in _convert_dataset
    seg_data = tf.gfile.FastGFile(label_files[i], 'rb').read()
IndexError: list index out of range
