/home/grupo08/anaconda3/lib/python3.7/site-packages/tensorboard/compat/tensorflow_stub/dtypes.py:541: FutureWarning: Passing (type, 1) or '1type' as a synonym of type is deprecated; in a future version of numpy, it will be understood as (type, (1,)) / '(1,)type'.
  _np_qint8 = np.dtype([("qint8", np.int8, 1)])
/home/grupo08/anaconda3/lib/python3.7/site-packages/tensorboard/compat/tensorflow_stub/dtypes.py:542: FutureWarning: Passing (type, 1) or '1type' as a synonym of type is deprecated; in a future version of numpy, it will be understood as (type, (1,)) / '(1,)type'.
  _np_quint8 = np.dtype([("quint8", np.uint8, 1)])
/home/grupo08/anaconda3/lib/python3.7/site-packages/tensorboard/compat/tensorflow_stub/dtypes.py:543: FutureWarning: Passing (type, 1) or '1type' as a synonym of type is deprecated; in a future version of numpy, it will be understood as (type, (1,)) / '(1,)type'.
  _np_qint16 = np.dtype([("qint16", np.int16, 1)])
/home/grupo08/anaconda3/lib/python3.7/site-packages/tensorboard/compat/tensorflow_stub/dtypes.py:544: FutureWarning: Passing (type, 1) or '1type' as a synonym of type is deprecated; in a future version of numpy, it will be understood as (type, (1,)) / '(1,)type'.
  _np_quint16 = np.dtype([("quint16", np.uint16, 1)])
/home/grupo08/anaconda3/lib/python3.7/site-packages/tensorboard/compat/tensorflow_stub/dtypes.py:545: FutureWarning: Passing (type, 1) or '1type' as a synonym of type is deprecated; in a future version of numpy, it will be understood as (type, (1,)) / '(1,)type'.
  _np_qint32 = np.dtype([("qint32", np.int32, 1)])
/home/grupo08/anaconda3/lib/python3.7/site-packages/tensorboard/compat/tensorflow_stub/dtypes.py:550: FutureWarning: Passing (type, 1) or '1type' as a synonym of type is deprecated; in a future version of numpy, it will be understood as (type, (1,)) / '(1,)type'.
  np_resource = np.dtype([("resource", np.ubyte, 1)])
'roi_heads.box_predictor.cls_score.weight' has shape (81, 1024) in the checkpoint but (4, 1024) in the model! Skipped.
'roi_heads.box_predictor.cls_score.bias' has shape (81,) in the checkpoint but (4,) in the model! Skipped.
'roi_heads.box_predictor.bbox_pred.weight' has shape (320, 1024) in the checkpoint but (12, 1024) in the model! Skipped.
'roi_heads.box_predictor.bbox_pred.bias' has shape (320,) in the checkpoint but (12,) in the model! Skipped.
'roi_heads.mask_head.predictor.weight' has shape (80, 256, 1, 1) in the checkpoint but (3, 256, 1, 1) in the model! Skipped.
'roi_heads.mask_head.predictor.bias' has shape (80,) in the checkpoint but (3,) in the model! Skipped.
'roi_heads.box_predictor.cls_score.weight' has shape (81, 1024) in the checkpoint but (4, 1024) in the model! Skipped.
'roi_heads.box_predictor.cls_score.bias' has shape (81,) in the checkpoint but (4,) in the model! Skipped.
'roi_heads.box_predictor.bbox_pred.weight' has shape (320, 1024) in the checkpoint but (12, 1024) in the model! Skipped.
'roi_heads.box_predictor.bbox_pred.bias' has shape (320,) in the checkpoint but (12,) in the model! Skipped.
'roi_heads.mask_head.predictor.weight' has shape (80, 256, 1, 1) in the checkpoint but (3, 256, 1, 1) in the model! Skipped.
'roi_heads.mask_head.predictor.bias' has shape (80,) in the checkpoint but (3,) in the model! Skipped.
'roi_heads.box_predictor.cls_score.weight' has shape (81, 1024) in the checkpoint but (4, 1024) in the model! Skipped.
'roi_heads.box_predictor.cls_score.bias' has shape (81,) in the checkpoint but (4,) in the model! Skipped.
'roi_heads.box_predictor.bbox_pred.weight' has shape (320, 1024) in the checkpoint but (12, 1024) in the model! Skipped.
'roi_heads.box_predictor.bbox_pred.bias' has shape (320,) in the checkpoint but (12,) in the model! Skipped.
'roi_heads.mask_head.predictor.weight' has shape (80, 256, 1, 1) in the checkpoint but (3, 256, 1, 1) in the model! Skipped.
'roi_heads.mask_head.predictor.bias' has shape (80,) in the checkpoint but (3,) in the model! Skipped.
