/home/grupo08/datasets/MOTSChallenge/instances_txt/
.jpg
Loading sequence 0002
Loading sequence 0005
Loading sequence 0009
Loading sequence 0011
0002
0005
0009
0011
Loaded 2862 images!
[32m[03/28 11:23:02 d2.engine.defaults]: [0mModel:
GeneralizedRCNN(
  (backbone): FPN(
    (fpn_lateral2): Conv2d(256, 256, kernel_size=(1, 1), stride=(1, 1))
    (fpn_output2): Conv2d(256, 256, kernel_size=(3, 3), stride=(1, 1), padding=(1, 1))
    (fpn_lateral3): Conv2d(512, 256, kernel_size=(1, 1), stride=(1, 1))
    (fpn_output3): Conv2d(256, 256, kernel_size=(3, 3), stride=(1, 1), padding=(1, 1))
    (fpn_lateral4): Conv2d(1024, 256, kernel_size=(1, 1), stride=(1, 1))
    (fpn_output4): Conv2d(256, 256, kernel_size=(3, 3), stride=(1, 1), padding=(1, 1))
    (fpn_lateral5): Conv2d(2048, 256, kernel_size=(1, 1), stride=(1, 1))
    (fpn_output5): Conv2d(256, 256, kernel_size=(3, 3), stride=(1, 1), padding=(1, 1))
    (top_block): LastLevelMaxPool()
    (bottom_up): ResNet(
      (stem): BasicStem(
        (conv1): Conv2d(
          3, 64, kernel_size=(7, 7), stride=(2, 2), padding=(3, 3), bias=False
          (norm): FrozenBatchNorm2d(num_features=64, eps=1e-05)
        )
      )
      (res2): Sequential(
        (0): BottleneckBlock(
          (shortcut): Conv2d(
            64, 256, kernel_size=(1, 1), stride=(1, 1), bias=False
            (norm): FrozenBatchNorm2d(num_features=256, eps=1e-05)
          )
          (conv1): Conv2d(
            64, 64, kernel_size=(1, 1), stride=(1, 1), bias=False
            (norm): FrozenBatchNorm2d(num_features=64, eps=1e-05)
          )
          (conv2): Conv2d(
            64, 64, kernel_size=(3, 3), stride=(1, 1), padding=(1, 1), bias=False
            (norm): FrozenBatchNorm2d(num_features=64, eps=1e-05)
          )
          (conv3): Conv2d(
            64, 256, kernel_size=(1, 1), stride=(1, 1), bias=False
            (norm): FrozenBatchNorm2d(num_features=256, eps=1e-05)
          )
        )
        (1): BottleneckBlock(
          (conv1): Conv2d(
            256, 64, kernel_size=(1, 1), stride=(1, 1), bias=False
            (norm): FrozenBatchNorm2d(num_features=64, eps=1e-05)
          )
          (conv2): Conv2d(
            64, 64, kernel_size=(3, 3), stride=(1, 1), padding=(1, 1), bias=False
            (norm): FrozenBatchNorm2d(num_features=64, eps=1e-05)
          )
          (conv3): Conv2d(
            64, 256, kernel_size=(1, 1), stride=(1, 1), bias=False
            (norm): FrozenBatchNorm2d(num_features=256, eps=1e-05)
          )
        )
        (2): BottleneckBlock(
          (conv1): Conv2d(
            256, 64, kernel_size=(1, 1), stride=(1, 1), bias=False
            (norm): FrozenBatchNorm2d(num_features=64, eps=1e-05)
          )
          (conv2): Conv2d(
            64, 64, kernel_size=(3, 3), stride=(1, 1), padding=(1, 1), bias=False
            (norm): FrozenBatchNorm2d(num_features=64, eps=1e-05)
          )
          (conv3): Conv2d(
            64, 256, kernel_size=(1, 1), stride=(1, 1), bias=False
            (norm): FrozenBatchNorm2d(num_features=256, eps=1e-05)
          )
        )
      )
      (res3): Sequential(
        (0): BottleneckBlock(
          (shortcut): Conv2d(
            256, 512, kernel_size=(1, 1), stride=(2, 2), bias=False
            (norm): FrozenBatchNorm2d(num_features=512, eps=1e-05)
          )
          (conv1): Conv2d(
            256, 128, kernel_size=(1, 1), stride=(2, 2), bias=False
            (norm): FrozenBatchNorm2d(num_features=128, eps=1e-05)
          )
          (conv2): Conv2d(
            128, 128, kernel_size=(3, 3), stride=(1, 1), padding=(1, 1), bias=False
            (norm): FrozenBatchNorm2d(num_features=128, eps=1e-05)
          )
          (conv3): Conv2d(
            128, 512, kernel_size=(1, 1), stride=(1, 1), bias=False
            (norm): FrozenBatchNorm2d(num_features=512, eps=1e-05)
          )
        )
        (1): BottleneckBlock(
          (conv1): Conv2d(
            512, 128, kernel_size=(1, 1), stride=(1, 1), bias=False
            (norm): FrozenBatchNorm2d(num_features=128, eps=1e-05)
          )
          (conv2): Conv2d(
            128, 128, kernel_size=(3, 3), stride=(1, 1), padding=(1, 1), bias=False
            (norm): FrozenBatchNorm2d(num_features=128, eps=1e-05)
          )
          (conv3): Conv2d(
            128, 512, kernel_size=(1, 1), stride=(1, 1), bias=False
            (norm): FrozenBatchNorm2d(num_features=512, eps=1e-05)
          )
        )
        (2): BottleneckBlock(
          (conv1): Conv2d(
            512, 128, kernel_size=(1, 1), stride=(1, 1), bias=False
            (norm): FrozenBatchNorm2d(num_features=128, eps=1e-05)
          )
          (conv2): Conv2d(
            128, 128, kernel_size=(3, 3), stride=(1, 1), padding=(1, 1), bias=False
            (norm): FrozenBatchNorm2d(num_features=128, eps=1e-05)
          )
          (conv3): Conv2d(
            128, 512, kernel_size=(1, 1), stride=(1, 1), bias=False
            (norm): FrozenBatchNorm2d(num_features=512, eps=1e-05)
          )
        )
        (3): BottleneckBlock(
          (conv1): Conv2d(
            512, 128, kernel_size=(1, 1), stride=(1, 1), bias=False
            (norm): FrozenBatchNorm2d(num_features=128, eps=1e-05)
          )
          (conv2): Conv2d(
            128, 128, kernel_size=(3, 3), stride=(1, 1), padding=(1, 1), bias=False
            (norm): FrozenBatchNorm2d(num_features=128, eps=1e-05)
          )
          (conv3): Conv2d(
            128, 512, kernel_size=(1, 1), stride=(1, 1), bias=False
            (norm): FrozenBatchNorm2d(num_features=512, eps=1e-05)
          )
        )
      )
      (res4): Sequential(
        (0): BottleneckBlock(
          (shortcut): Conv2d(
            512, 1024, kernel_size=(1, 1), stride=(2, 2), bias=False
            (norm): FrozenBatchNorm2d(num_features=1024, eps=1e-05)
          )
          (conv1): Conv2d(
            512, 256, kernel_size=(1, 1), stride=(2, 2), bias=False
            (norm): FrozenBatchNorm2d(num_features=256, eps=1e-05)
          )
          (conv2): Conv2d(
            256, 256, kernel_size=(3, 3), stride=(1, 1), padding=(1, 1), bias=False
            (norm): FrozenBatchNorm2d(num_features=256, eps=1e-05)
          )
          (conv3): Conv2d(
            256, 1024, kernel_size=(1, 1), stride=(1, 1), bias=False
            (norm): FrozenBatchNorm2d(num_features=1024, eps=1e-05)
          )
        )
        (1): BottleneckBlock(
          (conv1): Conv2d(
            1024, 256, kernel_size=(1, 1), stride=(1, 1), bias=False
            (norm): FrozenBatchNorm2d(num_features=256, eps=1e-05)
          )
          (conv2): Conv2d(
            256, 256, kernel_size=(3, 3), stride=(1, 1), padding=(1, 1), bias=False
            (norm): FrozenBatchNorm2d(num_features=256, eps=1e-05)
          )
          (conv3): Conv2d(
            256, 1024, kernel_size=(1, 1), stride=(1, 1), bias=False
            (norm): FrozenBatchNorm2d(num_features=1024, eps=1e-05)
          )
        )
        (2): BottleneckBlock(
          (conv1): Conv2d(
            1024, 256, kernel_size=(1, 1), stride=(1, 1), bias=False
            (norm): FrozenBatchNorm2d(num_features=256, eps=1e-05)
          )
          (conv2): Conv2d(
            256, 256, kernel_size=(3, 3), stride=(1, 1), padding=(1, 1), bias=False
            (norm): FrozenBatchNorm2d(num_features=256, eps=1e-05)
          )
          (conv3): Conv2d(
            256, 1024, kernel_size=(1, 1), stride=(1, 1), bias=False
            (norm): FrozenBatchNorm2d(num_features=1024, eps=1e-05)
          )
        )
        (3): BottleneckBlock(
          (conv1): Conv2d(
            1024, 256, kernel_size=(1, 1), stride=(1, 1), bias=False
            (norm): FrozenBatchNorm2d(num_features=256, eps=1e-05)
          )
          (conv2): Conv2d(
            256, 256, kernel_size=(3, 3), stride=(1, 1), padding=(1, 1), bias=False
            (norm): FrozenBatchNorm2d(num_features=256, eps=1e-05)
          )
          (conv3): Conv2d(
            256, 1024, kernel_size=(1, 1), stride=(1, 1), bias=False
            (norm): FrozenBatchNorm2d(num_features=1024, eps=1e-05)
          )
        )
        (4): BottleneckBlock(
          (conv1): Conv2d(
            1024, 256, kernel_size=(1, 1), stride=(1, 1), bias=False
            (norm): FrozenBatchNorm2d(num_features=256, eps=1e-05)
          )
          (conv2): Conv2d(
            256, 256, kernel_size=(3, 3), stride=(1, 1), padding=(1, 1), bias=False
            (norm): FrozenBatchNorm2d(num_features=256, eps=1e-05)
          )
          (conv3): Conv2d(
            256, 1024, kernel_size=(1, 1), stride=(1, 1), bias=False
            (norm): FrozenBatchNorm2d(num_features=1024, eps=1e-05)
          )
        )
        (5): BottleneckBlock(
          (conv1): Conv2d(
            1024, 256, kernel_size=(1, 1), stride=(1, 1), bias=False
            (norm): FrozenBatchNorm2d(num_features=256, eps=1e-05)
          )
          (conv2): Conv2d(
            256, 256, kernel_size=(3, 3), stride=(1, 1), padding=(1, 1), bias=False
            (norm): FrozenBatchNorm2d(num_features=256, eps=1e-05)
          )
          (conv3): Conv2d(
            256, 1024, kernel_size=(1, 1), stride=(1, 1), bias=False
            (norm): FrozenBatchNorm2d(num_features=1024, eps=1e-05)
          )
        )
      )
      (res5): Sequential(
        (0): BottleneckBlock(
          (shortcut): Conv2d(
            1024, 2048, kernel_size=(1, 1), stride=(2, 2), bias=False
            (norm): FrozenBatchNorm2d(num_features=2048, eps=1e-05)
          )
          (conv1): Conv2d(
            1024, 512, kernel_size=(1, 1), stride=(2, 2), bias=False
            (norm): FrozenBatchNorm2d(num_features=512, eps=1e-05)
          )
          (conv2): Conv2d(
            512, 512, kernel_size=(3, 3), stride=(1, 1), padding=(1, 1), bias=False
            (norm): FrozenBatchNorm2d(num_features=512, eps=1e-05)
          )
          (conv3): Conv2d(
            512, 2048, kernel_size=(1, 1), stride=(1, 1), bias=False
            (norm): FrozenBatchNorm2d(num_features=2048, eps=1e-05)
          )
        )
        (1): BottleneckBlock(
          (conv1): Conv2d(
            2048, 512, kernel_size=(1, 1), stride=(1, 1), bias=False
            (norm): FrozenBatchNorm2d(num_features=512, eps=1e-05)
          )
          (conv2): Conv2d(
            512, 512, kernel_size=(3, 3), stride=(1, 1), padding=(1, 1), bias=False
            (norm): FrozenBatchNorm2d(num_features=512, eps=1e-05)
          )
          (conv3): Conv2d(
            512, 2048, kernel_size=(1, 1), stride=(1, 1), bias=False
            (norm): FrozenBatchNorm2d(num_features=2048, eps=1e-05)
          )
        )
        (2): BottleneckBlock(
          (conv1): Conv2d(
            2048, 512, kernel_size=(1, 1), stride=(1, 1), bias=False
            (norm): FrozenBatchNorm2d(num_features=512, eps=1e-05)
          )
          (conv2): Conv2d(
            512, 512, kernel_size=(3, 3), stride=(1, 1), padding=(1, 1), bias=False
            (norm): FrozenBatchNorm2d(num_features=512, eps=1e-05)
          )
          (conv3): Conv2d(
            512, 2048, kernel_size=(1, 1), stride=(1, 1), bias=False
            (norm): FrozenBatchNorm2d(num_features=2048, eps=1e-05)
          )
        )
      )
    )
  )
  (proposal_generator): RPN(
    (anchor_generator): DefaultAnchorGenerator(
      (cell_anchors): BufferList()
    )
    (rpn_head): StandardRPNHead(
      (conv): Conv2d(256, 256, kernel_size=(3, 3), stride=(1, 1), padding=(1, 1))
      (objectness_logits): Conv2d(256, 3, kernel_size=(1, 1), stride=(1, 1))
      (anchor_deltas): Conv2d(256, 12, kernel_size=(1, 1), stride=(1, 1))
    )
  )
  (roi_heads): StandardROIHeads(
    (box_pooler): ROIPooler(
      (level_poolers): ModuleList(
        (0): ROIAlign(output_size=(7, 7), spatial_scale=0.25, sampling_ratio=0, aligned=True)
        (1): ROIAlign(output_size=(7, 7), spatial_scale=0.125, sampling_ratio=0, aligned=True)
        (2): ROIAlign(output_size=(7, 7), spatial_scale=0.0625, sampling_ratio=0, aligned=True)
        (3): ROIAlign(output_size=(7, 7), spatial_scale=0.03125, sampling_ratio=0, aligned=True)
      )
    )
    (box_head): FastRCNNConvFCHead(
      (fc1): Linear(in_features=12544, out_features=1024, bias=True)
      (fc2): Linear(in_features=1024, out_features=1024, bias=True)
    )
    (box_predictor): FastRCNNOutputLayers(
      (cls_score): Linear(in_features=1024, out_features=4, bias=True)
      (bbox_pred): Linear(in_features=1024, out_features=12, bias=True)
    )
    (mask_pooler): ROIPooler(
      (level_poolers): ModuleList(
        (0): ROIAlign(output_size=(14, 14), spatial_scale=0.25, sampling_ratio=0, aligned=True)
        (1): ROIAlign(output_size=(14, 14), spatial_scale=0.125, sampling_ratio=0, aligned=True)
        (2): ROIAlign(output_size=(14, 14), spatial_scale=0.0625, sampling_ratio=0, aligned=True)
        (3): ROIAlign(output_size=(14, 14), spatial_scale=0.03125, sampling_ratio=0, aligned=True)
      )
    )
    (mask_head): MaskRCNNConvUpsampleHead(
      (mask_fcn1): Conv2d(256, 256, kernel_size=(3, 3), stride=(1, 1), padding=(1, 1))
      (mask_fcn2): Conv2d(256, 256, kernel_size=(3, 3), stride=(1, 1), padding=(1, 1))
      (mask_fcn3): Conv2d(256, 256, kernel_size=(3, 3), stride=(1, 1), padding=(1, 1))
      (mask_fcn4): Conv2d(256, 256, kernel_size=(3, 3), stride=(1, 1), padding=(1, 1))
      (deconv): ConvTranspose2d(256, 256, kernel_size=(2, 2), stride=(2, 2))
      (predictor): Conv2d(256, 3, kernel_size=(1, 1), stride=(1, 1))
    )
  )
)
/home/grupo08/datasets/MOTSChallenge/instances_txt/
.jpg
Loading sequence 0002
Loading sequence 0005
Loading sequence 0009
Loading sequence 0011
0002
0005
0009
0011
Loaded 2862 images!
[32m[03/28 11:31:34 d2.data.build]: [0mRemoved 0 images with no usable annotations. 2862 images left.
[32m[03/28 11:31:35 d2.data.build]: [0mDistribution of instances among all 3 categories:
[36m|  category  | #instances   |  category  | #instances   |  category  | #instances   |
|:----------:|:-------------|:----------:|:-------------|:----------:|:-------------|
|    None    | 0            |    Car     | 0            | Pedestrian | 26892        |
|            |              |            |              |            |              |
|   total    | 26892        |            |              |            |              |[0m
[32m[03/28 11:31:35 d2.data.common]: [0mSerializing 2862 elements to byte tensors and concatenating them all ...
[32m[03/28 11:31:45 d2.data.common]: [0mSerialized dataset takes 57.16 MiB
[32m[03/28 11:31:45 d2.data.detection_utils]: [0mTransformGens used in training: [ResizeShortestEdge(short_edge_length=(640, 672, 704, 736, 768, 800), max_size=1333, sample_style='choice'), RandomFlip()]
[32m[03/28 11:31:45 d2.data.build]: [0mUsing training sampler TrainingSampler
[32m[03/28 11:31:46 d2.engine.train_loop]: [0mStarting training from iteration 0
[32m[03/28 11:31:57 d2.utils.events]: [0m eta: 0:29:22  iter: 19  total_loss: 2.915  loss_cls: 1.297  loss_box_reg: 0.821  loss_mask: 0.691  loss_rpn_cls: 0.053  loss_rpn_loc: 0.052  time: 0.4268  data_time: 0.0398  lr: 0.000005  max_mem: 3400M
[32m[03/28 11:32:04 d2.utils.events]: [0m eta: 0:28:25  iter: 39  total_loss: 2.904  loss_cls: 1.242  loss_box_reg: 0.844  loss_mask: 0.689  loss_rpn_cls: 0.063  loss_rpn_loc: 0.062  time: 0.3761  data_time: 0.0091  lr: 0.000010  max_mem: 3400M
[32m[03/28 11:32:10 d2.utils.events]: [0m eta: 0:27:49  iter: 59  total_loss: 2.755  loss_cls: 1.152  loss_box_reg: 0.828  loss_mask: 0.684  loss_rpn_cls: 0.058  loss_rpn_loc: 0.060  time: 0.3598  data_time: 0.0106  lr: 0.000015  max_mem: 3413M
[32m[03/28 11:32:17 d2.utils.events]: [0m eta: 0:27:56  iter: 79  total_loss: 2.645  loss_cls: 1.017  loss_box_reg: 0.804  loss_mask: 0.676  loss_rpn_cls: 0.067  loss_rpn_loc: 0.058  time: 0.3550  data_time: 0.0115  lr: 0.000020  max_mem: 3413M
[32m[03/28 11:32:24 d2.utils.events]: [0m eta: 0:27:56  iter: 99  total_loss: 2.477  loss_cls: 0.876  loss_box_reg: 0.809  loss_mask: 0.666  loss_rpn_cls: 0.058  loss_rpn_loc: 0.058  time: 0.3530  data_time: 0.0111  lr: 0.000025  max_mem: 3413M
[32m[03/28 11:32:31 d2.utils.events]: [0m eta: 0:27:52  iter: 119  total_loss: 2.354  loss_cls: 0.753  loss_box_reg: 0.845  loss_mask: 0.654  loss_rpn_cls: 0.055  loss_rpn_loc: 0.065  time: 0.3517  data_time: 0.0122  lr: 0.000030  max_mem: 3414M
[32m[03/28 11:32:38 d2.utils.events]: [0m eta: 0:27:57  iter: 139  total_loss: 2.214  loss_cls: 0.661  loss_box_reg: 0.800  loss_mask: 0.640  loss_rpn_cls: 0.067  loss_rpn_loc: 0.066  time: 0.3524  data_time: 0.0100  lr: 0.000035  max_mem: 3417M
[32m[03/28 11:32:45 d2.utils.events]: [0m eta: 0:27:50  iter: 159  total_loss: 2.119  loss_cls: 0.589  loss_box_reg: 0.789  loss_mask: 0.624  loss_rpn_cls: 0.041  loss_rpn_loc: 0.064  time: 0.3517  data_time: 0.0118  lr: 0.000040  max_mem: 3417M
[32m[03/28 11:32:52 d2.utils.events]: [0m eta: 0:27:46  iter: 179  total_loss: 2.071  loss_cls: 0.537  loss_box_reg: 0.809  loss_mask: 0.600  loss_rpn_cls: 0.047  loss_rpn_loc: 0.069  time: 0.3504  data_time: 0.0103  lr: 0.000045  max_mem: 3417M
[32m[03/28 11:32:59 d2.utils.events]: [0m eta: 0:27:44  iter: 199  total_loss: 1.980  loss_cls: 0.480  loss_box_reg: 0.783  loss_mask: 0.579  loss_rpn_cls: 0.046  loss_rpn_loc: 0.054  time: 0.3499  data_time: 0.0080  lr: 0.000050  max_mem: 3417M
[32m[03/28 11:33:06 d2.utils.events]: [0m eta: 0:27:27  iter: 219  total_loss: 1.848  loss_cls: 0.436  loss_box_reg: 0.750  loss_mask: 0.551  loss_rpn_cls: 0.051  loss_rpn_loc: 0.061  time: 0.3489  data_time: 0.0111  lr: 0.000055  max_mem: 3417M
[32m[03/28 11:33:13 d2.utils.events]: [0m eta: 0:27:30  iter: 239  total_loss: 1.767  loss_cls: 0.385  loss_box_reg: 0.725  loss_mask: 0.528  loss_rpn_cls: 0.045  loss_rpn_loc: 0.075  time: 0.3488  data_time: 0.0124  lr: 0.000060  max_mem: 3417M
[32m[03/28 11:33:20 d2.utils.events]: [0m eta: 0:27:28  iter: 259  total_loss: 1.685  loss_cls: 0.357  loss_box_reg: 0.733  loss_mask: 0.492  loss_rpn_cls: 0.040  loss_rpn_loc: 0.068  time: 0.3493  data_time: 0.0109  lr: 0.000065  max_mem: 3417M
[32m[03/28 11:33:27 d2.utils.events]: [0m eta: 0:27:23  iter: 279  total_loss: 1.636  loss_cls: 0.319  loss_box_reg: 0.716  loss_mask: 0.481  loss_rpn_cls: 0.046  loss_rpn_loc: 0.059  time: 0.3493  data_time: 0.0108  lr: 0.000070  max_mem: 3417M
[32m[03/28 11:33:34 d2.utils.events]: [0m eta: 0:27:15  iter: 299  total_loss: 1.567  loss_cls: 0.288  loss_box_reg: 0.683  loss_mask: 0.434  loss_rpn_cls: 0.039  loss_rpn_loc: 0.078  time: 0.3494  data_time: 0.0118  lr: 0.000075  max_mem: 3417M
[32m[03/28 11:33:41 d2.utils.events]: [0m eta: 0:27:08  iter: 319  total_loss: 1.470  loss_cls: 0.272  loss_box_reg: 0.659  loss_mask: 0.407  loss_rpn_cls: 0.052  loss_rpn_loc: 0.071  time: 0.3492  data_time: 0.0108  lr: 0.000080  max_mem: 3417M
[32m[03/28 11:33:48 d2.utils.events]: [0m eta: 0:27:02  iter: 339  total_loss: 1.357  loss_cls: 0.240  loss_box_reg: 0.626  loss_mask: 0.376  loss_rpn_cls: 0.041  loss_rpn_loc: 0.060  time: 0.3490  data_time: 0.0106  lr: 0.000085  max_mem: 3417M
[32m[03/28 11:33:54 d2.utils.events]: [0m eta: 0:26:54  iter: 359  total_loss: 1.274  loss_cls: 0.217  loss_box_reg: 0.587  loss_mask: 0.362  loss_rpn_cls: 0.032  loss_rpn_loc: 0.047  time: 0.3489  data_time: 0.0081  lr: 0.000090  max_mem: 3417M
[32m[03/28 11:34:01 d2.utils.events]: [0m eta: 0:26:48  iter: 379  total_loss: 1.180  loss_cls: 0.209  loss_box_reg: 0.519  loss_mask: 0.358  loss_rpn_cls: 0.032  loss_rpn_loc: 0.058  time: 0.3488  data_time: 0.0086  lr: 0.000095  max_mem: 3417M
[32m[03/28 11:34:08 d2.utils.events]: [0m eta: 0:26:40  iter: 399  total_loss: 1.084  loss_cls: 0.195  loss_box_reg: 0.480  loss_mask: 0.310  loss_rpn_cls: 0.035  loss_rpn_loc: 0.060  time: 0.3487  data_time: 0.0095  lr: 0.000100  max_mem: 3417M
[32m[03/28 11:34:15 d2.utils.events]: [0m eta: 0:26:34  iter: 419  total_loss: 1.036  loss_cls: 0.186  loss_box_reg: 0.459  loss_mask: 0.300  loss_rpn_cls: 0.031  loss_rpn_loc: 0.047  time: 0.3486  data_time: 0.0082  lr: 0.000105  max_mem: 3417M
[32m[03/28 11:34:22 d2.utils.events]: [0m eta: 0:26:26  iter: 439  total_loss: 1.021  loss_cls: 0.179  loss_box_reg: 0.432  loss_mask: 0.295  loss_rpn_cls: 0.032  loss_rpn_loc: 0.061  time: 0.3486  data_time: 0.0088  lr: 0.000110  max_mem: 3417M
[32m[03/28 11:34:29 d2.utils.events]: [0m eta: 0:26:17  iter: 459  total_loss: 0.985  loss_cls: 0.189  loss_box_reg: 0.405  loss_mask: 0.300  loss_rpn_cls: 0.030  loss_rpn_loc: 0.055  time: 0.3485  data_time: 0.0109  lr: 0.000115  max_mem: 3417M
[32m[03/28 11:34:36 d2.utils.events]: [0m eta: 0:26:13  iter: 479  total_loss: 0.968  loss_cls: 0.207  loss_box_reg: 0.382  loss_mask: 0.290  loss_rpn_cls: 0.029  loss_rpn_loc: 0.060  time: 0.3486  data_time: 0.0084  lr: 0.000120  max_mem: 3417M
[32m[03/28 11:34:43 d2.utils.events]: [0m eta: 0:26:06  iter: 499  total_loss: 0.939  loss_cls: 0.210  loss_box_reg: 0.361  loss_mask: 0.269  loss_rpn_cls: 0.027  loss_rpn_loc: 0.046  time: 0.3489  data_time: 0.0088  lr: 0.000125  max_mem: 3419M
[32m[03/28 11:34:51 d2.utils.events]: [0m eta: 0:26:02  iter: 519  total_loss: 0.961  loss_cls: 0.200  loss_box_reg: 0.360  loss_mask: 0.270  loss_rpn_cls: 0.037  loss_rpn_loc: 0.068  time: 0.3492  data_time: 0.0101  lr: 0.000130  max_mem: 3419M
[32m[03/28 11:34:58 d2.utils.events]: [0m eta: 0:25:56  iter: 539  total_loss: 0.943  loss_cls: 0.182  loss_box_reg: 0.368  loss_mask: 0.282  loss_rpn_cls: 0.022  loss_rpn_loc: 0.069  time: 0.3492  data_time: 0.0112  lr: 0.000135  max_mem: 3419M
[32m[03/28 11:35:04 d2.utils.events]: [0m eta: 0:25:48  iter: 559  total_loss: 0.946  loss_cls: 0.183  loss_box_reg: 0.367  loss_mask: 0.273  loss_rpn_cls: 0.032  loss_rpn_loc: 0.056  time: 0.3490  data_time: 0.0117  lr: 0.000140  max_mem: 3419M
[32m[03/28 11:35:11 d2.utils.events]: [0m eta: 0:25:41  iter: 579  total_loss: 0.909  loss_cls: 0.155  loss_box_reg: 0.340  loss_mask: 0.263  loss_rpn_cls: 0.031  loss_rpn_loc: 0.051  time: 0.3487  data_time: 0.0116  lr: 0.000145  max_mem: 3419M
[32m[03/28 11:35:18 d2.utils.events]: [0m eta: 0:25:32  iter: 599  total_loss: 0.871  loss_cls: 0.177  loss_box_reg: 0.335  loss_mask: 0.248  loss_rpn_cls: 0.031  loss_rpn_loc: 0.059  time: 0.3485  data_time: 0.0109  lr: 0.000150  max_mem: 3419M
[32m[03/28 11:35:25 d2.utils.events]: [0m eta: 0:25:26  iter: 619  total_loss: 0.916  loss_cls: 0.169  loss_box_reg: 0.347  loss_mask: 0.255  loss_rpn_cls: 0.036  loss_rpn_loc: 0.067  time: 0.3487  data_time: 0.0102  lr: 0.000155  max_mem: 3419M
[32m[03/28 11:35:32 d2.utils.events]: [0m eta: 0:25:20  iter: 639  total_loss: 0.854  loss_cls: 0.166  loss_box_reg: 0.316  loss_mask: 0.245  loss_rpn_cls: 0.026  loss_rpn_loc: 0.046  time: 0.3488  data_time: 0.0113  lr: 0.000160  max_mem: 3419M
[32m[03/28 11:35:39 d2.utils.events]: [0m eta: 0:25:11  iter: 659  total_loss: 0.886  loss_cls: 0.166  loss_box_reg: 0.329  loss_mask: 0.258  loss_rpn_cls: 0.040  loss_rpn_loc: 0.058  time: 0.3483  data_time: 0.0109  lr: 0.000165  max_mem: 3419M
[32m[03/28 11:35:46 d2.utils.events]: [0m eta: 0:25:05  iter: 679  total_loss: 0.879  loss_cls: 0.182  loss_box_reg: 0.350  loss_mask: 0.248  loss_rpn_cls: 0.031  loss_rpn_loc: 0.050  time: 0.3484  data_time: 0.0123  lr: 0.000170  max_mem: 3419M
[32m[03/28 11:35:53 d2.utils.events]: [0m eta: 0:24:59  iter: 699  total_loss: 0.789  loss_cls: 0.145  loss_box_reg: 0.301  loss_mask: 0.238  loss_rpn_cls: 0.016  loss_rpn_loc: 0.051  time: 0.3485  data_time: 0.0082  lr: 0.000175  max_mem: 3419M
[32m[03/28 11:36:00 d2.utils.events]: [0m eta: 0:24:51  iter: 719  total_loss: 0.793  loss_cls: 0.165  loss_box_reg: 0.311  loss_mask: 0.231  loss_rpn_cls: 0.028  loss_rpn_loc: 0.058  time: 0.3483  data_time: 0.0095  lr: 0.000180  max_mem: 3419M
[32m[03/28 11:36:07 d2.utils.events]: [0m eta: 0:24:43  iter: 739  total_loss: 0.723  loss_cls: 0.140  loss_box_reg: 0.295  loss_mask: 0.232  loss_rpn_cls: 0.019  loss_rpn_loc: 0.041  time: 0.3484  data_time: 0.0115  lr: 0.000185  max_mem: 3419M
[32m[03/28 11:36:14 d2.utils.events]: [0m eta: 0:24:36  iter: 759  total_loss: 0.755  loss_cls: 0.150  loss_box_reg: 0.287  loss_mask: 0.226  loss_rpn_cls: 0.023  loss_rpn_loc: 0.056  time: 0.3483  data_time: 0.0097  lr: 0.000190  max_mem: 3419M
[32m[03/28 11:36:21 d2.utils.events]: [0m eta: 0:24:29  iter: 779  total_loss: 0.693  loss_cls: 0.123  loss_box_reg: 0.285  loss_mask: 0.218  loss_rpn_cls: 0.024  loss_rpn_loc: 0.053  time: 0.3481  data_time: 0.0100  lr: 0.000195  max_mem: 3419M
[32m[03/28 11:36:28 d2.utils.events]: [0m eta: 0:24:22  iter: 799  total_loss: 0.825  loss_cls: 0.146  loss_box_reg: 0.309  loss_mask: 0.237  loss_rpn_cls: 0.036  loss_rpn_loc: 0.060  time: 0.3481  data_time: 0.0090  lr: 0.000200  max_mem: 3419M
[32m[03/28 11:36:35 d2.utils.events]: [0m eta: 0:24:16  iter: 819  total_loss: 0.788  loss_cls: 0.150  loss_box_reg: 0.303  loss_mask: 0.230  loss_rpn_cls: 0.024  loss_rpn_loc: 0.049  time: 0.3481  data_time: 0.0110  lr: 0.000205  max_mem: 3419M
[32m[03/28 11:36:42 d2.utils.events]: [0m eta: 0:24:10  iter: 839  total_loss: 0.823  loss_cls: 0.159  loss_box_reg: 0.302  loss_mask: 0.237  loss_rpn_cls: 0.027  loss_rpn_loc: 0.061  time: 0.3483  data_time: 0.0098  lr: 0.000210  max_mem: 3419M
[32m[03/28 11:36:49 d2.utils.events]: [0m eta: 0:24:03  iter: 859  total_loss: 0.842  loss_cls: 0.162  loss_box_reg: 0.326  loss_mask: 0.243  loss_rpn_cls: 0.027  loss_rpn_loc: 0.055  time: 0.3481  data_time: 0.0098  lr: 0.000215  max_mem: 3419M
[32m[03/28 11:36:55 d2.utils.events]: [0m eta: 0:23:56  iter: 879  total_loss: 0.773  loss_cls: 0.145  loss_box_reg: 0.305  loss_mask: 0.236  loss_rpn_cls: 0.023  loss_rpn_loc: 0.054  time: 0.3479  data_time: 0.0102  lr: 0.000220  max_mem: 3419M
[32m[03/28 11:37:02 d2.utils.events]: [0m eta: 0:23:49  iter: 899  total_loss: 0.861  loss_cls: 0.153  loss_box_reg: 0.328  loss_mask: 0.269  loss_rpn_cls: 0.024  loss_rpn_loc: 0.054  time: 0.3480  data_time: 0.0101  lr: 0.000225  max_mem: 3419M
[32m[03/28 11:37:09 d2.utils.events]: [0m eta: 0:23:41  iter: 919  total_loss: 0.708  loss_cls: 0.129  loss_box_reg: 0.288  loss_mask: 0.230  loss_rpn_cls: 0.027  loss_rpn_loc: 0.048  time: 0.3479  data_time: 0.0089  lr: 0.000230  max_mem: 3419M
[32m[03/28 11:37:16 d2.utils.events]: [0m eta: 0:23:35  iter: 939  total_loss: 0.742  loss_cls: 0.128  loss_box_reg: 0.286  loss_mask: 0.229  loss_rpn_cls: 0.022  loss_rpn_loc: 0.050  time: 0.3479  data_time: 0.0096  lr: 0.000235  max_mem: 3419M
[32m[03/28 11:37:23 d2.utils.events]: [0m eta: 0:23:28  iter: 959  total_loss: 0.716  loss_cls: 0.130  loss_box_reg: 0.291  loss_mask: 0.220  loss_rpn_cls: 0.021  loss_rpn_loc: 0.049  time: 0.3479  data_time: 0.0094  lr: 0.000240  max_mem: 3419M
[32m[03/28 11:37:30 d2.utils.events]: [0m eta: 0:23:20  iter: 979  total_loss: 0.831  loss_cls: 0.157  loss_box_reg: 0.307  loss_mask: 0.221  loss_rpn_cls: 0.029  loss_rpn_loc: 0.058  time: 0.3477  data_time: 0.0098  lr: 0.000245  max_mem: 3419M
[32m[03/28 11:37:37 d2.utils.events]: [0m eta: 0:23:14  iter: 999  total_loss: 0.788  loss_cls: 0.139  loss_box_reg: 0.315  loss_mask: 0.221  loss_rpn_cls: 0.024  loss_rpn_loc: 0.061  time: 0.3477  data_time: 0.0111  lr: 0.000250  max_mem: 3419M
[32m[03/28 11:37:44 d2.utils.events]: [0m eta: 0:23:06  iter: 1019  total_loss: 0.732  loss_cls: 0.135  loss_box_reg: 0.293  loss_mask: 0.231  loss_rpn_cls: 0.015  loss_rpn_loc: 0.065  time: 0.3475  data_time: 0.0113  lr: 0.000250  max_mem: 3419M
[32m[03/28 11:37:51 d2.utils.events]: [0m eta: 0:23:00  iter: 1039  total_loss: 0.793  loss_cls: 0.143  loss_box_reg: 0.317  loss_mask: 0.236  loss_rpn_cls: 0.022  loss_rpn_loc: 0.044  time: 0.3477  data_time: 0.0110  lr: 0.000250  max_mem: 3419M
[32m[03/28 11:37:58 d2.utils.events]: [0m eta: 0:22:55  iter: 1059  total_loss: 0.717  loss_cls: 0.133  loss_box_reg: 0.278  loss_mask: 0.208  loss_rpn_cls: 0.017  loss_rpn_loc: 0.042  time: 0.3477  data_time: 0.0092  lr: 0.000250  max_mem: 3419M
[32m[03/28 11:38:05 d2.utils.events]: [0m eta: 0:22:48  iter: 1079  total_loss: 0.817  loss_cls: 0.166  loss_box_reg: 0.302  loss_mask: 0.233  loss_rpn_cls: 0.023  loss_rpn_loc: 0.064  time: 0.3476  data_time: 0.0094  lr: 0.000250  max_mem: 3419M
[32m[03/28 11:38:12 d2.utils.events]: [0m eta: 0:22:40  iter: 1099  total_loss: 0.729  loss_cls: 0.136  loss_box_reg: 0.280  loss_mask: 0.208  loss_rpn_cls: 0.030  loss_rpn_loc: 0.058  time: 0.3475  data_time: 0.0092  lr: 0.000250  max_mem: 3419M
[32m[03/28 11:38:19 d2.utils.events]: [0m eta: 0:22:33  iter: 1119  total_loss: 0.784  loss_cls: 0.153  loss_box_reg: 0.312  loss_mask: 0.239  loss_rpn_cls: 0.026  loss_rpn_loc: 0.052  time: 0.3476  data_time: 0.0108  lr: 0.000250  max_mem: 3419M
[32m[03/28 11:38:25 d2.utils.events]: [0m eta: 0:22:25  iter: 1139  total_loss: 0.735  loss_cls: 0.136  loss_box_reg: 0.286  loss_mask: 0.199  loss_rpn_cls: 0.019  loss_rpn_loc: 0.053  time: 0.3475  data_time: 0.0090  lr: 0.000250  max_mem: 3419M
[32m[03/28 11:38:32 d2.utils.events]: [0m eta: 0:22:18  iter: 1159  total_loss: 0.765  loss_cls: 0.150  loss_box_reg: 0.315  loss_mask: 0.230  loss_rpn_cls: 0.019  loss_rpn_loc: 0.065  time: 0.3475  data_time: 0.0104  lr: 0.000250  max_mem: 3419M
[32m[03/28 11:38:39 d2.utils.events]: [0m eta: 0:22:11  iter: 1179  total_loss: 0.748  loss_cls: 0.144  loss_box_reg: 0.294  loss_mask: 0.225  loss_rpn_cls: 0.023  loss_rpn_loc: 0.050  time: 0.3475  data_time: 0.0086  lr: 0.000250  max_mem: 3419M
[32m[03/28 11:38:46 d2.utils.events]: [0m eta: 0:22:03  iter: 1199  total_loss: 0.892  loss_cls: 0.154  loss_box_reg: 0.327  loss_mask: 0.234  loss_rpn_cls: 0.022  loss_rpn_loc: 0.052  time: 0.3475  data_time: 0.0092  lr: 0.000250  max_mem: 3419M
[32m[03/28 11:38:53 d2.utils.events]: [0m eta: 0:21:57  iter: 1219  total_loss: 0.739  loss_cls: 0.131  loss_box_reg: 0.304  loss_mask: 0.235  loss_rpn_cls: 0.020  loss_rpn_loc: 0.046  time: 0.3475  data_time: 0.0083  lr: 0.000250  max_mem: 3419M
[32m[03/28 11:39:00 d2.utils.events]: [0m eta: 0:21:49  iter: 1239  total_loss: 0.728  loss_cls: 0.128  loss_box_reg: 0.285  loss_mask: 0.228  loss_rpn_cls: 0.022  loss_rpn_loc: 0.049  time: 0.3474  data_time: 0.0097  lr: 0.000250  max_mem: 3419M
[32m[03/28 11:39:07 d2.utils.events]: [0m eta: 0:21:42  iter: 1259  total_loss: 0.778  loss_cls: 0.124  loss_box_reg: 0.314  loss_mask: 0.221  loss_rpn_cls: 0.020  loss_rpn_loc: 0.065  time: 0.3473  data_time: 0.0095  lr: 0.000250  max_mem: 3419M
[32m[03/28 11:39:14 d2.utils.events]: [0m eta: 0:21:35  iter: 1279  total_loss: 0.676  loss_cls: 0.127  loss_box_reg: 0.269  loss_mask: 0.211  loss_rpn_cls: 0.020  loss_rpn_loc: 0.047  time: 0.3474  data_time: 0.0102  lr: 0.000250  max_mem: 3419M
[32m[03/28 11:39:21 d2.utils.events]: [0m eta: 0:21:28  iter: 1299  total_loss: 0.715  loss_cls: 0.126  loss_box_reg: 0.279  loss_mask: 0.214  loss_rpn_cls: 0.021  loss_rpn_loc: 0.058  time: 0.3472  data_time: 0.0111  lr: 0.000250  max_mem: 3419M
[32m[03/28 11:39:28 d2.utils.events]: [0m eta: 0:21:20  iter: 1319  total_loss: 0.748  loss_cls: 0.150  loss_box_reg: 0.294  loss_mask: 0.213  loss_rpn_cls: 0.023  loss_rpn_loc: 0.058  time: 0.3472  data_time: 0.0116  lr: 0.000250  max_mem: 3419M
[32m[03/28 11:39:35 d2.utils.events]: [0m eta: 0:21:12  iter: 1339  total_loss: 0.704  loss_cls: 0.124  loss_box_reg: 0.267  loss_mask: 0.199  loss_rpn_cls: 0.021  loss_rpn_loc: 0.058  time: 0.3472  data_time: 0.0085  lr: 0.000250  max_mem: 3419M
[32m[03/28 11:39:41 d2.utils.events]: [0m eta: 0:21:05  iter: 1359  total_loss: 0.789  loss_cls: 0.134  loss_box_reg: 0.305  loss_mask: 0.232  loss_rpn_cls: 0.026  loss_rpn_loc: 0.053  time: 0.3470  data_time: 0.0083  lr: 0.000250  max_mem: 3419M
[32m[03/28 11:39:48 d2.utils.events]: [0m eta: 0:20:57  iter: 1379  total_loss: 0.721  loss_cls: 0.128  loss_box_reg: 0.274  loss_mask: 0.210  loss_rpn_cls: 0.020  loss_rpn_loc: 0.051  time: 0.3469  data_time: 0.0119  lr: 0.000250  max_mem: 3419M
[32m[03/28 11:39:55 d2.utils.events]: [0m eta: 0:20:50  iter: 1399  total_loss: 0.722  loss_cls: 0.130  loss_box_reg: 0.281  loss_mask: 0.204  loss_rpn_cls: 0.021  loss_rpn_loc: 0.065  time: 0.3468  data_time: 0.0116  lr: 0.000250  max_mem: 3419M
[32m[03/28 11:40:02 d2.utils.events]: [0m eta: 0:20:43  iter: 1419  total_loss: 0.702  loss_cls: 0.134  loss_box_reg: 0.297  loss_mask: 0.223  loss_rpn_cls: 0.015  loss_rpn_loc: 0.048  time: 0.3467  data_time: 0.0108  lr: 0.000250  max_mem: 3419M
[32m[03/28 11:40:09 d2.utils.events]: [0m eta: 0:20:36  iter: 1439  total_loss: 0.719  loss_cls: 0.142  loss_box_reg: 0.277  loss_mask: 0.231  loss_rpn_cls: 0.018  loss_rpn_loc: 0.045  time: 0.3468  data_time: 0.0101  lr: 0.000250  max_mem: 3419M
[32m[03/28 11:40:16 d2.utils.events]: [0m eta: 0:20:30  iter: 1459  total_loss: 0.688  loss_cls: 0.124  loss_box_reg: 0.278  loss_mask: 0.209  loss_rpn_cls: 0.023  loss_rpn_loc: 0.050  time: 0.3467  data_time: 0.0079  lr: 0.000250  max_mem: 3419M
[32m[03/28 11:40:23 d2.utils.events]: [0m eta: 0:20:22  iter: 1479  total_loss: 0.706  loss_cls: 0.123  loss_box_reg: 0.272  loss_mask: 0.213  loss_rpn_cls: 0.012  loss_rpn_loc: 0.049  time: 0.3468  data_time: 0.0117  lr: 0.000250  max_mem: 3419M
[32m[03/28 11:40:30 d2.utils.events]: [0m eta: 0:20:15  iter: 1499  total_loss: 0.728  loss_cls: 0.152  loss_box_reg: 0.283  loss_mask: 0.210  loss_rpn_cls: 0.019  loss_rpn_loc: 0.051  time: 0.3467  data_time: 0.0114  lr: 0.000250  max_mem: 3419M
[32m[03/28 11:40:37 d2.utils.events]: [0m eta: 0:20:07  iter: 1519  total_loss: 0.607  loss_cls: 0.123  loss_box_reg: 0.249  loss_mask: 0.220  loss_rpn_cls: 0.015  loss_rpn_loc: 0.049  time: 0.3468  data_time: 0.0092  lr: 0.000250  max_mem: 3419M
[32m[03/28 11:40:44 d2.utils.events]: [0m eta: 0:20:00  iter: 1539  total_loss: 0.672  loss_cls: 0.124  loss_box_reg: 0.271  loss_mask: 0.210  loss_rpn_cls: 0.019  loss_rpn_loc: 0.047  time: 0.3468  data_time: 0.0105  lr: 0.000250  max_mem: 3419M
[32m[03/28 11:40:51 d2.utils.events]: [0m eta: 0:19:54  iter: 1559  total_loss: 0.716  loss_cls: 0.124  loss_box_reg: 0.278  loss_mask: 0.219  loss_rpn_cls: 0.018  loss_rpn_loc: 0.046  time: 0.3469  data_time: 0.0119  lr: 0.000250  max_mem: 3419M
[32m[03/28 11:40:58 d2.utils.events]: [0m eta: 0:19:47  iter: 1579  total_loss: 0.705  loss_cls: 0.128  loss_box_reg: 0.275  loss_mask: 0.211  loss_rpn_cls: 0.015  loss_rpn_loc: 0.055  time: 0.3470  data_time: 0.0091  lr: 0.000250  max_mem: 3419M
[32m[03/28 11:41:05 d2.utils.events]: [0m eta: 0:19:41  iter: 1599  total_loss: 0.709  loss_cls: 0.123  loss_box_reg: 0.272  loss_mask: 0.212  loss_rpn_cls: 0.016  loss_rpn_loc: 0.064  time: 0.3470  data_time: 0.0102  lr: 0.000250  max_mem: 3419M
[32m[03/28 11:41:12 d2.utils.events]: [0m eta: 0:19:33  iter: 1619  total_loss: 0.682  loss_cls: 0.125  loss_box_reg: 0.296  loss_mask: 0.220  loss_rpn_cls: 0.018  loss_rpn_loc: 0.044  time: 0.3471  data_time: 0.0101  lr: 0.000250  max_mem: 3419M
[32m[03/28 11:41:19 d2.utils.events]: [0m eta: 0:19:26  iter: 1639  total_loss: 0.763  loss_cls: 0.143  loss_box_reg: 0.293  loss_mask: 0.232  loss_rpn_cls: 0.017  loss_rpn_loc: 0.072  time: 0.3471  data_time: 0.0092  lr: 0.000250  max_mem: 3419M
[32m[03/28 11:41:26 d2.utils.events]: [0m eta: 0:19:22  iter: 1659  total_loss: 0.694  loss_cls: 0.123  loss_box_reg: 0.278  loss_mask: 0.217  loss_rpn_cls: 0.017  loss_rpn_loc: 0.053  time: 0.3472  data_time: 0.0111  lr: 0.000250  max_mem: 3419M
[32m[03/28 11:41:33 d2.utils.events]: [0m eta: 0:19:13  iter: 1679  total_loss: 0.651  loss_cls: 0.119  loss_box_reg: 0.259  loss_mask: 0.211  loss_rpn_cls: 0.018  loss_rpn_loc: 0.048  time: 0.3471  data_time: 0.0109  lr: 0.000250  max_mem: 3419M
[32m[03/28 11:41:40 d2.utils.events]: [0m eta: 0:19:05  iter: 1699  total_loss: 0.758  loss_cls: 0.113  loss_box_reg: 0.290  loss_mask: 0.237  loss_rpn_cls: 0.018  loss_rpn_loc: 0.050  time: 0.3471  data_time: 0.0089  lr: 0.000250  max_mem: 3419M
[32m[03/28 11:41:46 d2.utils.events]: [0m eta: 0:18:58  iter: 1719  total_loss: 0.758  loss_cls: 0.129  loss_box_reg: 0.297  loss_mask: 0.224  loss_rpn_cls: 0.016  loss_rpn_loc: 0.051  time: 0.3470  data_time: 0.0093  lr: 0.000250  max_mem: 3419M
[32m[03/28 11:41:53 d2.utils.events]: [0m eta: 0:18:50  iter: 1739  total_loss: 0.708  loss_cls: 0.125  loss_box_reg: 0.272  loss_mask: 0.203  loss_rpn_cls: 0.015  loss_rpn_loc: 0.047  time: 0.3468  data_time: 0.0112  lr: 0.000250  max_mem: 3419M
[32m[03/28 11:42:00 d2.utils.events]: [0m eta: 0:18:44  iter: 1759  total_loss: 0.696  loss_cls: 0.125  loss_box_reg: 0.273  loss_mask: 0.214  loss_rpn_cls: 0.021  loss_rpn_loc: 0.045  time: 0.3470  data_time: 0.0089  lr: 0.000250  max_mem: 3419M
[32m[03/28 11:42:08 d2.utils.events]: [0m eta: 0:18:38  iter: 1779  total_loss: 0.719  loss_cls: 0.134  loss_box_reg: 0.294  loss_mask: 0.209  loss_rpn_cls: 0.015  loss_rpn_loc: 0.062  time: 0.3476  data_time: 0.0088  lr: 0.000250  max_mem: 3419M
[32m[03/28 11:42:16 d2.utils.events]: [0m eta: 0:18:31  iter: 1799  total_loss: 0.615  loss_cls: 0.121  loss_box_reg: 0.249  loss_mask: 0.190  loss_rpn_cls: 0.017  loss_rpn_loc: 0.043  time: 0.3477  data_time: 0.0113  lr: 0.000250  max_mem: 3419M
[32m[03/28 11:42:23 d2.utils.events]: [0m eta: 0:18:23  iter: 1819  total_loss: 0.732  loss_cls: 0.119  loss_box_reg: 0.293  loss_mask: 0.218  loss_rpn_cls: 0.015  loss_rpn_loc: 0.055  time: 0.3477  data_time: 0.0092  lr: 0.000250  max_mem: 3419M
[32m[03/28 11:42:30 d2.utils.events]: [0m eta: 0:18:16  iter: 1839  total_loss: 0.741  loss_cls: 0.154  loss_box_reg: 0.273  loss_mask: 0.226  loss_rpn_cls: 0.020  loss_rpn_loc: 0.057  time: 0.3478  data_time: 0.0092  lr: 0.000250  max_mem: 3419M
[32m[03/28 11:42:37 d2.utils.events]: [0m eta: 0:18:10  iter: 1859  total_loss: 0.711  loss_cls: 0.129  loss_box_reg: 0.292  loss_mask: 0.194  loss_rpn_cls: 0.020  loss_rpn_loc: 0.048  time: 0.3478  data_time: 0.0128  lr: 0.000250  max_mem: 3419M
[32m[03/28 11:42:44 d2.utils.events]: [0m eta: 0:18:03  iter: 1879  total_loss: 0.675  loss_cls: 0.120  loss_box_reg: 0.267  loss_mask: 0.236  loss_rpn_cls: 0.017  loss_rpn_loc: 0.050  time: 0.3478  data_time: 0.0089  lr: 0.000250  max_mem: 3419M
[32m[03/28 11:42:51 d2.utils.events]: [0m eta: 0:17:56  iter: 1899  total_loss: 0.719  loss_cls: 0.122  loss_box_reg: 0.290  loss_mask: 0.198  loss_rpn_cls: 0.018  loss_rpn_loc: 0.064  time: 0.3478  data_time: 0.0083  lr: 0.000250  max_mem: 3419M
[32m[03/28 11:42:57 d2.utils.events]: [0m eta: 0:17:49  iter: 1919  total_loss: 0.676  loss_cls: 0.114  loss_box_reg: 0.267  loss_mask: 0.200  loss_rpn_cls: 0.019  loss_rpn_loc: 0.057  time: 0.3478  data_time: 0.0100  lr: 0.000250  max_mem: 3419M
[32m[03/28 11:43:04 d2.utils.events]: [0m eta: 0:17:43  iter: 1939  total_loss: 0.770  loss_cls: 0.127  loss_box_reg: 0.302  loss_mask: 0.237  loss_rpn_cls: 0.021  loss_rpn_loc: 0.051  time: 0.3477  data_time: 0.0087  lr: 0.000250  max_mem: 3419M
[32m[03/28 11:43:12 d2.utils.events]: [0m eta: 0:17:37  iter: 1959  total_loss: 0.701  loss_cls: 0.128  loss_box_reg: 0.281  loss_mask: 0.211  loss_rpn_cls: 0.018  loss_rpn_loc: 0.055  time: 0.3478  data_time: 0.0127  lr: 0.000250  max_mem: 3419M
[32m[03/28 11:43:18 d2.utils.events]: [0m eta: 0:17:31  iter: 1979  total_loss: 0.659  loss_cls: 0.119  loss_box_reg: 0.248  loss_mask: 0.225  loss_rpn_cls: 0.018  loss_rpn_loc: 0.045  time: 0.3478  data_time: 0.0099  lr: 0.000250  max_mem: 3419M
[32m[03/28 11:43:25 d2.utils.events]: [0m eta: 0:17:23  iter: 1999  total_loss: 0.635  loss_cls: 0.108  loss_box_reg: 0.248  loss_mask: 0.191  loss_rpn_cls: 0.019  loss_rpn_loc: 0.050  time: 0.3478  data_time: 0.0095  lr: 0.000250  max_mem: 3419M
[32m[03/28 11:43:32 d2.utils.events]: [0m eta: 0:17:16  iter: 2019  total_loss: 0.646  loss_cls: 0.126  loss_box_reg: 0.262  loss_mask: 0.190  loss_rpn_cls: 0.011  loss_rpn_loc: 0.044  time: 0.3477  data_time: 0.0114  lr: 0.000250  max_mem: 3419M
[32m[03/28 11:43:39 d2.utils.events]: [0m eta: 0:17:09  iter: 2039  total_loss: 0.705  loss_cls: 0.112  loss_box_reg: 0.278  loss_mask: 0.208  loss_rpn_cls: 0.013  loss_rpn_loc: 0.049  time: 0.3477  data_time: 0.0159  lr: 0.000250  max_mem: 3419M
[32m[03/28 11:43:46 d2.utils.events]: [0m eta: 0:17:02  iter: 2059  total_loss: 0.733  loss_cls: 0.118  loss_box_reg: 0.276  loss_mask: 0.225  loss_rpn_cls: 0.016  loss_rpn_loc: 0.057  time: 0.3477  data_time: 0.0133  lr: 0.000250  max_mem: 3419M
[32m[03/28 11:43:53 d2.utils.events]: [0m eta: 0:16:55  iter: 2079  total_loss: 0.722  loss_cls: 0.132  loss_box_reg: 0.280  loss_mask: 0.205  loss_rpn_cls: 0.015  loss_rpn_loc: 0.061  time: 0.3476  data_time: 0.0102  lr: 0.000250  max_mem: 3419M
[32m[03/28 11:44:00 d2.utils.events]: [0m eta: 0:16:48  iter: 2099  total_loss: 0.659  loss_cls: 0.112  loss_box_reg: 0.255  loss_mask: 0.197  loss_rpn_cls: 0.015  loss_rpn_loc: 0.046  time: 0.3476  data_time: 0.0119  lr: 0.000250  max_mem: 3419M
[32m[03/28 11:44:07 d2.utils.events]: [0m eta: 0:16:41  iter: 2119  total_loss: 0.656  loss_cls: 0.112  loss_box_reg: 0.297  loss_mask: 0.210  loss_rpn_cls: 0.013  loss_rpn_loc: 0.042  time: 0.3476  data_time: 0.0103  lr: 0.000250  max_mem: 3419M
[32m[03/28 11:44:14 d2.utils.events]: [0m eta: 0:16:35  iter: 2139  total_loss: 0.702  loss_cls: 0.121  loss_box_reg: 0.262  loss_mask: 0.195  loss_rpn_cls: 0.028  loss_rpn_loc: 0.057  time: 0.3475  data_time: 0.0116  lr: 0.000250  max_mem: 3419M
[32m[03/28 11:44:21 d2.utils.events]: [0m eta: 0:16:27  iter: 2159  total_loss: 0.725  loss_cls: 0.129  loss_box_reg: 0.276  loss_mask: 0.219  loss_rpn_cls: 0.020  loss_rpn_loc: 0.053  time: 0.3475  data_time: 0.0113  lr: 0.000250  max_mem: 3419M
[32m[03/28 11:44:28 d2.utils.events]: [0m eta: 0:16:21  iter: 2179  total_loss: 0.614  loss_cls: 0.105  loss_box_reg: 0.234  loss_mask: 0.196  loss_rpn_cls: 0.017  loss_rpn_loc: 0.044  time: 0.3476  data_time: 0.0111  lr: 0.000250  max_mem: 3419M
[32m[03/28 11:44:34 d2.utils.events]: [0m eta: 0:16:14  iter: 2199  total_loss: 0.659  loss_cls: 0.116  loss_box_reg: 0.251  loss_mask: 0.201  loss_rpn_cls: 0.019  loss_rpn_loc: 0.061  time: 0.3475  data_time: 0.0116  lr: 0.000250  max_mem: 3419M
[32m[03/28 11:44:41 d2.utils.events]: [0m eta: 0:16:07  iter: 2219  total_loss: 0.659  loss_cls: 0.111  loss_box_reg: 0.263  loss_mask: 0.190  loss_rpn_cls: 0.019  loss_rpn_loc: 0.051  time: 0.3474  data_time: 0.0101  lr: 0.000250  max_mem: 3419M
[32m[03/28 11:44:48 d2.utils.events]: [0m eta: 0:16:00  iter: 2239  total_loss: 0.652  loss_cls: 0.125  loss_box_reg: 0.273  loss_mask: 0.198  loss_rpn_cls: 0.019  loss_rpn_loc: 0.045  time: 0.3474  data_time: 0.0087  lr: 0.000250  max_mem: 3419M
[32m[03/28 11:44:55 d2.utils.events]: [0m eta: 0:15:54  iter: 2259  total_loss: 0.632  loss_cls: 0.115  loss_box_reg: 0.252  loss_mask: 0.200  loss_rpn_cls: 0.017  loss_rpn_loc: 0.044  time: 0.3475  data_time: 0.0102  lr: 0.000250  max_mem: 3419M
[32m[03/28 11:45:02 d2.utils.events]: [0m eta: 0:15:46  iter: 2279  total_loss: 0.691  loss_cls: 0.127  loss_box_reg: 0.280  loss_mask: 0.203  loss_rpn_cls: 0.014  loss_rpn_loc: 0.048  time: 0.3475  data_time: 0.0093  lr: 0.000250  max_mem: 3419M
[32m[03/28 11:45:09 d2.utils.events]: [0m eta: 0:15:40  iter: 2299  total_loss: 0.655  loss_cls: 0.118  loss_box_reg: 0.271  loss_mask: 0.214  loss_rpn_cls: 0.014  loss_rpn_loc: 0.043  time: 0.3475  data_time: 0.0095  lr: 0.000250  max_mem: 3419M
[32m[03/28 11:45:16 d2.utils.events]: [0m eta: 0:15:33  iter: 2319  total_loss: 0.693  loss_cls: 0.122  loss_box_reg: 0.270  loss_mask: 0.206  loss_rpn_cls: 0.015  loss_rpn_loc: 0.049  time: 0.3475  data_time: 0.0127  lr: 0.000250  max_mem: 3419M
[32m[03/28 11:45:23 d2.utils.events]: [0m eta: 0:15:27  iter: 2339  total_loss: 0.651  loss_cls: 0.129  loss_box_reg: 0.264  loss_mask: 0.186  loss_rpn_cls: 0.013  loss_rpn_loc: 0.048  time: 0.3475  data_time: 0.0107  lr: 0.000250  max_mem: 3419M
[32m[03/28 11:45:30 d2.utils.events]: [0m eta: 0:15:21  iter: 2359  total_loss: 0.693  loss_cls: 0.118  loss_box_reg: 0.258  loss_mask: 0.220  loss_rpn_cls: 0.016  loss_rpn_loc: 0.049  time: 0.3475  data_time: 0.0112  lr: 0.000250  max_mem: 3419M
[32m[03/28 11:45:37 d2.utils.events]: [0m eta: 0:15:14  iter: 2379  total_loss: 0.678  loss_cls: 0.122  loss_box_reg: 0.271  loss_mask: 0.201  loss_rpn_cls: 0.012  loss_rpn_loc: 0.051  time: 0.3475  data_time: 0.0084  lr: 0.000250  max_mem: 3419M
[32m[03/28 11:45:44 d2.utils.events]: [0m eta: 0:15:07  iter: 2399  total_loss: 0.637  loss_cls: 0.103  loss_box_reg: 0.236  loss_mask: 0.201  loss_rpn_cls: 0.013  loss_rpn_loc: 0.044  time: 0.3476  data_time: 0.0085  lr: 0.000250  max_mem: 3419M
[32m[03/28 11:45:51 d2.utils.events]: [0m eta: 0:15:00  iter: 2419  total_loss: 0.689  loss_cls: 0.119  loss_box_reg: 0.260  loss_mask: 0.185  loss_rpn_cls: 0.017  loss_rpn_loc: 0.052  time: 0.3475  data_time: 0.0087  lr: 0.000250  max_mem: 3419M
[32m[03/28 11:45:58 d2.utils.events]: [0m eta: 0:14:54  iter: 2439  total_loss: 0.670  loss_cls: 0.120  loss_box_reg: 0.272  loss_mask: 0.197  loss_rpn_cls: 0.012  loss_rpn_loc: 0.048  time: 0.3475  data_time: 0.0083  lr: 0.000250  max_mem: 3419M
[32m[03/28 11:46:05 d2.utils.events]: [0m eta: 0:14:47  iter: 2459  total_loss: 0.662  loss_cls: 0.123  loss_box_reg: 0.269  loss_mask: 0.213  loss_rpn_cls: 0.018  loss_rpn_loc: 0.052  time: 0.3476  data_time: 0.0130  lr: 0.000250  max_mem: 3419M
[32m[03/28 11:46:12 d2.utils.events]: [0m eta: 0:14:39  iter: 2479  total_loss: 0.686  loss_cls: 0.115  loss_box_reg: 0.267  loss_mask: 0.208  loss_rpn_cls: 0.016  loss_rpn_loc: 0.052  time: 0.3474  data_time: 0.0102  lr: 0.000250  max_mem: 3419M
[32m[03/28 11:46:19 d2.utils.events]: [0m eta: 0:14:33  iter: 2499  total_loss: 0.632  loss_cls: 0.113  loss_box_reg: 0.233  loss_mask: 0.187  loss_rpn_cls: 0.017  loss_rpn_loc: 0.045  time: 0.3475  data_time: 0.0128  lr: 0.000250  max_mem: 3419M
[32m[03/28 11:46:26 d2.utils.events]: [0m eta: 0:14:26  iter: 2519  total_loss: 0.653  loss_cls: 0.108  loss_box_reg: 0.265  loss_mask: 0.208  loss_rpn_cls: 0.012  loss_rpn_loc: 0.045  time: 0.3476  data_time: 0.0123  lr: 0.000250  max_mem: 3419M
[32m[03/28 11:46:33 d2.utils.events]: [0m eta: 0:14:19  iter: 2539  total_loss: 0.644  loss_cls: 0.108  loss_box_reg: 0.276  loss_mask: 0.199  loss_rpn_cls: 0.014  loss_rpn_loc: 0.048  time: 0.3475  data_time: 0.0107  lr: 0.000250  max_mem: 3419M
[32m[03/28 11:46:40 d2.utils.events]: [0m eta: 0:14:12  iter: 2559  total_loss: 0.620  loss_cls: 0.105  loss_box_reg: 0.264  loss_mask: 0.184  loss_rpn_cls: 0.010  loss_rpn_loc: 0.046  time: 0.3475  data_time: 0.0080  lr: 0.000250  max_mem: 3419M
[32m[03/28 11:46:47 d2.utils.events]: [0m eta: 0:14:04  iter: 2579  total_loss: 0.702  loss_cls: 0.116  loss_box_reg: 0.274  loss_mask: 0.234  loss_rpn_cls: 0.018  loss_rpn_loc: 0.050  time: 0.3475  data_time: 0.0149  lr: 0.000250  max_mem: 3419M
[32m[03/28 11:46:54 d2.utils.events]: [0m eta: 0:13:58  iter: 2599  total_loss: 0.700  loss_cls: 0.126  loss_box_reg: 0.278  loss_mask: 0.193  loss_rpn_cls: 0.018  loss_rpn_loc: 0.067  time: 0.3475  data_time: 0.0099  lr: 0.000250  max_mem: 3419M
[32m[03/28 11:47:01 d2.utils.events]: [0m eta: 0:13:51  iter: 2619  total_loss: 0.679  loss_cls: 0.138  loss_box_reg: 0.272  loss_mask: 0.204  loss_rpn_cls: 0.015  loss_rpn_loc: 0.058  time: 0.3475  data_time: 0.0102  lr: 0.000250  max_mem: 3419M
[32m[03/28 11:47:07 d2.utils.events]: [0m eta: 0:13:43  iter: 2639  total_loss: 0.580  loss_cls: 0.096  loss_box_reg: 0.236  loss_mask: 0.186  loss_rpn_cls: 0.014  loss_rpn_loc: 0.042  time: 0.3474  data_time: 0.0106  lr: 0.000250  max_mem: 3419M
[32m[03/28 11:47:14 d2.utils.events]: [0m eta: 0:13:36  iter: 2659  total_loss: 0.674  loss_cls: 0.123  loss_box_reg: 0.263  loss_mask: 0.206  loss_rpn_cls: 0.010  loss_rpn_loc: 0.050  time: 0.3474  data_time: 0.0106  lr: 0.000250  max_mem: 3419M
[32m[03/28 11:47:21 d2.utils.events]: [0m eta: 0:13:29  iter: 2679  total_loss: 0.659  loss_cls: 0.111  loss_box_reg: 0.255  loss_mask: 0.193  loss_rpn_cls: 0.017  loss_rpn_loc: 0.043  time: 0.3473  data_time: 0.0088  lr: 0.000250  max_mem: 3419M
[32m[03/28 11:47:28 d2.utils.events]: [0m eta: 0:13:22  iter: 2699  total_loss: 0.643  loss_cls: 0.115  loss_box_reg: 0.262  loss_mask: 0.202  loss_rpn_cls: 0.016  loss_rpn_loc: 0.045  time: 0.3473  data_time: 0.0114  lr: 0.000250  max_mem: 3419M
[32m[03/28 11:47:35 d2.utils.events]: [0m eta: 0:13:16  iter: 2719  total_loss: 0.660  loss_cls: 0.116  loss_box_reg: 0.254  loss_mask: 0.197  loss_rpn_cls: 0.014  loss_rpn_loc: 0.057  time: 0.3473  data_time: 0.0080  lr: 0.000250  max_mem: 3419M
[32m[03/28 11:47:42 d2.utils.events]: [0m eta: 0:13:09  iter: 2739  total_loss: 0.641  loss_cls: 0.118  loss_box_reg: 0.250  loss_mask: 0.198  loss_rpn_cls: 0.023  loss_rpn_loc: 0.052  time: 0.3472  data_time: 0.0092  lr: 0.000250  max_mem: 3419M
[32m[03/28 11:47:48 d2.utils.events]: [0m eta: 0:13:00  iter: 2759  total_loss: 0.706  loss_cls: 0.115  loss_box_reg: 0.268  loss_mask: 0.191  loss_rpn_cls: 0.022  loss_rpn_loc: 0.059  time: 0.3472  data_time: 0.0101  lr: 0.000250  max_mem: 3419M
[32m[03/28 11:47:55 d2.utils.events]: [0m eta: 0:12:53  iter: 2779  total_loss: 0.644  loss_cls: 0.108  loss_box_reg: 0.234  loss_mask: 0.215  loss_rpn_cls: 0.015  loss_rpn_loc: 0.045  time: 0.3470  data_time: 0.0179  lr: 0.000250  max_mem: 3419M
[32m[03/28 11:48:02 d2.utils.events]: [0m eta: 0:12:45  iter: 2799  total_loss: 0.668  loss_cls: 0.106  loss_box_reg: 0.271  loss_mask: 0.208  loss_rpn_cls: 0.014  loss_rpn_loc: 0.049  time: 0.3471  data_time: 0.0104  lr: 0.000250  max_mem: 3419M
[32m[03/28 11:48:09 d2.utils.events]: [0m eta: 0:12:39  iter: 2819  total_loss: 0.657  loss_cls: 0.108  loss_box_reg: 0.271  loss_mask: 0.203  loss_rpn_cls: 0.017  loss_rpn_loc: 0.062  time: 0.3472  data_time: 0.0094  lr: 0.000250  max_mem: 3419M
[32m[03/28 11:48:16 d2.utils.events]: [0m eta: 0:12:32  iter: 2839  total_loss: 0.661  loss_cls: 0.122  loss_box_reg: 0.251  loss_mask: 0.208  loss_rpn_cls: 0.021  loss_rpn_loc: 0.039  time: 0.3471  data_time: 0.0127  lr: 0.000250  max_mem: 3419M
[32m[03/28 11:48:23 d2.utils.events]: [0m eta: 0:12:25  iter: 2859  total_loss: 0.641  loss_cls: 0.100  loss_box_reg: 0.255  loss_mask: 0.188  loss_rpn_cls: 0.015  loss_rpn_loc: 0.045  time: 0.3471  data_time: 0.0088  lr: 0.000250  max_mem: 3419M
[32m[03/28 11:48:30 d2.utils.events]: [0m eta: 0:12:18  iter: 2879  total_loss: 0.645  loss_cls: 0.102  loss_box_reg: 0.271  loss_mask: 0.200  loss_rpn_cls: 0.016  loss_rpn_loc: 0.050  time: 0.3472  data_time: 0.0084  lr: 0.000250  max_mem: 3419M
[32m[03/28 11:48:37 d2.utils.events]: [0m eta: 0:12:12  iter: 2899  total_loss: 0.641  loss_cls: 0.123  loss_box_reg: 0.256  loss_mask: 0.193  loss_rpn_cls: 0.017  loss_rpn_loc: 0.053  time: 0.3472  data_time: 0.0093  lr: 0.000250  max_mem: 3419M
[32m[03/28 11:48:44 d2.utils.events]: [0m eta: 0:12:05  iter: 2919  total_loss: 0.614  loss_cls: 0.100  loss_box_reg: 0.262  loss_mask: 0.185  loss_rpn_cls: 0.014  loss_rpn_loc: 0.048  time: 0.3472  data_time: 0.0119  lr: 0.000250  max_mem: 3419M
[32m[03/28 11:48:51 d2.utils.events]: [0m eta: 0:11:58  iter: 2939  total_loss: 0.709  loss_cls: 0.126  loss_box_reg: 0.269  loss_mask: 0.220  loss_rpn_cls: 0.017  loss_rpn_loc: 0.045  time: 0.3473  data_time: 0.0084  lr: 0.000250  max_mem: 3419M
[32m[03/28 11:48:58 d2.utils.events]: [0m eta: 0:11:51  iter: 2959  total_loss: 0.643  loss_cls: 0.104  loss_box_reg: 0.246  loss_mask: 0.194  loss_rpn_cls: 0.011  loss_rpn_loc: 0.050  time: 0.3473  data_time: 0.0096  lr: 0.000250  max_mem: 3419M
[32m[03/28 11:49:05 d2.utils.events]: [0m eta: 0:11:44  iter: 2979  total_loss: 0.635  loss_cls: 0.119  loss_box_reg: 0.248  loss_mask: 0.205  loss_rpn_cls: 0.019  loss_rpn_loc: 0.051  time: 0.3472  data_time: 0.0112  lr: 0.000250  max_mem: 3419M
[32m[03/28 11:49:13 d2.utils.events]: [0m eta: 0:11:38  iter: 2999  total_loss: 0.586  loss_cls: 0.107  loss_box_reg: 0.225  loss_mask: 0.193  loss_rpn_cls: 0.014  loss_rpn_loc: 0.043  time: 0.3474  data_time: 0.0113  lr: 0.000250  max_mem: 3419M
[32m[03/28 11:49:20 d2.utils.events]: [0m eta: 0:11:31  iter: 3019  total_loss: 0.642  loss_cls: 0.123  loss_box_reg: 0.245  loss_mask: 0.194  loss_rpn_cls: 0.014  loss_rpn_loc: 0.045  time: 0.3474  data_time: 0.0097  lr: 0.000250  max_mem: 3419M
[32m[03/28 11:49:27 d2.utils.events]: [0m eta: 0:11:24  iter: 3039  total_loss: 0.657  loss_cls: 0.117  loss_box_reg: 0.250  loss_mask: 0.189  loss_rpn_cls: 0.015  loss_rpn_loc: 0.049  time: 0.3474  data_time: 0.0108  lr: 0.000250  max_mem: 3419M
[32m[03/28 11:49:34 d2.utils.events]: [0m eta: 0:11:17  iter: 3059  total_loss: 0.636  loss_cls: 0.105  loss_box_reg: 0.263  loss_mask: 0.206  loss_rpn_cls: 0.013  loss_rpn_loc: 0.043  time: 0.3475  data_time: 0.0104  lr: 0.000250  max_mem: 3419M
[32m[03/28 11:49:41 d2.utils.events]: [0m eta: 0:11:10  iter: 3079  total_loss: 0.642  loss_cls: 0.110  loss_box_reg: 0.253  loss_mask: 0.201  loss_rpn_cls: 0.012  loss_rpn_loc: 0.054  time: 0.3475  data_time: 0.0086  lr: 0.000250  max_mem: 3419M
[32m[03/28 11:49:48 d2.utils.events]: [0m eta: 0:11:03  iter: 3099  total_loss: 0.625  loss_cls: 0.113  loss_box_reg: 0.251  loss_mask: 0.195  loss_rpn_cls: 0.016  loss_rpn_loc: 0.051  time: 0.3475  data_time: 0.0099  lr: 0.000250  max_mem: 3419M
[32m[03/28 11:49:55 d2.utils.events]: [0m eta: 0:10:57  iter: 3119  total_loss: 0.636  loss_cls: 0.118  loss_box_reg: 0.241  loss_mask: 0.195  loss_rpn_cls: 0.018  loss_rpn_loc: 0.045  time: 0.3475  data_time: 0.0082  lr: 0.000250  max_mem: 3419M
[32m[03/28 11:50:02 d2.utils.events]: [0m eta: 0:10:51  iter: 3139  total_loss: 0.611  loss_cls: 0.105  loss_box_reg: 0.241  loss_mask: 0.184  loss_rpn_cls: 0.018  loss_rpn_loc: 0.041  time: 0.3476  data_time: 0.0101  lr: 0.000250  max_mem: 3419M
[32m[03/28 11:50:09 d2.utils.events]: [0m eta: 0:10:44  iter: 3159  total_loss: 0.590  loss_cls: 0.101  loss_box_reg: 0.248  loss_mask: 0.183  loss_rpn_cls: 0.013  loss_rpn_loc: 0.046  time: 0.3476  data_time: 0.0104  lr: 0.000250  max_mem: 3419M
[32m[03/28 11:50:16 d2.utils.events]: [0m eta: 0:10:37  iter: 3179  total_loss: 0.598  loss_cls: 0.125  loss_box_reg: 0.266  loss_mask: 0.204  loss_rpn_cls: 0.013  loss_rpn_loc: 0.047  time: 0.3476  data_time: 0.0100  lr: 0.000250  max_mem: 3419M
[32m[03/28 11:50:23 d2.utils.events]: [0m eta: 0:10:31  iter: 3199  total_loss: 0.663  loss_cls: 0.123  loss_box_reg: 0.275  loss_mask: 0.201  loss_rpn_cls: 0.014  loss_rpn_loc: 0.046  time: 0.3476  data_time: 0.0085  lr: 0.000250  max_mem: 3419M
[32m[03/28 11:50:30 d2.utils.events]: [0m eta: 0:10:24  iter: 3219  total_loss: 0.626  loss_cls: 0.104  loss_box_reg: 0.234  loss_mask: 0.191  loss_rpn_cls: 0.013  loss_rpn_loc: 0.043  time: 0.3476  data_time: 0.0110  lr: 0.000250  max_mem: 3419M
[32m[03/28 11:50:37 d2.utils.events]: [0m eta: 0:10:17  iter: 3239  total_loss: 0.619  loss_cls: 0.112  loss_box_reg: 0.238  loss_mask: 0.185  loss_rpn_cls: 0.015  loss_rpn_loc: 0.053  time: 0.3476  data_time: 0.0102  lr: 0.000250  max_mem: 3419M
[32m[03/28 11:50:44 d2.utils.events]: [0m eta: 0:10:09  iter: 3259  total_loss: 0.611  loss_cls: 0.097  loss_box_reg: 0.248  loss_mask: 0.189  loss_rpn_cls: 0.013  loss_rpn_loc: 0.044  time: 0.3475  data_time: 0.0102  lr: 0.000250  max_mem: 3419M
[32m[03/28 11:50:51 d2.utils.events]: [0m eta: 0:10:02  iter: 3279  total_loss: 0.652  loss_cls: 0.115  loss_box_reg: 0.252  loss_mask: 0.177  loss_rpn_cls: 0.015  loss_rpn_loc: 0.051  time: 0.3476  data_time: 0.0097  lr: 0.000250  max_mem: 3419M
[32m[03/28 11:50:58 d2.utils.events]: [0m eta: 0:09:56  iter: 3299  total_loss: 0.576  loss_cls: 0.107  loss_box_reg: 0.238  loss_mask: 0.189  loss_rpn_cls: 0.018  loss_rpn_loc: 0.038  time: 0.3476  data_time: 0.0089  lr: 0.000250  max_mem: 3419M
[32m[03/28 11:51:05 d2.utils.events]: [0m eta: 0:09:49  iter: 3319  total_loss: 0.641  loss_cls: 0.119  loss_box_reg: 0.246  loss_mask: 0.194  loss_rpn_cls: 0.015  loss_rpn_loc: 0.051  time: 0.3476  data_time: 0.0102  lr: 0.000250  max_mem: 3419M
[32m[03/28 11:51:12 d2.utils.events]: [0m eta: 0:09:41  iter: 3339  total_loss: 0.645  loss_cls: 0.122  loss_box_reg: 0.270  loss_mask: 0.202  loss_rpn_cls: 0.010  loss_rpn_loc: 0.046  time: 0.3476  data_time: 0.0097  lr: 0.000250  max_mem: 3419M
[32m[03/28 11:51:19 d2.utils.events]: [0m eta: 0:09:35  iter: 3359  total_loss: 0.599  loss_cls: 0.109  loss_box_reg: 0.245  loss_mask: 0.196  loss_rpn_cls: 0.015  loss_rpn_loc: 0.045  time: 0.3476  data_time: 0.0095  lr: 0.000250  max_mem: 3419M
[32m[03/28 11:51:26 d2.utils.events]: [0m eta: 0:09:27  iter: 3379  total_loss: 0.618  loss_cls: 0.102  loss_box_reg: 0.252  loss_mask: 0.212  loss_rpn_cls: 0.007  loss_rpn_loc: 0.040  time: 0.3476  data_time: 0.0119  lr: 0.000250  max_mem: 3419M
[32m[03/28 11:51:32 d2.utils.events]: [0m eta: 0:09:20  iter: 3399  total_loss: 0.686  loss_cls: 0.128  loss_box_reg: 0.279  loss_mask: 0.183  loss_rpn_cls: 0.021  loss_rpn_loc: 0.053  time: 0.3476  data_time: 0.0157  lr: 0.000250  max_mem: 3419M
[32m[03/28 11:51:39 d2.utils.events]: [0m eta: 0:09:13  iter: 3419  total_loss: 0.563  loss_cls: 0.107  loss_box_reg: 0.237  loss_mask: 0.198  loss_rpn_cls: 0.010  loss_rpn_loc: 0.034  time: 0.3476  data_time: 0.0088  lr: 0.000250  max_mem: 3419M
[32m[03/28 11:51:46 d2.utils.events]: [0m eta: 0:09:06  iter: 3439  total_loss: 0.688  loss_cls: 0.109  loss_box_reg: 0.270  loss_mask: 0.213  loss_rpn_cls: 0.013  loss_rpn_loc: 0.054  time: 0.3476  data_time: 0.0093  lr: 0.000250  max_mem: 3419M
[32m[03/28 11:51:53 d2.utils.events]: [0m eta: 0:08:59  iter: 3459  total_loss: 0.611  loss_cls: 0.116  loss_box_reg: 0.259  loss_mask: 0.186  loss_rpn_cls: 0.011  loss_rpn_loc: 0.045  time: 0.3476  data_time: 0.0101  lr: 0.000250  max_mem: 3419M
[32m[03/28 11:52:00 d2.utils.events]: [0m eta: 0:08:52  iter: 3479  total_loss: 0.626  loss_cls: 0.100  loss_box_reg: 0.247  loss_mask: 0.198  loss_rpn_cls: 0.013  loss_rpn_loc: 0.043  time: 0.3476  data_time: 0.0083  lr: 0.000250  max_mem: 3419M
[32m[03/28 11:52:07 d2.utils.events]: [0m eta: 0:08:45  iter: 3499  total_loss: 0.674  loss_cls: 0.117  loss_box_reg: 0.268  loss_mask: 0.189  loss_rpn_cls: 0.010  loss_rpn_loc: 0.048  time: 0.3476  data_time: 0.0090  lr: 0.000250  max_mem: 3419M
[32m[03/28 11:52:14 d2.utils.events]: [0m eta: 0:08:38  iter: 3519  total_loss: 0.620  loss_cls: 0.100  loss_box_reg: 0.252  loss_mask: 0.192  loss_rpn_cls: 0.010  loss_rpn_loc: 0.045  time: 0.3476  data_time: 0.0091  lr: 0.000250  max_mem: 3420M
[32m[03/28 11:52:21 d2.utils.events]: [0m eta: 0:08:32  iter: 3539  total_loss: 0.638  loss_cls: 0.119  loss_box_reg: 0.270  loss_mask: 0.208  loss_rpn_cls: 0.021  loss_rpn_loc: 0.045  time: 0.3476  data_time: 0.0090  lr: 0.000250  max_mem: 3420M
[32m[03/28 11:52:28 d2.utils.events]: [0m eta: 0:08:24  iter: 3559  total_loss: 0.613  loss_cls: 0.106  loss_box_reg: 0.242  loss_mask: 0.184  loss_rpn_cls: 0.012  loss_rpn_loc: 0.051  time: 0.3476  data_time: 0.0097  lr: 0.000250  max_mem: 3420M
[32m[03/28 11:52:35 d2.utils.events]: [0m eta: 0:08:17  iter: 3579  total_loss: 0.559  loss_cls: 0.096  loss_box_reg: 0.243  loss_mask: 0.164  loss_rpn_cls: 0.012  loss_rpn_loc: 0.045  time: 0.3475  data_time: 0.0113  lr: 0.000250  max_mem: 3420M
[32m[03/28 11:52:42 d2.utils.events]: [0m eta: 0:08:09  iter: 3599  total_loss: 0.638  loss_cls: 0.111  loss_box_reg: 0.254  loss_mask: 0.184  loss_rpn_cls: 0.016  loss_rpn_loc: 0.055  time: 0.3475  data_time: 0.0094  lr: 0.000250  max_mem: 3420M
[32m[03/28 11:52:49 d2.utils.events]: [0m eta: 0:08:03  iter: 3619  total_loss: 0.635  loss_cls: 0.115  loss_box_reg: 0.251  loss_mask: 0.206  loss_rpn_cls: 0.015  loss_rpn_loc: 0.057  time: 0.3475  data_time: 0.0084  lr: 0.000250  max_mem: 3420M
[32m[03/28 11:52:56 d2.utils.events]: [0m eta: 0:07:56  iter: 3639  total_loss: 0.627  loss_cls: 0.103  loss_box_reg: 0.256  loss_mask: 0.212  loss_rpn_cls: 0.012  loss_rpn_loc: 0.053  time: 0.3475  data_time: 0.0096  lr: 0.000250  max_mem: 3420M
[32m[03/28 11:53:03 d2.utils.events]: [0m eta: 0:07:49  iter: 3659  total_loss: 0.625  loss_cls: 0.103  loss_box_reg: 0.260  loss_mask: 0.186  loss_rpn_cls: 0.017  loss_rpn_loc: 0.048  time: 0.3476  data_time: 0.0102  lr: 0.000250  max_mem: 3420M
[32m[03/28 11:53:10 d2.utils.events]: [0m eta: 0:07:42  iter: 3679  total_loss: 0.711  loss_cls: 0.120  loss_box_reg: 0.273  loss_mask: 0.215  loss_rpn_cls: 0.013  loss_rpn_loc: 0.051  time: 0.3475  data_time: 0.0092  lr: 0.000250  max_mem: 3420M
[32m[03/28 11:53:17 d2.utils.events]: [0m eta: 0:07:35  iter: 3699  total_loss: 0.641  loss_cls: 0.110  loss_box_reg: 0.246  loss_mask: 0.210  loss_rpn_cls: 0.013  loss_rpn_loc: 0.041  time: 0.3476  data_time: 0.0106  lr: 0.000250  max_mem: 3420M
[32m[03/28 11:53:24 d2.utils.events]: [0m eta: 0:07:28  iter: 3719  total_loss: 0.647  loss_cls: 0.123  loss_box_reg: 0.259  loss_mask: 0.199  loss_rpn_cls: 0.014  loss_rpn_loc: 0.053  time: 0.3476  data_time: 0.0138  lr: 0.000250  max_mem: 3420M
[32m[03/28 11:53:31 d2.utils.events]: [0m eta: 0:07:22  iter: 3739  total_loss: 0.652  loss_cls: 0.109  loss_box_reg: 0.254  loss_mask: 0.192  loss_rpn_cls: 0.015  loss_rpn_loc: 0.051  time: 0.3476  data_time: 0.0092  lr: 0.000250  max_mem: 3420M
[32m[03/28 11:53:38 d2.utils.events]: [0m eta: 0:07:15  iter: 3759  total_loss: 0.668  loss_cls: 0.121  loss_box_reg: 0.277  loss_mask: 0.207  loss_rpn_cls: 0.014  loss_rpn_loc: 0.052  time: 0.3475  data_time: 0.0106  lr: 0.000250  max_mem: 3420M
[32m[03/28 11:53:45 d2.utils.events]: [0m eta: 0:07:09  iter: 3779  total_loss: 0.622  loss_cls: 0.099  loss_box_reg: 0.239  loss_mask: 0.190  loss_rpn_cls: 0.015  loss_rpn_loc: 0.054  time: 0.3475  data_time: 0.0105  lr: 0.000250  max_mem: 3420M
[32m[03/28 11:53:51 d2.utils.events]: [0m eta: 0:07:01  iter: 3799  total_loss: 0.644  loss_cls: 0.118  loss_box_reg: 0.262  loss_mask: 0.198  loss_rpn_cls: 0.013  loss_rpn_loc: 0.048  time: 0.3475  data_time: 0.0115  lr: 0.000250  max_mem: 3420M
[32m[03/28 11:53:59 d2.utils.events]: [0m eta: 0:06:54  iter: 3819  total_loss: 0.663  loss_cls: 0.119  loss_box_reg: 0.268  loss_mask: 0.208  loss_rpn_cls: 0.016  loss_rpn_loc: 0.054  time: 0.3476  data_time: 0.0093  lr: 0.000250  max_mem: 3420M
[32m[03/28 11:54:06 d2.utils.events]: [0m eta: 0:06:47  iter: 3839  total_loss: 0.660  loss_cls: 0.106  loss_box_reg: 0.277  loss_mask: 0.190  loss_rpn_cls: 0.016  loss_rpn_loc: 0.057  time: 0.3476  data_time: 0.0131  lr: 0.000250  max_mem: 3420M
[32m[03/28 11:54:13 d2.utils.events]: [0m eta: 0:06:40  iter: 3859  total_loss: 0.666  loss_cls: 0.122  loss_box_reg: 0.263  loss_mask: 0.208  loss_rpn_cls: 0.015  loss_rpn_loc: 0.045  time: 0.3476  data_time: 0.0117  lr: 0.000250  max_mem: 3420M
[32m[03/28 11:54:20 d2.utils.events]: [0m eta: 0:06:33  iter: 3879  total_loss: 0.554  loss_cls: 0.095  loss_box_reg: 0.228  loss_mask: 0.197  loss_rpn_cls: 0.009  loss_rpn_loc: 0.045  time: 0.3477  data_time: 0.0104  lr: 0.000250  max_mem: 3420M
[32m[03/28 11:54:27 d2.utils.events]: [0m eta: 0:06:26  iter: 3899  total_loss: 0.657  loss_cls: 0.110  loss_box_reg: 0.252  loss_mask: 0.203  loss_rpn_cls: 0.017  loss_rpn_loc: 0.057  time: 0.3477  data_time: 0.0103  lr: 0.000250  max_mem: 3424M
[32m[03/28 11:54:34 d2.utils.events]: [0m eta: 0:06:19  iter: 3919  total_loss: 0.639  loss_cls: 0.122  loss_box_reg: 0.265  loss_mask: 0.186  loss_rpn_cls: 0.010  loss_rpn_loc: 0.043  time: 0.3477  data_time: 0.0101  lr: 0.000250  max_mem: 3424M
[32m[03/28 11:54:41 d2.utils.events]: [0m eta: 0:06:12  iter: 3939  total_loss: 0.602  loss_cls: 0.110  loss_box_reg: 0.261  loss_mask: 0.193  loss_rpn_cls: 0.011  loss_rpn_loc: 0.041  time: 0.3477  data_time: 0.0087  lr: 0.000250  max_mem: 3424M
[32m[03/28 11:54:48 d2.utils.events]: [0m eta: 0:06:05  iter: 3959  total_loss: 0.596  loss_cls: 0.100  loss_box_reg: 0.245  loss_mask: 0.176  loss_rpn_cls: 0.015  loss_rpn_loc: 0.043  time: 0.3477  data_time: 0.0103  lr: 0.000250  max_mem: 3424M
[32m[03/28 11:54:55 d2.utils.events]: [0m eta: 0:05:58  iter: 3979  total_loss: 0.647  loss_cls: 0.127  loss_box_reg: 0.249  loss_mask: 0.190  loss_rpn_cls: 0.013  loss_rpn_loc: 0.044  time: 0.3477  data_time: 0.0120  lr: 0.000250  max_mem: 3424M
[32m[03/28 11:55:02 d2.utils.events]: [0m eta: 0:05:50  iter: 3999  total_loss: 0.633  loss_cls: 0.115  loss_box_reg: 0.253  loss_mask: 0.188  loss_rpn_cls: 0.012  loss_rpn_loc: 0.049  time: 0.3478  data_time: 0.0113  lr: 0.000250  max_mem: 3424M
[32m[03/28 11:55:09 d2.utils.events]: [0m eta: 0:05:43  iter: 4019  total_loss: 0.668  loss_cls: 0.119  loss_box_reg: 0.268  loss_mask: 0.211  loss_rpn_cls: 0.015  loss_rpn_loc: 0.045  time: 0.3477  data_time: 0.0105  lr: 0.000250  max_mem: 3424M
[32m[03/28 11:55:16 d2.utils.events]: [0m eta: 0:05:36  iter: 4039  total_loss: 0.663  loss_cls: 0.119  loss_box_reg: 0.244  loss_mask: 0.201  loss_rpn_cls: 0.013  loss_rpn_loc: 0.055  time: 0.3477  data_time: 0.0096  lr: 0.000250  max_mem: 3424M
[32m[03/28 11:55:23 d2.utils.events]: [0m eta: 0:05:29  iter: 4059  total_loss: 0.595  loss_cls: 0.106  loss_box_reg: 0.242  loss_mask: 0.177  loss_rpn_cls: 0.018  loss_rpn_loc: 0.056  time: 0.3477  data_time: 0.0111  lr: 0.000250  max_mem: 3424M
[32m[03/28 11:55:30 d2.utils.events]: [0m eta: 0:05:22  iter: 4079  total_loss: 0.597  loss_cls: 0.098  loss_box_reg: 0.245  loss_mask: 0.200  loss_rpn_cls: 0.019  loss_rpn_loc: 0.051  time: 0.3477  data_time: 0.0098  lr: 0.000250  max_mem: 3424M
[32m[03/28 11:55:37 d2.utils.events]: [0m eta: 0:05:15  iter: 4099  total_loss: 0.609  loss_cls: 0.103  loss_box_reg: 0.232  loss_mask: 0.185  loss_rpn_cls: 0.013  loss_rpn_loc: 0.052  time: 0.3478  data_time: 0.0116  lr: 0.000250  max_mem: 3424M
[32m[03/28 11:55:44 d2.utils.events]: [0m eta: 0:05:08  iter: 4119  total_loss: 0.684  loss_cls: 0.113  loss_box_reg: 0.268  loss_mask: 0.214  loss_rpn_cls: 0.017  loss_rpn_loc: 0.052  time: 0.3478  data_time: 0.0096  lr: 0.000250  max_mem: 3424M
[32m[03/28 11:55:51 d2.utils.events]: [0m eta: 0:05:01  iter: 4139  total_loss: 0.614  loss_cls: 0.105  loss_box_reg: 0.241  loss_mask: 0.183  loss_rpn_cls: 0.015  loss_rpn_loc: 0.046  time: 0.3478  data_time: 0.0105  lr: 0.000250  max_mem: 3424M
[32m[03/28 11:55:58 d2.utils.events]: [0m eta: 0:04:54  iter: 4159  total_loss: 0.581  loss_cls: 0.099  loss_box_reg: 0.233  loss_mask: 0.190  loss_rpn_cls: 0.011  loss_rpn_loc: 0.045  time: 0.3478  data_time: 0.0113  lr: 0.000250  max_mem: 3424M
[32m[03/28 11:56:05 d2.utils.events]: [0m eta: 0:04:47  iter: 4179  total_loss: 0.605  loss_cls: 0.103  loss_box_reg: 0.227  loss_mask: 0.197  loss_rpn_cls: 0.020  loss_rpn_loc: 0.049  time: 0.3478  data_time: 0.0097  lr: 0.000250  max_mem: 3424M
[32m[03/28 11:56:12 d2.utils.events]: [0m eta: 0:04:39  iter: 4199  total_loss: 0.582  loss_cls: 0.104  loss_box_reg: 0.235  loss_mask: 0.200  loss_rpn_cls: 0.012  loss_rpn_loc: 0.042  time: 0.3478  data_time: 0.0112  lr: 0.000250  max_mem: 3424M
[32m[03/28 11:56:19 d2.utils.events]: [0m eta: 0:04:32  iter: 4219  total_loss: 0.592  loss_cls: 0.101  loss_box_reg: 0.230  loss_mask: 0.190  loss_rpn_cls: 0.015  loss_rpn_loc: 0.048  time: 0.3478  data_time: 0.0106  lr: 0.000250  max_mem: 3424M
[32m[03/28 11:56:26 d2.utils.events]: [0m eta: 0:04:26  iter: 4239  total_loss: 0.588  loss_cls: 0.088  loss_box_reg: 0.243  loss_mask: 0.172  loss_rpn_cls: 0.012  loss_rpn_loc: 0.038  time: 0.3478  data_time: 0.0102  lr: 0.000250  max_mem: 3424M
[32m[03/28 11:56:33 d2.utils.events]: [0m eta: 0:04:19  iter: 4259  total_loss: 0.565  loss_cls: 0.112  loss_box_reg: 0.224  loss_mask: 0.175  loss_rpn_cls: 0.013  loss_rpn_loc: 0.049  time: 0.3478  data_time: 0.0099  lr: 0.000250  max_mem: 3424M
[32m[03/28 11:56:40 d2.utils.events]: [0m eta: 0:04:12  iter: 4279  total_loss: 0.544  loss_cls: 0.088  loss_box_reg: 0.226  loss_mask: 0.174  loss_rpn_cls: 0.012  loss_rpn_loc: 0.048  time: 0.3478  data_time: 0.0105  lr: 0.000250  max_mem: 3424M
[32m[03/28 11:56:47 d2.utils.events]: [0m eta: 0:04:05  iter: 4299  total_loss: 0.598  loss_cls: 0.098  loss_box_reg: 0.238  loss_mask: 0.183  loss_rpn_cls: 0.012  loss_rpn_loc: 0.048  time: 0.3478  data_time: 0.0196  lr: 0.000250  max_mem: 3424M
[32m[03/28 11:56:54 d2.utils.events]: [0m eta: 0:03:58  iter: 4319  total_loss: 0.659  loss_cls: 0.115  loss_box_reg: 0.262  loss_mask: 0.183  loss_rpn_cls: 0.011  loss_rpn_loc: 0.056  time: 0.3478  data_time: 0.0105  lr: 0.000250  max_mem: 3424M
[32m[03/28 11:57:01 d2.utils.events]: [0m eta: 0:03:50  iter: 4339  total_loss: 0.600  loss_cls: 0.106  loss_box_reg: 0.232  loss_mask: 0.182  loss_rpn_cls: 0.009  loss_rpn_loc: 0.042  time: 0.3478  data_time: 0.0111  lr: 0.000250  max_mem: 3424M
[32m[03/28 11:57:08 d2.utils.events]: [0m eta: 0:03:43  iter: 4359  total_loss: 0.617  loss_cls: 0.122  loss_box_reg: 0.241  loss_mask: 0.189  loss_rpn_cls: 0.017  loss_rpn_loc: 0.043  time: 0.3478  data_time: 0.0107  lr: 0.000250  max_mem: 3424M
[32m[03/28 11:57:14 d2.utils.events]: [0m eta: 0:03:36  iter: 4379  total_loss: 0.562  loss_cls: 0.101  loss_box_reg: 0.244  loss_mask: 0.187  loss_rpn_cls: 0.010  loss_rpn_loc: 0.046  time: 0.3477  data_time: 0.0092  lr: 0.000250  max_mem: 3424M
[32m[03/28 11:57:21 d2.utils.events]: [0m eta: 0:03:29  iter: 4399  total_loss: 0.564  loss_cls: 0.090  loss_box_reg: 0.231  loss_mask: 0.185  loss_rpn_cls: 0.008  loss_rpn_loc: 0.040  time: 0.3477  data_time: 0.0106  lr: 0.000250  max_mem: 3424M
[32m[03/28 11:57:28 d2.utils.events]: [0m eta: 0:03:22  iter: 4419  total_loss: 0.566  loss_cls: 0.110  loss_box_reg: 0.213  loss_mask: 0.186  loss_rpn_cls: 0.010  loss_rpn_loc: 0.041  time: 0.3477  data_time: 0.0092  lr: 0.000250  max_mem: 3424M
[32m[03/28 11:57:36 d2.utils.events]: [0m eta: 0:03:15  iter: 4439  total_loss: 0.581  loss_cls: 0.100  loss_box_reg: 0.226  loss_mask: 0.173  loss_rpn_cls: 0.009  loss_rpn_loc: 0.047  time: 0.3479  data_time: 0.0097  lr: 0.000250  max_mem: 3424M
[32m[03/28 11:57:44 d2.utils.events]: [0m eta: 0:03:09  iter: 4459  total_loss: 0.584  loss_cls: 0.107  loss_box_reg: 0.245  loss_mask: 0.171  loss_rpn_cls: 0.011  loss_rpn_loc: 0.045  time: 0.3482  data_time: 0.0090  lr: 0.000250  max_mem: 3424M
[32m[03/28 11:57:51 d2.utils.events]: [0m eta: 0:03:02  iter: 4479  total_loss: 0.630  loss_cls: 0.109  loss_box_reg: 0.265  loss_mask: 0.198  loss_rpn_cls: 0.008  loss_rpn_loc: 0.044  time: 0.3482  data_time: 0.0102  lr: 0.000250  max_mem: 3424M
[32m[03/28 11:57:58 d2.utils.events]: [0m eta: 0:02:55  iter: 4499  total_loss: 0.582  loss_cls: 0.101  loss_box_reg: 0.231  loss_mask: 0.191  loss_rpn_cls: 0.013  loss_rpn_loc: 0.051  time: 0.3482  data_time: 0.0089  lr: 0.000250  max_mem: 3424M
[32m[03/28 11:58:05 d2.utils.events]: [0m eta: 0:02:48  iter: 4519  total_loss: 0.657  loss_cls: 0.114  loss_box_reg: 0.268  loss_mask: 0.195  loss_rpn_cls: 0.012  loss_rpn_loc: 0.055  time: 0.3482  data_time: 0.0097  lr: 0.000250  max_mem: 3424M
[32m[03/28 11:58:12 d2.utils.events]: [0m eta: 0:02:41  iter: 4539  total_loss: 0.609  loss_cls: 0.108  loss_box_reg: 0.245  loss_mask: 0.183  loss_rpn_cls: 0.025  loss_rpn_loc: 0.065  time: 0.3481  data_time: 0.0098  lr: 0.000250  max_mem: 3424M
[32m[03/28 11:58:19 d2.utils.events]: [0m eta: 0:02:34  iter: 4559  total_loss: 0.600  loss_cls: 0.099  loss_box_reg: 0.250  loss_mask: 0.195  loss_rpn_cls: 0.007  loss_rpn_loc: 0.041  time: 0.3482  data_time: 0.0119  lr: 0.000250  max_mem: 3424M
[32m[03/28 11:58:26 d2.utils.events]: [0m eta: 0:02:27  iter: 4579  total_loss: 0.645  loss_cls: 0.112  loss_box_reg: 0.240  loss_mask: 0.214  loss_rpn_cls: 0.008  loss_rpn_loc: 0.051  time: 0.3482  data_time: 0.0098  lr: 0.000250  max_mem: 3424M
[32m[03/28 11:58:33 d2.utils.events]: [0m eta: 0:02:20  iter: 4599  total_loss: 0.538  loss_cls: 0.092  loss_box_reg: 0.205  loss_mask: 0.176  loss_rpn_cls: 0.007  loss_rpn_loc: 0.046  time: 0.3482  data_time: 0.0098  lr: 0.000250  max_mem: 3424M
[32m[03/28 11:58:40 d2.utils.events]: [0m eta: 0:02:13  iter: 4619  total_loss: 0.596  loss_cls: 0.102  loss_box_reg: 0.233  loss_mask: 0.177  loss_rpn_cls: 0.012  loss_rpn_loc: 0.048  time: 0.3481  data_time: 0.0153  lr: 0.000250  max_mem: 3424M
[32m[03/28 11:58:47 d2.utils.events]: [0m eta: 0:02:06  iter: 4639  total_loss: 0.630  loss_cls: 0.116  loss_box_reg: 0.251  loss_mask: 0.188  loss_rpn_cls: 0.012  loss_rpn_loc: 0.047  time: 0.3481  data_time: 0.0113  lr: 0.000250  max_mem: 3424M
[32m[03/28 11:58:54 d2.utils.events]: [0m eta: 0:01:59  iter: 4659  total_loss: 0.570  loss_cls: 0.104  loss_box_reg: 0.228  loss_mask: 0.182  loss_rpn_cls: 0.013  loss_rpn_loc: 0.046  time: 0.3481  data_time: 0.0123  lr: 0.000250  max_mem: 3424M
[32m[03/28 11:59:00 d2.utils.events]: [0m eta: 0:01:52  iter: 4679  total_loss: 0.613  loss_cls: 0.114  loss_box_reg: 0.259  loss_mask: 0.187  loss_rpn_cls: 0.010  loss_rpn_loc: 0.050  time: 0.3481  data_time: 0.0111  lr: 0.000250  max_mem: 3424M
[32m[03/28 11:59:07 d2.utils.events]: [0m eta: 0:01:45  iter: 4699  total_loss: 0.637  loss_cls: 0.129  loss_box_reg: 0.248  loss_mask: 0.193  loss_rpn_cls: 0.013  loss_rpn_loc: 0.057  time: 0.3480  data_time: 0.0110  lr: 0.000250  max_mem: 3424M
[32m[03/28 11:59:14 d2.utils.events]: [0m eta: 0:01:38  iter: 4719  total_loss: 0.611  loss_cls: 0.106  loss_box_reg: 0.246  loss_mask: 0.195  loss_rpn_cls: 0.010  loss_rpn_loc: 0.049  time: 0.3480  data_time: 0.0114  lr: 0.000250  max_mem: 3424M
[32m[03/28 11:59:21 d2.utils.events]: [0m eta: 0:01:31  iter: 4739  total_loss: 0.580  loss_cls: 0.091  loss_box_reg: 0.237  loss_mask: 0.173  loss_rpn_cls: 0.010  loss_rpn_loc: 0.038  time: 0.3480  data_time: 0.0110  lr: 0.000250  max_mem: 3424M
[32m[03/28 11:59:28 d2.utils.events]: [0m eta: 0:01:24  iter: 4759  total_loss: 0.581  loss_cls: 0.107  loss_box_reg: 0.238  loss_mask: 0.185  loss_rpn_cls: 0.008  loss_rpn_loc: 0.043  time: 0.3481  data_time: 0.0088  lr: 0.000250  max_mem: 3424M
[32m[03/28 11:59:35 d2.utils.events]: [0m eta: 0:01:17  iter: 4779  total_loss: 0.608  loss_cls: 0.108  loss_box_reg: 0.248  loss_mask: 0.181  loss_rpn_cls: 0.011  loss_rpn_loc: 0.046  time: 0.3481  data_time: 0.0093  lr: 0.000250  max_mem: 3424M
[32m[03/28 11:59:42 d2.utils.events]: [0m eta: 0:01:10  iter: 4799  total_loss: 0.607  loss_cls: 0.116  loss_box_reg: 0.254  loss_mask: 0.205  loss_rpn_cls: 0.012  loss_rpn_loc: 0.044  time: 0.3481  data_time: 0.0093  lr: 0.000250  max_mem: 3424M
[32m[03/28 11:59:49 d2.utils.events]: [0m eta: 0:01:03  iter: 4819  total_loss: 0.678  loss_cls: 0.137  loss_box_reg: 0.281  loss_mask: 0.210  loss_rpn_cls: 0.011  loss_rpn_loc: 0.048  time: 0.3481  data_time: 0.0109  lr: 0.000250  max_mem: 3424M
[32m[03/28 11:59:56 d2.utils.events]: [0m eta: 0:00:56  iter: 4839  total_loss: 0.660  loss_cls: 0.109  loss_box_reg: 0.271  loss_mask: 0.206  loss_rpn_cls: 0.011  loss_rpn_loc: 0.047  time: 0.3481  data_time: 0.0120  lr: 0.000250  max_mem: 3424M
[32m[03/28 12:00:03 d2.utils.events]: [0m eta: 0:00:49  iter: 4859  total_loss: 0.591  loss_cls: 0.105  loss_box_reg: 0.239  loss_mask: 0.197  loss_rpn_cls: 0.013  loss_rpn_loc: 0.049  time: 0.3481  data_time: 0.0090  lr: 0.000250  max_mem: 3424M
[32m[03/28 12:00:10 d2.utils.events]: [0m eta: 0:00:42  iter: 4879  total_loss: 0.631  loss_cls: 0.113  loss_box_reg: 0.232  loss_mask: 0.194  loss_rpn_cls: 0.016  loss_rpn_loc: 0.050  time: 0.3480  data_time: 0.0102  lr: 0.000250  max_mem: 3424M
[32m[03/28 12:00:17 d2.utils.events]: [0m eta: 0:00:35  iter: 4899  total_loss: 0.674  loss_cls: 0.111  loss_box_reg: 0.264  loss_mask: 0.201  loss_rpn_cls: 0.012  loss_rpn_loc: 0.054  time: 0.3480  data_time: 0.0095  lr: 0.000250  max_mem: 3424M
[32m[03/28 12:00:24 d2.utils.events]: [0m eta: 0:00:28  iter: 4919  total_loss: 0.563  loss_cls: 0.107  loss_box_reg: 0.236  loss_mask: 0.201  loss_rpn_cls: 0.010  loss_rpn_loc: 0.048  time: 0.3480  data_time: 0.0129  lr: 0.000250  max_mem: 3424M
[32m[03/28 12:00:31 d2.utils.events]: [0m eta: 0:00:21  iter: 4939  total_loss: 0.630  loss_cls: 0.112  loss_box_reg: 0.246  loss_mask: 0.193  loss_rpn_cls: 0.016  loss_rpn_loc: 0.053  time: 0.3481  data_time: 0.0101  lr: 0.000250  max_mem: 3424M
[32m[03/28 12:00:38 d2.utils.events]: [0m eta: 0:00:14  iter: 4959  total_loss: 0.582  loss_cls: 0.100  loss_box_reg: 0.228  loss_mask: 0.164  loss_rpn_cls: 0.010  loss_rpn_loc: 0.041  time: 0.3481  data_time: 0.0091  lr: 0.000250  max_mem: 3424M
[32m[03/28 12:00:45 d2.utils.events]: [0m eta: 0:00:07  iter: 4979  total_loss: 0.593  loss_cls: 0.092  loss_box_reg: 0.237  loss_mask: 0.182  loss_rpn_cls: 0.011  loss_rpn_loc: 0.041  time: 0.3480  data_time: 0.0115  lr: 0.000250  max_mem: 3424M
/home/grupo08/datasets/KITTI_MOTS/instances_txt/
.png
Loading sequence 0002
Loading sequence 0006
Loading sequence 0007
Loading sequence 0008
Loading sequence 0010
Loading sequence 0013
Loading sequence 0014
Loading sequence 0016
Loading sequence 0018
0002
0006
0007
0008
0010
0013
0014
0016
0018
Loaded 2920 images!
[32m[03/28 12:02:27 d2.data.build]: [0mDistribution of instances among all 3 categories:
[36m|  category  | #instances   |  category  | #instances   |  category  | #instances   |
|:----------:|:-------------|:----------:|:-------------|:----------:|:-------------|
|    None    | 0            |    Car     | 8029         | Pedestrian | 3347         |
|            |              |            |              |            |              |
|   total    | 11376        |            |              |            |              |[0m
[32m[03/28 12:02:27 d2.data.common]: [0mSerializing 2920 elements to byte tensors and concatenating them all ...
[32m[03/28 12:02:27 d2.data.common]: [0mSerialized dataset takes 7.44 MiB
[5m[31mWARNING[0m [32m[03/28 12:02:27 d2.engine.defaults]: [0mNo evaluator found. Use `DefaultTrainer.test(evaluators=)`, or implement its `build_evaluator` method.
[32m[03/28 12:02:27 d2.utils.events]: [0m eta: 0:00:00  iter: 4999  total_loss: 0.599  loss_cls: 0.094  loss_box_reg: 0.241  loss_mask: 0.193  loss_rpn_cls: 0.015  loss_rpn_loc: 0.047  time: 0.3480  data_time: 0.0119  lr: 0.000250  max_mem: 3424M
[32m[03/28 12:02:27 d2.engine.hooks]: [0mOverall training speed: 4997 iterations in 0:28:59 (0.3481 s / it)
[32m[03/28 12:02:27 d2.engine.hooks]: [0mTotal training time: 0:30:37 (0:01:38 on hooks)
/home/grupo08/datasets/KITTI_MOTS/instances_txt/
.png
Loading sequence 0002
Loading sequence 0006
Loading sequence 0007
Loading sequence 0008
Loading sequence 0010
Loading sequence 0013
Loading sequence 0014
Loading sequence 0016
Loading sequence 0018
0002
0006
0007
0008
0010
0013
0014
0016
0018
Loaded 2920 images!
[5m[31mWARNING[0m [32m[03/28 12:03:50 d2.evaluation.coco_evaluation]: [0mjson_file was not found in MetaDataCatalog for 'KITTI_MOTS_val'. Trying to convert it to COCO format ...
[32m[03/28 12:03:50 d2.data.datasets.coco]: [0mConverting annotations of dataset 'KITTI_MOTS_val' to COCO format ...)
/home/grupo08/datasets/KITTI_MOTS/instances_txt/
.png
Loading sequence 0002
Loading sequence 0006
Loading sequence 0007
Loading sequence 0008
Loading sequence 0010
Loading sequence 0013
Loading sequence 0014
Loading sequence 0016
Loading sequence 0018
0002
0006
0007
0008
0010
0013
0014
0016
0018
Loaded 2920 images!
[32m[03/28 12:04:50 d2.data.datasets.coco]: [0mConverting dataset dicts into COCO format
[32m[03/28 12:04:53 d2.data.datasets.coco]: [0mConversion finished, num images: 2920, num annotations: 11376
[32m[03/28 12:04:53 d2.data.datasets.coco]: [0mCaching COCO format annotations at '../mask_rcnn_R_50_FPN_3x/output/KITTI_MOTS_val_coco_format.json' ...
/home/grupo08/datasets/KITTI_MOTS/instances_txt/
.png
Loading sequence 0002
Loading sequence 0006
Loading sequence 0007
Loading sequence 0008
Loading sequence 0010
Loading sequence 0013
Loading sequence 0014
Loading sequence 0016
Loading sequence 0018
0002
0006
0007
0008
0010
0013
0014
0016
0018
Loaded 2920 images!
[32m[03/28 12:05:59 d2.data.common]: [0mSerializing 2920 elements to byte tensors and concatenating them all ...
[32m[03/28 12:05:59 d2.data.common]: [0mSerialized dataset takes 7.44 MiB
[32m[03/28 12:05:59 d2.evaluation.evaluator]: [0mStart inference on 2920 images
[32m[03/28 12:06:01 d2.evaluation.evaluator]: [0mInference done 11/2920. 0.0621 s / img. ETA=0:03:10
[32m[03/28 12:06:06 d2.evaluation.evaluator]: [0mInference done 94/2920. 0.0576 s / img. ETA=0:02:51
[32m[03/28 12:06:11 d2.evaluation.evaluator]: [0mInference done 175/2920. 0.0583 s / img. ETA=0:02:48
[32m[03/28 12:06:16 d2.evaluation.evaluator]: [0mInference done 257/2920. 0.0585 s / img. ETA=0:02:43
[32m[03/28 12:06:21 d2.evaluation.evaluator]: [0mInference done 340/2920. 0.0585 s / img. ETA=0:02:37
[32m[03/28 12:06:26 d2.evaluation.evaluator]: [0mInference done 425/2920. 0.0583 s / img. ETA=0:02:31
[32m[03/28 12:06:31 d2.evaluation.evaluator]: [0mInference done 508/2920. 0.0583 s / img. ETA=0:02:26
[32m[03/28 12:06:36 d2.evaluation.evaluator]: [0mInference done 590/2920. 0.0584 s / img. ETA=0:02:21
[32m[03/28 12:06:41 d2.evaluation.evaluator]: [0mInference done 672/2920. 0.0585 s / img. ETA=0:02:17
[32m[03/28 12:06:46 d2.evaluation.evaluator]: [0mInference done 759/2920. 0.0582 s / img. ETA=0:02:10
[32m[03/28 12:06:51 d2.evaluation.evaluator]: [0mInference done 844/2920. 0.0580 s / img. ETA=0:02:05
[32m[03/28 12:06:56 d2.evaluation.evaluator]: [0mInference done 927/2920. 0.0581 s / img. ETA=0:02:00
[32m[03/28 12:07:01 d2.evaluation.evaluator]: [0mInference done 1012/2920. 0.0580 s / img. ETA=0:01:55
[32m[03/28 12:07:06 d2.evaluation.evaluator]: [0mInference done 1097/2920. 0.0579 s / img. ETA=0:01:49
[32m[03/28 12:07:11 d2.evaluation.evaluator]: [0mInference done 1180/2920. 0.0579 s / img. ETA=0:01:44
[32m[03/28 12:07:16 d2.evaluation.evaluator]: [0mInference done 1262/2920. 0.0580 s / img. ETA=0:01:40
[32m[03/28 12:07:21 d2.evaluation.evaluator]: [0mInference done 1343/2920. 0.0580 s / img. ETA=0:01:35
[32m[03/28 12:07:26 d2.evaluation.evaluator]: [0mInference done 1425/2920. 0.0580 s / img. ETA=0:01:30
[32m[03/28 12:07:31 d2.evaluation.evaluator]: [0mInference done 1506/2920. 0.0580 s / img. ETA=0:01:25
[32m[03/28 12:07:36 d2.evaluation.evaluator]: [0mInference done 1587/2920. 0.0581 s / img. ETA=0:01:20
[32m[03/28 12:07:41 d2.evaluation.evaluator]: [0mInference done 1669/2920. 0.0581 s / img. ETA=0:01:15
[32m[03/28 12:07:46 d2.evaluation.evaluator]: [0mInference done 1752/2920. 0.0581 s / img. ETA=0:01:10
[32m[03/28 12:07:51 d2.evaluation.evaluator]: [0mInference done 1834/2920. 0.0581 s / img. ETA=0:01:05
[32m[03/28 12:07:56 d2.evaluation.evaluator]: [0mInference done 1916/2920. 0.0582 s / img. ETA=0:01:01
[32m[03/28 12:08:01 d2.evaluation.evaluator]: [0mInference done 1992/2920. 0.0582 s / img. ETA=0:00:56
[32m[03/28 12:08:06 d2.evaluation.evaluator]: [0mInference done 2067/2920. 0.0582 s / img. ETA=0:00:52
[32m[03/28 12:08:11 d2.evaluation.evaluator]: [0mInference done 2142/2920. 0.0583 s / img. ETA=0:00:47
[32m[03/28 12:08:16 d2.evaluation.evaluator]: [0mInference done 2218/2920. 0.0583 s / img. ETA=0:00:43
[32m[03/28 12:08:21 d2.evaluation.evaluator]: [0mInference done 2296/2920. 0.0583 s / img. ETA=0:00:38
[32m[03/28 12:08:26 d2.evaluation.evaluator]: [0mInference done 2376/2920. 0.0583 s / img. ETA=0:00:33
[32m[03/28 12:08:32 d2.evaluation.evaluator]: [0mInference done 2448/2920. 0.0584 s / img. ETA=0:00:29
[32m[03/28 12:08:37 d2.evaluation.evaluator]: [0mInference done 2520/2920. 0.0584 s / img. ETA=0:00:24
[32m[03/28 12:08:42 d2.evaluation.evaluator]: [0mInference done 2595/2920. 0.0585 s / img. ETA=0:00:20
[32m[03/28 12:08:47 d2.evaluation.evaluator]: [0mInference done 2677/2920. 0.0585 s / img. ETA=0:00:15
[32m[03/28 12:08:52 d2.evaluation.evaluator]: [0mInference done 2760/2920. 0.0585 s / img. ETA=0:00:09
[32m[03/28 12:08:57 d2.evaluation.evaluator]: [0mInference done 2841/2920. 0.0585 s / img. ETA=0:00:04
[32m[03/28 12:09:01 d2.evaluation.evaluator]: [0mTotal inference time: 0:03:01.373785 (0.062221 s / img per device, on 1 devices)
[32m[03/28 12:09:01 d2.evaluation.evaluator]: [0mTotal inference pure compute time: 0:02:50 (0.058519 s / img per device, on 1 devices)
[32m[03/28 12:09:02 d2.evaluation.coco_evaluation]: [0mPreparing results for COCO format ...
[32m[03/28 12:09:02 d2.evaluation.coco_evaluation]: [0mSaving results to ../mask_rcnn_R_50_FPN_3x/output/coco_instances_results.json
[32m[03/28 12:09:02 d2.evaluation.coco_evaluation]: [0mEvaluating predictions ...
Loading and preparing results...
DONE (t=0.01s)
creating index...
index created!
Running per image evaluation...
Evaluate annotation type *bbox*
DONE (t=4.37s).
Accumulating evaluation results...
DONE (t=0.35s).
 Average Precision  (AP) @[ IoU=0.50:0.95 | area=   all | maxDets=100 ] = 0.258
 Average Precision  (AP) @[ IoU=0.50      | area=   all | maxDets=100 ] = 0.377
 Average Precision  (AP) @[ IoU=0.75      | area=   all | maxDets=100 ] = 0.303
 Average Precision  (AP) @[ IoU=0.50:0.95 | area= small | maxDets=100 ] = 0.168
 Average Precision  (AP) @[ IoU=0.50:0.95 | area=medium | maxDets=100 ] = 0.331
 Average Precision  (AP) @[ IoU=0.50:0.95 | area= large | maxDets=100 ] = 0.331
 Average Recall     (AR) @[ IoU=0.50:0.95 | area=   all | maxDets=  1 ] = 0.080
 Average Recall     (AR) @[ IoU=0.50:0.95 | area=   all | maxDets= 10 ] = 0.288
 Average Recall     (AR) @[ IoU=0.50:0.95 | area=   all | maxDets=100 ] = 0.295
 Average Recall     (AR) @[ IoU=0.50:0.95 | area= small | maxDets=100 ] = 0.211
 Average Recall     (AR) @[ IoU=0.50:0.95 | area=medium | maxDets=100 ] = 0.364
 Average Recall     (AR) @[ IoU=0.50:0.95 | area= large | maxDets=100 ] = 0.433
[32m[03/28 12:09:06 d2.evaluation.coco_evaluation]: [0mEvaluation results for bbox: 
|   AP   |  AP50  |  AP75  |  APs   |  APm   |  APl   |
|:------:|:------:|:------:|:------:|:------:|:------:|
| 25.755 | 37.744 | 30.273 | 16.822 | 33.073 | 33.108 |
[32m[03/28 12:09:06 d2.evaluation.coco_evaluation]: [0mPer-category bbox AP: 
| category   | AP   | category   | AP    | category   | AP     |
|:-----------|:-----|:-----------|:------|:-----------|:-------|
| None       | nan  | Car        | 0.000 | Pedestrian | 51.509 |
Loading and preparing results...
DONE (t=0.06s)
creating index...
index created!
Running per image evaluation...
Evaluate annotation type *segm*
DONE (t=12.93s).
Accumulating evaluation results...
DONE (t=0.37s).
 Average Precision  (AP) @[ IoU=0.50:0.95 | area=   all | maxDets=100 ] = 0.193
 Average Precision  (AP) @[ IoU=0.50      | area=   all | maxDets=100 ] = 0.355
 Average Precision  (AP) @[ IoU=0.75      | area=   all | maxDets=100 ] = 0.201
 Average Precision  (AP) @[ IoU=0.50:0.95 | area= small | maxDets=100 ] = 0.097
 Average Precision  (AP) @[ IoU=0.50:0.95 | area=medium | maxDets=100 ] = 0.257
 Average Precision  (AP) @[ IoU=0.50:0.95 | area= large | maxDets=100 ] = 0.328
 Average Recall     (AR) @[ IoU=0.50:0.95 | area=   all | maxDets=  1 ] = 0.059
 Average Recall     (AR) @[ IoU=0.50:0.95 | area=   all | maxDets= 10 ] = 0.224
 Average Recall     (AR) @[ IoU=0.50:0.95 | area=   all | maxDets=100 ] = 0.229
 Average Recall     (AR) @[ IoU=0.50:0.95 | area= small | maxDets=100 ] = 0.153
 Average Recall     (AR) @[ IoU=0.50:0.95 | area=medium | maxDets=100 ] = 0.289
 Average Recall     (AR) @[ IoU=0.50:0.95 | area= large | maxDets=100 ] = 0.357
[32m[03/28 12:09:20 d2.evaluation.coco_evaluation]: [0mEvaluation results for segm: 
|   AP   |  AP50  |  AP75  |  APs  |  APm   |  APl   |
|:------:|:------:|:------:|:-----:|:------:|:------:|
| 19.330 | 35.530 | 20.069 | 9.717 | 25.697 | 32.800 |
[32m[03/28 12:09:20 d2.evaluation.coco_evaluation]: [0mPer-category segm AP: 
| category   | AP   | category   | AP    | category   | AP     |
|:-----------|:-----|:-----------|:------|:-----------|:-------|
| None       | nan  | Car        | 0.000 | Pedestrian | 38.659 |
