Metadata(name='KITTI_MOTS_train', thing_classes=['None', 'Car', 'Pedestrian'])
Loading sequence 0000
Loading sequence 0001
Loading sequence 0003
Loading sequence 0004
Loading sequence 0005
Loading sequence 0009
Loading sequence 0011
Loading sequence 0012
Loading sequence 0015
Loading sequence 0017
Loading sequence 0019
Loading sequence 0020
0000
0001
0003
0004
0005
0009
0011
0012
0015
0017
0019
0020
Loaded 5007 images!
[32m[03/21 14:55:06 d2.engine.defaults]: [0mModel:
GeneralizedRCNN(
  (backbone): FPN(
    (fpn_lateral2): Conv2d(256, 256, kernel_size=(1, 1), stride=(1, 1))
    (fpn_output2): Conv2d(256, 256, kernel_size=(3, 3), stride=(1, 1), padding=(1, 1))
    (fpn_lateral3): Conv2d(512, 256, kernel_size=(1, 1), stride=(1, 1))
    (fpn_output3): Conv2d(256, 256, kernel_size=(3, 3), stride=(1, 1), padding=(1, 1))
    (fpn_lateral4): Conv2d(1024, 256, kernel_size=(1, 1), stride=(1, 1))
    (fpn_output4): Conv2d(256, 256, kernel_size=(3, 3), stride=(1, 1), padding=(1, 1))
    (fpn_lateral5): Conv2d(2048, 256, kernel_size=(1, 1), stride=(1, 1))
    (fpn_output5): Conv2d(256, 256, kernel_size=(3, 3), stride=(1, 1), padding=(1, 1))
    (top_block): LastLevelMaxPool()
    (bottom_up): ResNet(
      (stem): BasicStem(
        (conv1): Conv2d(
          3, 64, kernel_size=(7, 7), stride=(2, 2), padding=(3, 3), bias=False
          (norm): FrozenBatchNorm2d(num_features=64, eps=1e-05)
        )
      )
      (res2): Sequential(
        (0): BottleneckBlock(
          (shortcut): Conv2d(
            64, 256, kernel_size=(1, 1), stride=(1, 1), bias=False
            (norm): FrozenBatchNorm2d(num_features=256, eps=1e-05)
          )
          (conv1): Conv2d(
            64, 64, kernel_size=(1, 1), stride=(1, 1), bias=False
            (norm): FrozenBatchNorm2d(num_features=64, eps=1e-05)
          )
          (conv2): Conv2d(
            64, 64, kernel_size=(3, 3), stride=(1, 1), padding=(1, 1), bias=False
            (norm): FrozenBatchNorm2d(num_features=64, eps=1e-05)
          )
          (conv3): Conv2d(
            64, 256, kernel_size=(1, 1), stride=(1, 1), bias=False
            (norm): FrozenBatchNorm2d(num_features=256, eps=1e-05)
          )
        )
        (1): BottleneckBlock(
          (conv1): Conv2d(
            256, 64, kernel_size=(1, 1), stride=(1, 1), bias=False
            (norm): FrozenBatchNorm2d(num_features=64, eps=1e-05)
          )
          (conv2): Conv2d(
            64, 64, kernel_size=(3, 3), stride=(1, 1), padding=(1, 1), bias=False
            (norm): FrozenBatchNorm2d(num_features=64, eps=1e-05)
          )
          (conv3): Conv2d(
            64, 256, kernel_size=(1, 1), stride=(1, 1), bias=False
            (norm): FrozenBatchNorm2d(num_features=256, eps=1e-05)
          )
        )
        (2): BottleneckBlock(
          (conv1): Conv2d(
            256, 64, kernel_size=(1, 1), stride=(1, 1), bias=False
            (norm): FrozenBatchNorm2d(num_features=64, eps=1e-05)
          )
          (conv2): Conv2d(
            64, 64, kernel_size=(3, 3), stride=(1, 1), padding=(1, 1), bias=False
            (norm): FrozenBatchNorm2d(num_features=64, eps=1e-05)
          )
          (conv3): Conv2d(
            64, 256, kernel_size=(1, 1), stride=(1, 1), bias=False
            (norm): FrozenBatchNorm2d(num_features=256, eps=1e-05)
          )
        )
      )
      (res3): Sequential(
        (0): BottleneckBlock(
          (shortcut): Conv2d(
            256, 512, kernel_size=(1, 1), stride=(2, 2), bias=False
            (norm): FrozenBatchNorm2d(num_features=512, eps=1e-05)
          )
          (conv1): Conv2d(
            256, 128, kernel_size=(1, 1), stride=(2, 2), bias=False
            (norm): FrozenBatchNorm2d(num_features=128, eps=1e-05)
          )
          (conv2): Conv2d(
            128, 128, kernel_size=(3, 3), stride=(1, 1), padding=(1, 1), bias=False
            (norm): FrozenBatchNorm2d(num_features=128, eps=1e-05)
          )
          (conv3): Conv2d(
            128, 512, kernel_size=(1, 1), stride=(1, 1), bias=False
            (norm): FrozenBatchNorm2d(num_features=512, eps=1e-05)
          )
        )
        (1): BottleneckBlock(
          (conv1): Conv2d(
            512, 128, kernel_size=(1, 1), stride=(1, 1), bias=False
            (norm): FrozenBatchNorm2d(num_features=128, eps=1e-05)
          )
          (conv2): Conv2d(
            128, 128, kernel_size=(3, 3), stride=(1, 1), padding=(1, 1), bias=False
            (norm): FrozenBatchNorm2d(num_features=128, eps=1e-05)
          )
          (conv3): Conv2d(
            128, 512, kernel_size=(1, 1), stride=(1, 1), bias=False
            (norm): FrozenBatchNorm2d(num_features=512, eps=1e-05)
          )
        )
        (2): BottleneckBlock(
          (conv1): Conv2d(
            512, 128, kernel_size=(1, 1), stride=(1, 1), bias=False
            (norm): FrozenBatchNorm2d(num_features=128, eps=1e-05)
          )
          (conv2): Conv2d(
            128, 128, kernel_size=(3, 3), stride=(1, 1), padding=(1, 1), bias=False
            (norm): FrozenBatchNorm2d(num_features=128, eps=1e-05)
          )
          (conv3): Conv2d(
            128, 512, kernel_size=(1, 1), stride=(1, 1), bias=False
            (norm): FrozenBatchNorm2d(num_features=512, eps=1e-05)
          )
        )
        (3): BottleneckBlock(
          (conv1): Conv2d(
            512, 128, kernel_size=(1, 1), stride=(1, 1), bias=False
            (norm): FrozenBatchNorm2d(num_features=128, eps=1e-05)
          )
          (conv2): Conv2d(
            128, 128, kernel_size=(3, 3), stride=(1, 1), padding=(1, 1), bias=False
            (norm): FrozenBatchNorm2d(num_features=128, eps=1e-05)
          )
          (conv3): Conv2d(
            128, 512, kernel_size=(1, 1), stride=(1, 1), bias=False
            (norm): FrozenBatchNorm2d(num_features=512, eps=1e-05)
          )
        )
      )
      (res4): Sequential(
        (0): BottleneckBlock(
          (shortcut): Conv2d(
            512, 1024, kernel_size=(1, 1), stride=(2, 2), bias=False
            (norm): FrozenBatchNorm2d(num_features=1024, eps=1e-05)
          )
          (conv1): Conv2d(
            512, 256, kernel_size=(1, 1), stride=(2, 2), bias=False
            (norm): FrozenBatchNorm2d(num_features=256, eps=1e-05)
          )
          (conv2): Conv2d(
            256, 256, kernel_size=(3, 3), stride=(1, 1), padding=(1, 1), bias=False
            (norm): FrozenBatchNorm2d(num_features=256, eps=1e-05)
          )
          (conv3): Conv2d(
            256, 1024, kernel_size=(1, 1), stride=(1, 1), bias=False
            (norm): FrozenBatchNorm2d(num_features=1024, eps=1e-05)
          )
        )
        (1): BottleneckBlock(
          (conv1): Conv2d(
            1024, 256, kernel_size=(1, 1), stride=(1, 1), bias=False
            (norm): FrozenBatchNorm2d(num_features=256, eps=1e-05)
          )
          (conv2): Conv2d(
            256, 256, kernel_size=(3, 3), stride=(1, 1), padding=(1, 1), bias=False
            (norm): FrozenBatchNorm2d(num_features=256, eps=1e-05)
          )
          (conv3): Conv2d(
            256, 1024, kernel_size=(1, 1), stride=(1, 1), bias=False
            (norm): FrozenBatchNorm2d(num_features=1024, eps=1e-05)
          )
        )
        (2): BottleneckBlock(
          (conv1): Conv2d(
            1024, 256, kernel_size=(1, 1), stride=(1, 1), bias=False
            (norm): FrozenBatchNorm2d(num_features=256, eps=1e-05)
          )
          (conv2): Conv2d(
            256, 256, kernel_size=(3, 3), stride=(1, 1), padding=(1, 1), bias=False
            (norm): FrozenBatchNorm2d(num_features=256, eps=1e-05)
          )
          (conv3): Conv2d(
            256, 1024, kernel_size=(1, 1), stride=(1, 1), bias=False
            (norm): FrozenBatchNorm2d(num_features=1024, eps=1e-05)
          )
        )
        (3): BottleneckBlock(
          (conv1): Conv2d(
            1024, 256, kernel_size=(1, 1), stride=(1, 1), bias=False
            (norm): FrozenBatchNorm2d(num_features=256, eps=1e-05)
          )
          (conv2): Conv2d(
            256, 256, kernel_size=(3, 3), stride=(1, 1), padding=(1, 1), bias=False
            (norm): FrozenBatchNorm2d(num_features=256, eps=1e-05)
          )
          (conv3): Conv2d(
            256, 1024, kernel_size=(1, 1), stride=(1, 1), bias=False
            (norm): FrozenBatchNorm2d(num_features=1024, eps=1e-05)
          )
        )
        (4): BottleneckBlock(
          (conv1): Conv2d(
            1024, 256, kernel_size=(1, 1), stride=(1, 1), bias=False
            (norm): FrozenBatchNorm2d(num_features=256, eps=1e-05)
          )
          (conv2): Conv2d(
            256, 256, kernel_size=(3, 3), stride=(1, 1), padding=(1, 1), bias=False
            (norm): FrozenBatchNorm2d(num_features=256, eps=1e-05)
          )
          (conv3): Conv2d(
            256, 1024, kernel_size=(1, 1), stride=(1, 1), bias=False
            (norm): FrozenBatchNorm2d(num_features=1024, eps=1e-05)
          )
        )
        (5): BottleneckBlock(
          (conv1): Conv2d(
            1024, 256, kernel_size=(1, 1), stride=(1, 1), bias=False
            (norm): FrozenBatchNorm2d(num_features=256, eps=1e-05)
          )
          (conv2): Conv2d(
            256, 256, kernel_size=(3, 3), stride=(1, 1), padding=(1, 1), bias=False
            (norm): FrozenBatchNorm2d(num_features=256, eps=1e-05)
          )
          (conv3): Conv2d(
            256, 1024, kernel_size=(1, 1), stride=(1, 1), bias=False
            (norm): FrozenBatchNorm2d(num_features=1024, eps=1e-05)
          )
        )
      )
      (res5): Sequential(
        (0): BottleneckBlock(
          (shortcut): Conv2d(
            1024, 2048, kernel_size=(1, 1), stride=(2, 2), bias=False
            (norm): FrozenBatchNorm2d(num_features=2048, eps=1e-05)
          )
          (conv1): Conv2d(
            1024, 512, kernel_size=(1, 1), stride=(2, 2), bias=False
            (norm): FrozenBatchNorm2d(num_features=512, eps=1e-05)
          )
          (conv2): Conv2d(
            512, 512, kernel_size=(3, 3), stride=(1, 1), padding=(1, 1), bias=False
            (norm): FrozenBatchNorm2d(num_features=512, eps=1e-05)
          )
          (conv3): Conv2d(
            512, 2048, kernel_size=(1, 1), stride=(1, 1), bias=False
            (norm): FrozenBatchNorm2d(num_features=2048, eps=1e-05)
          )
        )
        (1): BottleneckBlock(
          (conv1): Conv2d(
            2048, 512, kernel_size=(1, 1), stride=(1, 1), bias=False
            (norm): FrozenBatchNorm2d(num_features=512, eps=1e-05)
          )
          (conv2): Conv2d(
            512, 512, kernel_size=(3, 3), stride=(1, 1), padding=(1, 1), bias=False
            (norm): FrozenBatchNorm2d(num_features=512, eps=1e-05)
          )
          (conv3): Conv2d(
            512, 2048, kernel_size=(1, 1), stride=(1, 1), bias=False
            (norm): FrozenBatchNorm2d(num_features=2048, eps=1e-05)
          )
        )
        (2): BottleneckBlock(
          (conv1): Conv2d(
            2048, 512, kernel_size=(1, 1), stride=(1, 1), bias=False
            (norm): FrozenBatchNorm2d(num_features=512, eps=1e-05)
          )
          (conv2): Conv2d(
            512, 512, kernel_size=(3, 3), stride=(1, 1), padding=(1, 1), bias=False
            (norm): FrozenBatchNorm2d(num_features=512, eps=1e-05)
          )
          (conv3): Conv2d(
            512, 2048, kernel_size=(1, 1), stride=(1, 1), bias=False
            (norm): FrozenBatchNorm2d(num_features=2048, eps=1e-05)
          )
        )
      )
    )
  )
  (proposal_generator): RPN(
    (anchor_generator): DefaultAnchorGenerator(
      (cell_anchors): BufferList()
    )
    (rpn_head): StandardRPNHead(
      (conv): Conv2d(256, 256, kernel_size=(3, 3), stride=(1, 1), padding=(1, 1))
      (objectness_logits): Conv2d(256, 3, kernel_size=(1, 1), stride=(1, 1))
      (anchor_deltas): Conv2d(256, 12, kernel_size=(1, 1), stride=(1, 1))
    )
  )
  (roi_heads): StandardROIHeads(
    (box_pooler): ROIPooler(
      (level_poolers): ModuleList(
        (0): ROIAlign(output_size=(7, 7), spatial_scale=0.25, sampling_ratio=0, aligned=True)
        (1): ROIAlign(output_size=(7, 7), spatial_scale=0.125, sampling_ratio=0, aligned=True)
        (2): ROIAlign(output_size=(7, 7), spatial_scale=0.0625, sampling_ratio=0, aligned=True)
        (3): ROIAlign(output_size=(7, 7), spatial_scale=0.03125, sampling_ratio=0, aligned=True)
      )
    )
    (box_head): FastRCNNConvFCHead(
      (fc1): Linear(in_features=12544, out_features=1024, bias=True)
      (fc2): Linear(in_features=1024, out_features=1024, bias=True)
    )
    (box_predictor): FastRCNNOutputLayers(
      (cls_score): Linear(in_features=1024, out_features=4, bias=True)
      (bbox_pred): Linear(in_features=1024, out_features=12, bias=True)
    )
    (mask_pooler): ROIPooler(
      (level_poolers): ModuleList(
        (0): ROIAlign(output_size=(14, 14), spatial_scale=0.25, sampling_ratio=0, aligned=True)
        (1): ROIAlign(output_size=(14, 14), spatial_scale=0.125, sampling_ratio=0, aligned=True)
        (2): ROIAlign(output_size=(14, 14), spatial_scale=0.0625, sampling_ratio=0, aligned=True)
        (3): ROIAlign(output_size=(14, 14), spatial_scale=0.03125, sampling_ratio=0, aligned=True)
      )
    )
    (mask_head): MaskRCNNConvUpsampleHead(
      (mask_fcn1): Conv2d(256, 256, kernel_size=(3, 3), stride=(1, 1), padding=(1, 1))
      (mask_fcn2): Conv2d(256, 256, kernel_size=(3, 3), stride=(1, 1), padding=(1, 1))
      (mask_fcn3): Conv2d(256, 256, kernel_size=(3, 3), stride=(1, 1), padding=(1, 1))
      (mask_fcn4): Conv2d(256, 256, kernel_size=(3, 3), stride=(1, 1), padding=(1, 1))
      (deconv): ConvTranspose2d(256, 256, kernel_size=(2, 2), stride=(2, 2))
      (predictor): Conv2d(256, 3, kernel_size=(1, 1), stride=(1, 1))
    )
  )
)
Loading sequence 0000
Loading sequence 0001
Loading sequence 0003
Loading sequence 0004
Loading sequence 0005
Loading sequence 0009
Loading sequence 0011
Loading sequence 0012
Loading sequence 0015
Loading sequence 0017
Loading sequence 0019
Loading sequence 0020
0000
0001
0003
0004
0005
0009
0011
0012
0015
0017
0019
0020
Loaded 5007 images!
[32m[03/21 14:57:28 d2.data.build]: [0mRemoved 487 images with no usable annotations. 4520 images left.
[32m[03/21 14:57:28 d2.data.build]: [0mDistribution of instances among all 3 categories:
[36m|  category  | #instances   |  category  | #instances   |  category  | #instances   |
|:----------:|:-------------|:----------:|:-------------|:----------:|:-------------|
|    None    | 0            |    Car     | 18830        | Pedestrian | 8067         |
|            |              |            |              |            |              |
|   total    | 26897        |            |              |            |              |[0m
[32m[03/21 14:57:28 d2.data.common]: [0mSerializing 4520 elements to byte tensors and concatenating them all ...
[32m[03/21 14:57:31 d2.data.common]: [0mSerialized dataset takes 17.95 MiB
[32m[03/21 14:57:32 d2.data.detection_utils]: [0mTransformGens used in training: [ResizeShortestEdge(short_edge_length=(640, 672, 704, 736, 768, 800), max_size=1333, sample_style='choice'), RandomFlip()]
[32m[03/21 14:57:32 d2.data.build]: [0mUsing training sampler TrainingSampler
[32m[03/21 14:57:34 d2.engine.train_loop]: [0mStarting training from iteration 0
[32m[03/21 14:57:43 d2.utils.events]: [0m eta: 0:21:06  iter: 19  total_loss: 2.973  loss_cls: 1.447  loss_box_reg: 0.714  loss_mask: 0.693  loss_rpn_cls: 0.072  loss_rpn_loc: 0.016  time: 0.4235  data_time: 0.0215  lr: 0.000005  max_mem: 2282M
[32m[03/21 14:57:50 d2.utils.events]: [0m eta: 0:21:21  iter: 39  total_loss: 2.855  loss_cls: 1.378  loss_box_reg: 0.693  loss_mask: 0.688  loss_rpn_cls: 0.076  loss_rpn_loc: 0.025  time: 0.3797  data_time: 0.0706  lr: 0.000010  max_mem: 2284M
[32m[03/21 14:57:55 d2.utils.events]: [0m eta: 0:21:15  iter: 59  total_loss: 2.776  loss_cls: 1.222  loss_box_reg: 0.735  loss_mask: 0.674  loss_rpn_cls: 0.070  loss_rpn_loc: 0.028  time: 0.3395  data_time: 0.0093  lr: 0.000015  max_mem: 2286M
[32m[03/21 14:58:00 d2.utils.events]: [0m eta: 0:20:54  iter: 79  total_loss: 2.424  loss_cls: 1.028  loss_box_reg: 0.633  loss_mask: 0.661  loss_rpn_cls: 0.084  loss_rpn_loc: 0.021  time: 0.3168  data_time: 0.0077  lr: 0.000020  max_mem: 2286M
[32m[03/21 14:58:05 d2.utils.events]: [0m eta: 0:20:47  iter: 99  total_loss: 2.181  loss_cls: 0.822  loss_box_reg: 0.667  loss_mask: 0.632  loss_rpn_cls: 0.059  loss_rpn_loc: 0.025  time: 0.3074  data_time: 0.0296  lr: 0.000025  max_mem: 2286M
[32m[03/21 14:58:11 d2.utils.events]: [0m eta: 0:20:51  iter: 119  total_loss: 2.102  loss_cls: 0.690  loss_box_reg: 0.645  loss_mask: 0.602  loss_rpn_cls: 0.091  loss_rpn_loc: 0.023  time: 0.3001  data_time: 0.0085  lr: 0.000030  max_mem: 2286M
[32m[03/21 14:58:16 d2.utils.events]: [0m eta: 0:20:46  iter: 139  total_loss: 1.964  loss_cls: 0.581  loss_box_reg: 0.677  loss_mask: 0.575  loss_rpn_cls: 0.078  loss_rpn_loc: 0.037  time: 0.2965  data_time: 0.0295  lr: 0.000035  max_mem: 2286M
[32m[03/21 14:58:21 d2.utils.events]: [0m eta: 0:20:45  iter: 159  total_loss: 1.990  loss_cls: 0.574  loss_box_reg: 0.784  loss_mask: 0.546  loss_rpn_cls: 0.071  loss_rpn_loc: 0.033  time: 0.2914  data_time: 0.0099  lr: 0.000040  max_mem: 2287M
[32m[03/21 14:58:26 d2.utils.events]: [0m eta: 0:20:36  iter: 179  total_loss: 1.712  loss_cls: 0.482  loss_box_reg: 0.594  loss_mask: 0.504  loss_rpn_cls: 0.053  loss_rpn_loc: 0.030  time: 0.2870  data_time: 0.0079  lr: 0.000045  max_mem: 2287M
[32m[03/21 14:58:32 d2.utils.events]: [0m eta: 0:20:30  iter: 199  total_loss: 1.730  loss_cls: 0.487  loss_box_reg: 0.596  loss_mask: 0.472  loss_rpn_cls: 0.043  loss_rpn_loc: 0.019  time: 0.2837  data_time: 0.0092  lr: 0.000050  max_mem: 2287M
[32m[03/21 14:58:37 d2.utils.events]: [0m eta: 0:20:26  iter: 219  total_loss: 1.675  loss_cls: 0.440  loss_box_reg: 0.723  loss_mask: 0.425  loss_rpn_cls: 0.039  loss_rpn_loc: 0.029  time: 0.2812  data_time: 0.0124  lr: 0.000055  max_mem: 2287M
[32m[03/21 14:58:42 d2.utils.events]: [0m eta: 0:20:18  iter: 239  total_loss: 1.520  loss_cls: 0.387  loss_box_reg: 0.661  loss_mask: 0.408  loss_rpn_cls: 0.048  loss_rpn_loc: 0.041  time: 0.2790  data_time: 0.0081  lr: 0.000060  max_mem: 2287M
[32m[03/21 14:58:47 d2.utils.events]: [0m eta: 0:20:14  iter: 259  total_loss: 1.507  loss_cls: 0.365  loss_box_reg: 0.642  loss_mask: 0.362  loss_rpn_cls: 0.034  loss_rpn_loc: 0.031  time: 0.2773  data_time: 0.0082  lr: 0.000065  max_mem: 2287M
[32m[03/21 14:58:52 d2.utils.events]: [0m eta: 0:20:11  iter: 279  total_loss: 1.450  loss_cls: 0.319  loss_box_reg: 0.693  loss_mask: 0.357  loss_rpn_cls: 0.041  loss_rpn_loc: 0.035  time: 0.2760  data_time: 0.0090  lr: 0.000070  max_mem: 2287M
[32m[03/21 14:58:57 d2.utils.events]: [0m eta: 0:20:08  iter: 299  total_loss: 1.406  loss_cls: 0.314  loss_box_reg: 0.663  loss_mask: 0.342  loss_rpn_cls: 0.050  loss_rpn_loc: 0.022  time: 0.2751  data_time: 0.0091  lr: 0.000075  max_mem: 2287M
[32m[03/21 14:59:03 d2.utils.events]: [0m eta: 0:20:03  iter: 319  total_loss: 1.159  loss_cls: 0.257  loss_box_reg: 0.570  loss_mask: 0.320  loss_rpn_cls: 0.031  loss_rpn_loc: 0.027  time: 0.2738  data_time: 0.0082  lr: 0.000080  max_mem: 2287M
[32m[03/21 14:59:08 d2.utils.events]: [0m eta: 0:19:58  iter: 339  total_loss: 1.261  loss_cls: 0.288  loss_box_reg: 0.569  loss_mask: 0.362  loss_rpn_cls: 0.027  loss_rpn_loc: 0.035  time: 0.2731  data_time: 0.0085  lr: 0.000085  max_mem: 2287M
[32m[03/21 14:59:13 d2.utils.events]: [0m eta: 0:19:55  iter: 359  total_loss: 1.250  loss_cls: 0.274  loss_box_reg: 0.597  loss_mask: 0.319  loss_rpn_cls: 0.038  loss_rpn_loc: 0.036  time: 0.2723  data_time: 0.0079  lr: 0.000090  max_mem: 2287M
[32m[03/21 14:59:18 d2.utils.events]: [0m eta: 0:19:51  iter: 379  total_loss: 1.255  loss_cls: 0.277  loss_box_reg: 0.544  loss_mask: 0.295  loss_rpn_cls: 0.043  loss_rpn_loc: 0.048  time: 0.2716  data_time: 0.0085  lr: 0.000095  max_mem: 2287M
[32m[03/21 14:59:23 d2.utils.events]: [0m eta: 0:19:44  iter: 399  total_loss: 1.187  loss_cls: 0.248  loss_box_reg: 0.521  loss_mask: 0.321  loss_rpn_cls: 0.035  loss_rpn_loc: 0.021  time: 0.2708  data_time: 0.0079  lr: 0.000100  max_mem: 2287M
[32m[03/21 14:59:28 d2.utils.events]: [0m eta: 0:19:40  iter: 419  total_loss: 1.077  loss_cls: 0.229  loss_box_reg: 0.481  loss_mask: 0.281  loss_rpn_cls: 0.037  loss_rpn_loc: 0.029  time: 0.2702  data_time: 0.0083  lr: 0.000105  max_mem: 2287M
[32m[03/21 14:59:34 d2.utils.events]: [0m eta: 0:19:35  iter: 439  total_loss: 1.111  loss_cls: 0.250  loss_box_reg: 0.446  loss_mask: 0.300  loss_rpn_cls: 0.029  loss_rpn_loc: 0.048  time: 0.2697  data_time: 0.0084  lr: 0.000110  max_mem: 2287M
[32m[03/21 14:59:39 d2.utils.events]: [0m eta: 0:19:30  iter: 459  total_loss: 0.854  loss_cls: 0.186  loss_box_reg: 0.354  loss_mask: 0.254  loss_rpn_cls: 0.026  loss_rpn_loc: 0.020  time: 0.2691  data_time: 0.0073  lr: 0.000115  max_mem: 2287M
[32m[03/21 14:59:44 d2.utils.events]: [0m eta: 0:19:25  iter: 479  total_loss: 0.880  loss_cls: 0.200  loss_box_reg: 0.389  loss_mask: 0.255  loss_rpn_cls: 0.029  loss_rpn_loc: 0.023  time: 0.2685  data_time: 0.0083  lr: 0.000120  max_mem: 2287M
[32m[03/21 14:59:49 d2.utils.events]: [0m eta: 0:19:20  iter: 499  total_loss: 0.891  loss_cls: 0.189  loss_box_reg: 0.366  loss_mask: 0.276  loss_rpn_cls: 0.028  loss_rpn_loc: 0.021  time: 0.2681  data_time: 0.0084  lr: 0.000125  max_mem: 2287M
[32m[03/21 14:59:54 d2.utils.events]: [0m eta: 0:19:15  iter: 519  total_loss: 0.902  loss_cls: 0.193  loss_box_reg: 0.373  loss_mask: 0.276  loss_rpn_cls: 0.024  loss_rpn_loc: 0.024  time: 0.2676  data_time: 0.0083  lr: 0.000130  max_mem: 2287M
[32m[03/21 14:59:59 d2.utils.events]: [0m eta: 0:19:10  iter: 539  total_loss: 0.888  loss_cls: 0.202  loss_box_reg: 0.357  loss_mask: 0.277  loss_rpn_cls: 0.021  loss_rpn_loc: 0.032  time: 0.2672  data_time: 0.0082  lr: 0.000135  max_mem: 2287M
[32m[03/21 15:00:05 d2.utils.events]: [0m eta: 0:19:05  iter: 559  total_loss: 1.042  loss_cls: 0.233  loss_box_reg: 0.409  loss_mask: 0.262  loss_rpn_cls: 0.034  loss_rpn_loc: 0.045  time: 0.2669  data_time: 0.0085  lr: 0.000140  max_mem: 2287M
[32m[03/21 15:00:10 d2.utils.events]: [0m eta: 0:19:00  iter: 579  total_loss: 0.882  loss_cls: 0.194  loss_box_reg: 0.374  loss_mask: 0.260  loss_rpn_cls: 0.029  loss_rpn_loc: 0.031  time: 0.2666  data_time: 0.0081  lr: 0.000145  max_mem: 2287M
[32m[03/21 15:00:15 d2.utils.events]: [0m eta: 0:18:55  iter: 599  total_loss: 0.748  loss_cls: 0.167  loss_box_reg: 0.282  loss_mask: 0.245  loss_rpn_cls: 0.027  loss_rpn_loc: 0.024  time: 0.2663  data_time: 0.0081  lr: 0.000150  max_mem: 2287M
[32m[03/21 15:00:20 d2.utils.events]: [0m eta: 0:18:50  iter: 619  total_loss: 0.791  loss_cls: 0.189  loss_box_reg: 0.338  loss_mask: 0.238  loss_rpn_cls: 0.019  loss_rpn_loc: 0.030  time: 0.2660  data_time: 0.0084  lr: 0.000155  max_mem: 2287M
[32m[03/21 15:00:25 d2.utils.events]: [0m eta: 0:18:45  iter: 639  total_loss: 0.864  loss_cls: 0.166  loss_box_reg: 0.324  loss_mask: 0.228  loss_rpn_cls: 0.035  loss_rpn_loc: 0.030  time: 0.2658  data_time: 0.0088  lr: 0.000160  max_mem: 2287M
[32m[03/21 15:00:30 d2.utils.events]: [0m eta: 0:18:41  iter: 659  total_loss: 0.829  loss_cls: 0.171  loss_box_reg: 0.333  loss_mask: 0.219  loss_rpn_cls: 0.025  loss_rpn_loc: 0.024  time: 0.2656  data_time: 0.0086  lr: 0.000165  max_mem: 2287M
[32m[03/21 15:00:36 d2.utils.events]: [0m eta: 0:18:36  iter: 679  total_loss: 0.760  loss_cls: 0.172  loss_box_reg: 0.294  loss_mask: 0.223  loss_rpn_cls: 0.030  loss_rpn_loc: 0.032  time: 0.2654  data_time: 0.0083  lr: 0.000170  max_mem: 2287M
[32m[03/21 15:00:41 d2.utils.events]: [0m eta: 0:18:31  iter: 699  total_loss: 0.765  loss_cls: 0.154  loss_box_reg: 0.286  loss_mask: 0.224  loss_rpn_cls: 0.023  loss_rpn_loc: 0.027  time: 0.2651  data_time: 0.0082  lr: 0.000175  max_mem: 2287M
[32m[03/21 15:00:46 d2.utils.events]: [0m eta: 0:18:26  iter: 719  total_loss: 0.813  loss_cls: 0.145  loss_box_reg: 0.287  loss_mask: 0.246  loss_rpn_cls: 0.033  loss_rpn_loc: 0.035  time: 0.2649  data_time: 0.0080  lr: 0.000180  max_mem: 2287M
[32m[03/21 15:00:51 d2.utils.events]: [0m eta: 0:18:21  iter: 739  total_loss: 0.772  loss_cls: 0.152  loss_box_reg: 0.329  loss_mask: 0.205  loss_rpn_cls: 0.027  loss_rpn_loc: 0.021  time: 0.2648  data_time: 0.0088  lr: 0.000185  max_mem: 2287M
[32m[03/21 15:00:56 d2.utils.events]: [0m eta: 0:18:15  iter: 759  total_loss: 0.826  loss_cls: 0.182  loss_box_reg: 0.331  loss_mask: 0.213  loss_rpn_cls: 0.027  loss_rpn_loc: 0.024  time: 0.2646  data_time: 0.0078  lr: 0.000190  max_mem: 2287M
[32m[03/21 15:01:02 d2.utils.events]: [0m eta: 0:18:10  iter: 779  total_loss: 0.804  loss_cls: 0.152  loss_box_reg: 0.320  loss_mask: 0.240  loss_rpn_cls: 0.028  loss_rpn_loc: 0.024  time: 0.2646  data_time: 0.0086  lr: 0.000195  max_mem: 2287M
[32m[03/21 15:01:07 d2.utils.events]: [0m eta: 0:18:06  iter: 799  total_loss: 0.657  loss_cls: 0.151  loss_box_reg: 0.246  loss_mask: 0.207  loss_rpn_cls: 0.028  loss_rpn_loc: 0.031  time: 0.2645  data_time: 0.0080  lr: 0.000200  max_mem: 2287M
[32m[03/21 15:01:12 d2.utils.events]: [0m eta: 0:18:01  iter: 819  total_loss: 0.799  loss_cls: 0.163  loss_box_reg: 0.328  loss_mask: 0.244  loss_rpn_cls: 0.028  loss_rpn_loc: 0.025  time: 0.2645  data_time: 0.0082  lr: 0.000205  max_mem: 2287M
[32m[03/21 15:01:17 d2.utils.events]: [0m eta: 0:17:55  iter: 839  total_loss: 0.654  loss_cls: 0.138  loss_box_reg: 0.261  loss_mask: 0.238  loss_rpn_cls: 0.026  loss_rpn_loc: 0.023  time: 0.2644  data_time: 0.0081  lr: 0.000210  max_mem: 2287M
[32m[03/21 15:01:23 d2.utils.events]: [0m eta: 0:17:51  iter: 859  total_loss: 0.820  loss_cls: 0.172  loss_box_reg: 0.314  loss_mask: 0.232  loss_rpn_cls: 0.030  loss_rpn_loc: 0.032  time: 0.2644  data_time: 0.0084  lr: 0.000215  max_mem: 2287M
[32m[03/21 15:01:28 d2.utils.events]: [0m eta: 0:17:46  iter: 879  total_loss: 0.767  loss_cls: 0.149  loss_box_reg: 0.286  loss_mask: 0.229  loss_rpn_cls: 0.023  loss_rpn_loc: 0.027  time: 0.2643  data_time: 0.0085  lr: 0.000220  max_mem: 2287M
[32m[03/21 15:01:33 d2.utils.events]: [0m eta: 0:17:41  iter: 899  total_loss: 0.737  loss_cls: 0.157  loss_box_reg: 0.315  loss_mask: 0.224  loss_rpn_cls: 0.023  loss_rpn_loc: 0.032  time: 0.2643  data_time: 0.0088  lr: 0.000225  max_mem: 2287M
[32m[03/21 15:01:39 d2.utils.events]: [0m eta: 0:17:36  iter: 919  total_loss: 0.806  loss_cls: 0.187  loss_box_reg: 0.336  loss_mask: 0.242  loss_rpn_cls: 0.039  loss_rpn_loc: 0.031  time: 0.2643  data_time: 0.0089  lr: 0.000230  max_mem: 2287M
[32m[03/21 15:01:44 d2.utils.events]: [0m eta: 0:17:31  iter: 939  total_loss: 0.724  loss_cls: 0.149  loss_box_reg: 0.273  loss_mask: 0.199  loss_rpn_cls: 0.025  loss_rpn_loc: 0.018  time: 0.2643  data_time: 0.0085  lr: 0.000235  max_mem: 2287M
[32m[03/21 15:01:49 d2.utils.events]: [0m eta: 0:17:26  iter: 959  total_loss: 0.717  loss_cls: 0.151  loss_box_reg: 0.281  loss_mask: 0.250  loss_rpn_cls: 0.028  loss_rpn_loc: 0.022  time: 0.2641  data_time: 0.0082  lr: 0.000240  max_mem: 2287M
[32m[03/21 15:01:54 d2.utils.events]: [0m eta: 0:17:21  iter: 979  total_loss: 0.603  loss_cls: 0.121  loss_box_reg: 0.243  loss_mask: 0.193  loss_rpn_cls: 0.017  loss_rpn_loc: 0.025  time: 0.2640  data_time: 0.0080  lr: 0.000245  max_mem: 2287M
[32m[03/21 15:02:00 d2.utils.events]: [0m eta: 0:17:16  iter: 999  total_loss: 0.683  loss_cls: 0.113  loss_box_reg: 0.268  loss_mask: 0.238  loss_rpn_cls: 0.018  loss_rpn_loc: 0.028  time: 0.2639  data_time: 0.0081  lr: 0.000250  max_mem: 2287M
[32m[03/21 15:02:05 d2.utils.events]: [0m eta: 0:17:11  iter: 1019  total_loss: 0.694  loss_cls: 0.133  loss_box_reg: 0.251  loss_mask: 0.228  loss_rpn_cls: 0.021  loss_rpn_loc: 0.025  time: 0.2638  data_time: 0.0082  lr: 0.000250  max_mem: 2287M
[32m[03/21 15:02:10 d2.utils.events]: [0m eta: 0:17:06  iter: 1039  total_loss: 0.739  loss_cls: 0.160  loss_box_reg: 0.309  loss_mask: 0.212  loss_rpn_cls: 0.019  loss_rpn_loc: 0.026  time: 0.2637  data_time: 0.0081  lr: 0.000250  max_mem: 2287M
[32m[03/21 15:02:15 d2.utils.events]: [0m eta: 0:17:01  iter: 1059  total_loss: 0.716  loss_cls: 0.142  loss_box_reg: 0.280  loss_mask: 0.223  loss_rpn_cls: 0.020  loss_rpn_loc: 0.029  time: 0.2638  data_time: 0.0088  lr: 0.000250  max_mem: 2287M
[32m[03/21 15:02:20 d2.utils.events]: [0m eta: 0:16:56  iter: 1079  total_loss: 0.611  loss_cls: 0.127  loss_box_reg: 0.242  loss_mask: 0.189  loss_rpn_cls: 0.021  loss_rpn_loc: 0.021  time: 0.2637  data_time: 0.0083  lr: 0.000250  max_mem: 2287M
[32m[03/21 15:02:26 d2.utils.events]: [0m eta: 0:16:52  iter: 1099  total_loss: 0.714  loss_cls: 0.159  loss_box_reg: 0.265  loss_mask: 0.203  loss_rpn_cls: 0.032  loss_rpn_loc: 0.025  time: 0.2637  data_time: 0.0087  lr: 0.000250  max_mem: 2287M
[32m[03/21 15:02:31 d2.utils.events]: [0m eta: 0:16:46  iter: 1119  total_loss: 0.773  loss_cls: 0.160  loss_box_reg: 0.310  loss_mask: 0.228  loss_rpn_cls: 0.019  loss_rpn_loc: 0.038  time: 0.2636  data_time: 0.0084  lr: 0.000250  max_mem: 2287M
[32m[03/21 15:02:36 d2.utils.events]: [0m eta: 0:16:41  iter: 1139  total_loss: 0.718  loss_cls: 0.138  loss_box_reg: 0.283  loss_mask: 0.237  loss_rpn_cls: 0.016  loss_rpn_loc: 0.028  time: 0.2636  data_time: 0.0086  lr: 0.000250  max_mem: 2287M
[32m[03/21 15:02:42 d2.utils.events]: [0m eta: 0:16:37  iter: 1159  total_loss: 0.754  loss_cls: 0.157  loss_box_reg: 0.294  loss_mask: 0.238  loss_rpn_cls: 0.023  loss_rpn_loc: 0.026  time: 0.2637  data_time: 0.0095  lr: 0.000250  max_mem: 2287M
[32m[03/21 15:02:47 d2.utils.events]: [0m eta: 0:16:33  iter: 1179  total_loss: 0.638  loss_cls: 0.126  loss_box_reg: 0.243  loss_mask: 0.180  loss_rpn_cls: 0.016  loss_rpn_loc: 0.027  time: 0.2637  data_time: 0.0089  lr: 0.000250  max_mem: 2287M
[32m[03/21 15:02:52 d2.utils.events]: [0m eta: 0:16:29  iter: 1199  total_loss: 0.708  loss_cls: 0.153  loss_box_reg: 0.286  loss_mask: 0.207  loss_rpn_cls: 0.013  loss_rpn_loc: 0.024  time: 0.2636  data_time: 0.0089  lr: 0.000250  max_mem: 2287M
[32m[03/21 15:02:57 d2.utils.events]: [0m eta: 0:16:24  iter: 1219  total_loss: 0.762  loss_cls: 0.150  loss_box_reg: 0.293  loss_mask: 0.220  loss_rpn_cls: 0.021  loss_rpn_loc: 0.034  time: 0.2637  data_time: 0.0091  lr: 0.000250  max_mem: 2287M
[32m[03/21 15:03:03 d2.utils.events]: [0m eta: 0:16:19  iter: 1239  total_loss: 0.763  loss_cls: 0.163  loss_box_reg: 0.299  loss_mask: 0.232  loss_rpn_cls: 0.019  loss_rpn_loc: 0.023  time: 0.2638  data_time: 0.0092  lr: 0.000250  max_mem: 2287M
[32m[03/21 15:03:08 d2.utils.events]: [0m eta: 0:16:15  iter: 1259  total_loss: 0.680  loss_cls: 0.143  loss_box_reg: 0.260  loss_mask: 0.221  loss_rpn_cls: 0.026  loss_rpn_loc: 0.020  time: 0.2637  data_time: 0.0083  lr: 0.000250  max_mem: 2287M
[32m[03/21 15:03:13 d2.utils.events]: [0m eta: 0:16:09  iter: 1279  total_loss: 0.668  loss_cls: 0.143  loss_box_reg: 0.241  loss_mask: 0.191  loss_rpn_cls: 0.028  loss_rpn_loc: 0.018  time: 0.2636  data_time: 0.0076  lr: 0.000250  max_mem: 2287M
[32m[03/21 15:03:18 d2.utils.events]: [0m eta: 0:16:04  iter: 1299  total_loss: 0.645  loss_cls: 0.140  loss_box_reg: 0.230  loss_mask: 0.215  loss_rpn_cls: 0.026  loss_rpn_loc: 0.032  time: 0.2635  data_time: 0.0086  lr: 0.000250  max_mem: 2287M
[32m[03/21 15:03:24 d2.utils.events]: [0m eta: 0:15:59  iter: 1319  total_loss: 0.687  loss_cls: 0.115  loss_box_reg: 0.249  loss_mask: 0.225  loss_rpn_cls: 0.025  loss_rpn_loc: 0.035  time: 0.2635  data_time: 0.0085  lr: 0.000250  max_mem: 2287M
[32m[03/21 15:03:29 d2.utils.events]: [0m eta: 0:15:54  iter: 1339  total_loss: 0.646  loss_cls: 0.128  loss_box_reg: 0.266  loss_mask: 0.202  loss_rpn_cls: 0.021  loss_rpn_loc: 0.019  time: 0.2635  data_time: 0.0089  lr: 0.000250  max_mem: 2287M
[32m[03/21 15:03:34 d2.utils.events]: [0m eta: 0:15:49  iter: 1359  total_loss: 0.660  loss_cls: 0.136  loss_box_reg: 0.281  loss_mask: 0.222  loss_rpn_cls: 0.014  loss_rpn_loc: 0.025  time: 0.2636  data_time: 0.0089  lr: 0.000250  max_mem: 2287M
[32m[03/21 15:03:40 d2.utils.events]: [0m eta: 0:15:44  iter: 1379  total_loss: 0.658  loss_cls: 0.123  loss_box_reg: 0.256  loss_mask: 0.203  loss_rpn_cls: 0.022  loss_rpn_loc: 0.018  time: 0.2635  data_time: 0.0089  lr: 0.000250  max_mem: 2287M
[32m[03/21 15:03:45 d2.utils.events]: [0m eta: 0:15:40  iter: 1399  total_loss: 0.722  loss_cls: 0.129  loss_box_reg: 0.272  loss_mask: 0.228  loss_rpn_cls: 0.026  loss_rpn_loc: 0.029  time: 0.2636  data_time: 0.0086  lr: 0.000250  max_mem: 2287M
[32m[03/21 15:03:50 d2.utils.events]: [0m eta: 0:15:35  iter: 1419  total_loss: 0.712  loss_cls: 0.137  loss_box_reg: 0.280  loss_mask: 0.209  loss_rpn_cls: 0.017  loss_rpn_loc: 0.025  time: 0.2635  data_time: 0.0087  lr: 0.000250  max_mem: 2287M
[32m[03/21 15:03:55 d2.utils.events]: [0m eta: 0:15:30  iter: 1439  total_loss: 0.830  loss_cls: 0.165  loss_box_reg: 0.299  loss_mask: 0.239  loss_rpn_cls: 0.031  loss_rpn_loc: 0.033  time: 0.2636  data_time: 0.0086  lr: 0.000250  max_mem: 2287M
[32m[03/21 15:04:01 d2.utils.events]: [0m eta: 0:15:25  iter: 1459  total_loss: 0.608  loss_cls: 0.140  loss_box_reg: 0.220  loss_mask: 0.189  loss_rpn_cls: 0.016  loss_rpn_loc: 0.021  time: 0.2635  data_time: 0.0080  lr: 0.000250  max_mem: 2287M
[32m[03/21 15:04:07 d2.utils.events]: [0m eta: 0:15:21  iter: 1479  total_loss: 0.729  loss_cls: 0.147  loss_box_reg: 0.273  loss_mask: 0.204  loss_rpn_cls: 0.017  loss_rpn_loc: 0.026  time: 0.2635  data_time: 0.0083  lr: 0.000250  max_mem: 2287M
[32m[03/21 15:04:12 d2.utils.events]: [0m eta: 0:15:16  iter: 1499  total_loss: 0.681  loss_cls: 0.113  loss_box_reg: 0.288  loss_mask: 0.208  loss_rpn_cls: 0.022  loss_rpn_loc: 0.022  time: 0.2635  data_time: 0.0087  lr: 0.000250  max_mem: 2287M
[32m[03/21 15:04:18 d2.utils.events]: [0m eta: 0:15:11  iter: 1519  total_loss: 0.711  loss_cls: 0.145  loss_box_reg: 0.257  loss_mask: 0.223  loss_rpn_cls: 0.023  loss_rpn_loc: 0.025  time: 0.2634  data_time: 0.0085  lr: 0.000250  max_mem: 2287M
[32m[03/21 15:04:23 d2.utils.events]: [0m eta: 0:15:06  iter: 1539  total_loss: 0.713  loss_cls: 0.153  loss_box_reg: 0.272  loss_mask: 0.231  loss_rpn_cls: 0.024  loss_rpn_loc: 0.030  time: 0.2633  data_time: 0.0078  lr: 0.000250  max_mem: 2287M
[32m[03/21 15:04:28 d2.utils.events]: [0m eta: 0:15:00  iter: 1559  total_loss: 0.596  loss_cls: 0.123  loss_box_reg: 0.245  loss_mask: 0.197  loss_rpn_cls: 0.018  loss_rpn_loc: 0.020  time: 0.2633  data_time: 0.0078  lr: 0.000250  max_mem: 2287M
[32m[03/21 15:04:33 d2.utils.events]: [0m eta: 0:14:55  iter: 1579  total_loss: 0.730  loss_cls: 0.150  loss_box_reg: 0.270  loss_mask: 0.207  loss_rpn_cls: 0.027  loss_rpn_loc: 0.026  time: 0.2633  data_time: 0.0082  lr: 0.000250  max_mem: 2287M
[32m[03/21 15:04:38 d2.utils.events]: [0m eta: 0:14:50  iter: 1599  total_loss: 0.631  loss_cls: 0.143  loss_box_reg: 0.238  loss_mask: 0.206  loss_rpn_cls: 0.022  loss_rpn_loc: 0.034  time: 0.2632  data_time: 0.0078  lr: 0.000250  max_mem: 2287M
[32m[03/21 15:04:44 d2.utils.events]: [0m eta: 0:14:45  iter: 1619  total_loss: 0.687  loss_cls: 0.132  loss_box_reg: 0.272  loss_mask: 0.201  loss_rpn_cls: 0.021  loss_rpn_loc: 0.021  time: 0.2633  data_time: 0.0088  lr: 0.000250  max_mem: 2287M
[32m[03/21 15:04:49 d2.utils.events]: [0m eta: 0:14:41  iter: 1639  total_loss: 0.690  loss_cls: 0.144  loss_box_reg: 0.281  loss_mask: 0.209  loss_rpn_cls: 0.016  loss_rpn_loc: 0.023  time: 0.2633  data_time: 0.0089  lr: 0.000250  max_mem: 2287M
[32m[03/21 15:04:54 d2.utils.events]: [0m eta: 0:14:36  iter: 1659  total_loss: 0.551  loss_cls: 0.117  loss_box_reg: 0.225  loss_mask: 0.169  loss_rpn_cls: 0.016  loss_rpn_loc: 0.016  time: 0.2634  data_time: 0.0166  lr: 0.000250  max_mem: 2287M
[32m[03/21 15:05:00 d2.utils.events]: [0m eta: 0:14:31  iter: 1679  total_loss: 0.697  loss_cls: 0.158  loss_box_reg: 0.280  loss_mask: 0.244  loss_rpn_cls: 0.020  loss_rpn_loc: 0.025  time: 0.2633  data_time: 0.0076  lr: 0.000250  max_mem: 2287M
[32m[03/21 15:05:05 d2.utils.events]: [0m eta: 0:14:26  iter: 1699  total_loss: 0.768  loss_cls: 0.156  loss_box_reg: 0.311  loss_mask: 0.225  loss_rpn_cls: 0.021  loss_rpn_loc: 0.033  time: 0.2633  data_time: 0.0087  lr: 0.000250  max_mem: 2287M
[32m[03/21 15:05:10 d2.utils.events]: [0m eta: 0:14:21  iter: 1719  total_loss: 0.661  loss_cls: 0.116  loss_box_reg: 0.229  loss_mask: 0.184  loss_rpn_cls: 0.017  loss_rpn_loc: 0.024  time: 0.2633  data_time: 0.0089  lr: 0.000250  max_mem: 2287M
[32m[03/21 15:05:15 d2.utils.events]: [0m eta: 0:14:15  iter: 1739  total_loss: 0.636  loss_cls: 0.147  loss_box_reg: 0.237  loss_mask: 0.210  loss_rpn_cls: 0.019  loss_rpn_loc: 0.020  time: 0.2633  data_time: 0.0080  lr: 0.000250  max_mem: 2287M
[32m[03/21 15:05:21 d2.utils.events]: [0m eta: 0:14:10  iter: 1759  total_loss: 0.530  loss_cls: 0.083  loss_box_reg: 0.207  loss_mask: 0.193  loss_rpn_cls: 0.009  loss_rpn_loc: 0.014  time: 0.2633  data_time: 0.0082  lr: 0.000250  max_mem: 2287M
[32m[03/21 15:05:26 d2.utils.events]: [0m eta: 0:14:05  iter: 1779  total_loss: 0.683  loss_cls: 0.121  loss_box_reg: 0.294  loss_mask: 0.207  loss_rpn_cls: 0.018  loss_rpn_loc: 0.026  time: 0.2633  data_time: 0.0087  lr: 0.000250  max_mem: 2287M
[32m[03/21 15:05:31 d2.utils.events]: [0m eta: 0:14:00  iter: 1799  total_loss: 0.671  loss_cls: 0.131  loss_box_reg: 0.284  loss_mask: 0.204  loss_rpn_cls: 0.017  loss_rpn_loc: 0.020  time: 0.2633  data_time: 0.0088  lr: 0.000250  max_mem: 2287M
[32m[03/21 15:05:37 d2.utils.events]: [0m eta: 0:13:55  iter: 1819  total_loss: 0.636  loss_cls: 0.126  loss_box_reg: 0.263  loss_mask: 0.202  loss_rpn_cls: 0.017  loss_rpn_loc: 0.022  time: 0.2633  data_time: 0.0088  lr: 0.000250  max_mem: 2287M
[32m[03/21 15:05:42 d2.utils.events]: [0m eta: 0:13:50  iter: 1839  total_loss: 0.639  loss_cls: 0.150  loss_box_reg: 0.224  loss_mask: 0.217  loss_rpn_cls: 0.017  loss_rpn_loc: 0.029  time: 0.2633  data_time: 0.0089  lr: 0.000250  max_mem: 2287M
[32m[03/21 15:05:47 d2.utils.events]: [0m eta: 0:13:44  iter: 1859  total_loss: 0.764  loss_cls: 0.153  loss_box_reg: 0.268  loss_mask: 0.220  loss_rpn_cls: 0.034  loss_rpn_loc: 0.038  time: 0.2633  data_time: 0.0085  lr: 0.000250  max_mem: 2287M
[32m[03/21 15:05:52 d2.utils.events]: [0m eta: 0:13:39  iter: 1879  total_loss: 0.634  loss_cls: 0.118  loss_box_reg: 0.246  loss_mask: 0.191  loss_rpn_cls: 0.012  loss_rpn_loc: 0.021  time: 0.2633  data_time: 0.0084  lr: 0.000250  max_mem: 2287M
[32m[03/21 15:05:58 d2.utils.events]: [0m eta: 0:13:34  iter: 1899  total_loss: 0.591  loss_cls: 0.099  loss_box_reg: 0.221  loss_mask: 0.193  loss_rpn_cls: 0.012  loss_rpn_loc: 0.018  time: 0.2633  data_time: 0.0087  lr: 0.000250  max_mem: 2287M
[32m[03/21 15:06:03 d2.utils.events]: [0m eta: 0:13:28  iter: 1919  total_loss: 0.600  loss_cls: 0.145  loss_box_reg: 0.242  loss_mask: 0.189  loss_rpn_cls: 0.018  loss_rpn_loc: 0.024  time: 0.2632  data_time: 0.0084  lr: 0.000250  max_mem: 2287M
[32m[03/21 15:06:08 d2.utils.events]: [0m eta: 0:13:23  iter: 1939  total_loss: 0.564  loss_cls: 0.102  loss_box_reg: 0.196  loss_mask: 0.193  loss_rpn_cls: 0.010  loss_rpn_loc: 0.018  time: 0.2632  data_time: 0.0079  lr: 0.000250  max_mem: 2287M
[32m[03/21 15:06:13 d2.utils.events]: [0m eta: 0:13:18  iter: 1959  total_loss: 0.653  loss_cls: 0.144  loss_box_reg: 0.250  loss_mask: 0.198  loss_rpn_cls: 0.017  loss_rpn_loc: 0.025  time: 0.2632  data_time: 0.0082  lr: 0.000250  max_mem: 2287M
[32m[03/21 15:06:19 d2.utils.events]: [0m eta: 0:13:13  iter: 1979  total_loss: 0.635  loss_cls: 0.117  loss_box_reg: 0.251  loss_mask: 0.185  loss_rpn_cls: 0.016  loss_rpn_loc: 0.024  time: 0.2631  data_time: 0.0078  lr: 0.000250  max_mem: 2287M
[32m[03/21 15:06:24 d2.utils.events]: [0m eta: 0:13:08  iter: 1999  total_loss: 0.598  loss_cls: 0.121  loss_box_reg: 0.258  loss_mask: 0.210  loss_rpn_cls: 0.015  loss_rpn_loc: 0.026  time: 0.2631  data_time: 0.0084  lr: 0.000250  max_mem: 2287M
[32m[03/21 15:06:29 d2.utils.events]: [0m eta: 0:13:03  iter: 2019  total_loss: 0.593  loss_cls: 0.108  loss_box_reg: 0.263  loss_mask: 0.185  loss_rpn_cls: 0.020  loss_rpn_loc: 0.017  time: 0.2632  data_time: 0.0091  lr: 0.000250  max_mem: 2287M
[32m[03/21 15:06:34 d2.utils.events]: [0m eta: 0:12:58  iter: 2039  total_loss: 0.504  loss_cls: 0.107  loss_box_reg: 0.199  loss_mask: 0.200  loss_rpn_cls: 0.013  loss_rpn_loc: 0.022  time: 0.2631  data_time: 0.0081  lr: 0.000250  max_mem: 2287M
[32m[03/21 15:06:40 d2.utils.events]: [0m eta: 0:12:52  iter: 2059  total_loss: 0.710  loss_cls: 0.157  loss_box_reg: 0.270  loss_mask: 0.199  loss_rpn_cls: 0.013  loss_rpn_loc: 0.030  time: 0.2632  data_time: 0.0088  lr: 0.000250  max_mem: 2287M
[32m[03/21 15:06:45 d2.utils.events]: [0m eta: 0:12:47  iter: 2079  total_loss: 0.732  loss_cls: 0.137  loss_box_reg: 0.287  loss_mask: 0.227  loss_rpn_cls: 0.014  loss_rpn_loc: 0.028  time: 0.2632  data_time: 0.0079  lr: 0.000250  max_mem: 2287M
[32m[03/21 15:06:50 d2.utils.events]: [0m eta: 0:12:42  iter: 2099  total_loss: 0.628  loss_cls: 0.131  loss_box_reg: 0.231  loss_mask: 0.195  loss_rpn_cls: 0.016  loss_rpn_loc: 0.031  time: 0.2632  data_time: 0.0085  lr: 0.000250  max_mem: 2287M
[32m[03/21 15:06:56 d2.utils.events]: [0m eta: 0:12:37  iter: 2119  total_loss: 0.609  loss_cls: 0.124  loss_box_reg: 0.220  loss_mask: 0.203  loss_rpn_cls: 0.015  loss_rpn_loc: 0.022  time: 0.2632  data_time: 0.0091  lr: 0.000250  max_mem: 2287M
[32m[03/21 15:07:01 d2.utils.events]: [0m eta: 0:12:32  iter: 2139  total_loss: 0.605  loss_cls: 0.134  loss_box_reg: 0.262  loss_mask: 0.198  loss_rpn_cls: 0.015  loss_rpn_loc: 0.019  time: 0.2632  data_time: 0.0082  lr: 0.000250  max_mem: 2287M
[32m[03/21 15:07:06 d2.utils.events]: [0m eta: 0:12:26  iter: 2159  total_loss: 0.718  loss_cls: 0.143  loss_box_reg: 0.283  loss_mask: 0.190  loss_rpn_cls: 0.011  loss_rpn_loc: 0.032  time: 0.2633  data_time: 0.0084  lr: 0.000250  max_mem: 2287M
[32m[03/21 15:07:12 d2.utils.events]: [0m eta: 0:12:21  iter: 2179  total_loss: 0.721  loss_cls: 0.134  loss_box_reg: 0.246  loss_mask: 0.192  loss_rpn_cls: 0.019  loss_rpn_loc: 0.021  time: 0.2633  data_time: 0.0087  lr: 0.000250  max_mem: 2287M
[32m[03/21 15:07:17 d2.utils.events]: [0m eta: 0:12:16  iter: 2199  total_loss: 0.644  loss_cls: 0.133  loss_box_reg: 0.267  loss_mask: 0.213  loss_rpn_cls: 0.014  loss_rpn_loc: 0.023  time: 0.2633  data_time: 0.0089  lr: 0.000250  max_mem: 2287M
[32m[03/21 15:07:22 d2.utils.events]: [0m eta: 0:12:11  iter: 2219  total_loss: 0.644  loss_cls: 0.123  loss_box_reg: 0.259  loss_mask: 0.202  loss_rpn_cls: 0.014  loss_rpn_loc: 0.030  time: 0.2634  data_time: 0.0082  lr: 0.000250  max_mem: 2287M
[32m[03/21 15:07:28 d2.utils.events]: [0m eta: 0:12:05  iter: 2239  total_loss: 0.657  loss_cls: 0.125  loss_box_reg: 0.260  loss_mask: 0.218  loss_rpn_cls: 0.021  loss_rpn_loc: 0.032  time: 0.2634  data_time: 0.0079  lr: 0.000250  max_mem: 2287M
[32m[03/21 15:07:33 d2.utils.events]: [0m eta: 0:12:00  iter: 2259  total_loss: 0.601  loss_cls: 0.111  loss_box_reg: 0.244  loss_mask: 0.182  loss_rpn_cls: 0.015  loss_rpn_loc: 0.026  time: 0.2634  data_time: 0.0091  lr: 0.000250  max_mem: 2287M
[32m[03/21 15:07:38 d2.utils.events]: [0m eta: 0:11:55  iter: 2279  total_loss: 0.687  loss_cls: 0.164  loss_box_reg: 0.274  loss_mask: 0.194  loss_rpn_cls: 0.012  loss_rpn_loc: 0.027  time: 0.2634  data_time: 0.0083  lr: 0.000250  max_mem: 2287M
[32m[03/21 15:07:44 d2.utils.events]: [0m eta: 0:11:50  iter: 2299  total_loss: 0.584  loss_cls: 0.121  loss_box_reg: 0.233  loss_mask: 0.207  loss_rpn_cls: 0.010  loss_rpn_loc: 0.023  time: 0.2635  data_time: 0.0082  lr: 0.000250  max_mem: 2287M
[32m[03/21 15:07:49 d2.utils.events]: [0m eta: 0:11:46  iter: 2319  total_loss: 0.632  loss_cls: 0.106  loss_box_reg: 0.268  loss_mask: 0.200  loss_rpn_cls: 0.019  loss_rpn_loc: 0.026  time: 0.2635  data_time: 0.0086  lr: 0.000250  max_mem: 2287M
[32m[03/21 15:07:54 d2.utils.events]: [0m eta: 0:11:40  iter: 2339  total_loss: 0.750  loss_cls: 0.153  loss_box_reg: 0.265  loss_mask: 0.209  loss_rpn_cls: 0.023  loss_rpn_loc: 0.032  time: 0.2635  data_time: 0.0084  lr: 0.000250  max_mem: 2287M
[32m[03/21 15:08:00 d2.utils.events]: [0m eta: 0:11:35  iter: 2359  total_loss: 0.656  loss_cls: 0.132  loss_box_reg: 0.248  loss_mask: 0.217  loss_rpn_cls: 0.017  loss_rpn_loc: 0.022  time: 0.2636  data_time: 0.0087  lr: 0.000250  max_mem: 2287M
[32m[03/21 15:08:05 d2.utils.events]: [0m eta: 0:11:30  iter: 2379  total_loss: 0.553  loss_cls: 0.112  loss_box_reg: 0.226  loss_mask: 0.171  loss_rpn_cls: 0.018  loss_rpn_loc: 0.019  time: 0.2637  data_time: 0.0080  lr: 0.000250  max_mem: 2287M
[32m[03/21 15:08:11 d2.utils.events]: [0m eta: 0:11:25  iter: 2399  total_loss: 0.586  loss_cls: 0.112  loss_box_reg: 0.246  loss_mask: 0.186  loss_rpn_cls: 0.011  loss_rpn_loc: 0.022  time: 0.2637  data_time: 0.0087  lr: 0.000250  max_mem: 2287M
[32m[03/21 15:08:16 d2.utils.events]: [0m eta: 0:11:20  iter: 2419  total_loss: 0.599  loss_cls: 0.115  loss_box_reg: 0.242  loss_mask: 0.183  loss_rpn_cls: 0.015  loss_rpn_loc: 0.031  time: 0.2637  data_time: 0.0092  lr: 0.000250  max_mem: 2287M
[32m[03/21 15:08:21 d2.utils.events]: [0m eta: 0:11:14  iter: 2439  total_loss: 0.627  loss_cls: 0.127  loss_box_reg: 0.248  loss_mask: 0.187  loss_rpn_cls: 0.012  loss_rpn_loc: 0.019  time: 0.2637  data_time: 0.0076  lr: 0.000250  max_mem: 2287M
[32m[03/21 15:08:27 d2.utils.events]: [0m eta: 0:11:10  iter: 2459  total_loss: 0.664  loss_cls: 0.137  loss_box_reg: 0.272  loss_mask: 0.211  loss_rpn_cls: 0.021  loss_rpn_loc: 0.043  time: 0.2638  data_time: 0.0091  lr: 0.000250  max_mem: 2287M
[32m[03/21 15:08:32 d2.utils.events]: [0m eta: 0:11:04  iter: 2479  total_loss: 0.702  loss_cls: 0.117  loss_box_reg: 0.261  loss_mask: 0.187  loss_rpn_cls: 0.017  loss_rpn_loc: 0.019  time: 0.2638  data_time: 0.0083  lr: 0.000250  max_mem: 2287M
[32m[03/21 15:08:37 d2.utils.events]: [0m eta: 0:10:59  iter: 2499  total_loss: 0.582  loss_cls: 0.111  loss_box_reg: 0.244  loss_mask: 0.175  loss_rpn_cls: 0.014  loss_rpn_loc: 0.030  time: 0.2638  data_time: 0.0087  lr: 0.000250  max_mem: 2287M
[32m[03/21 15:08:43 d2.utils.events]: [0m eta: 0:10:54  iter: 2519  total_loss: 0.589  loss_cls: 0.122  loss_box_reg: 0.229  loss_mask: 0.182  loss_rpn_cls: 0.010  loss_rpn_loc: 0.022  time: 0.2638  data_time: 0.0083  lr: 0.000250  max_mem: 2287M
[32m[03/21 15:08:48 d2.utils.events]: [0m eta: 0:10:49  iter: 2539  total_loss: 0.684  loss_cls: 0.123  loss_box_reg: 0.266  loss_mask: 0.210  loss_rpn_cls: 0.019  loss_rpn_loc: 0.020  time: 0.2638  data_time: 0.0084  lr: 0.000250  max_mem: 2287M
[32m[03/21 15:08:53 d2.utils.events]: [0m eta: 0:10:44  iter: 2559  total_loss: 0.626  loss_cls: 0.132  loss_box_reg: 0.256  loss_mask: 0.197  loss_rpn_cls: 0.013  loss_rpn_loc: 0.019  time: 0.2638  data_time: 0.0087  lr: 0.000250  max_mem: 2287M
[32m[03/21 15:08:59 d2.utils.events]: [0m eta: 0:10:39  iter: 2579  total_loss: 0.694  loss_cls: 0.140  loss_box_reg: 0.256  loss_mask: 0.225  loss_rpn_cls: 0.018  loss_rpn_loc: 0.030  time: 0.2638  data_time: 0.0080  lr: 0.000250  max_mem: 2287M
[32m[03/21 15:09:04 d2.utils.events]: [0m eta: 0:10:34  iter: 2599  total_loss: 0.621  loss_cls: 0.120  loss_box_reg: 0.239  loss_mask: 0.200  loss_rpn_cls: 0.012  loss_rpn_loc: 0.024  time: 0.2638  data_time: 0.0082  lr: 0.000250  max_mem: 2287M
[32m[03/21 15:09:09 d2.utils.events]: [0m eta: 0:10:29  iter: 2619  total_loss: 0.658  loss_cls: 0.140  loss_box_reg: 0.242  loss_mask: 0.198  loss_rpn_cls: 0.017  loss_rpn_loc: 0.037  time: 0.2638  data_time: 0.0079  lr: 0.000250  max_mem: 2287M
[32m[03/21 15:09:15 d2.utils.events]: [0m eta: 0:10:23  iter: 2639  total_loss: 0.588  loss_cls: 0.124  loss_box_reg: 0.256  loss_mask: 0.195  loss_rpn_cls: 0.011  loss_rpn_loc: 0.023  time: 0.2638  data_time: 0.0083  lr: 0.000250  max_mem: 2287M
[32m[03/21 15:09:20 d2.utils.events]: [0m eta: 0:10:18  iter: 2659  total_loss: 0.624  loss_cls: 0.131  loss_box_reg: 0.246  loss_mask: 0.200  loss_rpn_cls: 0.015  loss_rpn_loc: 0.025  time: 0.2639  data_time: 0.0079  lr: 0.000250  max_mem: 2287M
[32m[03/21 15:09:25 d2.utils.events]: [0m eta: 0:10:13  iter: 2679  total_loss: 0.659  loss_cls: 0.112  loss_box_reg: 0.239  loss_mask: 0.222  loss_rpn_cls: 0.016  loss_rpn_loc: 0.024  time: 0.2639  data_time: 0.0081  lr: 0.000250  max_mem: 2287M
[32m[03/21 15:09:31 d2.utils.events]: [0m eta: 0:10:08  iter: 2699  total_loss: 0.582  loss_cls: 0.120  loss_box_reg: 0.261  loss_mask: 0.197  loss_rpn_cls: 0.013  loss_rpn_loc: 0.021  time: 0.2639  data_time: 0.0075  lr: 0.000250  max_mem: 2287M
[32m[03/21 15:09:36 d2.utils.events]: [0m eta: 0:10:03  iter: 2719  total_loss: 0.558  loss_cls: 0.118  loss_box_reg: 0.227  loss_mask: 0.196  loss_rpn_cls: 0.015  loss_rpn_loc: 0.026  time: 0.2639  data_time: 0.0079  lr: 0.000250  max_mem: 2287M
[32m[03/21 15:09:41 d2.utils.events]: [0m eta: 0:09:57  iter: 2739  total_loss: 0.605  loss_cls: 0.143  loss_box_reg: 0.219  loss_mask: 0.195  loss_rpn_cls: 0.013  loss_rpn_loc: 0.020  time: 0.2639  data_time: 0.0078  lr: 0.000250  max_mem: 2287M
[32m[03/21 15:09:46 d2.utils.events]: [0m eta: 0:09:52  iter: 2759  total_loss: 0.526  loss_cls: 0.099  loss_box_reg: 0.201  loss_mask: 0.169  loss_rpn_cls: 0.012  loss_rpn_loc: 0.014  time: 0.2639  data_time: 0.0082  lr: 0.000250  max_mem: 2287M
[32m[03/21 15:09:52 d2.utils.events]: [0m eta: 0:09:47  iter: 2779  total_loss: 0.605  loss_cls: 0.133  loss_box_reg: 0.242  loss_mask: 0.174  loss_rpn_cls: 0.012  loss_rpn_loc: 0.028  time: 0.2639  data_time: 0.0088  lr: 0.000250  max_mem: 2287M
[32m[03/21 15:09:57 d2.utils.events]: [0m eta: 0:09:42  iter: 2799  total_loss: 0.566  loss_cls: 0.108  loss_box_reg: 0.237  loss_mask: 0.165  loss_rpn_cls: 0.011  loss_rpn_loc: 0.021  time: 0.2639  data_time: 0.0085  lr: 0.000250  max_mem: 2287M
[32m[03/21 15:10:02 d2.utils.events]: [0m eta: 0:09:36  iter: 2819  total_loss: 0.665  loss_cls: 0.133  loss_box_reg: 0.268  loss_mask: 0.207  loss_rpn_cls: 0.011  loss_rpn_loc: 0.029  time: 0.2639  data_time: 0.0088  lr: 0.000250  max_mem: 2287M
[32m[03/21 15:10:08 d2.utils.events]: [0m eta: 0:09:31  iter: 2839  total_loss: 0.648  loss_cls: 0.126  loss_box_reg: 0.254  loss_mask: 0.193  loss_rpn_cls: 0.018  loss_rpn_loc: 0.025  time: 0.2639  data_time: 0.0082  lr: 0.000250  max_mem: 2287M
[32m[03/21 15:10:13 d2.utils.events]: [0m eta: 0:09:27  iter: 2859  total_loss: 0.606  loss_cls: 0.115  loss_box_reg: 0.245  loss_mask: 0.208  loss_rpn_cls: 0.016  loss_rpn_loc: 0.018  time: 0.2639  data_time: 0.0082  lr: 0.000250  max_mem: 2287M
[32m[03/21 15:10:18 d2.utils.events]: [0m eta: 0:09:21  iter: 2879  total_loss: 0.640  loss_cls: 0.138  loss_box_reg: 0.254  loss_mask: 0.217  loss_rpn_cls: 0.015  loss_rpn_loc: 0.026  time: 0.2639  data_time: 0.0086  lr: 0.000250  max_mem: 2287M
[32m[03/21 15:10:24 d2.utils.events]: [0m eta: 0:09:16  iter: 2899  total_loss: 0.630  loss_cls: 0.136  loss_box_reg: 0.251  loss_mask: 0.190  loss_rpn_cls: 0.013  loss_rpn_loc: 0.020  time: 0.2639  data_time: 0.0084  lr: 0.000250  max_mem: 2287M
[32m[03/21 15:10:29 d2.utils.events]: [0m eta: 0:09:11  iter: 2919  total_loss: 0.712  loss_cls: 0.147  loss_box_reg: 0.282  loss_mask: 0.226  loss_rpn_cls: 0.020  loss_rpn_loc: 0.033  time: 0.2640  data_time: 0.0080  lr: 0.000250  max_mem: 2287M
[32m[03/21 15:10:34 d2.utils.events]: [0m eta: 0:09:06  iter: 2939  total_loss: 0.630  loss_cls: 0.131  loss_box_reg: 0.246  loss_mask: 0.183  loss_rpn_cls: 0.010  loss_rpn_loc: 0.032  time: 0.2640  data_time: 0.0086  lr: 0.000250  max_mem: 2287M
[32m[03/21 15:10:40 d2.utils.events]: [0m eta: 0:09:01  iter: 2959  total_loss: 0.688  loss_cls: 0.148  loss_box_reg: 0.283  loss_mask: 0.239  loss_rpn_cls: 0.017  loss_rpn_loc: 0.023  time: 0.2640  data_time: 0.0092  lr: 0.000250  max_mem: 2287M
[32m[03/21 15:10:45 d2.utils.events]: [0m eta: 0:08:55  iter: 2979  total_loss: 0.594  loss_cls: 0.110  loss_box_reg: 0.244  loss_mask: 0.215  loss_rpn_cls: 0.018  loss_rpn_loc: 0.024  time: 0.2640  data_time: 0.0084  lr: 0.000250  max_mem: 2287M
[32m[03/21 15:10:50 d2.utils.events]: [0m eta: 0:08:50  iter: 2999  total_loss: 0.645  loss_cls: 0.116  loss_box_reg: 0.243  loss_mask: 0.185  loss_rpn_cls: 0.011  loss_rpn_loc: 0.022  time: 0.2641  data_time: 0.0087  lr: 0.000250  max_mem: 2287M
[32m[03/21 15:10:56 d2.utils.events]: [0m eta: 0:08:45  iter: 3019  total_loss: 0.632  loss_cls: 0.117  loss_box_reg: 0.247  loss_mask: 0.207  loss_rpn_cls: 0.016  loss_rpn_loc: 0.023  time: 0.2641  data_time: 0.0086  lr: 0.000250  max_mem: 2287M
[32m[03/21 15:11:01 d2.utils.events]: [0m eta: 0:08:40  iter: 3039  total_loss: 0.639  loss_cls: 0.124  loss_box_reg: 0.242  loss_mask: 0.182  loss_rpn_cls: 0.014  loss_rpn_loc: 0.028  time: 0.2641  data_time: 0.0079  lr: 0.000250  max_mem: 2287M
[32m[03/21 15:11:06 d2.utils.events]: [0m eta: 0:08:34  iter: 3059  total_loss: 0.576  loss_cls: 0.093  loss_box_reg: 0.245  loss_mask: 0.183  loss_rpn_cls: 0.013  loss_rpn_loc: 0.026  time: 0.2641  data_time: 0.0082  lr: 0.000250  max_mem: 2287M
[32m[03/21 15:11:12 d2.utils.events]: [0m eta: 0:08:29  iter: 3079  total_loss: 0.575  loss_cls: 0.115  loss_box_reg: 0.236  loss_mask: 0.188  loss_rpn_cls: 0.009  loss_rpn_loc: 0.020  time: 0.2641  data_time: 0.0078  lr: 0.000250  max_mem: 2287M
[32m[03/21 15:11:17 d2.utils.events]: [0m eta: 0:08:24  iter: 3099  total_loss: 0.568  loss_cls: 0.105  loss_box_reg: 0.226  loss_mask: 0.195  loss_rpn_cls: 0.014  loss_rpn_loc: 0.022  time: 0.2641  data_time: 0.0086  lr: 0.000250  max_mem: 2287M
[32m[03/21 15:11:22 d2.utils.events]: [0m eta: 0:08:18  iter: 3119  total_loss: 0.675  loss_cls: 0.121  loss_box_reg: 0.272  loss_mask: 0.205  loss_rpn_cls: 0.009  loss_rpn_loc: 0.023  time: 0.2641  data_time: 0.0083  lr: 0.000250  max_mem: 2287M
[32m[03/21 15:11:28 d2.utils.events]: [0m eta: 0:08:13  iter: 3139  total_loss: 0.522  loss_cls: 0.098  loss_box_reg: 0.220  loss_mask: 0.192  loss_rpn_cls: 0.011  loss_rpn_loc: 0.018  time: 0.2641  data_time: 0.0082  lr: 0.000250  max_mem: 2287M
[32m[03/21 15:11:33 d2.utils.events]: [0m eta: 0:08:08  iter: 3159  total_loss: 0.593  loss_cls: 0.114  loss_box_reg: 0.265  loss_mask: 0.188  loss_rpn_cls: 0.011  loss_rpn_loc: 0.020  time: 0.2641  data_time: 0.0086  lr: 0.000250  max_mem: 2287M
[32m[03/21 15:11:38 d2.utils.events]: [0m eta: 0:08:02  iter: 3179  total_loss: 0.637  loss_cls: 0.121  loss_box_reg: 0.266  loss_mask: 0.205  loss_rpn_cls: 0.016  loss_rpn_loc: 0.021  time: 0.2641  data_time: 0.0083  lr: 0.000250  max_mem: 2287M
[32m[03/21 15:11:44 d2.utils.events]: [0m eta: 0:07:57  iter: 3199  total_loss: 0.629  loss_cls: 0.103  loss_box_reg: 0.259  loss_mask: 0.190  loss_rpn_cls: 0.014  loss_rpn_loc: 0.025  time: 0.2642  data_time: 0.0090  lr: 0.000250  max_mem: 2287M
[32m[03/21 15:11:49 d2.utils.events]: [0m eta: 0:07:52  iter: 3219  total_loss: 0.564  loss_cls: 0.096  loss_box_reg: 0.216  loss_mask: 0.188  loss_rpn_cls: 0.012  loss_rpn_loc: 0.024  time: 0.2641  data_time: 0.0079  lr: 0.000250  max_mem: 2287M
[32m[03/21 15:11:54 d2.utils.events]: [0m eta: 0:07:46  iter: 3239  total_loss: 0.663  loss_cls: 0.136  loss_box_reg: 0.267  loss_mask: 0.205  loss_rpn_cls: 0.016  loss_rpn_loc: 0.026  time: 0.2641  data_time: 0.0084  lr: 0.000250  max_mem: 2287M
[32m[03/21 15:12:00 d2.utils.events]: [0m eta: 0:07:41  iter: 3259  total_loss: 0.590  loss_cls: 0.110  loss_box_reg: 0.244  loss_mask: 0.189  loss_rpn_cls: 0.016  loss_rpn_loc: 0.030  time: 0.2642  data_time: 0.0081  lr: 0.000250  max_mem: 2287M
[32m[03/21 15:12:05 d2.utils.events]: [0m eta: 0:07:36  iter: 3279  total_loss: 0.498  loss_cls: 0.100  loss_box_reg: 0.183  loss_mask: 0.159  loss_rpn_cls: 0.011  loss_rpn_loc: 0.016  time: 0.2642  data_time: 0.0087  lr: 0.000250  max_mem: 2287M
[32m[03/21 15:12:10 d2.utils.events]: [0m eta: 0:07:30  iter: 3299  total_loss: 0.504  loss_cls: 0.109  loss_box_reg: 0.187  loss_mask: 0.195  loss_rpn_cls: 0.007  loss_rpn_loc: 0.014  time: 0.2642  data_time: 0.0086  lr: 0.000250  max_mem: 2287M
[32m[03/21 15:12:16 d2.utils.events]: [0m eta: 0:07:25  iter: 3319  total_loss: 0.537  loss_cls: 0.111  loss_box_reg: 0.211  loss_mask: 0.160  loss_rpn_cls: 0.013  loss_rpn_loc: 0.017  time: 0.2642  data_time: 0.0082  lr: 0.000250  max_mem: 2287M
[32m[03/21 15:12:22 d2.utils.events]: [0m eta: 0:07:20  iter: 3339  total_loss: 0.625  loss_cls: 0.124  loss_box_reg: 0.251  loss_mask: 0.203  loss_rpn_cls: 0.015  loss_rpn_loc: 0.020  time: 0.2643  data_time: 0.0091  lr: 0.000250  max_mem: 2287M
[32m[03/21 15:12:27 d2.utils.events]: [0m eta: 0:07:14  iter: 3359  total_loss: 0.612  loss_cls: 0.114  loss_box_reg: 0.232  loss_mask: 0.197  loss_rpn_cls: 0.011  loss_rpn_loc: 0.019  time: 0.2643  data_time: 0.0090  lr: 0.000250  max_mem: 2287M
[32m[03/21 15:12:32 d2.utils.events]: [0m eta: 0:07:09  iter: 3379  total_loss: 0.554  loss_cls: 0.114  loss_box_reg: 0.201  loss_mask: 0.190  loss_rpn_cls: 0.012  loss_rpn_loc: 0.017  time: 0.2643  data_time: 0.0093  lr: 0.000250  max_mem: 2287M
[32m[03/21 15:12:38 d2.utils.events]: [0m eta: 0:07:04  iter: 3399  total_loss: 0.655  loss_cls: 0.136  loss_box_reg: 0.275  loss_mask: 0.215  loss_rpn_cls: 0.012  loss_rpn_loc: 0.026  time: 0.2643  data_time: 0.0085  lr: 0.000250  max_mem: 2287M
[32m[03/21 15:12:43 d2.utils.events]: [0m eta: 0:06:58  iter: 3419  total_loss: 0.694  loss_cls: 0.132  loss_box_reg: 0.283  loss_mask: 0.211  loss_rpn_cls: 0.013  loss_rpn_loc: 0.027  time: 0.2643  data_time: 0.0086  lr: 0.000250  max_mem: 2287M
[32m[03/21 15:12:49 d2.utils.events]: [0m eta: 0:06:53  iter: 3439  total_loss: 0.657  loss_cls: 0.131  loss_box_reg: 0.238  loss_mask: 0.191  loss_rpn_cls: 0.012  loss_rpn_loc: 0.029  time: 0.2643  data_time: 0.0085  lr: 0.000250  max_mem: 2287M
[32m[03/21 15:12:54 d2.utils.events]: [0m eta: 0:06:48  iter: 3459  total_loss: 0.602  loss_cls: 0.111  loss_box_reg: 0.237  loss_mask: 0.200  loss_rpn_cls: 0.011  loss_rpn_loc: 0.028  time: 0.2643  data_time: 0.0083  lr: 0.000250  max_mem: 2287M
[32m[03/21 15:12:59 d2.utils.events]: [0m eta: 0:06:43  iter: 3479  total_loss: 0.554  loss_cls: 0.108  loss_box_reg: 0.206  loss_mask: 0.147  loss_rpn_cls: 0.012  loss_rpn_loc: 0.017  time: 0.2643  data_time: 0.0083  lr: 0.000250  max_mem: 2287M
[32m[03/21 15:13:04 d2.utils.events]: [0m eta: 0:06:37  iter: 3499  total_loss: 0.659  loss_cls: 0.136  loss_box_reg: 0.260  loss_mask: 0.225  loss_rpn_cls: 0.019  loss_rpn_loc: 0.034  time: 0.2643  data_time: 0.0083  lr: 0.000250  max_mem: 2287M
[32m[03/21 15:13:10 d2.utils.events]: [0m eta: 0:06:32  iter: 3519  total_loss: 0.613  loss_cls: 0.133  loss_box_reg: 0.227  loss_mask: 0.202  loss_rpn_cls: 0.019  loss_rpn_loc: 0.024  time: 0.2644  data_time: 0.0083  lr: 0.000250  max_mem: 2287M
[32m[03/21 15:13:15 d2.utils.events]: [0m eta: 0:06:27  iter: 3539  total_loss: 0.588  loss_cls: 0.126  loss_box_reg: 0.228  loss_mask: 0.171  loss_rpn_cls: 0.015  loss_rpn_loc: 0.025  time: 0.2644  data_time: 0.0084  lr: 0.000250  max_mem: 2287M
[32m[03/21 15:13:21 d2.utils.events]: [0m eta: 0:06:22  iter: 3559  total_loss: 0.662  loss_cls: 0.138  loss_box_reg: 0.258  loss_mask: 0.224  loss_rpn_cls: 0.016  loss_rpn_loc: 0.032  time: 0.2644  data_time: 0.0089  lr: 0.000250  max_mem: 2287M
[32m[03/21 15:13:26 d2.utils.events]: [0m eta: 0:06:16  iter: 3579  total_loss: 0.525  loss_cls: 0.097  loss_box_reg: 0.226  loss_mask: 0.186  loss_rpn_cls: 0.011  loss_rpn_loc: 0.019  time: 0.2644  data_time: 0.0086  lr: 0.000250  max_mem: 2287M
[32m[03/21 15:13:32 d2.utils.events]: [0m eta: 0:06:11  iter: 3599  total_loss: 0.584  loss_cls: 0.097  loss_box_reg: 0.245  loss_mask: 0.196  loss_rpn_cls: 0.011  loss_rpn_loc: 0.019  time: 0.2645  data_time: 0.0084  lr: 0.000250  max_mem: 2287M
[32m[03/21 15:13:37 d2.utils.events]: [0m eta: 0:06:06  iter: 3619  total_loss: 0.636  loss_cls: 0.133  loss_box_reg: 0.251  loss_mask: 0.200  loss_rpn_cls: 0.016  loss_rpn_loc: 0.024  time: 0.2645  data_time: 0.0088  lr: 0.000250  max_mem: 2287M
[32m[03/21 15:13:42 d2.utils.events]: [0m eta: 0:06:00  iter: 3639  total_loss: 0.650  loss_cls: 0.153  loss_box_reg: 0.286  loss_mask: 0.199  loss_rpn_cls: 0.017  loss_rpn_loc: 0.032  time: 0.2645  data_time: 0.0090  lr: 0.000250  max_mem: 2287M
[32m[03/21 15:13:47 d2.utils.events]: [0m eta: 0:05:55  iter: 3659  total_loss: 0.623  loss_cls: 0.119  loss_box_reg: 0.263  loss_mask: 0.195  loss_rpn_cls: 0.016  loss_rpn_loc: 0.025  time: 0.2645  data_time: 0.0085  lr: 0.000250  max_mem: 2287M
[32m[03/21 15:13:53 d2.utils.events]: [0m eta: 0:05:50  iter: 3679  total_loss: 0.603  loss_cls: 0.121  loss_box_reg: 0.219  loss_mask: 0.182  loss_rpn_cls: 0.007  loss_rpn_loc: 0.021  time: 0.2645  data_time: 0.0083  lr: 0.000250  max_mem: 2287M
[32m[03/21 15:13:58 d2.utils.events]: [0m eta: 0:05:45  iter: 3699  total_loss: 0.578  loss_cls: 0.114  loss_box_reg: 0.219  loss_mask: 0.169  loss_rpn_cls: 0.010  loss_rpn_loc: 0.018  time: 0.2646  data_time: 0.0094  lr: 0.000250  max_mem: 2287M
[32m[03/21 15:14:04 d2.utils.events]: [0m eta: 0:05:40  iter: 3719  total_loss: 0.626  loss_cls: 0.110  loss_box_reg: 0.233  loss_mask: 0.215  loss_rpn_cls: 0.013  loss_rpn_loc: 0.024  time: 0.2646  data_time: 0.0086  lr: 0.000250  max_mem: 2287M
[32m[03/21 15:14:09 d2.utils.events]: [0m eta: 0:05:34  iter: 3739  total_loss: 0.552  loss_cls: 0.094  loss_box_reg: 0.189  loss_mask: 0.169  loss_rpn_cls: 0.017  loss_rpn_loc: 0.023  time: 0.2646  data_time: 0.0087  lr: 0.000250  max_mem: 2287M
[32m[03/21 15:14:14 d2.utils.events]: [0m eta: 0:05:29  iter: 3759  total_loss: 0.668  loss_cls: 0.142  loss_box_reg: 0.262  loss_mask: 0.206  loss_rpn_cls: 0.016  loss_rpn_loc: 0.026  time: 0.2646  data_time: 0.0087  lr: 0.000250  max_mem: 2287M
[32m[03/21 15:14:20 d2.utils.events]: [0m eta: 0:05:24  iter: 3779  total_loss: 0.505  loss_cls: 0.081  loss_box_reg: 0.188  loss_mask: 0.185  loss_rpn_cls: 0.008  loss_rpn_loc: 0.020  time: 0.2646  data_time: 0.0087  lr: 0.000250  max_mem: 2287M
[32m[03/21 15:14:25 d2.utils.events]: [0m eta: 0:05:18  iter: 3799  total_loss: 0.598  loss_cls: 0.105  loss_box_reg: 0.246  loss_mask: 0.197  loss_rpn_cls: 0.013  loss_rpn_loc: 0.021  time: 0.2646  data_time: 0.0076  lr: 0.000250  max_mem: 2287M
[32m[03/21 15:14:30 d2.utils.events]: [0m eta: 0:05:13  iter: 3819  total_loss: 0.625  loss_cls: 0.125  loss_box_reg: 0.230  loss_mask: 0.228  loss_rpn_cls: 0.017  loss_rpn_loc: 0.026  time: 0.2646  data_time: 0.0085  lr: 0.000250  max_mem: 2287M
[32m[03/21 15:14:36 d2.utils.events]: [0m eta: 0:05:08  iter: 3839  total_loss: 0.559  loss_cls: 0.116  loss_box_reg: 0.217  loss_mask: 0.197  loss_rpn_cls: 0.010  loss_rpn_loc: 0.014  time: 0.2646  data_time: 0.0076  lr: 0.000250  max_mem: 2287M
[32m[03/21 15:14:41 d2.utils.events]: [0m eta: 0:05:02  iter: 3859  total_loss: 0.606  loss_cls: 0.110  loss_box_reg: 0.236  loss_mask: 0.189  loss_rpn_cls: 0.012  loss_rpn_loc: 0.022  time: 0.2646  data_time: 0.0082  lr: 0.000250  max_mem: 2287M
[32m[03/21 15:14:46 d2.utils.events]: [0m eta: 0:04:57  iter: 3879  total_loss: 0.587  loss_cls: 0.103  loss_box_reg: 0.243  loss_mask: 0.186  loss_rpn_cls: 0.010  loss_rpn_loc: 0.037  time: 0.2646  data_time: 0.0081  lr: 0.000250  max_mem: 2287M
[32m[03/21 15:14:52 d2.utils.events]: [0m eta: 0:04:52  iter: 3899  total_loss: 0.577  loss_cls: 0.114  loss_box_reg: 0.229  loss_mask: 0.197  loss_rpn_cls: 0.013  loss_rpn_loc: 0.017  time: 0.2646  data_time: 0.0085  lr: 0.000250  max_mem: 2287M
[32m[03/21 15:14:57 d2.utils.events]: [0m eta: 0:04:46  iter: 3919  total_loss: 0.675  loss_cls: 0.122  loss_box_reg: 0.263  loss_mask: 0.199  loss_rpn_cls: 0.015  loss_rpn_loc: 0.028  time: 0.2646  data_time: 0.0083  lr: 0.000250  max_mem: 2287M
[32m[03/21 15:15:02 d2.utils.events]: [0m eta: 0:04:41  iter: 3939  total_loss: 0.523  loss_cls: 0.098  loss_box_reg: 0.213  loss_mask: 0.173  loss_rpn_cls: 0.013  loss_rpn_loc: 0.019  time: 0.2646  data_time: 0.0085  lr: 0.000250  max_mem: 2287M
[32m[03/21 15:15:08 d2.utils.events]: [0m eta: 0:04:36  iter: 3959  total_loss: 0.476  loss_cls: 0.080  loss_box_reg: 0.202  loss_mask: 0.160  loss_rpn_cls: 0.007  loss_rpn_loc: 0.016  time: 0.2646  data_time: 0.0085  lr: 0.000250  max_mem: 2287M
[32m[03/21 15:15:13 d2.utils.events]: [0m eta: 0:04:30  iter: 3979  total_loss: 0.610  loss_cls: 0.135  loss_box_reg: 0.234  loss_mask: 0.190  loss_rpn_cls: 0.012  loss_rpn_loc: 0.027  time: 0.2646  data_time: 0.0079  lr: 0.000250  max_mem: 2287M
[32m[03/21 15:15:18 d2.utils.events]: [0m eta: 0:04:25  iter: 3999  total_loss: 0.496  loss_cls: 0.090  loss_box_reg: 0.198  loss_mask: 0.168  loss_rpn_cls: 0.011  loss_rpn_loc: 0.016  time: 0.2646  data_time: 0.0082  lr: 0.000250  max_mem: 2287M
[32m[03/21 15:15:24 d2.utils.events]: [0m eta: 0:04:20  iter: 4019  total_loss: 0.568  loss_cls: 0.112  loss_box_reg: 0.227  loss_mask: 0.186  loss_rpn_cls: 0.015  loss_rpn_loc: 0.029  time: 0.2647  data_time: 0.0084  lr: 0.000250  max_mem: 2287M
[32m[03/21 15:15:29 d2.utils.events]: [0m eta: 0:04:14  iter: 4039  total_loss: 0.601  loss_cls: 0.118  loss_box_reg: 0.249  loss_mask: 0.202  loss_rpn_cls: 0.012  loss_rpn_loc: 0.024  time: 0.2646  data_time: 0.0087  lr: 0.000250  max_mem: 2287M
[32m[03/21 15:15:34 d2.utils.events]: [0m eta: 0:04:09  iter: 4059  total_loss: 0.571  loss_cls: 0.119  loss_box_reg: 0.230  loss_mask: 0.188  loss_rpn_cls: 0.016  loss_rpn_loc: 0.022  time: 0.2647  data_time: 0.0080  lr: 0.000250  max_mem: 2287M
[32m[03/21 15:15:40 d2.utils.events]: [0m eta: 0:04:04  iter: 4079  total_loss: 0.685  loss_cls: 0.141  loss_box_reg: 0.263  loss_mask: 0.198  loss_rpn_cls: 0.013  loss_rpn_loc: 0.030  time: 0.2647  data_time: 0.0079  lr: 0.000250  max_mem: 2287M
[32m[03/21 15:15:45 d2.utils.events]: [0m eta: 0:03:58  iter: 4099  total_loss: 0.650  loss_cls: 0.124  loss_box_reg: 0.285  loss_mask: 0.201  loss_rpn_cls: 0.011  loss_rpn_loc: 0.025  time: 0.2647  data_time: 0.0080  lr: 0.000250  max_mem: 2287M
[32m[03/21 15:15:50 d2.utils.events]: [0m eta: 0:03:53  iter: 4119  total_loss: 0.551  loss_cls: 0.098  loss_box_reg: 0.221  loss_mask: 0.205  loss_rpn_cls: 0.013  loss_rpn_loc: 0.017  time: 0.2646  data_time: 0.0081  lr: 0.000250  max_mem: 2287M
[32m[03/21 15:15:55 d2.utils.events]: [0m eta: 0:03:48  iter: 4139  total_loss: 0.595  loss_cls: 0.114  loss_box_reg: 0.250  loss_mask: 0.179  loss_rpn_cls: 0.012  loss_rpn_loc: 0.018  time: 0.2646  data_time: 0.0083  lr: 0.000250  max_mem: 2287M
[32m[03/21 15:16:01 d2.utils.events]: [0m eta: 0:03:43  iter: 4159  total_loss: 0.622  loss_cls: 0.130  loss_box_reg: 0.251  loss_mask: 0.180  loss_rpn_cls: 0.010  loss_rpn_loc: 0.024  time: 0.2647  data_time: 0.0080  lr: 0.000250  max_mem: 2287M
[32m[03/21 15:16:06 d2.utils.events]: [0m eta: 0:03:37  iter: 4179  total_loss: 0.550  loss_cls: 0.103  loss_box_reg: 0.237  loss_mask: 0.180  loss_rpn_cls: 0.010  loss_rpn_loc: 0.027  time: 0.2646  data_time: 0.0083  lr: 0.000250  max_mem: 2287M
[32m[03/21 15:16:11 d2.utils.events]: [0m eta: 0:03:32  iter: 4199  total_loss: 0.576  loss_cls: 0.116  loss_box_reg: 0.218  loss_mask: 0.209  loss_rpn_cls: 0.013  loss_rpn_loc: 0.019  time: 0.2647  data_time: 0.0081  lr: 0.000250  max_mem: 2287M
[32m[03/21 15:16:17 d2.utils.events]: [0m eta: 0:03:27  iter: 4219  total_loss: 0.592  loss_cls: 0.117  loss_box_reg: 0.240  loss_mask: 0.191  loss_rpn_cls: 0.012  loss_rpn_loc: 0.021  time: 0.2646  data_time: 0.0082  lr: 0.000250  max_mem: 2287M
[32m[03/21 15:16:22 d2.utils.events]: [0m eta: 0:03:21  iter: 4239  total_loss: 0.685  loss_cls: 0.129  loss_box_reg: 0.271  loss_mask: 0.200  loss_rpn_cls: 0.015  loss_rpn_loc: 0.037  time: 0.2647  data_time: 0.0097  lr: 0.000250  max_mem: 2287M
[32m[03/21 15:16:27 d2.utils.events]: [0m eta: 0:03:16  iter: 4259  total_loss: 0.650  loss_cls: 0.119  loss_box_reg: 0.247  loss_mask: 0.221  loss_rpn_cls: 0.017  loss_rpn_loc: 0.027  time: 0.2647  data_time: 0.0092  lr: 0.000250  max_mem: 2287M
[32m[03/21 15:16:33 d2.utils.events]: [0m eta: 0:03:11  iter: 4279  total_loss: 0.670  loss_cls: 0.129  loss_box_reg: 0.261  loss_mask: 0.173  loss_rpn_cls: 0.011  loss_rpn_loc: 0.024  time: 0.2647  data_time: 0.0086  lr: 0.000250  max_mem: 2287M
[32m[03/21 15:16:38 d2.utils.events]: [0m eta: 0:03:05  iter: 4299  total_loss: 0.579  loss_cls: 0.108  loss_box_reg: 0.222  loss_mask: 0.174  loss_rpn_cls: 0.011  loss_rpn_loc: 0.021  time: 0.2647  data_time: 0.0076  lr: 0.000250  max_mem: 2287M
[32m[03/21 15:16:43 d2.utils.events]: [0m eta: 0:03:00  iter: 4319  total_loss: 0.646  loss_cls: 0.133  loss_box_reg: 0.277  loss_mask: 0.204  loss_rpn_cls: 0.012  loss_rpn_loc: 0.025  time: 0.2647  data_time: 0.0081  lr: 0.000250  max_mem: 2287M
[32m[03/21 15:16:49 d2.utils.events]: [0m eta: 0:02:55  iter: 4339  total_loss: 0.539  loss_cls: 0.107  loss_box_reg: 0.225  loss_mask: 0.186  loss_rpn_cls: 0.015  loss_rpn_loc: 0.022  time: 0.2647  data_time: 0.0081  lr: 0.000250  max_mem: 2287M
[32m[03/21 15:16:54 d2.utils.events]: [0m eta: 0:02:49  iter: 4359  total_loss: 0.598  loss_cls: 0.106  loss_box_reg: 0.234  loss_mask: 0.190  loss_rpn_cls: 0.011  loss_rpn_loc: 0.017  time: 0.2646  data_time: 0.0080  lr: 0.000250  max_mem: 2287M
[32m[03/21 15:16:59 d2.utils.events]: [0m eta: 0:02:44  iter: 4379  total_loss: 0.541  loss_cls: 0.099  loss_box_reg: 0.222  loss_mask: 0.172  loss_rpn_cls: 0.006  loss_rpn_loc: 0.016  time: 0.2647  data_time: 0.0083  lr: 0.000250  max_mem: 2287M
[32m[03/21 15:17:05 d2.utils.events]: [0m eta: 0:02:39  iter: 4399  total_loss: 0.566  loss_cls: 0.114  loss_box_reg: 0.219  loss_mask: 0.173  loss_rpn_cls: 0.014  loss_rpn_loc: 0.025  time: 0.2647  data_time: 0.0085  lr: 0.000250  max_mem: 2287M
[32m[03/21 15:17:10 d2.utils.events]: [0m eta: 0:02:34  iter: 4419  total_loss: 0.535  loss_cls: 0.100  loss_box_reg: 0.238  loss_mask: 0.193  loss_rpn_cls: 0.014  loss_rpn_loc: 0.024  time: 0.2647  data_time: 0.0093  lr: 0.000250  max_mem: 2287M
[32m[03/21 15:17:15 d2.utils.events]: [0m eta: 0:02:28  iter: 4439  total_loss: 0.619  loss_cls: 0.141  loss_box_reg: 0.265  loss_mask: 0.175  loss_rpn_cls: 0.010  loss_rpn_loc: 0.024  time: 0.2647  data_time: 0.0081  lr: 0.000250  max_mem: 2287M
[32m[03/21 15:17:21 d2.utils.events]: [0m eta: 0:02:23  iter: 4459  total_loss: 0.505  loss_cls: 0.107  loss_box_reg: 0.188  loss_mask: 0.161  loss_rpn_cls: 0.010  loss_rpn_loc: 0.019  time: 0.2647  data_time: 0.0080  lr: 0.000250  max_mem: 2287M
[32m[03/21 15:17:26 d2.utils.events]: [0m eta: 0:02:18  iter: 4479  total_loss: 0.540  loss_cls: 0.101  loss_box_reg: 0.211  loss_mask: 0.164  loss_rpn_cls: 0.010  loss_rpn_loc: 0.024  time: 0.2647  data_time: 0.0075  lr: 0.000250  max_mem: 2287M
[32m[03/21 15:17:31 d2.utils.events]: [0m eta: 0:02:12  iter: 4499  total_loss: 0.520  loss_cls: 0.101  loss_box_reg: 0.231  loss_mask: 0.172  loss_rpn_cls: 0.010  loss_rpn_loc: 0.016  time: 0.2647  data_time: 0.0082  lr: 0.000250  max_mem: 2287M
[32m[03/21 15:17:36 d2.utils.events]: [0m eta: 0:02:07  iter: 4519  total_loss: 0.672  loss_cls: 0.132  loss_box_reg: 0.264  loss_mask: 0.202  loss_rpn_cls: 0.018  loss_rpn_loc: 0.033  time: 0.2647  data_time: 0.0083  lr: 0.000250  max_mem: 2287M
[32m[03/21 15:17:42 d2.utils.events]: [0m eta: 0:02:02  iter: 4539  total_loss: 0.640  loss_cls: 0.127  loss_box_reg: 0.259  loss_mask: 0.180  loss_rpn_cls: 0.016  loss_rpn_loc: 0.026  time: 0.2647  data_time: 0.0087  lr: 0.000250  max_mem: 2287M
[32m[03/21 15:17:47 d2.utils.events]: [0m eta: 0:01:56  iter: 4559  total_loss: 0.535  loss_cls: 0.099  loss_box_reg: 0.196  loss_mask: 0.205  loss_rpn_cls: 0.010  loss_rpn_loc: 0.017  time: 0.2647  data_time: 0.0076  lr: 0.000250  max_mem: 2287M
[32m[03/21 15:17:52 d2.utils.events]: [0m eta: 0:01:51  iter: 4579  total_loss: 0.638  loss_cls: 0.119  loss_box_reg: 0.265  loss_mask: 0.201  loss_rpn_cls: 0.011  loss_rpn_loc: 0.041  time: 0.2647  data_time: 0.0082  lr: 0.000250  max_mem: 2287M
[32m[03/21 15:17:58 d2.utils.events]: [0m eta: 0:01:46  iter: 4599  total_loss: 0.594  loss_cls: 0.103  loss_box_reg: 0.233  loss_mask: 0.173  loss_rpn_cls: 0.017  loss_rpn_loc: 0.025  time: 0.2647  data_time: 0.0086  lr: 0.000250  max_mem: 2287M
[32m[03/21 15:18:03 d2.utils.events]: [0m eta: 0:01:40  iter: 4619  total_loss: 0.639  loss_cls: 0.131  loss_box_reg: 0.253  loss_mask: 0.170  loss_rpn_cls: 0.014  loss_rpn_loc: 0.030  time: 0.2647  data_time: 0.0087  lr: 0.000250  max_mem: 2287M
[32m[03/21 15:18:08 d2.utils.events]: [0m eta: 0:01:35  iter: 4639  total_loss: 0.449  loss_cls: 0.071  loss_box_reg: 0.195  loss_mask: 0.168  loss_rpn_cls: 0.008  loss_rpn_loc: 0.015  time: 0.2647  data_time: 0.0091  lr: 0.000250  max_mem: 2287M
[32m[03/21 15:18:13 d2.utils.events]: [0m eta: 0:01:30  iter: 4659  total_loss: 0.594  loss_cls: 0.107  loss_box_reg: 0.227  loss_mask: 0.191  loss_rpn_cls: 0.008  loss_rpn_loc: 0.020  time: 0.2647  data_time: 0.0080  lr: 0.000250  max_mem: 2287M
[32m[03/21 15:18:19 d2.utils.events]: [0m eta: 0:01:24  iter: 4679  total_loss: 0.500  loss_cls: 0.086  loss_box_reg: 0.201  loss_mask: 0.164  loss_rpn_cls: 0.010  loss_rpn_loc: 0.017  time: 0.2647  data_time: 0.0087  lr: 0.000250  max_mem: 2287M
[32m[03/21 15:18:24 d2.utils.events]: [0m eta: 0:01:19  iter: 4699  total_loss: 0.540  loss_cls: 0.110  loss_box_reg: 0.195  loss_mask: 0.189  loss_rpn_cls: 0.013  loss_rpn_loc: 0.019  time: 0.2646  data_time: 0.0079  lr: 0.000250  max_mem: 2287M
[32m[03/21 15:18:29 d2.utils.events]: [0m eta: 0:01:14  iter: 4719  total_loss: 0.592  loss_cls: 0.124  loss_box_reg: 0.241  loss_mask: 0.193  loss_rpn_cls: 0.013  loss_rpn_loc: 0.025  time: 0.2646  data_time: 0.0084  lr: 0.000250  max_mem: 2287M
[32m[03/21 15:18:34 d2.utils.events]: [0m eta: 0:01:08  iter: 4739  total_loss: 0.504  loss_cls: 0.090  loss_box_reg: 0.208  loss_mask: 0.161  loss_rpn_cls: 0.007  loss_rpn_loc: 0.023  time: 0.2646  data_time: 0.0086  lr: 0.000250  max_mem: 2287M
[32m[03/21 15:18:40 d2.utils.events]: [0m eta: 0:01:03  iter: 4759  total_loss: 0.562  loss_cls: 0.105  loss_box_reg: 0.231  loss_mask: 0.195  loss_rpn_cls: 0.011  loss_rpn_loc: 0.017  time: 0.2646  data_time: 0.0093  lr: 0.000250  max_mem: 2287M
[32m[03/21 15:18:45 d2.utils.events]: [0m eta: 0:00:58  iter: 4779  total_loss: 0.528  loss_cls: 0.100  loss_box_reg: 0.226  loss_mask: 0.179  loss_rpn_cls: 0.014  loss_rpn_loc: 0.025  time: 0.2646  data_time: 0.0083  lr: 0.000250  max_mem: 2287M
[32m[03/21 15:18:50 d2.utils.events]: [0m eta: 0:00:53  iter: 4799  total_loss: 0.566  loss_cls: 0.102  loss_box_reg: 0.224  loss_mask: 0.181  loss_rpn_cls: 0.011  loss_rpn_loc: 0.030  time: 0.2646  data_time: 0.0080  lr: 0.000250  max_mem: 2287M
[32m[03/21 15:18:56 d2.utils.events]: [0m eta: 0:00:47  iter: 4819  total_loss: 0.582  loss_cls: 0.115  loss_box_reg: 0.233  loss_mask: 0.193  loss_rpn_cls: 0.015  loss_rpn_loc: 0.023  time: 0.2646  data_time: 0.0081  lr: 0.000250  max_mem: 2287M
[32m[03/21 15:19:01 d2.utils.events]: [0m eta: 0:00:42  iter: 4839  total_loss: 0.592  loss_cls: 0.100  loss_box_reg: 0.213  loss_mask: 0.174  loss_rpn_cls: 0.013  loss_rpn_loc: 0.029  time: 0.2646  data_time: 0.0085  lr: 0.000250  max_mem: 2287M
[32m[03/21 15:19:06 d2.utils.events]: [0m eta: 0:00:37  iter: 4859  total_loss: 0.618  loss_cls: 0.118  loss_box_reg: 0.247  loss_mask: 0.204  loss_rpn_cls: 0.014  loss_rpn_loc: 0.029  time: 0.2646  data_time: 0.0092  lr: 0.000250  max_mem: 2287M
[32m[03/21 15:19:12 d2.utils.events]: [0m eta: 0:00:31  iter: 4879  total_loss: 0.605  loss_cls: 0.125  loss_box_reg: 0.238  loss_mask: 0.202  loss_rpn_cls: 0.015  loss_rpn_loc: 0.030  time: 0.2646  data_time: 0.0089  lr: 0.000250  max_mem: 2287M
[32m[03/21 15:19:17 d2.utils.events]: [0m eta: 0:00:26  iter: 4899  total_loss: 0.669  loss_cls: 0.137  loss_box_reg: 0.279  loss_mask: 0.193  loss_rpn_cls: 0.015  loss_rpn_loc: 0.028  time: 0.2647  data_time: 0.0091  lr: 0.000250  max_mem: 2287M
[32m[03/21 15:19:22 d2.utils.events]: [0m eta: 0:00:21  iter: 4919  total_loss: 0.582  loss_cls: 0.117  loss_box_reg: 0.228  loss_mask: 0.195  loss_rpn_cls: 0.008  loss_rpn_loc: 0.027  time: 0.2647  data_time: 0.0084  lr: 0.000250  max_mem: 2287M
[32m[03/21 15:19:28 d2.utils.events]: [0m eta: 0:00:16  iter: 4939  total_loss: 0.533  loss_cls: 0.097  loss_box_reg: 0.197  loss_mask: 0.178  loss_rpn_cls: 0.015  loss_rpn_loc: 0.018  time: 0.2646  data_time: 0.0082  lr: 0.000250  max_mem: 2287M
[32m[03/21 15:19:33 d2.utils.events]: [0m eta: 0:00:10  iter: 4959  total_loss: 0.514  loss_cls: 0.107  loss_box_reg: 0.206  loss_mask: 0.187  loss_rpn_cls: 0.010  loss_rpn_loc: 0.018  time: 0.2647  data_time: 0.0085  lr: 0.000250  max_mem: 2287M
[32m[03/21 15:19:38 d2.utils.events]: [0m eta: 0:00:05  iter: 4979  total_loss: 0.532  loss_cls: 0.083  loss_box_reg: 0.211  loss_mask: 0.184  loss_rpn_cls: 0.010  loss_rpn_loc: 0.024  time: 0.2646  data_time: 0.0084  lr: 0.000250  max_mem: 2287M
Loading sequence 0002
Loading sequence 0006
Loading sequence 0007
Loading sequence 0008
Loading sequence 0010
Loading sequence 0013
Loading sequence 0014
Loading sequence 0016
Loading sequence 0018
0002
0006
0007
0008
0010
0013
0014
0016
0018
Loaded 2920 images!
[32m[03/21 15:20:48 d2.data.build]: [0mDistribution of instances among all 3 categories:
[36m|  category  | #instances   |  category  | #instances   |  category  | #instances   |
|:----------:|:-------------|:----------:|:-------------|:----------:|:-------------|
|    None    | 0            |    Car     | 8029         | Pedestrian | 3347         |
|            |              |            |              |            |              |
|   total    | 11376        |            |              |            |              |[0m
[32m[03/21 15:20:48 d2.data.common]: [0mSerializing 2920 elements to byte tensors and concatenating them all ...
[32m[03/21 15:20:49 d2.data.common]: [0mSerialized dataset takes 7.44 MiB
[5m[31mWARNING[0m [32m[03/21 15:20:49 d2.engine.defaults]: [0mNo evaluator found. Use `DefaultTrainer.test(evaluators=)`, or implement its `build_evaluator` method.
[32m[03/21 15:20:49 d2.utils.events]: [0m eta: 0:00:00  iter: 4999  total_loss: 0.615  loss_cls: 0.116  loss_box_reg: 0.247  loss_mask: 0.181  loss_rpn_cls: 0.012  loss_rpn_loc: 0.030  time: 0.2646  data_time: 0.0087  lr: 0.000250  max_mem: 2287M
[32m[03/21 15:20:49 d2.engine.hooks]: [0mOverall training speed: 4997 iterations in 0:22:02 (0.2647 s / it)
[32m[03/21 15:20:49 d2.engine.hooks]: [0mTotal training time: 0:23:13 (0:01:10 on hooks)
Loading sequence 0002
Loading sequence 0006
Loading sequence 0007
Loading sequence 0008
Loading sequence 0010
Loading sequence 0013
Loading sequence 0014
Loading sequence 0016
Loading sequence 0018
0002
0006
0007
0008
0010
0013
0014
0016
0018
Loaded 2920 images!
[5m[31mWARNING[0m [32m[03/21 15:21:55 d2.evaluation.coco_evaluation]: [0mjson_file was not found in MetaDataCatalog for 'KITTI_MOTS_val'. Trying to convert it to COCO format ...
[32m[03/21 15:21:55 d2.data.datasets.coco]: [0mConverting annotations of dataset 'KITTI_MOTS_val' to COCO format ...)
Loading sequence 0002
Loading sequence 0006
Loading sequence 0007
Loading sequence 0008
Loading sequence 0010
Loading sequence 0013
Loading sequence 0014
Loading sequence 0016
Loading sequence 0018
0002
0006
0007
0008
0010
0013
0014
0016
0018
Loaded 2920 images!
[32m[03/21 15:22:53 d2.data.datasets.coco]: [0mConverting dataset dicts into COCO format
[32m[03/21 15:22:57 d2.data.datasets.coco]: [0mConversion finished, num images: 2920, num annotations: 11376
[32m[03/21 15:22:57 d2.data.datasets.coco]: [0mCaching COCO format annotations at '../mask_rcnn_R_50_FPN_1x/output/KITTI_MOTS_val_coco_format.json' ...
Loading sequence 0002
Loading sequence 0006
Loading sequence 0007
Loading sequence 0008
Loading sequence 0010
Loading sequence 0013
Loading sequence 0014
Loading sequence 0016
Loading sequence 0018
0002
0006
0007
0008
0010
0013
0014
0016
0018
Loaded 2920 images!
[32m[03/21 15:23:59 d2.data.common]: [0mSerializing 2920 elements to byte tensors and concatenating them all ...
[32m[03/21 15:23:59 d2.data.common]: [0mSerialized dataset takes 7.44 MiB
[32m[03/21 15:23:59 d2.evaluation.evaluator]: [0mStart inference on 2920 images
[32m[03/21 15:24:00 d2.evaluation.evaluator]: [0mInference done 11/2920. 0.0559 s / img. ETA=0:02:59
[32m[03/21 15:24:05 d2.evaluation.evaluator]: [0mInference done 90/2920. 0.0582 s / img. ETA=0:02:59
[32m[03/21 15:24:10 d2.evaluation.evaluator]: [0mInference done 165/2920. 0.0595 s / img. ETA=0:02:59
[32m[03/21 15:24:15 d2.evaluation.evaluator]: [0mInference done 242/2920. 0.0597 s / img. ETA=0:02:54
[32m[03/21 15:24:20 d2.evaluation.evaluator]: [0mInference done 320/2920. 0.0599 s / img. ETA=0:02:49
[32m[03/21 15:24:25 d2.evaluation.evaluator]: [0mInference done 398/2920. 0.0599 s / img. ETA=0:02:43
[32m[03/21 15:24:30 d2.evaluation.evaluator]: [0mInference done 476/2920. 0.0599 s / img. ETA=0:02:38
[32m[03/21 15:24:35 d2.evaluation.evaluator]: [0mInference done 552/2920. 0.0600 s / img. ETA=0:02:33
[32m[03/21 15:24:40 d2.evaluation.evaluator]: [0mInference done 629/2920. 0.0601 s / img. ETA=0:02:29
[32m[03/21 15:24:45 d2.evaluation.evaluator]: [0mInference done 704/2920. 0.0602 s / img. ETA=0:02:24
[32m[03/21 15:24:50 d2.evaluation.evaluator]: [0mInference done 780/2920. 0.0603 s / img. ETA=0:02:20
[32m[03/21 15:24:55 d2.evaluation.evaluator]: [0mInference done 856/2920. 0.0604 s / img. ETA=0:02:15
[32m[03/21 15:25:00 d2.evaluation.evaluator]: [0mInference done 932/2920. 0.0605 s / img. ETA=0:02:10
[32m[03/21 15:25:05 d2.evaluation.evaluator]: [0mInference done 1008/2920. 0.0605 s / img. ETA=0:02:05
[32m[03/21 15:25:10 d2.evaluation.evaluator]: [0mInference done 1084/2920. 0.0606 s / img. ETA=0:02:00
[32m[03/21 15:25:15 d2.evaluation.evaluator]: [0mInference done 1160/2920. 0.0606 s / img. ETA=0:01:55
[32m[03/21 15:25:20 d2.evaluation.evaluator]: [0mInference done 1236/2920. 0.0607 s / img. ETA=0:01:50
[32m[03/21 15:25:25 d2.evaluation.evaluator]: [0mInference done 1312/2920. 0.0607 s / img. ETA=0:01:45
[32m[03/21 15:25:30 d2.evaluation.evaluator]: [0mInference done 1388/2920. 0.0607 s / img. ETA=0:01:40
[32m[03/21 15:25:35 d2.evaluation.evaluator]: [0mInference done 1464/2920. 0.0608 s / img. ETA=0:01:35
[32m[03/21 15:25:41 d2.evaluation.evaluator]: [0mInference done 1540/2920. 0.0608 s / img. ETA=0:01:30
[32m[03/21 15:25:46 d2.evaluation.evaluator]: [0mInference done 1616/2920. 0.0608 s / img. ETA=0:01:25
[32m[03/21 15:25:51 d2.evaluation.evaluator]: [0mInference done 1694/2920. 0.0608 s / img. ETA=0:01:20
[32m[03/21 15:25:56 d2.evaluation.evaluator]: [0mInference done 1771/2920. 0.0608 s / img. ETA=0:01:15
[32m[03/21 15:26:01 d2.evaluation.evaluator]: [0mInference done 1848/2920. 0.0609 s / img. ETA=0:01:10
[32m[03/21 15:26:06 d2.evaluation.evaluator]: [0mInference done 1926/2920. 0.0609 s / img. ETA=0:01:05
[32m[03/21 15:26:11 d2.evaluation.evaluator]: [0mInference done 2001/2920. 0.0609 s / img. ETA=0:01:00
[32m[03/21 15:26:16 d2.evaluation.evaluator]: [0mInference done 2076/2920. 0.0609 s / img. ETA=0:00:55
[32m[03/21 15:26:21 d2.evaluation.evaluator]: [0mInference done 2151/2920. 0.0609 s / img. ETA=0:00:50
[32m[03/21 15:26:26 d2.evaluation.evaluator]: [0mInference done 2226/2920. 0.0609 s / img. ETA=0:00:45
[32m[03/21 15:26:31 d2.evaluation.evaluator]: [0mInference done 2300/2920. 0.0610 s / img. ETA=0:00:40
[32m[03/21 15:26:36 d2.evaluation.evaluator]: [0mInference done 2375/2920. 0.0610 s / img. ETA=0:00:35
[32m[03/21 15:26:41 d2.evaluation.evaluator]: [0mInference done 2443/2920. 0.0610 s / img. ETA=0:00:31
[32m[03/21 15:26:46 d2.evaluation.evaluator]: [0mInference done 2511/2920. 0.0611 s / img. ETA=0:00:27
[32m[03/21 15:26:51 d2.evaluation.evaluator]: [0mInference done 2580/2920. 0.0612 s / img. ETA=0:00:22
[32m[03/21 15:26:56 d2.evaluation.evaluator]: [0mInference done 2654/2920. 0.0612 s / img. ETA=0:00:17
[32m[03/21 15:27:01 d2.evaluation.evaluator]: [0mInference done 2728/2920. 0.0613 s / img. ETA=0:00:12
[32m[03/21 15:27:06 d2.evaluation.evaluator]: [0mInference done 2802/2920. 0.0613 s / img. ETA=0:00:07
[32m[03/21 15:27:11 d2.evaluation.evaluator]: [0mInference done 2876/2920. 0.0613 s / img. ETA=0:00:02
[32m[03/21 15:27:14 d2.evaluation.evaluator]: [0mTotal inference time: 0:03:14.667641 (0.066781 s / img per device, on 1 devices)
[32m[03/21 15:27:14 d2.evaluation.evaluator]: [0mTotal inference pure compute time: 0:02:58 (0.061341 s / img per device, on 1 devices)
[32m[03/21 15:27:14 d2.evaluation.coco_evaluation]: [0mPreparing results for COCO format ...
[32m[03/21 15:27:14 d2.evaluation.coco_evaluation]: [0mSaving results to ../mask_rcnn_R_50_FPN_1x/output/coco_instances_results.json
[32m[03/21 15:27:14 d2.evaluation.coco_evaluation]: [0mEvaluating predictions ...
Loading and preparing results...
DONE (t=0.02s)
creating index...
index created!
Running per image evaluation...
Evaluate annotation type *bbox*
DONE (t=4.37s).
Accumulating evaluation results...
DONE (t=0.52s).
 Average Precision  (AP) @[ IoU=0.50:0.95 | area=   all | maxDets=100 ] = 0.579
 Average Precision  (AP) @[ IoU=0.50      | area=   all | maxDets=100 ] = 0.802
 Average Precision  (AP) @[ IoU=0.75      | area=   all | maxDets=100 ] = 0.666
 Average Precision  (AP) @[ IoU=0.50:0.95 | area= small | maxDets=100 ] = 0.386
 Average Precision  (AP) @[ IoU=0.50:0.95 | area=medium | maxDets=100 ] = 0.699
 Average Precision  (AP) @[ IoU=0.50:0.95 | area= large | maxDets=100 ] = 0.754
 Average Recall     (AR) @[ IoU=0.50:0.95 | area=   all | maxDets=  1 ] = 0.203
 Average Recall     (AR) @[ IoU=0.50:0.95 | area=   all | maxDets= 10 ] = 0.641
 Average Recall     (AR) @[ IoU=0.50:0.95 | area=   all | maxDets=100 ] = 0.645
 Average Recall     (AR) @[ IoU=0.50:0.95 | area= small | maxDets=100 ] = 0.461
 Average Recall     (AR) @[ IoU=0.50:0.95 | area=medium | maxDets=100 ] = 0.762
 Average Recall     (AR) @[ IoU=0.50:0.95 | area= large | maxDets=100 ] = 0.893
[32m[03/21 15:27:19 d2.evaluation.coco_evaluation]: [0mEvaluation results for bbox: 
|   AP   |  AP50  |  AP75  |  APs   |  APm   |  APl   |
|:------:|:------:|:------:|:------:|:------:|:------:|
| 57.884 | 80.175 | 66.589 | 38.585 | 69.886 | 75.424 |
[32m[03/21 15:27:19 d2.evaluation.coco_evaluation]: [0mPer-category bbox AP: 
| category   | AP   | category   | AP     | category   | AP     |
|:-----------|:-----|:-----------|:-------|:-----------|:-------|
| None       | nan  | Car        | 67.038 | Pedestrian | 48.730 |
Loading and preparing results...
DONE (t=0.17s)
creating index...
index created!
Running per image evaluation...
Evaluate annotation type *segm*
DONE (t=5.14s).
Accumulating evaluation results...
DONE (t=0.53s).
 Average Precision  (AP) @[ IoU=0.50:0.95 | area=   all | maxDets=100 ] = 0.512
 Average Precision  (AP) @[ IoU=0.50      | area=   all | maxDets=100 ] = 0.774
 Average Precision  (AP) @[ IoU=0.75      | area=   all | maxDets=100 ] = 0.563
 Average Precision  (AP) @[ IoU=0.50:0.95 | area= small | maxDets=100 ] = 0.315
 Average Precision  (AP) @[ IoU=0.50:0.95 | area=medium | maxDets=100 ] = 0.627
 Average Precision  (AP) @[ IoU=0.50:0.95 | area= large | maxDets=100 ] = 0.764
 Average Recall     (AR) @[ IoU=0.50:0.95 | area=   all | maxDets=  1 ] = 0.180
 Average Recall     (AR) @[ IoU=0.50:0.95 | area=   all | maxDets= 10 ] = 0.575
 Average Recall     (AR) @[ IoU=0.50:0.95 | area=   all | maxDets=100 ] = 0.577
 Average Recall     (AR) @[ IoU=0.50:0.95 | area= small | maxDets=100 ] = 0.399
 Average Recall     (AR) @[ IoU=0.50:0.95 | area=medium | maxDets=100 ] = 0.686
 Average Recall     (AR) @[ IoU=0.50:0.95 | area= large | maxDets=100 ] = 0.809
[32m[03/21 15:27:26 d2.evaluation.coco_evaluation]: [0mEvaluation results for segm: 
|   AP   |  AP50  |  AP75  |  APs   |  APm   |  APl   |
|:------:|:------:|:------:|:------:|:------:|:------:|
| 51.159 | 77.437 | 56.329 | 31.509 | 62.715 | 76.401 |
[32m[03/21 15:27:26 d2.evaluation.coco_evaluation]: [0mPer-category segm AP: 
| category   | AP   | category   | AP     | category   | AP     |
|:-----------|:-----|:-----------|:-------|:-----------|:-------|
| None       | nan  | Car        | 66.973 | Pedestrian | 35.344 |
