Metadata(name='KITTI_MOTS_train', thing_classes=['None', 'Car', 'Pedestrian'])
Loading sequence 0000
Loading sequence 0001
Loading sequence 0003
Loading sequence 0004
Loading sequence 0005
Loading sequence 0009
Loading sequence 0011
Loading sequence 0012
Loading sequence 0015
Loading sequence 0017
Loading sequence 0019
Loading sequence 0020
0000
0001
0003
0004
0005
0009
0011
0012
0015
0017
0019
0020
Loaded 5007 images!
[32m[03/21 15:32:54 d2.engine.defaults]: [0mModel:
GeneralizedRCNN(
  (backbone): FPN(
    (fpn_lateral2): Conv2d(256, 256, kernel_size=(1, 1), stride=(1, 1))
    (fpn_output2): Conv2d(256, 256, kernel_size=(3, 3), stride=(1, 1), padding=(1, 1))
    (fpn_lateral3): Conv2d(512, 256, kernel_size=(1, 1), stride=(1, 1))
    (fpn_output3): Conv2d(256, 256, kernel_size=(3, 3), stride=(1, 1), padding=(1, 1))
    (fpn_lateral4): Conv2d(1024, 256, kernel_size=(1, 1), stride=(1, 1))
    (fpn_output4): Conv2d(256, 256, kernel_size=(3, 3), stride=(1, 1), padding=(1, 1))
    (fpn_lateral5): Conv2d(2048, 256, kernel_size=(1, 1), stride=(1, 1))
    (fpn_output5): Conv2d(256, 256, kernel_size=(3, 3), stride=(1, 1), padding=(1, 1))
    (top_block): LastLevelMaxPool()
    (bottom_up): ResNet(
      (stem): BasicStem(
        (conv1): Conv2d(
          3, 64, kernel_size=(7, 7), stride=(2, 2), padding=(3, 3), bias=False
          (norm): FrozenBatchNorm2d(num_features=64, eps=1e-05)
        )
      )
      (res2): Sequential(
        (0): BottleneckBlock(
          (shortcut): Conv2d(
            64, 256, kernel_size=(1, 1), stride=(1, 1), bias=False
            (norm): FrozenBatchNorm2d(num_features=256, eps=1e-05)
          )
          (conv1): Conv2d(
            64, 64, kernel_size=(1, 1), stride=(1, 1), bias=False
            (norm): FrozenBatchNorm2d(num_features=64, eps=1e-05)
          )
          (conv2): Conv2d(
            64, 64, kernel_size=(3, 3), stride=(1, 1), padding=(1, 1), bias=False
            (norm): FrozenBatchNorm2d(num_features=64, eps=1e-05)
          )
          (conv3): Conv2d(
            64, 256, kernel_size=(1, 1), stride=(1, 1), bias=False
            (norm): FrozenBatchNorm2d(num_features=256, eps=1e-05)
          )
        )
        (1): BottleneckBlock(
          (conv1): Conv2d(
            256, 64, kernel_size=(1, 1), stride=(1, 1), bias=False
            (norm): FrozenBatchNorm2d(num_features=64, eps=1e-05)
          )
          (conv2): Conv2d(
            64, 64, kernel_size=(3, 3), stride=(1, 1), padding=(1, 1), bias=False
            (norm): FrozenBatchNorm2d(num_features=64, eps=1e-05)
          )
          (conv3): Conv2d(
            64, 256, kernel_size=(1, 1), stride=(1, 1), bias=False
            (norm): FrozenBatchNorm2d(num_features=256, eps=1e-05)
          )
        )
        (2): BottleneckBlock(
          (conv1): Conv2d(
            256, 64, kernel_size=(1, 1), stride=(1, 1), bias=False
            (norm): FrozenBatchNorm2d(num_features=64, eps=1e-05)
          )
          (conv2): Conv2d(
            64, 64, kernel_size=(3, 3), stride=(1, 1), padding=(1, 1), bias=False
            (norm): FrozenBatchNorm2d(num_features=64, eps=1e-05)
          )
          (conv3): Conv2d(
            64, 256, kernel_size=(1, 1), stride=(1, 1), bias=False
            (norm): FrozenBatchNorm2d(num_features=256, eps=1e-05)
          )
        )
      )
      (res3): Sequential(
        (0): BottleneckBlock(
          (shortcut): Conv2d(
            256, 512, kernel_size=(1, 1), stride=(2, 2), bias=False
            (norm): FrozenBatchNorm2d(num_features=512, eps=1e-05)
          )
          (conv1): Conv2d(
            256, 128, kernel_size=(1, 1), stride=(2, 2), bias=False
            (norm): FrozenBatchNorm2d(num_features=128, eps=1e-05)
          )
          (conv2): Conv2d(
            128, 128, kernel_size=(3, 3), stride=(1, 1), padding=(1, 1), bias=False
            (norm): FrozenBatchNorm2d(num_features=128, eps=1e-05)
          )
          (conv3): Conv2d(
            128, 512, kernel_size=(1, 1), stride=(1, 1), bias=False
            (norm): FrozenBatchNorm2d(num_features=512, eps=1e-05)
          )
        )
        (1): BottleneckBlock(
          (conv1): Conv2d(
            512, 128, kernel_size=(1, 1), stride=(1, 1), bias=False
            (norm): FrozenBatchNorm2d(num_features=128, eps=1e-05)
          )
          (conv2): Conv2d(
            128, 128, kernel_size=(3, 3), stride=(1, 1), padding=(1, 1), bias=False
            (norm): FrozenBatchNorm2d(num_features=128, eps=1e-05)
          )
          (conv3): Conv2d(
            128, 512, kernel_size=(1, 1), stride=(1, 1), bias=False
            (norm): FrozenBatchNorm2d(num_features=512, eps=1e-05)
          )
        )
        (2): BottleneckBlock(
          (conv1): Conv2d(
            512, 128, kernel_size=(1, 1), stride=(1, 1), bias=False
            (norm): FrozenBatchNorm2d(num_features=128, eps=1e-05)
          )
          (conv2): Conv2d(
            128, 128, kernel_size=(3, 3), stride=(1, 1), padding=(1, 1), bias=False
            (norm): FrozenBatchNorm2d(num_features=128, eps=1e-05)
          )
          (conv3): Conv2d(
            128, 512, kernel_size=(1, 1), stride=(1, 1), bias=False
            (norm): FrozenBatchNorm2d(num_features=512, eps=1e-05)
          )
        )
        (3): BottleneckBlock(
          (conv1): Conv2d(
            512, 128, kernel_size=(1, 1), stride=(1, 1), bias=False
            (norm): FrozenBatchNorm2d(num_features=128, eps=1e-05)
          )
          (conv2): Conv2d(
            128, 128, kernel_size=(3, 3), stride=(1, 1), padding=(1, 1), bias=False
            (norm): FrozenBatchNorm2d(num_features=128, eps=1e-05)
          )
          (conv3): Conv2d(
            128, 512, kernel_size=(1, 1), stride=(1, 1), bias=False
            (norm): FrozenBatchNorm2d(num_features=512, eps=1e-05)
          )
        )
      )
      (res4): Sequential(
        (0): BottleneckBlock(
          (shortcut): Conv2d(
            512, 1024, kernel_size=(1, 1), stride=(2, 2), bias=False
            (norm): FrozenBatchNorm2d(num_features=1024, eps=1e-05)
          )
          (conv1): Conv2d(
            512, 256, kernel_size=(1, 1), stride=(2, 2), bias=False
            (norm): FrozenBatchNorm2d(num_features=256, eps=1e-05)
          )
          (conv2): Conv2d(
            256, 256, kernel_size=(3, 3), stride=(1, 1), padding=(1, 1), bias=False
            (norm): FrozenBatchNorm2d(num_features=256, eps=1e-05)
          )
          (conv3): Conv2d(
            256, 1024, kernel_size=(1, 1), stride=(1, 1), bias=False
            (norm): FrozenBatchNorm2d(num_features=1024, eps=1e-05)
          )
        )
        (1): BottleneckBlock(
          (conv1): Conv2d(
            1024, 256, kernel_size=(1, 1), stride=(1, 1), bias=False
            (norm): FrozenBatchNorm2d(num_features=256, eps=1e-05)
          )
          (conv2): Conv2d(
            256, 256, kernel_size=(3, 3), stride=(1, 1), padding=(1, 1), bias=False
            (norm): FrozenBatchNorm2d(num_features=256, eps=1e-05)
          )
          (conv3): Conv2d(
            256, 1024, kernel_size=(1, 1), stride=(1, 1), bias=False
            (norm): FrozenBatchNorm2d(num_features=1024, eps=1e-05)
          )
        )
        (2): BottleneckBlock(
          (conv1): Conv2d(
            1024, 256, kernel_size=(1, 1), stride=(1, 1), bias=False
            (norm): FrozenBatchNorm2d(num_features=256, eps=1e-05)
          )
          (conv2): Conv2d(
            256, 256, kernel_size=(3, 3), stride=(1, 1), padding=(1, 1), bias=False
            (norm): FrozenBatchNorm2d(num_features=256, eps=1e-05)
          )
          (conv3): Conv2d(
            256, 1024, kernel_size=(1, 1), stride=(1, 1), bias=False
            (norm): FrozenBatchNorm2d(num_features=1024, eps=1e-05)
          )
        )
        (3): BottleneckBlock(
          (conv1): Conv2d(
            1024, 256, kernel_size=(1, 1), stride=(1, 1), bias=False
            (norm): FrozenBatchNorm2d(num_features=256, eps=1e-05)
          )
          (conv2): Conv2d(
            256, 256, kernel_size=(3, 3), stride=(1, 1), padding=(1, 1), bias=False
            (norm): FrozenBatchNorm2d(num_features=256, eps=1e-05)
          )
          (conv3): Conv2d(
            256, 1024, kernel_size=(1, 1), stride=(1, 1), bias=False
            (norm): FrozenBatchNorm2d(num_features=1024, eps=1e-05)
          )
        )
        (4): BottleneckBlock(
          (conv1): Conv2d(
            1024, 256, kernel_size=(1, 1), stride=(1, 1), bias=False
            (norm): FrozenBatchNorm2d(num_features=256, eps=1e-05)
          )
          (conv2): Conv2d(
            256, 256, kernel_size=(3, 3), stride=(1, 1), padding=(1, 1), bias=False
            (norm): FrozenBatchNorm2d(num_features=256, eps=1e-05)
          )
          (conv3): Conv2d(
            256, 1024, kernel_size=(1, 1), stride=(1, 1), bias=False
            (norm): FrozenBatchNorm2d(num_features=1024, eps=1e-05)
          )
        )
        (5): BottleneckBlock(
          (conv1): Conv2d(
            1024, 256, kernel_size=(1, 1), stride=(1, 1), bias=False
            (norm): FrozenBatchNorm2d(num_features=256, eps=1e-05)
          )
          (conv2): Conv2d(
            256, 256, kernel_size=(3, 3), stride=(1, 1), padding=(1, 1), bias=False
            (norm): FrozenBatchNorm2d(num_features=256, eps=1e-05)
          )
          (conv3): Conv2d(
            256, 1024, kernel_size=(1, 1), stride=(1, 1), bias=False
            (norm): FrozenBatchNorm2d(num_features=1024, eps=1e-05)
          )
        )
      )
      (res5): Sequential(
        (0): BottleneckBlock(
          (shortcut): Conv2d(
            1024, 2048, kernel_size=(1, 1), stride=(2, 2), bias=False
            (norm): FrozenBatchNorm2d(num_features=2048, eps=1e-05)
          )
          (conv1): Conv2d(
            1024, 512, kernel_size=(1, 1), stride=(2, 2), bias=False
            (norm): FrozenBatchNorm2d(num_features=512, eps=1e-05)
          )
          (conv2): Conv2d(
            512, 512, kernel_size=(3, 3), stride=(1, 1), padding=(1, 1), bias=False
            (norm): FrozenBatchNorm2d(num_features=512, eps=1e-05)
          )
          (conv3): Conv2d(
            512, 2048, kernel_size=(1, 1), stride=(1, 1), bias=False
            (norm): FrozenBatchNorm2d(num_features=2048, eps=1e-05)
          )
        )
        (1): BottleneckBlock(
          (conv1): Conv2d(
            2048, 512, kernel_size=(1, 1), stride=(1, 1), bias=False
            (norm): FrozenBatchNorm2d(num_features=512, eps=1e-05)
          )
          (conv2): Conv2d(
            512, 512, kernel_size=(3, 3), stride=(1, 1), padding=(1, 1), bias=False
            (norm): FrozenBatchNorm2d(num_features=512, eps=1e-05)
          )
          (conv3): Conv2d(
            512, 2048, kernel_size=(1, 1), stride=(1, 1), bias=False
            (norm): FrozenBatchNorm2d(num_features=2048, eps=1e-05)
          )
        )
        (2): BottleneckBlock(
          (conv1): Conv2d(
            2048, 512, kernel_size=(1, 1), stride=(1, 1), bias=False
            (norm): FrozenBatchNorm2d(num_features=512, eps=1e-05)
          )
          (conv2): Conv2d(
            512, 512, kernel_size=(3, 3), stride=(1, 1), padding=(1, 1), bias=False
            (norm): FrozenBatchNorm2d(num_features=512, eps=1e-05)
          )
          (conv3): Conv2d(
            512, 2048, kernel_size=(1, 1), stride=(1, 1), bias=False
            (norm): FrozenBatchNorm2d(num_features=2048, eps=1e-05)
          )
        )
      )
    )
  )
  (proposal_generator): RPN(
    (anchor_generator): DefaultAnchorGenerator(
      (cell_anchors): BufferList()
    )
    (rpn_head): StandardRPNHead(
      (conv): Conv2d(256, 256, kernel_size=(3, 3), stride=(1, 1), padding=(1, 1))
      (objectness_logits): Conv2d(256, 3, kernel_size=(1, 1), stride=(1, 1))
      (anchor_deltas): Conv2d(256, 12, kernel_size=(1, 1), stride=(1, 1))
    )
  )
  (roi_heads): StandardROIHeads(
    (box_pooler): ROIPooler(
      (level_poolers): ModuleList(
        (0): ROIAlign(output_size=(7, 7), spatial_scale=0.25, sampling_ratio=0, aligned=True)
        (1): ROIAlign(output_size=(7, 7), spatial_scale=0.125, sampling_ratio=0, aligned=True)
        (2): ROIAlign(output_size=(7, 7), spatial_scale=0.0625, sampling_ratio=0, aligned=True)
        (3): ROIAlign(output_size=(7, 7), spatial_scale=0.03125, sampling_ratio=0, aligned=True)
      )
    )
    (box_head): FastRCNNConvFCHead(
      (fc1): Linear(in_features=12544, out_features=1024, bias=True)
      (fc2): Linear(in_features=1024, out_features=1024, bias=True)
    )
    (box_predictor): FastRCNNOutputLayers(
      (cls_score): Linear(in_features=1024, out_features=4, bias=True)
      (bbox_pred): Linear(in_features=1024, out_features=12, bias=True)
    )
    (mask_pooler): ROIPooler(
      (level_poolers): ModuleList(
        (0): ROIAlign(output_size=(14, 14), spatial_scale=0.25, sampling_ratio=0, aligned=True)
        (1): ROIAlign(output_size=(14, 14), spatial_scale=0.125, sampling_ratio=0, aligned=True)
        (2): ROIAlign(output_size=(14, 14), spatial_scale=0.0625, sampling_ratio=0, aligned=True)
        (3): ROIAlign(output_size=(14, 14), spatial_scale=0.03125, sampling_ratio=0, aligned=True)
      )
    )
    (mask_head): MaskRCNNConvUpsampleHead(
      (mask_fcn1): Conv2d(256, 256, kernel_size=(3, 3), stride=(1, 1), padding=(1, 1))
      (mask_fcn2): Conv2d(256, 256, kernel_size=(3, 3), stride=(1, 1), padding=(1, 1))
      (mask_fcn3): Conv2d(256, 256, kernel_size=(3, 3), stride=(1, 1), padding=(1, 1))
      (mask_fcn4): Conv2d(256, 256, kernel_size=(3, 3), stride=(1, 1), padding=(1, 1))
      (deconv): ConvTranspose2d(256, 256, kernel_size=(2, 2), stride=(2, 2))
      (predictor): Conv2d(256, 3, kernel_size=(1, 1), stride=(1, 1))
    )
  )
)
Loading sequence 0000
Loading sequence 0001
Loading sequence 0003
Loading sequence 0004
Loading sequence 0005
Loading sequence 0009
Loading sequence 0011
Loading sequence 0012
Loading sequence 0015
Loading sequence 0017
Loading sequence 0019
Loading sequence 0020
0000
0001
0003
0004
0005
0009
0011
0012
0015
0017
0019
0020
Loaded 5007 images!
[32m[03/21 15:35:16 d2.data.build]: [0mRemoved 487 images with no usable annotations. 4520 images left.
[32m[03/21 15:35:16 d2.data.build]: [0mDistribution of instances among all 3 categories:
[36m|  category  | #instances   |  category  | #instances   |  category  | #instances   |
|:----------:|:-------------|:----------:|:-------------|:----------:|:-------------|
|    None    | 0            |    Car     | 18830        | Pedestrian | 8067         |
|            |              |            |              |            |              |
|   total    | 26897        |            |              |            |              |[0m
[32m[03/21 15:35:16 d2.data.common]: [0mSerializing 4520 elements to byte tensors and concatenating them all ...
[32m[03/21 15:35:17 d2.data.common]: [0mSerialized dataset takes 17.95 MiB
[32m[03/21 15:35:17 d2.data.detection_utils]: [0mTransformGens used in training: [ResizeShortestEdge(short_edge_length=(640, 672, 704, 736, 768, 800), max_size=1333, sample_style='choice'), RandomFlip()]
[32m[03/21 15:35:17 d2.data.build]: [0mUsing training sampler TrainingSampler
[32m[03/21 15:35:18 d2.engine.train_loop]: [0mStarting training from iteration 0
[32m[03/21 15:35:33 d2.utils.events]: [0m eta: 0:23:14  iter: 19  total_loss: 2.966  loss_cls: 1.537  loss_box_reg: 0.670  loss_mask: 0.693  loss_rpn_cls: 0.055  loss_rpn_loc: 0.017  time: 0.6360  data_time: 0.0235  lr: 0.000005  max_mem: 2284M
[32m[03/21 15:35:38 d2.utils.events]: [0m eta: 0:22:44  iter: 39  total_loss: 2.992  loss_cls: 1.426  loss_box_reg: 0.762  loss_mask: 0.687  loss_rpn_cls: 0.074  loss_rpn_loc: 0.033  time: 0.4424  data_time: 0.0089  lr: 0.000010  max_mem: 2284M
[32m[03/21 15:35:43 d2.utils.events]: [0m eta: 0:22:15  iter: 59  total_loss: 2.691  loss_cls: 1.283  loss_box_reg: 0.666  loss_mask: 0.671  loss_rpn_cls: 0.072  loss_rpn_loc: 0.029  time: 0.3841  data_time: 0.0088  lr: 0.000015  max_mem: 2287M
[32m[03/21 15:35:49 d2.utils.events]: [0m eta: 0:22:14  iter: 79  total_loss: 2.570  loss_cls: 1.062  loss_box_reg: 0.801  loss_mask: 0.648  loss_rpn_cls: 0.054  loss_rpn_loc: 0.019  time: 0.3557  data_time: 0.0093  lr: 0.000020  max_mem: 2287M
[32m[03/21 15:35:54 d2.utils.events]: [0m eta: 0:22:07  iter: 99  total_loss: 2.380  loss_cls: 0.903  loss_box_reg: 0.786  loss_mask: 0.616  loss_rpn_cls: 0.052  loss_rpn_loc: 0.021  time: 0.3381  data_time: 0.0080  lr: 0.000025  max_mem: 2287M
[32m[03/21 15:36:00 d2.utils.events]: [0m eta: 0:21:59  iter: 119  total_loss: 2.011  loss_cls: 0.681  loss_box_reg: 0.658  loss_mask: 0.582  loss_rpn_cls: 0.048  loss_rpn_loc: 0.016  time: 0.3260  data_time: 0.0077  lr: 0.000030  max_mem: 2289M
[32m[03/21 15:36:05 d2.utils.events]: [0m eta: 0:21:54  iter: 139  total_loss: 1.953  loss_cls: 0.621  loss_box_reg: 0.609  loss_mask: 0.563  loss_rpn_cls: 0.061  loss_rpn_loc: 0.023  time: 0.3181  data_time: 0.0086  lr: 0.000035  max_mem: 2289M
[32m[03/21 15:36:10 d2.utils.events]: [0m eta: 0:21:47  iter: 159  total_loss: 1.859  loss_cls: 0.539  loss_box_reg: 0.712  loss_mask: 0.517  loss_rpn_cls: 0.042  loss_rpn_loc: 0.020  time: 0.3116  data_time: 0.0089  lr: 0.000040  max_mem: 2289M
[32m[03/21 15:36:16 d2.utils.events]: [0m eta: 0:21:41  iter: 179  total_loss: 1.642  loss_cls: 0.453  loss_box_reg: 0.640  loss_mask: 0.470  loss_rpn_cls: 0.043  loss_rpn_loc: 0.018  time: 0.3064  data_time: 0.0079  lr: 0.000045  max_mem: 2289M
[32m[03/21 15:36:21 d2.utils.events]: [0m eta: 0:21:35  iter: 199  total_loss: 1.654  loss_cls: 0.448  loss_box_reg: 0.676  loss_mask: 0.480  loss_rpn_cls: 0.047  loss_rpn_loc: 0.030  time: 0.3027  data_time: 0.0090  lr: 0.000050  max_mem: 2289M
[32m[03/21 15:36:27 d2.utils.events]: [0m eta: 0:21:31  iter: 219  total_loss: 1.553  loss_cls: 0.398  loss_box_reg: 0.652  loss_mask: 0.405  loss_rpn_cls: 0.041  loss_rpn_loc: 0.024  time: 0.3002  data_time: 0.0086  lr: 0.000055  max_mem: 2289M
[32m[03/21 15:36:32 d2.utils.events]: [0m eta: 0:21:26  iter: 239  total_loss: 1.555  loss_cls: 0.385  loss_box_reg: 0.646  loss_mask: 0.422  loss_rpn_cls: 0.042  loss_rpn_loc: 0.016  time: 0.2982  data_time: 0.0085  lr: 0.000060  max_mem: 2289M
[32m[03/21 15:36:38 d2.utils.events]: [0m eta: 0:21:20  iter: 259  total_loss: 1.366  loss_cls: 0.306  loss_box_reg: 0.591  loss_mask: 0.366  loss_rpn_cls: 0.027  loss_rpn_loc: 0.026  time: 0.2958  data_time: 0.0085  lr: 0.000065  max_mem: 2289M
[32m[03/21 15:36:43 d2.utils.events]: [0m eta: 0:21:15  iter: 279  total_loss: 1.469  loss_cls: 0.339  loss_box_reg: 0.613  loss_mask: 0.403  loss_rpn_cls: 0.052  loss_rpn_loc: 0.026  time: 0.2939  data_time: 0.0082  lr: 0.000070  max_mem: 2289M
[32m[03/21 15:36:48 d2.utils.events]: [0m eta: 0:21:09  iter: 299  total_loss: 1.476  loss_cls: 0.314  loss_box_reg: 0.674  loss_mask: 0.366  loss_rpn_cls: 0.033  loss_rpn_loc: 0.028  time: 0.2925  data_time: 0.0085  lr: 0.000075  max_mem: 2289M
[32m[03/21 15:36:54 d2.utils.events]: [0m eta: 0:21:03  iter: 319  total_loss: 1.329  loss_cls: 0.280  loss_box_reg: 0.592  loss_mask: 0.327  loss_rpn_cls: 0.032  loss_rpn_loc: 0.026  time: 0.2907  data_time: 0.0075  lr: 0.000080  max_mem: 2289M
[32m[03/21 15:36:59 d2.utils.events]: [0m eta: 0:20:57  iter: 339  total_loss: 1.219  loss_cls: 0.255  loss_box_reg: 0.615  loss_mask: 0.296  loss_rpn_cls: 0.025  loss_rpn_loc: 0.030  time: 0.2893  data_time: 0.0096  lr: 0.000085  max_mem: 2289M
[32m[03/21 15:37:05 d2.utils.events]: [0m eta: 0:20:53  iter: 359  total_loss: 1.245  loss_cls: 0.278  loss_box_reg: 0.574  loss_mask: 0.324  loss_rpn_cls: 0.035  loss_rpn_loc: 0.032  time: 0.2889  data_time: 0.0107  lr: 0.000090  max_mem: 2289M
[32m[03/21 15:37:10 d2.utils.events]: [0m eta: 0:20:48  iter: 379  total_loss: 1.247  loss_cls: 0.267  loss_box_reg: 0.480  loss_mask: 0.366  loss_rpn_cls: 0.034  loss_rpn_loc: 0.025  time: 0.2882  data_time: 0.0089  lr: 0.000095  max_mem: 2289M
[32m[03/21 15:37:16 d2.utils.events]: [0m eta: 0:20:43  iter: 399  total_loss: 0.941  loss_cls: 0.198  loss_box_reg: 0.440  loss_mask: 0.272  loss_rpn_cls: 0.027  loss_rpn_loc: 0.021  time: 0.2875  data_time: 0.0085  lr: 0.000100  max_mem: 2289M
[32m[03/21 15:37:21 d2.utils.events]: [0m eta: 0:20:37  iter: 419  total_loss: 0.903  loss_cls: 0.196  loss_box_reg: 0.414  loss_mask: 0.249  loss_rpn_cls: 0.029  loss_rpn_loc: 0.022  time: 0.2867  data_time: 0.0078  lr: 0.000105  max_mem: 2289M
[32m[03/21 15:37:27 d2.utils.events]: [0m eta: 0:20:33  iter: 439  total_loss: 0.923  loss_cls: 0.192  loss_box_reg: 0.405  loss_mask: 0.271  loss_rpn_cls: 0.024  loss_rpn_loc: 0.029  time: 0.2861  data_time: 0.0086  lr: 0.000110  max_mem: 2289M
[32m[03/21 15:37:32 d2.utils.events]: [0m eta: 0:20:26  iter: 459  total_loss: 0.987  loss_cls: 0.202  loss_box_reg: 0.399  loss_mask: 0.250  loss_rpn_cls: 0.027  loss_rpn_loc: 0.034  time: 0.2853  data_time: 0.0077  lr: 0.000115  max_mem: 2289M
[32m[03/21 15:37:38 d2.utils.events]: [0m eta: 0:20:22  iter: 479  total_loss: 0.890  loss_cls: 0.182  loss_box_reg: 0.385  loss_mask: 0.251  loss_rpn_cls: 0.023  loss_rpn_loc: 0.028  time: 0.2849  data_time: 0.0090  lr: 0.000120  max_mem: 2289M
[32m[03/21 15:37:43 d2.utils.events]: [0m eta: 0:20:18  iter: 499  total_loss: 0.887  loss_cls: 0.179  loss_box_reg: 0.369  loss_mask: 0.237  loss_rpn_cls: 0.025  loss_rpn_loc: 0.030  time: 0.2849  data_time: 0.0093  lr: 0.000125  max_mem: 2289M
[32m[03/21 15:37:49 d2.utils.events]: [0m eta: 0:20:11  iter: 519  total_loss: 0.863  loss_cls: 0.183  loss_box_reg: 0.343  loss_mask: 0.262  loss_rpn_cls: 0.038  loss_rpn_loc: 0.022  time: 0.2840  data_time: 0.0079  lr: 0.000130  max_mem: 2289M
[32m[03/21 15:37:54 d2.utils.events]: [0m eta: 0:20:05  iter: 539  total_loss: 0.793  loss_cls: 0.155  loss_box_reg: 0.315  loss_mask: 0.256  loss_rpn_cls: 0.028  loss_rpn_loc: 0.026  time: 0.2836  data_time: 0.0083  lr: 0.000135  max_mem: 2289M
[32m[03/21 15:37:59 d2.utils.events]: [0m eta: 0:19:59  iter: 559  total_loss: 0.694  loss_cls: 0.146  loss_box_reg: 0.280  loss_mask: 0.225  loss_rpn_cls: 0.023  loss_rpn_loc: 0.020  time: 0.2829  data_time: 0.0082  lr: 0.000140  max_mem: 2289M
[32m[03/21 15:38:05 d2.utils.events]: [0m eta: 0:19:53  iter: 579  total_loss: 1.042  loss_cls: 0.183  loss_box_reg: 0.442  loss_mask: 0.301  loss_rpn_cls: 0.039  loss_rpn_loc: 0.030  time: 0.2824  data_time: 0.0087  lr: 0.000145  max_mem: 2289M
[32m[03/21 15:38:10 d2.utils.events]: [0m eta: 0:19:48  iter: 599  total_loss: 0.762  loss_cls: 0.175  loss_box_reg: 0.316  loss_mask: 0.227  loss_rpn_cls: 0.023  loss_rpn_loc: 0.032  time: 0.2820  data_time: 0.0095  lr: 0.000150  max_mem: 2289M
[32m[03/21 15:38:16 d2.utils.events]: [0m eta: 0:19:43  iter: 619  total_loss: 0.818  loss_cls: 0.151  loss_box_reg: 0.330  loss_mask: 0.233  loss_rpn_cls: 0.017  loss_rpn_loc: 0.023  time: 0.2817  data_time: 0.0081  lr: 0.000155  max_mem: 2289M
[32m[03/21 15:38:21 d2.utils.events]: [0m eta: 0:19:37  iter: 639  total_loss: 0.872  loss_cls: 0.167  loss_box_reg: 0.342  loss_mask: 0.244  loss_rpn_cls: 0.029  loss_rpn_loc: 0.024  time: 0.2813  data_time: 0.0094  lr: 0.000160  max_mem: 2289M
[32m[03/21 15:38:26 d2.utils.events]: [0m eta: 0:19:32  iter: 659  total_loss: 0.761  loss_cls: 0.137  loss_box_reg: 0.292  loss_mask: 0.197  loss_rpn_cls: 0.027  loss_rpn_loc: 0.031  time: 0.2809  data_time: 0.0089  lr: 0.000165  max_mem: 2289M
[32m[03/21 15:38:32 d2.utils.events]: [0m eta: 0:19:26  iter: 679  total_loss: 0.707  loss_cls: 0.160  loss_box_reg: 0.274  loss_mask: 0.193  loss_rpn_cls: 0.017  loss_rpn_loc: 0.028  time: 0.2805  data_time: 0.0080  lr: 0.000170  max_mem: 2289M
[32m[03/21 15:38:38 d2.utils.events]: [0m eta: 0:19:21  iter: 699  total_loss: 0.781  loss_cls: 0.169  loss_box_reg: 0.302  loss_mask: 0.241  loss_rpn_cls: 0.021  loss_rpn_loc: 0.034  time: 0.2806  data_time: 0.0095  lr: 0.000175  max_mem: 2289M
[32m[03/21 15:38:43 d2.utils.events]: [0m eta: 0:19:16  iter: 719  total_loss: 0.929  loss_cls: 0.192  loss_box_reg: 0.351  loss_mask: 0.254  loss_rpn_cls: 0.033  loss_rpn_loc: 0.037  time: 0.2804  data_time: 0.0092  lr: 0.000180  max_mem: 2289M
[32m[03/21 15:38:49 d2.utils.events]: [0m eta: 0:19:11  iter: 739  total_loss: 0.652  loss_cls: 0.115  loss_box_reg: 0.255  loss_mask: 0.213  loss_rpn_cls: 0.020  loss_rpn_loc: 0.022  time: 0.2802  data_time: 0.0081  lr: 0.000185  max_mem: 2289M
[32m[03/21 15:38:54 d2.utils.events]: [0m eta: 0:19:05  iter: 759  total_loss: 0.724  loss_cls: 0.157  loss_box_reg: 0.303  loss_mask: 0.234  loss_rpn_cls: 0.020  loss_rpn_loc: 0.029  time: 0.2799  data_time: 0.0080  lr: 0.000190  max_mem: 2289M
[32m[03/21 15:38:59 d2.utils.events]: [0m eta: 0:19:00  iter: 779  total_loss: 0.745  loss_cls: 0.145  loss_box_reg: 0.312  loss_mask: 0.236  loss_rpn_cls: 0.020  loss_rpn_loc: 0.031  time: 0.2797  data_time: 0.0080  lr: 0.000195  max_mem: 2289M
[32m[03/21 15:39:05 d2.utils.events]: [0m eta: 0:18:54  iter: 799  total_loss: 0.611  loss_cls: 0.116  loss_box_reg: 0.242  loss_mask: 0.196  loss_rpn_cls: 0.022  loss_rpn_loc: 0.021  time: 0.2796  data_time: 0.0089  lr: 0.000200  max_mem: 2289M
[32m[03/21 15:39:10 d2.utils.events]: [0m eta: 0:18:49  iter: 819  total_loss: 0.615  loss_cls: 0.119  loss_box_reg: 0.234  loss_mask: 0.205  loss_rpn_cls: 0.022  loss_rpn_loc: 0.021  time: 0.2795  data_time: 0.0084  lr: 0.000205  max_mem: 2289M
[32m[03/21 15:39:16 d2.utils.events]: [0m eta: 0:18:45  iter: 839  total_loss: 0.732  loss_cls: 0.164  loss_box_reg: 0.290  loss_mask: 0.217  loss_rpn_cls: 0.028  loss_rpn_loc: 0.032  time: 0.2795  data_time: 0.0092  lr: 0.000210  max_mem: 2289M
[32m[03/21 15:39:21 d2.utils.events]: [0m eta: 0:18:40  iter: 859  total_loss: 0.797  loss_cls: 0.153  loss_box_reg: 0.308  loss_mask: 0.274  loss_rpn_cls: 0.022  loss_rpn_loc: 0.029  time: 0.2794  data_time: 0.0088  lr: 0.000215  max_mem: 2289M
[32m[03/21 15:39:27 d2.utils.events]: [0m eta: 0:18:34  iter: 879  total_loss: 0.698  loss_cls: 0.153  loss_box_reg: 0.272  loss_mask: 0.225  loss_rpn_cls: 0.017  loss_rpn_loc: 0.023  time: 0.2792  data_time: 0.0089  lr: 0.000220  max_mem: 2289M
[32m[03/21 15:39:33 d2.utils.events]: [0m eta: 0:18:29  iter: 899  total_loss: 0.624  loss_cls: 0.126  loss_box_reg: 0.267  loss_mask: 0.217  loss_rpn_cls: 0.020  loss_rpn_loc: 0.023  time: 0.2792  data_time: 0.0091  lr: 0.000225  max_mem: 2289M
[32m[03/21 15:39:38 d2.utils.events]: [0m eta: 0:18:24  iter: 919  total_loss: 0.698  loss_cls: 0.151  loss_box_reg: 0.298  loss_mask: 0.230  loss_rpn_cls: 0.016  loss_rpn_loc: 0.025  time: 0.2792  data_time: 0.0085  lr: 0.000230  max_mem: 2289M
[32m[03/21 15:39:44 d2.utils.events]: [0m eta: 0:18:19  iter: 939  total_loss: 0.634  loss_cls: 0.121  loss_box_reg: 0.209  loss_mask: 0.223  loss_rpn_cls: 0.022  loss_rpn_loc: 0.020  time: 0.2792  data_time: 0.0085  lr: 0.000235  max_mem: 2289M
[32m[03/21 15:39:49 d2.utils.events]: [0m eta: 0:18:14  iter: 959  total_loss: 0.715  loss_cls: 0.144  loss_box_reg: 0.295  loss_mask: 0.208  loss_rpn_cls: 0.015  loss_rpn_loc: 0.025  time: 0.2791  data_time: 0.0087  lr: 0.000240  max_mem: 2289M
[32m[03/21 15:39:55 d2.utils.events]: [0m eta: 0:18:09  iter: 979  total_loss: 0.682  loss_cls: 0.144  loss_box_reg: 0.279  loss_mask: 0.221  loss_rpn_cls: 0.018  loss_rpn_loc: 0.021  time: 0.2792  data_time: 0.0083  lr: 0.000245  max_mem: 2289M
[32m[03/21 15:40:01 d2.utils.events]: [0m eta: 0:18:04  iter: 999  total_loss: 0.653  loss_cls: 0.129  loss_box_reg: 0.249  loss_mask: 0.209  loss_rpn_cls: 0.019  loss_rpn_loc: 0.024  time: 0.2792  data_time: 0.0089  lr: 0.000250  max_mem: 2289M
[32m[03/21 15:40:06 d2.utils.events]: [0m eta: 0:17:58  iter: 1019  total_loss: 0.633  loss_cls: 0.121  loss_box_reg: 0.234  loss_mask: 0.196  loss_rpn_cls: 0.016  loss_rpn_loc: 0.027  time: 0.2792  data_time: 0.0095  lr: 0.000250  max_mem: 2289M
[32m[03/21 15:40:12 d2.utils.events]: [0m eta: 0:17:54  iter: 1039  total_loss: 0.533  loss_cls: 0.091  loss_box_reg: 0.220  loss_mask: 0.182  loss_rpn_cls: 0.016  loss_rpn_loc: 0.021  time: 0.2792  data_time: 0.0090  lr: 0.000250  max_mem: 2289M
[32m[03/21 15:40:17 d2.utils.events]: [0m eta: 0:17:50  iter: 1059  total_loss: 0.600  loss_cls: 0.121  loss_box_reg: 0.255  loss_mask: 0.196  loss_rpn_cls: 0.015  loss_rpn_loc: 0.033  time: 0.2792  data_time: 0.0089  lr: 0.000250  max_mem: 2289M
[32m[03/21 15:40:23 d2.utils.events]: [0m eta: 0:17:45  iter: 1079  total_loss: 0.655  loss_cls: 0.125  loss_box_reg: 0.245  loss_mask: 0.175  loss_rpn_cls: 0.012  loss_rpn_loc: 0.020  time: 0.2794  data_time: 0.0087  lr: 0.000250  max_mem: 2289M
[32m[03/21 15:40:29 d2.utils.events]: [0m eta: 0:17:40  iter: 1099  total_loss: 0.572  loss_cls: 0.110  loss_box_reg: 0.234  loss_mask: 0.184  loss_rpn_cls: 0.011  loss_rpn_loc: 0.018  time: 0.2793  data_time: 0.0074  lr: 0.000250  max_mem: 2289M
[32m[03/21 15:40:34 d2.utils.events]: [0m eta: 0:17:35  iter: 1119  total_loss: 0.723  loss_cls: 0.149  loss_box_reg: 0.296  loss_mask: 0.226  loss_rpn_cls: 0.020  loss_rpn_loc: 0.029  time: 0.2792  data_time: 0.0084  lr: 0.000250  max_mem: 2289M
[32m[03/21 15:40:40 d2.utils.events]: [0m eta: 0:17:31  iter: 1139  total_loss: 0.657  loss_cls: 0.136  loss_box_reg: 0.248  loss_mask: 0.235  loss_rpn_cls: 0.029  loss_rpn_loc: 0.027  time: 0.2792  data_time: 0.0083  lr: 0.000250  max_mem: 2289M
[32m[03/21 15:40:45 d2.utils.events]: [0m eta: 0:17:26  iter: 1159  total_loss: 0.570  loss_cls: 0.134  loss_box_reg: 0.202  loss_mask: 0.194  loss_rpn_cls: 0.015  loss_rpn_loc: 0.024  time: 0.2790  data_time: 0.0078  lr: 0.000250  max_mem: 2289M
[32m[03/21 15:40:51 d2.utils.events]: [0m eta: 0:17:21  iter: 1179  total_loss: 0.683  loss_cls: 0.124  loss_box_reg: 0.262  loss_mask: 0.229  loss_rpn_cls: 0.024  loss_rpn_loc: 0.029  time: 0.2790  data_time: 0.0091  lr: 0.000250  max_mem: 2289M
[32m[03/21 15:40:56 d2.utils.events]: [0m eta: 0:17:16  iter: 1199  total_loss: 0.743  loss_cls: 0.136  loss_box_reg: 0.273  loss_mask: 0.200  loss_rpn_cls: 0.023  loss_rpn_loc: 0.029  time: 0.2789  data_time: 0.0092  lr: 0.000250  max_mem: 2289M
[32m[03/21 15:41:02 d2.utils.events]: [0m eta: 0:17:11  iter: 1219  total_loss: 0.614  loss_cls: 0.119  loss_box_reg: 0.276  loss_mask: 0.175  loss_rpn_cls: 0.016  loss_rpn_loc: 0.032  time: 0.2789  data_time: 0.0080  lr: 0.000250  max_mem: 2289M
[32m[03/21 15:41:07 d2.utils.events]: [0m eta: 0:17:06  iter: 1239  total_loss: 0.678  loss_cls: 0.144  loss_box_reg: 0.282  loss_mask: 0.199  loss_rpn_cls: 0.026  loss_rpn_loc: 0.029  time: 0.2789  data_time: 0.0083  lr: 0.000250  max_mem: 2289M
[32m[03/21 15:41:13 d2.utils.events]: [0m eta: 0:17:02  iter: 1259  total_loss: 0.668  loss_cls: 0.126  loss_box_reg: 0.240  loss_mask: 0.214  loss_rpn_cls: 0.021  loss_rpn_loc: 0.025  time: 0.2791  data_time: 0.0091  lr: 0.000250  max_mem: 2289M
[32m[03/21 15:41:19 d2.utils.events]: [0m eta: 0:16:58  iter: 1279  total_loss: 0.609  loss_cls: 0.113  loss_box_reg: 0.226  loss_mask: 0.186  loss_rpn_cls: 0.022  loss_rpn_loc: 0.025  time: 0.2790  data_time: 0.0080  lr: 0.000250  max_mem: 2289M
[32m[03/21 15:41:24 d2.utils.events]: [0m eta: 0:16:53  iter: 1299  total_loss: 0.731  loss_cls: 0.147  loss_box_reg: 0.286  loss_mask: 0.199  loss_rpn_cls: 0.020  loss_rpn_loc: 0.027  time: 0.2790  data_time: 0.0085  lr: 0.000250  max_mem: 2289M
[32m[03/21 15:41:30 d2.utils.events]: [0m eta: 0:16:49  iter: 1319  total_loss: 0.628  loss_cls: 0.098  loss_box_reg: 0.234  loss_mask: 0.204  loss_rpn_cls: 0.016  loss_rpn_loc: 0.016  time: 0.2789  data_time: 0.0079  lr: 0.000250  max_mem: 2289M
[32m[03/21 15:41:35 d2.utils.events]: [0m eta: 0:16:44  iter: 1339  total_loss: 0.599  loss_cls: 0.128  loss_box_reg: 0.255  loss_mask: 0.193  loss_rpn_cls: 0.019  loss_rpn_loc: 0.021  time: 0.2788  data_time: 0.0080  lr: 0.000250  max_mem: 2289M
[32m[03/21 15:41:41 d2.utils.events]: [0m eta: 0:16:38  iter: 1359  total_loss: 0.597  loss_cls: 0.116  loss_box_reg: 0.241  loss_mask: 0.207  loss_rpn_cls: 0.020  loss_rpn_loc: 0.017  time: 0.2787  data_time: 0.0094  lr: 0.000250  max_mem: 2289M
[32m[03/21 15:41:47 d2.utils.events]: [0m eta: 0:16:33  iter: 1379  total_loss: 0.606  loss_cls: 0.126  loss_box_reg: 0.226  loss_mask: 0.224  loss_rpn_cls: 0.020  loss_rpn_loc: 0.021  time: 0.2789  data_time: 0.0099  lr: 0.000250  max_mem: 2289M
[32m[03/21 15:41:52 d2.utils.events]: [0m eta: 0:16:28  iter: 1399  total_loss: 0.671  loss_cls: 0.130  loss_box_reg: 0.262  loss_mask: 0.229  loss_rpn_cls: 0.013  loss_rpn_loc: 0.024  time: 0.2790  data_time: 0.0094  lr: 0.000250  max_mem: 2289M
[32m[03/21 15:41:58 d2.utils.events]: [0m eta: 0:16:23  iter: 1419  total_loss: 0.622  loss_cls: 0.119  loss_box_reg: 0.231  loss_mask: 0.200  loss_rpn_cls: 0.014  loss_rpn_loc: 0.021  time: 0.2789  data_time: 0.0084  lr: 0.000250  max_mem: 2289M
[32m[03/21 15:42:03 d2.utils.events]: [0m eta: 0:16:18  iter: 1439  total_loss: 0.514  loss_cls: 0.106  loss_box_reg: 0.186  loss_mask: 0.185  loss_rpn_cls: 0.014  loss_rpn_loc: 0.014  time: 0.2788  data_time: 0.0086  lr: 0.000250  max_mem: 2289M
[32m[03/21 15:42:09 d2.utils.events]: [0m eta: 0:16:13  iter: 1459  total_loss: 0.619  loss_cls: 0.133  loss_box_reg: 0.242  loss_mask: 0.201  loss_rpn_cls: 0.015  loss_rpn_loc: 0.021  time: 0.2789  data_time: 0.0093  lr: 0.000250  max_mem: 2289M
[32m[03/21 15:42:14 d2.utils.events]: [0m eta: 0:16:08  iter: 1479  total_loss: 0.594  loss_cls: 0.115  loss_box_reg: 0.230  loss_mask: 0.210  loss_rpn_cls: 0.017  loss_rpn_loc: 0.027  time: 0.2789  data_time: 0.0091  lr: 0.000250  max_mem: 2289M
[32m[03/21 15:42:20 d2.utils.events]: [0m eta: 0:16:01  iter: 1499  total_loss: 0.609  loss_cls: 0.125  loss_box_reg: 0.243  loss_mask: 0.206  loss_rpn_cls: 0.017  loss_rpn_loc: 0.020  time: 0.2788  data_time: 0.0079  lr: 0.000250  max_mem: 2289M
[32m[03/21 15:42:25 d2.utils.events]: [0m eta: 0:15:57  iter: 1519  total_loss: 0.639  loss_cls: 0.123  loss_box_reg: 0.233  loss_mask: 0.203  loss_rpn_cls: 0.014  loss_rpn_loc: 0.019  time: 0.2787  data_time: 0.0090  lr: 0.000250  max_mem: 2289M
[32m[03/21 15:42:31 d2.utils.events]: [0m eta: 0:15:51  iter: 1539  total_loss: 0.678  loss_cls: 0.140  loss_box_reg: 0.290  loss_mask: 0.207  loss_rpn_cls: 0.023  loss_rpn_loc: 0.032  time: 0.2786  data_time: 0.0080  lr: 0.000250  max_mem: 2289M
[32m[03/21 15:42:36 d2.utils.events]: [0m eta: 0:15:47  iter: 1559  total_loss: 0.646  loss_cls: 0.123  loss_box_reg: 0.238  loss_mask: 0.190  loss_rpn_cls: 0.017  loss_rpn_loc: 0.019  time: 0.2785  data_time: 0.0083  lr: 0.000250  max_mem: 2289M
[32m[03/21 15:42:42 d2.utils.events]: [0m eta: 0:15:41  iter: 1579  total_loss: 0.553  loss_cls: 0.119  loss_box_reg: 0.222  loss_mask: 0.195  loss_rpn_cls: 0.016  loss_rpn_loc: 0.021  time: 0.2785  data_time: 0.0085  lr: 0.000250  max_mem: 2289M
[32m[03/21 15:42:47 d2.utils.events]: [0m eta: 0:15:36  iter: 1599  total_loss: 0.555  loss_cls: 0.106  loss_box_reg: 0.218  loss_mask: 0.181  loss_rpn_cls: 0.014  loss_rpn_loc: 0.017  time: 0.2784  data_time: 0.0091  lr: 0.000250  max_mem: 2289M
[32m[03/21 15:42:53 d2.utils.events]: [0m eta: 0:15:31  iter: 1619  total_loss: 0.632  loss_cls: 0.101  loss_box_reg: 0.239  loss_mask: 0.197  loss_rpn_cls: 0.013  loss_rpn_loc: 0.025  time: 0.2783  data_time: 0.0084  lr: 0.000250  max_mem: 2289M
[32m[03/21 15:42:59 d2.utils.events]: [0m eta: 0:15:29  iter: 1639  total_loss: 0.599  loss_cls: 0.127  loss_box_reg: 0.227  loss_mask: 0.210  loss_rpn_cls: 0.011  loss_rpn_loc: 0.022  time: 0.2784  data_time: 0.0088  lr: 0.000250  max_mem: 2289M
[32m[03/21 15:43:04 d2.utils.events]: [0m eta: 0:15:24  iter: 1659  total_loss: 0.607  loss_cls: 0.123  loss_box_reg: 0.229  loss_mask: 0.176  loss_rpn_cls: 0.016  loss_rpn_loc: 0.020  time: 0.2784  data_time: 0.0089  lr: 0.000250  max_mem: 2289M
[32m[03/21 15:43:10 d2.utils.events]: [0m eta: 0:15:20  iter: 1679  total_loss: 0.594  loss_cls: 0.136  loss_box_reg: 0.225  loss_mask: 0.197  loss_rpn_cls: 0.017  loss_rpn_loc: 0.020  time: 0.2789  data_time: 0.0393  lr: 0.000250  max_mem: 2289M
[32m[03/21 15:43:16 d2.utils.events]: [0m eta: 0:15:14  iter: 1699  total_loss: 0.624  loss_cls: 0.119  loss_box_reg: 0.232  loss_mask: 0.208  loss_rpn_cls: 0.016  loss_rpn_loc: 0.024  time: 0.2789  data_time: 0.0088  lr: 0.000250  max_mem: 2289M
[32m[03/21 15:43:24 d2.utils.events]: [0m eta: 0:15:09  iter: 1719  total_loss: 0.573  loss_cls: 0.123  loss_box_reg: 0.211  loss_mask: 0.188  loss_rpn_cls: 0.012  loss_rpn_loc: 0.015  time: 0.2803  data_time: 0.1307  lr: 0.000250  max_mem: 2289M
[32m[03/21 15:43:30 d2.utils.events]: [0m eta: 0:15:03  iter: 1739  total_loss: 0.688  loss_cls: 0.143  loss_box_reg: 0.263  loss_mask: 0.200  loss_rpn_cls: 0.009  loss_rpn_loc: 0.025  time: 0.2802  data_time: 0.0083  lr: 0.000250  max_mem: 2289M
[32m[03/21 15:43:35 d2.utils.events]: [0m eta: 0:14:58  iter: 1759  total_loss: 0.614  loss_cls: 0.146  loss_box_reg: 0.221  loss_mask: 0.188  loss_rpn_cls: 0.017  loss_rpn_loc: 0.022  time: 0.2803  data_time: 0.0093  lr: 0.000250  max_mem: 2289M
[32m[03/21 15:43:41 d2.utils.events]: [0m eta: 0:14:53  iter: 1779  total_loss: 0.715  loss_cls: 0.152  loss_box_reg: 0.269  loss_mask: 0.212  loss_rpn_cls: 0.019  loss_rpn_loc: 0.030  time: 0.2806  data_time: 0.0403  lr: 0.000250  max_mem: 2289M
[32m[03/21 15:43:47 d2.utils.events]: [0m eta: 0:14:48  iter: 1799  total_loss: 0.706  loss_cls: 0.152  loss_box_reg: 0.252  loss_mask: 0.197  loss_rpn_cls: 0.024  loss_rpn_loc: 0.041  time: 0.2806  data_time: 0.0088  lr: 0.000250  max_mem: 2289M
[32m[03/21 15:43:53 d2.utils.events]: [0m eta: 0:14:43  iter: 1819  total_loss: 0.642  loss_cls: 0.147  loss_box_reg: 0.237  loss_mask: 0.214  loss_rpn_cls: 0.015  loss_rpn_loc: 0.024  time: 0.2806  data_time: 0.0087  lr: 0.000250  max_mem: 2289M
[32m[03/21 15:43:58 d2.utils.events]: [0m eta: 0:14:37  iter: 1839  total_loss: 0.678  loss_cls: 0.132  loss_box_reg: 0.226  loss_mask: 0.190  loss_rpn_cls: 0.016  loss_rpn_loc: 0.021  time: 0.2806  data_time: 0.0091  lr: 0.000250  max_mem: 2289M
[32m[03/21 15:44:04 d2.utils.events]: [0m eta: 0:14:32  iter: 1859  total_loss: 0.580  loss_cls: 0.110  loss_box_reg: 0.225  loss_mask: 0.187  loss_rpn_cls: 0.013  loss_rpn_loc: 0.016  time: 0.2805  data_time: 0.0093  lr: 0.000250  max_mem: 2289M
[32m[03/21 15:44:09 d2.utils.events]: [0m eta: 0:14:26  iter: 1879  total_loss: 0.571  loss_cls: 0.127  loss_box_reg: 0.236  loss_mask: 0.169  loss_rpn_cls: 0.015  loss_rpn_loc: 0.022  time: 0.2804  data_time: 0.0083  lr: 0.000250  max_mem: 2289M
[32m[03/21 15:44:15 d2.utils.events]: [0m eta: 0:14:20  iter: 1899  total_loss: 0.566  loss_cls: 0.122  loss_box_reg: 0.204  loss_mask: 0.169  loss_rpn_cls: 0.013  loss_rpn_loc: 0.017  time: 0.2804  data_time: 0.0083  lr: 0.000250  max_mem: 2289M
[32m[03/21 15:44:24 d2.utils.events]: [0m eta: 0:14:15  iter: 1919  total_loss: 0.636  loss_cls: 0.128  loss_box_reg: 0.267  loss_mask: 0.207  loss_rpn_cls: 0.013  loss_rpn_loc: 0.026  time: 0.2820  data_time: 0.1630  lr: 0.000250  max_mem: 2289M
[32m[03/21 15:44:29 d2.utils.events]: [0m eta: 0:14:09  iter: 1939  total_loss: 0.637  loss_cls: 0.120  loss_box_reg: 0.244  loss_mask: 0.178  loss_rpn_cls: 0.015  loss_rpn_loc: 0.019  time: 0.2820  data_time: 0.0087  lr: 0.000250  max_mem: 2289M
[32m[03/21 15:44:36 d2.utils.events]: [0m eta: 0:14:04  iter: 1959  total_loss: 0.630  loss_cls: 0.141  loss_box_reg: 0.216  loss_mask: 0.177  loss_rpn_cls: 0.012  loss_rpn_loc: 0.015  time: 0.2826  data_time: 0.0094  lr: 0.000250  max_mem: 2289M
[32m[03/21 15:44:42 d2.utils.events]: [0m eta: 0:13:57  iter: 1979  total_loss: 0.518  loss_cls: 0.088  loss_box_reg: 0.193  loss_mask: 0.186  loss_rpn_cls: 0.011  loss_rpn_loc: 0.019  time: 0.2825  data_time: 0.0087  lr: 0.000250  max_mem: 2289M
[32m[03/21 15:44:48 d2.utils.events]: [0m eta: 0:13:52  iter: 1999  total_loss: 0.570  loss_cls: 0.104  loss_box_reg: 0.211  loss_mask: 0.187  loss_rpn_cls: 0.013  loss_rpn_loc: 0.029  time: 0.2825  data_time: 0.0093  lr: 0.000250  max_mem: 2289M
[32m[03/21 15:44:53 d2.utils.events]: [0m eta: 0:13:47  iter: 2019  total_loss: 0.564  loss_cls: 0.093  loss_box_reg: 0.217  loss_mask: 0.165  loss_rpn_cls: 0.011  loss_rpn_loc: 0.024  time: 0.2826  data_time: 0.0088  lr: 0.000250  max_mem: 2289M
[32m[03/21 15:44:59 d2.utils.events]: [0m eta: 0:13:41  iter: 2039  total_loss: 0.606  loss_cls: 0.132  loss_box_reg: 0.252  loss_mask: 0.163  loss_rpn_cls: 0.016  loss_rpn_loc: 0.022  time: 0.2826  data_time: 0.0089  lr: 0.000250  max_mem: 2289M
[32m[03/21 15:45:05 d2.utils.events]: [0m eta: 0:13:36  iter: 2059  total_loss: 0.537  loss_cls: 0.100  loss_box_reg: 0.232  loss_mask: 0.173  loss_rpn_cls: 0.009  loss_rpn_loc: 0.015  time: 0.2826  data_time: 0.0083  lr: 0.000250  max_mem: 2289M
[32m[03/21 15:45:10 d2.utils.events]: [0m eta: 0:13:30  iter: 2079  total_loss: 0.648  loss_cls: 0.136  loss_box_reg: 0.248  loss_mask: 0.197  loss_rpn_cls: 0.016  loss_rpn_loc: 0.025  time: 0.2826  data_time: 0.0086  lr: 0.000250  max_mem: 2289M
[32m[03/21 15:45:16 d2.utils.events]: [0m eta: 0:13:25  iter: 2099  total_loss: 0.556  loss_cls: 0.106  loss_box_reg: 0.207  loss_mask: 0.164  loss_rpn_cls: 0.009  loss_rpn_loc: 0.016  time: 0.2826  data_time: 0.0085  lr: 0.000250  max_mem: 2289M
[32m[03/21 15:45:22 d2.utils.events]: [0m eta: 0:13:20  iter: 2119  total_loss: 0.646  loss_cls: 0.131  loss_box_reg: 0.269  loss_mask: 0.214  loss_rpn_cls: 0.014  loss_rpn_loc: 0.020  time: 0.2826  data_time: 0.0087  lr: 0.000250  max_mem: 2289M
[32m[03/21 15:45:27 d2.utils.events]: [0m eta: 0:13:15  iter: 2139  total_loss: 0.730  loss_cls: 0.141  loss_box_reg: 0.273  loss_mask: 0.183  loss_rpn_cls: 0.020  loss_rpn_loc: 0.027  time: 0.2826  data_time: 0.0087  lr: 0.000250  max_mem: 2289M
[32m[03/21 15:45:33 d2.utils.events]: [0m eta: 0:13:10  iter: 2159  total_loss: 0.636  loss_cls: 0.147  loss_box_reg: 0.250  loss_mask: 0.180  loss_rpn_cls: 0.012  loss_rpn_loc: 0.028  time: 0.2826  data_time: 0.0086  lr: 0.000250  max_mem: 2289M
[32m[03/21 15:45:39 d2.utils.events]: [0m eta: 0:13:04  iter: 2179  total_loss: 0.593  loss_cls: 0.123  loss_box_reg: 0.242  loss_mask: 0.174  loss_rpn_cls: 0.010  loss_rpn_loc: 0.023  time: 0.2826  data_time: 0.0083  lr: 0.000250  max_mem: 2289M
[32m[03/21 15:45:44 d2.utils.events]: [0m eta: 0:12:59  iter: 2199  total_loss: 0.644  loss_cls: 0.145  loss_box_reg: 0.236  loss_mask: 0.186  loss_rpn_cls: 0.017  loss_rpn_loc: 0.035  time: 0.2825  data_time: 0.0085  lr: 0.000250  max_mem: 2289M
[32m[03/21 15:45:50 d2.utils.events]: [0m eta: 0:12:53  iter: 2219  total_loss: 0.503  loss_cls: 0.124  loss_box_reg: 0.204  loss_mask: 0.146  loss_rpn_cls: 0.018  loss_rpn_loc: 0.016  time: 0.2824  data_time: 0.0081  lr: 0.000250  max_mem: 2289M
[32m[03/21 15:45:55 d2.utils.events]: [0m eta: 0:12:48  iter: 2239  total_loss: 0.651  loss_cls: 0.138  loss_box_reg: 0.270  loss_mask: 0.191  loss_rpn_cls: 0.016  loss_rpn_loc: 0.031  time: 0.2824  data_time: 0.0084  lr: 0.000250  max_mem: 2289M
[32m[03/21 15:46:01 d2.utils.events]: [0m eta: 0:12:41  iter: 2259  total_loss: 0.518  loss_cls: 0.099  loss_box_reg: 0.213  loss_mask: 0.171  loss_rpn_cls: 0.010  loss_rpn_loc: 0.014  time: 0.2824  data_time: 0.0079  lr: 0.000250  max_mem: 2289M
[32m[03/21 15:46:06 d2.utils.events]: [0m eta: 0:12:35  iter: 2279  total_loss: 0.619  loss_cls: 0.122  loss_box_reg: 0.246  loss_mask: 0.208  loss_rpn_cls: 0.014  loss_rpn_loc: 0.024  time: 0.2823  data_time: 0.0086  lr: 0.000250  max_mem: 2289M
[32m[03/21 15:46:12 d2.utils.events]: [0m eta: 0:12:31  iter: 2299  total_loss: 0.636  loss_cls: 0.136  loss_box_reg: 0.277  loss_mask: 0.188  loss_rpn_cls: 0.012  loss_rpn_loc: 0.023  time: 0.2823  data_time: 0.0089  lr: 0.000250  max_mem: 2289M
[32m[03/21 15:46:18 d2.utils.events]: [0m eta: 0:12:25  iter: 2319  total_loss: 0.621  loss_cls: 0.123  loss_box_reg: 0.228  loss_mask: 0.203  loss_rpn_cls: 0.018  loss_rpn_loc: 0.032  time: 0.2823  data_time: 0.0083  lr: 0.000250  max_mem: 2289M
[32m[03/21 15:46:23 d2.utils.events]: [0m eta: 0:12:20  iter: 2339  total_loss: 0.594  loss_cls: 0.115  loss_box_reg: 0.232  loss_mask: 0.186  loss_rpn_cls: 0.016  loss_rpn_loc: 0.023  time: 0.2823  data_time: 0.0078  lr: 0.000250  max_mem: 2289M
[32m[03/21 15:46:29 d2.utils.events]: [0m eta: 0:12:15  iter: 2359  total_loss: 0.687  loss_cls: 0.143  loss_box_reg: 0.221  loss_mask: 0.214  loss_rpn_cls: 0.016  loss_rpn_loc: 0.029  time: 0.2823  data_time: 0.0087  lr: 0.000250  max_mem: 2289M
[32m[03/21 15:46:35 d2.utils.events]: [0m eta: 0:12:09  iter: 2379  total_loss: 0.578  loss_cls: 0.105  loss_box_reg: 0.253  loss_mask: 0.201  loss_rpn_cls: 0.015  loss_rpn_loc: 0.026  time: 0.2823  data_time: 0.0088  lr: 0.000250  max_mem: 2289M
[32m[03/21 15:46:40 d2.utils.events]: [0m eta: 0:12:03  iter: 2399  total_loss: 0.603  loss_cls: 0.103  loss_box_reg: 0.242  loss_mask: 0.204  loss_rpn_cls: 0.018  loss_rpn_loc: 0.023  time: 0.2822  data_time: 0.0088  lr: 0.000250  max_mem: 2289M
[32m[03/21 15:46:46 d2.utils.events]: [0m eta: 0:11:58  iter: 2419  total_loss: 0.639  loss_cls: 0.126  loss_box_reg: 0.250  loss_mask: 0.197  loss_rpn_cls: 0.015  loss_rpn_loc: 0.022  time: 0.2822  data_time: 0.0081  lr: 0.000250  max_mem: 2289M
[32m[03/21 15:46:51 d2.utils.events]: [0m eta: 0:11:53  iter: 2439  total_loss: 0.627  loss_cls: 0.107  loss_box_reg: 0.229  loss_mask: 0.173  loss_rpn_cls: 0.016  loss_rpn_loc: 0.026  time: 0.2822  data_time: 0.0076  lr: 0.000250  max_mem: 2289M
[32m[03/21 15:46:57 d2.utils.events]: [0m eta: 0:11:48  iter: 2459  total_loss: 0.600  loss_cls: 0.115  loss_box_reg: 0.235  loss_mask: 0.197  loss_rpn_cls: 0.013  loss_rpn_loc: 0.023  time: 0.2823  data_time: 0.0080  lr: 0.000250  max_mem: 2289M
[32m[03/21 15:47:03 d2.utils.events]: [0m eta: 0:11:42  iter: 2479  total_loss: 0.588  loss_cls: 0.124  loss_box_reg: 0.235  loss_mask: 0.176  loss_rpn_cls: 0.013  loss_rpn_loc: 0.017  time: 0.2822  data_time: 0.0082  lr: 0.000250  max_mem: 2289M
[32m[03/21 15:47:08 d2.utils.events]: [0m eta: 0:11:36  iter: 2499  total_loss: 0.524  loss_cls: 0.112  loss_box_reg: 0.196  loss_mask: 0.167  loss_rpn_cls: 0.007  loss_rpn_loc: 0.017  time: 0.2821  data_time: 0.0076  lr: 0.000250  max_mem: 2289M
[32m[03/21 15:47:14 d2.utils.events]: [0m eta: 0:11:31  iter: 2519  total_loss: 0.640  loss_cls: 0.130  loss_box_reg: 0.242  loss_mask: 0.212  loss_rpn_cls: 0.012  loss_rpn_loc: 0.016  time: 0.2821  data_time: 0.0080  lr: 0.000250  max_mem: 2289M
[32m[03/21 15:47:19 d2.utils.events]: [0m eta: 0:11:26  iter: 2539  total_loss: 0.570  loss_cls: 0.107  loss_box_reg: 0.219  loss_mask: 0.178  loss_rpn_cls: 0.014  loss_rpn_loc: 0.023  time: 0.2821  data_time: 0.0084  lr: 0.000250  max_mem: 2289M
[32m[03/21 15:47:25 d2.utils.events]: [0m eta: 0:11:21  iter: 2559  total_loss: 0.527  loss_cls: 0.105  loss_box_reg: 0.216  loss_mask: 0.165  loss_rpn_cls: 0.013  loss_rpn_loc: 0.015  time: 0.2821  data_time: 0.0089  lr: 0.000250  max_mem: 2289M
[32m[03/21 15:47:31 d2.utils.events]: [0m eta: 0:11:16  iter: 2579  total_loss: 0.558  loss_cls: 0.121  loss_box_reg: 0.241  loss_mask: 0.160  loss_rpn_cls: 0.013  loss_rpn_loc: 0.028  time: 0.2821  data_time: 0.0090  lr: 0.000250  max_mem: 2289M
[32m[03/21 15:47:36 d2.utils.events]: [0m eta: 0:11:11  iter: 2599  total_loss: 0.570  loss_cls: 0.109  loss_box_reg: 0.230  loss_mask: 0.187  loss_rpn_cls: 0.011  loss_rpn_loc: 0.020  time: 0.2821  data_time: 0.0084  lr: 0.000250  max_mem: 2289M
[32m[03/21 15:47:42 d2.utils.events]: [0m eta: 0:11:05  iter: 2619  total_loss: 0.608  loss_cls: 0.132  loss_box_reg: 0.255  loss_mask: 0.189  loss_rpn_cls: 0.011  loss_rpn_loc: 0.027  time: 0.2821  data_time: 0.0087  lr: 0.000250  max_mem: 2289M
[32m[03/21 15:47:48 d2.utils.events]: [0m eta: 0:10:59  iter: 2639  total_loss: 0.568  loss_cls: 0.107  loss_box_reg: 0.198  loss_mask: 0.171  loss_rpn_cls: 0.014  loss_rpn_loc: 0.024  time: 0.2821  data_time: 0.0085  lr: 0.000250  max_mem: 2289M
[32m[03/21 15:47:53 d2.utils.events]: [0m eta: 0:10:54  iter: 2659  total_loss: 0.619  loss_cls: 0.107  loss_box_reg: 0.220  loss_mask: 0.226  loss_rpn_cls: 0.011  loss_rpn_loc: 0.024  time: 0.2821  data_time: 0.0085  lr: 0.000250  max_mem: 2289M
[32m[03/21 15:47:59 d2.utils.events]: [0m eta: 0:10:48  iter: 2679  total_loss: 0.646  loss_cls: 0.141  loss_box_reg: 0.255  loss_mask: 0.195  loss_rpn_cls: 0.018  loss_rpn_loc: 0.025  time: 0.2821  data_time: 0.0081  lr: 0.000250  max_mem: 2289M
[32m[03/21 15:48:05 d2.utils.events]: [0m eta: 0:10:43  iter: 2699  total_loss: 0.510  loss_cls: 0.102  loss_box_reg: 0.203  loss_mask: 0.160  loss_rpn_cls: 0.008  loss_rpn_loc: 0.023  time: 0.2821  data_time: 0.0086  lr: 0.000250  max_mem: 2289M
[32m[03/21 15:48:10 d2.utils.events]: [0m eta: 0:10:37  iter: 2719  total_loss: 0.590  loss_cls: 0.132  loss_box_reg: 0.251  loss_mask: 0.186  loss_rpn_cls: 0.017  loss_rpn_loc: 0.023  time: 0.2820  data_time: 0.0084  lr: 0.000250  max_mem: 2289M
[32m[03/21 15:48:16 d2.utils.events]: [0m eta: 0:10:32  iter: 2739  total_loss: 0.555  loss_cls: 0.116  loss_box_reg: 0.191  loss_mask: 0.156  loss_rpn_cls: 0.012  loss_rpn_loc: 0.022  time: 0.2820  data_time: 0.0079  lr: 0.000250  max_mem: 2289M
[32m[03/21 15:48:21 d2.utils.events]: [0m eta: 0:10:26  iter: 2759  total_loss: 0.535  loss_cls: 0.122  loss_box_reg: 0.231  loss_mask: 0.174  loss_rpn_cls: 0.008  loss_rpn_loc: 0.017  time: 0.2820  data_time: 0.0084  lr: 0.000250  max_mem: 2289M
[32m[03/21 15:48:27 d2.utils.events]: [0m eta: 0:10:21  iter: 2779  total_loss: 0.621  loss_cls: 0.123  loss_box_reg: 0.249  loss_mask: 0.182  loss_rpn_cls: 0.012  loss_rpn_loc: 0.026  time: 0.2820  data_time: 0.0084  lr: 0.000250  max_mem: 2289M
[32m[03/21 15:48:32 d2.utils.events]: [0m eta: 0:10:15  iter: 2799  total_loss: 0.564  loss_cls: 0.110  loss_box_reg: 0.236  loss_mask: 0.179  loss_rpn_cls: 0.010  loss_rpn_loc: 0.019  time: 0.2819  data_time: 0.0081  lr: 0.000250  max_mem: 2289M
[32m[03/21 15:48:38 d2.utils.events]: [0m eta: 0:10:09  iter: 2819  total_loss: 0.501  loss_cls: 0.094  loss_box_reg: 0.198  loss_mask: 0.168  loss_rpn_cls: 0.013  loss_rpn_loc: 0.019  time: 0.2819  data_time: 0.0084  lr: 0.000250  max_mem: 2289M
[32m[03/21 15:48:44 d2.utils.events]: [0m eta: 0:10:04  iter: 2839  total_loss: 0.538  loss_cls: 0.109  loss_box_reg: 0.228  loss_mask: 0.168  loss_rpn_cls: 0.010  loss_rpn_loc: 0.017  time: 0.2819  data_time: 0.0080  lr: 0.000250  max_mem: 2289M
[32m[03/21 15:48:49 d2.utils.events]: [0m eta: 0:09:58  iter: 2859  total_loss: 0.578  loss_cls: 0.113  loss_box_reg: 0.245  loss_mask: 0.166  loss_rpn_cls: 0.013  loss_rpn_loc: 0.022  time: 0.2819  data_time: 0.0085  lr: 0.000250  max_mem: 2289M
[32m[03/21 15:48:55 d2.utils.events]: [0m eta: 0:09:53  iter: 2879  total_loss: 0.576  loss_cls: 0.107  loss_box_reg: 0.226  loss_mask: 0.176  loss_rpn_cls: 0.012  loss_rpn_loc: 0.016  time: 0.2818  data_time: 0.0079  lr: 0.000250  max_mem: 2289M
[32m[03/21 15:49:00 d2.utils.events]: [0m eta: 0:09:48  iter: 2899  total_loss: 0.581  loss_cls: 0.101  loss_box_reg: 0.249  loss_mask: 0.177  loss_rpn_cls: 0.011  loss_rpn_loc: 0.032  time: 0.2818  data_time: 0.0078  lr: 0.000250  max_mem: 2289M
[32m[03/21 15:49:06 d2.utils.events]: [0m eta: 0:09:42  iter: 2919  total_loss: 0.592  loss_cls: 0.120  loss_box_reg: 0.235  loss_mask: 0.219  loss_rpn_cls: 0.021  loss_rpn_loc: 0.019  time: 0.2818  data_time: 0.0088  lr: 0.000250  max_mem: 2289M
[32m[03/21 15:49:12 d2.utils.events]: [0m eta: 0:09:36  iter: 2939  total_loss: 0.639  loss_cls: 0.134  loss_box_reg: 0.269  loss_mask: 0.181  loss_rpn_cls: 0.014  loss_rpn_loc: 0.018  time: 0.2818  data_time: 0.0089  lr: 0.000250  max_mem: 2289M
[32m[03/21 15:49:17 d2.utils.events]: [0m eta: 0:09:31  iter: 2959  total_loss: 0.606  loss_cls: 0.129  loss_box_reg: 0.232  loss_mask: 0.195  loss_rpn_cls: 0.013  loss_rpn_loc: 0.021  time: 0.2818  data_time: 0.0081  lr: 0.000250  max_mem: 2289M
[32m[03/21 15:49:23 d2.utils.events]: [0m eta: 0:09:26  iter: 2979  total_loss: 0.558  loss_cls: 0.118  loss_box_reg: 0.260  loss_mask: 0.191  loss_rpn_cls: 0.012  loss_rpn_loc: 0.020  time: 0.2818  data_time: 0.0085  lr: 0.000250  max_mem: 2289M
[32m[03/21 15:49:29 d2.utils.events]: [0m eta: 0:09:20  iter: 2999  total_loss: 0.528  loss_cls: 0.102  loss_box_reg: 0.232  loss_mask: 0.163  loss_rpn_cls: 0.007  loss_rpn_loc: 0.021  time: 0.2818  data_time: 0.0079  lr: 0.000250  max_mem: 2289M
[32m[03/21 15:49:34 d2.utils.events]: [0m eta: 0:09:14  iter: 3019  total_loss: 0.572  loss_cls: 0.106  loss_box_reg: 0.230  loss_mask: 0.185  loss_rpn_cls: 0.011  loss_rpn_loc: 0.022  time: 0.2818  data_time: 0.0083  lr: 0.000250  max_mem: 2289M
[32m[03/21 15:49:40 d2.utils.events]: [0m eta: 0:09:08  iter: 3039  total_loss: 0.579  loss_cls: 0.119  loss_box_reg: 0.240  loss_mask: 0.183  loss_rpn_cls: 0.010  loss_rpn_loc: 0.029  time: 0.2818  data_time: 0.0088  lr: 0.000250  max_mem: 2289M
[32m[03/21 15:49:46 d2.utils.events]: [0m eta: 0:09:03  iter: 3059  total_loss: 0.573  loss_cls: 0.119  loss_box_reg: 0.226  loss_mask: 0.189  loss_rpn_cls: 0.013  loss_rpn_loc: 0.026  time: 0.2818  data_time: 0.0089  lr: 0.000250  max_mem: 2289M
[32m[03/21 15:49:51 d2.utils.events]: [0m eta: 0:08:57  iter: 3079  total_loss: 0.519  loss_cls: 0.107  loss_box_reg: 0.211  loss_mask: 0.165  loss_rpn_cls: 0.011  loss_rpn_loc: 0.022  time: 0.2818  data_time: 0.0089  lr: 0.000250  max_mem: 2289M
[32m[03/21 15:49:57 d2.utils.events]: [0m eta: 0:08:52  iter: 3099  total_loss: 0.654  loss_cls: 0.139  loss_box_reg: 0.276  loss_mask: 0.192  loss_rpn_cls: 0.022  loss_rpn_loc: 0.035  time: 0.2818  data_time: 0.0085  lr: 0.000250  max_mem: 2289M
[32m[03/21 15:50:02 d2.utils.events]: [0m eta: 0:08:46  iter: 3119  total_loss: 0.537  loss_cls: 0.112  loss_box_reg: 0.223  loss_mask: 0.167  loss_rpn_cls: 0.009  loss_rpn_loc: 0.019  time: 0.2818  data_time: 0.0095  lr: 0.000250  max_mem: 2289M
[32m[03/21 15:50:08 d2.utils.events]: [0m eta: 0:08:40  iter: 3139  total_loss: 0.465  loss_cls: 0.094  loss_box_reg: 0.196  loss_mask: 0.147  loss_rpn_cls: 0.009  loss_rpn_loc: 0.020  time: 0.2818  data_time: 0.0080  lr: 0.000250  max_mem: 2289M
[32m[03/21 15:50:14 d2.utils.events]: [0m eta: 0:08:35  iter: 3159  total_loss: 0.488  loss_cls: 0.090  loss_box_reg: 0.198  loss_mask: 0.166  loss_rpn_cls: 0.010  loss_rpn_loc: 0.017  time: 0.2818  data_time: 0.0085  lr: 0.000250  max_mem: 2289M
[32m[03/21 15:50:19 d2.utils.events]: [0m eta: 0:08:29  iter: 3179  total_loss: 0.585  loss_cls: 0.115  loss_box_reg: 0.247  loss_mask: 0.184  loss_rpn_cls: 0.009  loss_rpn_loc: 0.022  time: 0.2818  data_time: 0.0093  lr: 0.000250  max_mem: 2289M
[32m[03/21 15:50:25 d2.utils.events]: [0m eta: 0:08:23  iter: 3199  total_loss: 0.492  loss_cls: 0.097  loss_box_reg: 0.189  loss_mask: 0.175  loss_rpn_cls: 0.007  loss_rpn_loc: 0.011  time: 0.2817  data_time: 0.0087  lr: 0.000250  max_mem: 2289M
[32m[03/21 15:50:31 d2.utils.events]: [0m eta: 0:08:18  iter: 3219  total_loss: 0.599  loss_cls: 0.115  loss_box_reg: 0.249  loss_mask: 0.174  loss_rpn_cls: 0.006  loss_rpn_loc: 0.017  time: 0.2818  data_time: 0.0091  lr: 0.000250  max_mem: 2289M
[32m[03/21 15:50:36 d2.utils.events]: [0m eta: 0:08:12  iter: 3239  total_loss: 0.573  loss_cls: 0.117  loss_box_reg: 0.239  loss_mask: 0.168  loss_rpn_cls: 0.015  loss_rpn_loc: 0.034  time: 0.2817  data_time: 0.0088  lr: 0.000250  max_mem: 2289M
[32m[03/21 15:50:42 d2.utils.events]: [0m eta: 0:08:07  iter: 3259  total_loss: 0.608  loss_cls: 0.123  loss_box_reg: 0.216  loss_mask: 0.182  loss_rpn_cls: 0.012  loss_rpn_loc: 0.026  time: 0.2817  data_time: 0.0083  lr: 0.000250  max_mem: 2289M
[32m[03/21 15:50:48 d2.utils.events]: [0m eta: 0:08:02  iter: 3279  total_loss: 0.584  loss_cls: 0.119  loss_box_reg: 0.218  loss_mask: 0.200  loss_rpn_cls: 0.010  loss_rpn_loc: 0.020  time: 0.2818  data_time: 0.0085  lr: 0.000250  max_mem: 2289M
[32m[03/21 15:50:53 d2.utils.events]: [0m eta: 0:07:56  iter: 3299  total_loss: 0.582  loss_cls: 0.132  loss_box_reg: 0.211  loss_mask: 0.156  loss_rpn_cls: 0.012  loss_rpn_loc: 0.017  time: 0.2818  data_time: 0.0087  lr: 0.000250  max_mem: 2289M
[32m[03/21 15:50:59 d2.utils.events]: [0m eta: 0:07:51  iter: 3319  total_loss: 0.518  loss_cls: 0.102  loss_box_reg: 0.211  loss_mask: 0.158  loss_rpn_cls: 0.012  loss_rpn_loc: 0.019  time: 0.2818  data_time: 0.0098  lr: 0.000250  max_mem: 2289M
[32m[03/21 15:51:05 d2.utils.events]: [0m eta: 0:07:45  iter: 3339  total_loss: 0.578  loss_cls: 0.112  loss_box_reg: 0.224  loss_mask: 0.184  loss_rpn_cls: 0.008  loss_rpn_loc: 0.014  time: 0.2818  data_time: 0.0078  lr: 0.000250  max_mem: 2289M
[32m[03/21 15:51:10 d2.utils.events]: [0m eta: 0:07:40  iter: 3359  total_loss: 0.517  loss_cls: 0.098  loss_box_reg: 0.189  loss_mask: 0.170  loss_rpn_cls: 0.008  loss_rpn_loc: 0.017  time: 0.2819  data_time: 0.0083  lr: 0.000250  max_mem: 2289M
[32m[03/21 15:51:16 d2.utils.events]: [0m eta: 0:07:34  iter: 3379  total_loss: 0.515  loss_cls: 0.111  loss_box_reg: 0.206  loss_mask: 0.189  loss_rpn_cls: 0.014  loss_rpn_loc: 0.018  time: 0.2819  data_time: 0.0093  lr: 0.000250  max_mem: 2289M
[32m[03/21 15:51:22 d2.utils.events]: [0m eta: 0:07:28  iter: 3399  total_loss: 0.543  loss_cls: 0.110  loss_box_reg: 0.207  loss_mask: 0.180  loss_rpn_cls: 0.014  loss_rpn_loc: 0.022  time: 0.2818  data_time: 0.0086  lr: 0.000250  max_mem: 2289M
[32m[03/21 15:51:27 d2.utils.events]: [0m eta: 0:07:22  iter: 3419  total_loss: 0.646  loss_cls: 0.097  loss_box_reg: 0.267  loss_mask: 0.204  loss_rpn_cls: 0.012  loss_rpn_loc: 0.026  time: 0.2818  data_time: 0.0075  lr: 0.000250  max_mem: 2289M
[32m[03/21 15:51:33 d2.utils.events]: [0m eta: 0:07:16  iter: 3439  total_loss: 0.577  loss_cls: 0.109  loss_box_reg: 0.228  loss_mask: 0.175  loss_rpn_cls: 0.009  loss_rpn_loc: 0.014  time: 0.2817  data_time: 0.0079  lr: 0.000250  max_mem: 2289M
[32m[03/21 15:51:38 d2.utils.events]: [0m eta: 0:07:10  iter: 3459  total_loss: 0.527  loss_cls: 0.101  loss_box_reg: 0.217  loss_mask: 0.170  loss_rpn_cls: 0.010  loss_rpn_loc: 0.020  time: 0.2816  data_time: 0.0080  lr: 0.000250  max_mem: 2289M
[32m[03/21 15:51:43 d2.utils.events]: [0m eta: 0:07:05  iter: 3479  total_loss: 0.582  loss_cls: 0.115  loss_box_reg: 0.254  loss_mask: 0.191  loss_rpn_cls: 0.007  loss_rpn_loc: 0.022  time: 0.2816  data_time: 0.0085  lr: 0.000250  max_mem: 2289M
[32m[03/21 15:51:49 d2.utils.events]: [0m eta: 0:06:59  iter: 3499  total_loss: 0.548  loss_cls: 0.120  loss_box_reg: 0.227  loss_mask: 0.161  loss_rpn_cls: 0.010  loss_rpn_loc: 0.029  time: 0.2816  data_time: 0.0087  lr: 0.000250  max_mem: 2289M
[32m[03/21 15:51:55 d2.utils.events]: [0m eta: 0:06:53  iter: 3519  total_loss: 0.557  loss_cls: 0.104  loss_box_reg: 0.231  loss_mask: 0.167  loss_rpn_cls: 0.006  loss_rpn_loc: 0.017  time: 0.2816  data_time: 0.0087  lr: 0.000250  max_mem: 2289M
[32m[03/21 15:52:00 d2.utils.events]: [0m eta: 0:06:48  iter: 3539  total_loss: 0.515  loss_cls: 0.105  loss_box_reg: 0.213  loss_mask: 0.151  loss_rpn_cls: 0.006  loss_rpn_loc: 0.021  time: 0.2816  data_time: 0.0087  lr: 0.000250  max_mem: 2289M
[32m[03/21 15:52:06 d2.utils.events]: [0m eta: 0:06:42  iter: 3559  total_loss: 0.594  loss_cls: 0.088  loss_box_reg: 0.201  loss_mask: 0.201  loss_rpn_cls: 0.009  loss_rpn_loc: 0.022  time: 0.2816  data_time: 0.0083  lr: 0.000250  max_mem: 2289M
[32m[03/21 15:52:12 d2.utils.events]: [0m eta: 0:06:37  iter: 3579  total_loss: 0.548  loss_cls: 0.107  loss_box_reg: 0.220  loss_mask: 0.182  loss_rpn_cls: 0.009  loss_rpn_loc: 0.017  time: 0.2816  data_time: 0.0078  lr: 0.000250  max_mem: 2289M
[32m[03/21 15:52:17 d2.utils.events]: [0m eta: 0:06:31  iter: 3599  total_loss: 0.579  loss_cls: 0.117  loss_box_reg: 0.223  loss_mask: 0.175  loss_rpn_cls: 0.014  loss_rpn_loc: 0.029  time: 0.2815  data_time: 0.0081  lr: 0.000250  max_mem: 2289M
[32m[03/21 15:52:22 d2.utils.events]: [0m eta: 0:06:25  iter: 3619  total_loss: 0.572  loss_cls: 0.111  loss_box_reg: 0.204  loss_mask: 0.182  loss_rpn_cls: 0.010  loss_rpn_loc: 0.016  time: 0.2814  data_time: 0.0080  lr: 0.000250  max_mem: 2289M
[32m[03/21 15:52:28 d2.utils.events]: [0m eta: 0:06:20  iter: 3639  total_loss: 0.467  loss_cls: 0.089  loss_box_reg: 0.186  loss_mask: 0.155  loss_rpn_cls: 0.008  loss_rpn_loc: 0.014  time: 0.2814  data_time: 0.0083  lr: 0.000250  max_mem: 2289M
[32m[03/21 15:52:34 d2.utils.events]: [0m eta: 0:06:14  iter: 3659  total_loss: 0.689  loss_cls: 0.150  loss_box_reg: 0.246  loss_mask: 0.196  loss_rpn_cls: 0.015  loss_rpn_loc: 0.021  time: 0.2814  data_time: 0.0092  lr: 0.000250  max_mem: 2289M
[32m[03/21 15:52:39 d2.utils.events]: [0m eta: 0:06:08  iter: 3679  total_loss: 0.536  loss_cls: 0.098  loss_box_reg: 0.210  loss_mask: 0.161  loss_rpn_cls: 0.010  loss_rpn_loc: 0.021  time: 0.2814  data_time: 0.0094  lr: 0.000250  max_mem: 2289M
[32m[03/21 15:52:45 d2.utils.events]: [0m eta: 0:06:03  iter: 3699  total_loss: 0.521  loss_cls: 0.105  loss_box_reg: 0.213  loss_mask: 0.150  loss_rpn_cls: 0.013  loss_rpn_loc: 0.023  time: 0.2814  data_time: 0.0091  lr: 0.000250  max_mem: 2289M
[32m[03/21 15:52:51 d2.utils.events]: [0m eta: 0:05:57  iter: 3719  total_loss: 0.549  loss_cls: 0.109  loss_box_reg: 0.206  loss_mask: 0.166  loss_rpn_cls: 0.013  loss_rpn_loc: 0.022  time: 0.2814  data_time: 0.0093  lr: 0.000250  max_mem: 2289M
[32m[03/21 15:52:56 d2.utils.events]: [0m eta: 0:05:51  iter: 3739  total_loss: 0.493  loss_cls: 0.101  loss_box_reg: 0.213  loss_mask: 0.158  loss_rpn_cls: 0.009  loss_rpn_loc: 0.022  time: 0.2814  data_time: 0.0085  lr: 0.000250  max_mem: 2289M
[32m[03/21 15:53:02 d2.utils.events]: [0m eta: 0:05:46  iter: 3759  total_loss: 0.570  loss_cls: 0.123  loss_box_reg: 0.199  loss_mask: 0.180  loss_rpn_cls: 0.012  loss_rpn_loc: 0.027  time: 0.2814  data_time: 0.0090  lr: 0.000250  max_mem: 2289M
[32m[03/21 15:53:08 d2.utils.events]: [0m eta: 0:05:40  iter: 3779  total_loss: 0.510  loss_cls: 0.104  loss_box_reg: 0.208  loss_mask: 0.158  loss_rpn_cls: 0.016  loss_rpn_loc: 0.019  time: 0.2814  data_time: 0.0079  lr: 0.000250  max_mem: 2289M
[32m[03/21 15:53:13 d2.utils.events]: [0m eta: 0:05:35  iter: 3799  total_loss: 0.552  loss_cls: 0.103  loss_box_reg: 0.204  loss_mask: 0.167  loss_rpn_cls: 0.013  loss_rpn_loc: 0.020  time: 0.2814  data_time: 0.0084  lr: 0.000250  max_mem: 2289M
[32m[03/21 15:53:19 d2.utils.events]: [0m eta: 0:05:29  iter: 3819  total_loss: 0.563  loss_cls: 0.095  loss_box_reg: 0.226  loss_mask: 0.194  loss_rpn_cls: 0.008  loss_rpn_loc: 0.018  time: 0.2814  data_time: 0.0085  lr: 0.000250  max_mem: 2289M
[32m[03/21 15:53:24 d2.utils.events]: [0m eta: 0:05:24  iter: 3839  total_loss: 0.537  loss_cls: 0.098  loss_box_reg: 0.216  loss_mask: 0.179  loss_rpn_cls: 0.014  loss_rpn_loc: 0.021  time: 0.2814  data_time: 0.0074  lr: 0.000250  max_mem: 2289M
[32m[03/21 15:53:30 d2.utils.events]: [0m eta: 0:05:18  iter: 3859  total_loss: 0.513  loss_cls: 0.117  loss_box_reg: 0.216  loss_mask: 0.167  loss_rpn_cls: 0.012  loss_rpn_loc: 0.021  time: 0.2814  data_time: 0.0085  lr: 0.000250  max_mem: 2289M
[32m[03/21 15:53:35 d2.utils.events]: [0m eta: 0:05:12  iter: 3879  total_loss: 0.546  loss_cls: 0.108  loss_box_reg: 0.234  loss_mask: 0.154  loss_rpn_cls: 0.009  loss_rpn_loc: 0.018  time: 0.2813  data_time: 0.0075  lr: 0.000250  max_mem: 2289M
[32m[03/21 15:53:41 d2.utils.events]: [0m eta: 0:05:07  iter: 3899  total_loss: 0.547  loss_cls: 0.093  loss_box_reg: 0.233  loss_mask: 0.169  loss_rpn_cls: 0.010  loss_rpn_loc: 0.017  time: 0.2813  data_time: 0.0084  lr: 0.000250  max_mem: 2289M
[32m[03/21 15:53:47 d2.utils.events]: [0m eta: 0:05:01  iter: 3919  total_loss: 0.565  loss_cls: 0.106  loss_box_reg: 0.237  loss_mask: 0.183  loss_rpn_cls: 0.011  loss_rpn_loc: 0.025  time: 0.2813  data_time: 0.0079  lr: 0.000250  max_mem: 2289M
[32m[03/21 15:53:52 d2.utils.events]: [0m eta: 0:04:56  iter: 3939  total_loss: 0.541  loss_cls: 0.102  loss_box_reg: 0.206  loss_mask: 0.164  loss_rpn_cls: 0.010  loss_rpn_loc: 0.019  time: 0.2813  data_time: 0.0076  lr: 0.000250  max_mem: 2289M
[32m[03/21 15:53:58 d2.utils.events]: [0m eta: 0:04:50  iter: 3959  total_loss: 0.521  loss_cls: 0.101  loss_box_reg: 0.215  loss_mask: 0.168  loss_rpn_cls: 0.015  loss_rpn_loc: 0.023  time: 0.2813  data_time: 0.0085  lr: 0.000250  max_mem: 2289M
[32m[03/21 15:54:04 d2.utils.events]: [0m eta: 0:04:44  iter: 3979  total_loss: 0.626  loss_cls: 0.121  loss_box_reg: 0.261  loss_mask: 0.186  loss_rpn_cls: 0.009  loss_rpn_loc: 0.021  time: 0.2813  data_time: 0.0084  lr: 0.000250  max_mem: 2289M
[32m[03/21 15:54:09 d2.utils.events]: [0m eta: 0:04:39  iter: 3999  total_loss: 0.569  loss_cls: 0.105  loss_box_reg: 0.224  loss_mask: 0.156  loss_rpn_cls: 0.010  loss_rpn_loc: 0.024  time: 0.2813  data_time: 0.0083  lr: 0.000250  max_mem: 2289M
[32m[03/21 15:54:15 d2.utils.events]: [0m eta: 0:04:33  iter: 4019  total_loss: 0.623  loss_cls: 0.136  loss_box_reg: 0.234  loss_mask: 0.193  loss_rpn_cls: 0.013  loss_rpn_loc: 0.025  time: 0.2813  data_time: 0.0089  lr: 0.000250  max_mem: 2289M
[32m[03/21 15:54:21 d2.utils.events]: [0m eta: 0:04:28  iter: 4039  total_loss: 0.578  loss_cls: 0.111  loss_box_reg: 0.227  loss_mask: 0.173  loss_rpn_cls: 0.013  loss_rpn_loc: 0.027  time: 0.2813  data_time: 0.0077  lr: 0.000250  max_mem: 2289M
[32m[03/21 15:54:26 d2.utils.events]: [0m eta: 0:04:22  iter: 4059  total_loss: 0.495  loss_cls: 0.096  loss_box_reg: 0.217  loss_mask: 0.171  loss_rpn_cls: 0.007  loss_rpn_loc: 0.018  time: 0.2813  data_time: 0.0090  lr: 0.000250  max_mem: 2289M
[32m[03/21 15:54:32 d2.utils.events]: [0m eta: 0:04:16  iter: 4079  total_loss: 0.634  loss_cls: 0.116  loss_box_reg: 0.243  loss_mask: 0.186  loss_rpn_cls: 0.008  loss_rpn_loc: 0.021  time: 0.2813  data_time: 0.0081  lr: 0.000250  max_mem: 2289M
[32m[03/21 15:54:37 d2.utils.events]: [0m eta: 0:04:11  iter: 4099  total_loss: 0.528  loss_cls: 0.101  loss_box_reg: 0.207  loss_mask: 0.171  loss_rpn_cls: 0.010  loss_rpn_loc: 0.020  time: 0.2812  data_time: 0.0087  lr: 0.000250  max_mem: 2289M
[32m[03/21 15:54:43 d2.utils.events]: [0m eta: 0:04:05  iter: 4119  total_loss: 0.586  loss_cls: 0.128  loss_box_reg: 0.236  loss_mask: 0.176  loss_rpn_cls: 0.010  loss_rpn_loc: 0.031  time: 0.2812  data_time: 0.0085  lr: 0.000250  max_mem: 2289M
[32m[03/21 15:54:48 d2.utils.events]: [0m eta: 0:04:00  iter: 4139  total_loss: 0.535  loss_cls: 0.102  loss_box_reg: 0.199  loss_mask: 0.187  loss_rpn_cls: 0.012  loss_rpn_loc: 0.022  time: 0.2812  data_time: 0.0089  lr: 0.000250  max_mem: 2289M
[32m[03/21 15:54:54 d2.utils.events]: [0m eta: 0:03:54  iter: 4159  total_loss: 0.508  loss_cls: 0.108  loss_box_reg: 0.200  loss_mask: 0.174  loss_rpn_cls: 0.014  loss_rpn_loc: 0.022  time: 0.2812  data_time: 0.0087  lr: 0.000250  max_mem: 2289M
[32m[03/21 15:55:00 d2.utils.events]: [0m eta: 0:03:49  iter: 4179  total_loss: 0.506  loss_cls: 0.094  loss_box_reg: 0.191  loss_mask: 0.160  loss_rpn_cls: 0.010  loss_rpn_loc: 0.016  time: 0.2812  data_time: 0.0090  lr: 0.000250  max_mem: 2289M
[32m[03/21 15:55:05 d2.utils.events]: [0m eta: 0:03:43  iter: 4199  total_loss: 0.467  loss_cls: 0.084  loss_box_reg: 0.178  loss_mask: 0.178  loss_rpn_cls: 0.009  loss_rpn_loc: 0.018  time: 0.2811  data_time: 0.0081  lr: 0.000250  max_mem: 2289M
[32m[03/21 15:55:11 d2.utils.events]: [0m eta: 0:03:37  iter: 4219  total_loss: 0.602  loss_cls: 0.101  loss_box_reg: 0.260  loss_mask: 0.169  loss_rpn_cls: 0.006  loss_rpn_loc: 0.019  time: 0.2812  data_time: 0.0096  lr: 0.000250  max_mem: 2289M
[32m[03/21 15:55:16 d2.utils.events]: [0m eta: 0:03:32  iter: 4239  total_loss: 0.536  loss_cls: 0.101  loss_box_reg: 0.230  loss_mask: 0.157  loss_rpn_cls: 0.010  loss_rpn_loc: 0.016  time: 0.2812  data_time: 0.0089  lr: 0.000250  max_mem: 2289M
[32m[03/21 15:55:22 d2.utils.events]: [0m eta: 0:03:26  iter: 4259  total_loss: 0.540  loss_cls: 0.099  loss_box_reg: 0.211  loss_mask: 0.170  loss_rpn_cls: 0.005  loss_rpn_loc: 0.018  time: 0.2811  data_time: 0.0072  lr: 0.000250  max_mem: 2289M
[32m[03/21 15:55:27 d2.utils.events]: [0m eta: 0:03:20  iter: 4279  total_loss: 0.515  loss_cls: 0.111  loss_box_reg: 0.210  loss_mask: 0.163  loss_rpn_cls: 0.009  loss_rpn_loc: 0.017  time: 0.2811  data_time: 0.0078  lr: 0.000250  max_mem: 2289M
[32m[03/21 15:55:33 d2.utils.events]: [0m eta: 0:03:15  iter: 4299  total_loss: 0.505  loss_cls: 0.099  loss_box_reg: 0.217  loss_mask: 0.165  loss_rpn_cls: 0.010  loss_rpn_loc: 0.015  time: 0.2811  data_time: 0.0080  lr: 0.000250  max_mem: 2289M
[32m[03/21 15:55:38 d2.utils.events]: [0m eta: 0:03:09  iter: 4319  total_loss: 0.574  loss_cls: 0.107  loss_box_reg: 0.218  loss_mask: 0.175  loss_rpn_cls: 0.009  loss_rpn_loc: 0.019  time: 0.2811  data_time: 0.0089  lr: 0.000250  max_mem: 2289M
[32m[03/21 15:55:44 d2.utils.events]: [0m eta: 0:03:03  iter: 4339  total_loss: 0.456  loss_cls: 0.089  loss_box_reg: 0.175  loss_mask: 0.174  loss_rpn_cls: 0.009  loss_rpn_loc: 0.015  time: 0.2810  data_time: 0.0078  lr: 0.000250  max_mem: 2289M
[32m[03/21 15:55:50 d2.utils.events]: [0m eta: 0:02:58  iter: 4359  total_loss: 0.624  loss_cls: 0.122  loss_box_reg: 0.246  loss_mask: 0.200  loss_rpn_cls: 0.009  loss_rpn_loc: 0.024  time: 0.2810  data_time: 0.0079  lr: 0.000250  max_mem: 2289M
[32m[03/21 15:55:55 d2.utils.events]: [0m eta: 0:02:52  iter: 4379  total_loss: 0.587  loss_cls: 0.097  loss_box_reg: 0.219  loss_mask: 0.181  loss_rpn_cls: 0.012  loss_rpn_loc: 0.025  time: 0.2810  data_time: 0.0095  lr: 0.000250  max_mem: 2289M
[32m[03/21 15:56:01 d2.utils.events]: [0m eta: 0:02:47  iter: 4399  total_loss: 0.562  loss_cls: 0.106  loss_box_reg: 0.200  loss_mask: 0.187  loss_rpn_cls: 0.014  loss_rpn_loc: 0.018  time: 0.2811  data_time: 0.0095  lr: 0.000250  max_mem: 2289M
[32m[03/21 15:56:07 d2.utils.events]: [0m eta: 0:02:41  iter: 4419  total_loss: 0.518  loss_cls: 0.113  loss_box_reg: 0.201  loss_mask: 0.170  loss_rpn_cls: 0.008  loss_rpn_loc: 0.026  time: 0.2810  data_time: 0.0090  lr: 0.000250  max_mem: 2289M
[32m[03/21 15:56:12 d2.utils.events]: [0m eta: 0:02:36  iter: 4439  total_loss: 0.559  loss_cls: 0.106  loss_box_reg: 0.222  loss_mask: 0.178  loss_rpn_cls: 0.009  loss_rpn_loc: 0.028  time: 0.2810  data_time: 0.0087  lr: 0.000250  max_mem: 2289M
[32m[03/21 15:56:18 d2.utils.events]: [0m eta: 0:02:30  iter: 4459  total_loss: 0.521  loss_cls: 0.093  loss_box_reg: 0.211  loss_mask: 0.165  loss_rpn_cls: 0.011  loss_rpn_loc: 0.017  time: 0.2810  data_time: 0.0083  lr: 0.000250  max_mem: 2289M
[32m[03/21 15:56:23 d2.utils.events]: [0m eta: 0:02:25  iter: 4479  total_loss: 0.514  loss_cls: 0.082  loss_box_reg: 0.218  loss_mask: 0.188  loss_rpn_cls: 0.011  loss_rpn_loc: 0.021  time: 0.2810  data_time: 0.0087  lr: 0.000250  max_mem: 2289M
[32m[03/21 15:56:28 d2.utils.events]: [0m eta: 0:02:19  iter: 4499  total_loss: 0.573  loss_cls: 0.112  loss_box_reg: 0.245  loss_mask: 0.167  loss_rpn_cls: 0.013  loss_rpn_loc: 0.025  time: 0.2809  data_time: 0.0083  lr: 0.000250  max_mem: 2289M
[32m[03/21 15:56:34 d2.utils.events]: [0m eta: 0:02:13  iter: 4519  total_loss: 0.614  loss_cls: 0.124  loss_box_reg: 0.215  loss_mask: 0.172  loss_rpn_cls: 0.012  loss_rpn_loc: 0.028  time: 0.2808  data_time: 0.0087  lr: 0.000250  max_mem: 2289M
[32m[03/21 15:56:39 d2.utils.events]: [0m eta: 0:02:07  iter: 4539  total_loss: 0.537  loss_cls: 0.105  loss_box_reg: 0.195  loss_mask: 0.175  loss_rpn_cls: 0.012  loss_rpn_loc: 0.016  time: 0.2808  data_time: 0.0088  lr: 0.000250  max_mem: 2289M
[32m[03/21 15:56:45 d2.utils.events]: [0m eta: 0:02:02  iter: 4559  total_loss: 0.487  loss_cls: 0.081  loss_box_reg: 0.190  loss_mask: 0.155  loss_rpn_cls: 0.008  loss_rpn_loc: 0.021  time: 0.2808  data_time: 0.0087  lr: 0.000250  max_mem: 2289M
[32m[03/21 15:56:50 d2.utils.events]: [0m eta: 0:01:56  iter: 4579  total_loss: 0.613  loss_cls: 0.115  loss_box_reg: 0.211  loss_mask: 0.171  loss_rpn_cls: 0.013  loss_rpn_loc: 0.029  time: 0.2808  data_time: 0.0082  lr: 0.000250  max_mem: 2289M
[32m[03/21 15:56:56 d2.utils.events]: [0m eta: 0:01:51  iter: 4599  total_loss: 0.536  loss_cls: 0.105  loss_box_reg: 0.213  loss_mask: 0.169  loss_rpn_cls: 0.007  loss_rpn_loc: 0.022  time: 0.2807  data_time: 0.0086  lr: 0.000250  max_mem: 2289M
[32m[03/21 15:57:01 d2.utils.events]: [0m eta: 0:01:45  iter: 4619  total_loss: 0.513  loss_cls: 0.100  loss_box_reg: 0.205  loss_mask: 0.163  loss_rpn_cls: 0.008  loss_rpn_loc: 0.018  time: 0.2807  data_time: 0.0085  lr: 0.000250  max_mem: 2289M
[32m[03/21 15:57:07 d2.utils.events]: [0m eta: 0:01:40  iter: 4639  total_loss: 0.576  loss_cls: 0.128  loss_box_reg: 0.254  loss_mask: 0.172  loss_rpn_cls: 0.011  loss_rpn_loc: 0.026  time: 0.2807  data_time: 0.0087  lr: 0.000250  max_mem: 2289M
[32m[03/21 15:57:12 d2.utils.events]: [0m eta: 0:01:34  iter: 4659  total_loss: 0.508  loss_cls: 0.096  loss_box_reg: 0.187  loss_mask: 0.149  loss_rpn_cls: 0.005  loss_rpn_loc: 0.014  time: 0.2807  data_time: 0.0086  lr: 0.000250  max_mem: 2289M
[32m[03/21 15:57:18 d2.utils.events]: [0m eta: 0:01:28  iter: 4679  total_loss: 0.593  loss_cls: 0.107  loss_box_reg: 0.241  loss_mask: 0.186  loss_rpn_cls: 0.010  loss_rpn_loc: 0.020  time: 0.2806  data_time: 0.0087  lr: 0.000250  max_mem: 2289M
[32m[03/21 15:57:23 d2.utils.events]: [0m eta: 0:01:23  iter: 4699  total_loss: 0.600  loss_cls: 0.127  loss_box_reg: 0.231  loss_mask: 0.170  loss_rpn_cls: 0.009  loss_rpn_loc: 0.024  time: 0.2806  data_time: 0.0089  lr: 0.000250  max_mem: 2289M
[32m[03/21 15:57:29 d2.utils.events]: [0m eta: 0:01:17  iter: 4719  total_loss: 0.508  loss_cls: 0.093  loss_box_reg: 0.208  loss_mask: 0.151  loss_rpn_cls: 0.011  loss_rpn_loc: 0.015  time: 0.2806  data_time: 0.0079  lr: 0.000250  max_mem: 2289M
[32m[03/21 15:57:34 d2.utils.events]: [0m eta: 0:01:12  iter: 4739  total_loss: 0.456  loss_cls: 0.085  loss_box_reg: 0.195  loss_mask: 0.155  loss_rpn_cls: 0.008  loss_rpn_loc: 0.021  time: 0.2805  data_time: 0.0091  lr: 0.000250  max_mem: 2289M
[32m[03/21 15:57:40 d2.utils.events]: [0m eta: 0:01:06  iter: 4759  total_loss: 0.567  loss_cls: 0.109  loss_box_reg: 0.230  loss_mask: 0.180  loss_rpn_cls: 0.009  loss_rpn_loc: 0.035  time: 0.2805  data_time: 0.0079  lr: 0.000250  max_mem: 2289M
[32m[03/21 15:57:45 d2.utils.events]: [0m eta: 0:01:01  iter: 4779  total_loss: 0.621  loss_cls: 0.111  loss_box_reg: 0.236  loss_mask: 0.199  loss_rpn_cls: 0.008  loss_rpn_loc: 0.023  time: 0.2805  data_time: 0.0090  lr: 0.000250  max_mem: 2289M
[32m[03/21 15:57:51 d2.utils.events]: [0m eta: 0:00:55  iter: 4799  total_loss: 0.534  loss_cls: 0.104  loss_box_reg: 0.203  loss_mask: 0.160  loss_rpn_cls: 0.009  loss_rpn_loc: 0.024  time: 0.2804  data_time: 0.0091  lr: 0.000250  max_mem: 2289M
[32m[03/21 15:57:56 d2.utils.events]: [0m eta: 0:00:49  iter: 4819  total_loss: 0.531  loss_cls: 0.105  loss_box_reg: 0.215  loss_mask: 0.159  loss_rpn_cls: 0.009  loss_rpn_loc: 0.026  time: 0.2804  data_time: 0.0084  lr: 0.000250  max_mem: 2289M
[32m[03/21 15:58:02 d2.utils.events]: [0m eta: 0:00:44  iter: 4839  total_loss: 0.557  loss_cls: 0.103  loss_box_reg: 0.227  loss_mask: 0.167  loss_rpn_cls: 0.009  loss_rpn_loc: 0.020  time: 0.2804  data_time: 0.0082  lr: 0.000250  max_mem: 2289M
[32m[03/21 15:58:07 d2.utils.events]: [0m eta: 0:00:38  iter: 4859  total_loss: 0.558  loss_cls: 0.101  loss_box_reg: 0.223  loss_mask: 0.160  loss_rpn_cls: 0.006  loss_rpn_loc: 0.023  time: 0.2804  data_time: 0.0090  lr: 0.000250  max_mem: 2289M
[32m[03/21 15:58:13 d2.utils.events]: [0m eta: 0:00:33  iter: 4879  total_loss: 0.549  loss_cls: 0.102  loss_box_reg: 0.207  loss_mask: 0.177  loss_rpn_cls: 0.010  loss_rpn_loc: 0.019  time: 0.2804  data_time: 0.0085  lr: 0.000250  max_mem: 2289M
[32m[03/21 15:58:18 d2.utils.events]: [0m eta: 0:00:27  iter: 4899  total_loss: 0.535  loss_cls: 0.101  loss_box_reg: 0.215  loss_mask: 0.156  loss_rpn_cls: 0.007  loss_rpn_loc: 0.025  time: 0.2803  data_time: 0.0087  lr: 0.000250  max_mem: 2289M
[32m[03/21 15:58:24 d2.utils.events]: [0m eta: 0:00:22  iter: 4919  total_loss: 0.545  loss_cls: 0.105  loss_box_reg: 0.225  loss_mask: 0.158  loss_rpn_cls: 0.007  loss_rpn_loc: 0.022  time: 0.2802  data_time: 0.0079  lr: 0.000250  max_mem: 2289M
[32m[03/21 15:58:29 d2.utils.events]: [0m eta: 0:00:16  iter: 4939  total_loss: 0.467  loss_cls: 0.094  loss_box_reg: 0.198  loss_mask: 0.157  loss_rpn_cls: 0.005  loss_rpn_loc: 0.020  time: 0.2802  data_time: 0.0085  lr: 0.000250  max_mem: 2289M
[32m[03/21 15:58:34 d2.utils.events]: [0m eta: 0:00:11  iter: 4959  total_loss: 0.443  loss_cls: 0.094  loss_box_reg: 0.187  loss_mask: 0.147  loss_rpn_cls: 0.006  loss_rpn_loc: 0.014  time: 0.2802  data_time: 0.0088  lr: 0.000250  max_mem: 2289M
[32m[03/21 15:58:40 d2.utils.events]: [0m eta: 0:00:05  iter: 4979  total_loss: 0.448  loss_cls: 0.094  loss_box_reg: 0.185  loss_mask: 0.157  loss_rpn_cls: 0.006  loss_rpn_loc: 0.016  time: 0.2801  data_time: 0.0081  lr: 0.000250  max_mem: 2289M
Loading sequence 0002
Loading sequence 0006
Loading sequence 0007
Loading sequence 0008
Loading sequence 0010
Loading sequence 0013
Loading sequence 0014
Loading sequence 0016
Loading sequence 0018
0002
0006
0007
0008
0010
0013
0014
0016
0018
Loaded 2920 images!
[32m[03/21 15:59:47 d2.data.build]: [0mDistribution of instances among all 3 categories:
[36m|  category  | #instances   |  category  | #instances   |  category  | #instances   |
|:----------:|:-------------|:----------:|:-------------|:----------:|:-------------|
|    None    | 0            |    Car     | 8029         | Pedestrian | 3347         |
|            |              |            |              |            |              |
|   total    | 11376        |            |              |            |              |[0m
[32m[03/21 15:59:47 d2.data.common]: [0mSerializing 2920 elements to byte tensors and concatenating them all ...
[32m[03/21 15:59:51 d2.data.common]: [0mSerialized dataset takes 7.44 MiB
[5m[31mWARNING[0m [32m[03/21 15:59:51 d2.engine.defaults]: [0mNo evaluator found. Use `DefaultTrainer.test(evaluators=)`, or implement its `build_evaluator` method.
[32m[03/21 15:59:51 d2.utils.events]: [0m eta: 0:00:00  iter: 4999  total_loss: 0.519  loss_cls: 0.110  loss_box_reg: 0.205  loss_mask: 0.164  loss_rpn_cls: 0.006  loss_rpn_loc: 0.017  time: 0.2801  data_time: 0.0082  lr: 0.000250  max_mem: 2289M
[32m[03/21 15:59:51 d2.engine.hooks]: [0mOverall training speed: 4997 iterations in 0:23:19 (0.2801 s / it)
[32m[03/21 15:59:51 d2.engine.hooks]: [0mTotal training time: 0:24:29 (0:01:10 on hooks)
Loading sequence 0002
Loading sequence 0006
Loading sequence 0007
Loading sequence 0008
Loading sequence 0010
Loading sequence 0013
Loading sequence 0014
Loading sequence 0016
Loading sequence 0018
0002
0006
0007
0008
0010
0013
0014
0016
0018
Loaded 2920 images!
[5m[31mWARNING[0m [32m[03/21 16:01:05 d2.evaluation.coco_evaluation]: [0mjson_file was not found in MetaDataCatalog for 'KITTI_MOTS_val'. Trying to convert it to COCO format ...
[32m[03/21 16:01:05 d2.data.datasets.coco]: [0mConverting annotations of dataset 'KITTI_MOTS_val' to COCO format ...)
Loading sequence 0002
Loading sequence 0006
Loading sequence 0007
Loading sequence 0008
Loading sequence 0010
Loading sequence 0013
Loading sequence 0014
Loading sequence 0016
Loading sequence 0018
0002
0006
0007
0008
0010
0013
0014
0016
0018
Loaded 2920 images!
[32m[03/21 16:02:04 d2.data.datasets.coco]: [0mConverting dataset dicts into COCO format
[32m[03/21 16:02:08 d2.data.datasets.coco]: [0mConversion finished, num images: 2920, num annotations: 11376
[32m[03/21 16:02:08 d2.data.datasets.coco]: [0mCaching COCO format annotations at '../mask_rcnn_R_50_FPN_3x/output/KITTI_MOTS_val_coco_format.json' ...
Loading sequence 0002
Loading sequence 0006
Loading sequence 0007
Loading sequence 0008
Loading sequence 0010
Loading sequence 0013
Loading sequence 0014
Loading sequence 0016
Loading sequence 0018
0002
0006
0007
0008
0010
0013
0014
0016
0018
Loaded 2920 images!
[32m[03/21 16:03:09 d2.data.common]: [0mSerializing 2920 elements to byte tensors and concatenating them all ...
[32m[03/21 16:03:09 d2.data.common]: [0mSerialized dataset takes 7.44 MiB
[32m[03/21 16:03:09 d2.evaluation.evaluator]: [0mStart inference on 2920 images
[32m[03/21 16:03:10 d2.evaluation.evaluator]: [0mInference done 11/2920. 0.0598 s / img. ETA=0:03:16
[32m[03/21 16:03:15 d2.evaluation.evaluator]: [0mInference done 90/2920. 0.0584 s / img. ETA=0:03:01
[32m[03/21 16:03:20 d2.evaluation.evaluator]: [0mInference done 166/2920. 0.0589 s / img. ETA=0:02:58
[32m[03/21 16:03:25 d2.evaluation.evaluator]: [0mInference done 245/2920. 0.0587 s / img. ETA=0:02:52
[32m[03/21 16:03:30 d2.evaluation.evaluator]: [0mInference done 329/2920. 0.0580 s / img. ETA=0:02:43
[32m[03/21 16:03:35 d2.evaluation.evaluator]: [0mInference done 404/2920. 0.0583 s / img. ETA=0:02:41
[32m[03/21 16:03:40 d2.evaluation.evaluator]: [0mInference done 473/2920. 0.0585 s / img. ETA=0:02:39
[32m[03/21 16:03:45 d2.evaluation.evaluator]: [0mInference done 552/2920. 0.0584 s / img. ETA=0:02:34
[32m[03/21 16:03:50 d2.evaluation.evaluator]: [0mInference done 632/2920. 0.0584 s / img. ETA=0:02:28
[32m[03/21 16:03:55 d2.evaluation.evaluator]: [0mInference done 710/2920. 0.0584 s / img. ETA=0:02:23
[32m[03/21 16:04:00 d2.evaluation.evaluator]: [0mInference done 778/2920. 0.0594 s / img. ETA=0:02:20
[32m[03/21 16:04:05 d2.evaluation.evaluator]: [0mInference done 857/2920. 0.0593 s / img. ETA=0:02:14
[32m[03/21 16:04:10 d2.evaluation.evaluator]: [0mInference done 931/2920. 0.0592 s / img. ETA=0:02:10
[32m[03/21 16:04:15 d2.evaluation.evaluator]: [0mInference done 1011/2920. 0.0592 s / img. ETA=0:02:04
[32m[03/21 16:04:20 d2.evaluation.evaluator]: [0mInference done 1091/2920. 0.0591 s / img. ETA=0:01:59
[32m[03/21 16:04:25 d2.evaluation.evaluator]: [0mInference done 1170/2920. 0.0591 s / img. ETA=0:01:53
[32m[03/21 16:04:30 d2.evaluation.evaluator]: [0mInference done 1249/2920. 0.0591 s / img. ETA=0:01:48
[32m[03/21 16:04:35 d2.evaluation.evaluator]: [0mInference done 1328/2920. 0.0591 s / img. ETA=0:01:43
[32m[03/21 16:04:40 d2.evaluation.evaluator]: [0mInference done 1407/2920. 0.0591 s / img. ETA=0:01:38
[32m[03/21 16:04:46 d2.evaluation.evaluator]: [0mInference done 1486/2920. 0.0591 s / img. ETA=0:01:32
[32m[03/21 16:04:51 d2.evaluation.evaluator]: [0mInference done 1565/2920. 0.0590 s / img. ETA=0:01:27
[32m[03/21 16:04:56 d2.evaluation.evaluator]: [0mInference done 1645/2920. 0.0590 s / img. ETA=0:01:22
[32m[03/21 16:05:01 d2.evaluation.evaluator]: [0mInference done 1726/2920. 0.0590 s / img. ETA=0:01:17
[32m[03/21 16:05:06 d2.evaluation.evaluator]: [0mInference done 1806/2920. 0.0590 s / img. ETA=0:01:11
[32m[03/21 16:05:11 d2.evaluation.evaluator]: [0mInference done 1887/2920. 0.0590 s / img. ETA=0:01:06
[32m[03/21 16:05:16 d2.evaluation.evaluator]: [0mInference done 1967/2920. 0.0590 s / img. ETA=0:01:01
[32m[03/21 16:05:21 d2.evaluation.evaluator]: [0mInference done 2045/2920. 0.0590 s / img. ETA=0:00:56
[32m[03/21 16:05:26 d2.evaluation.evaluator]: [0mInference done 2124/2920. 0.0590 s / img. ETA=0:00:51
[32m[03/21 16:05:31 d2.evaluation.evaluator]: [0mInference done 2203/2920. 0.0590 s / img. ETA=0:00:46
[32m[03/21 16:05:36 d2.evaluation.evaluator]: [0mInference done 2281/2920. 0.0590 s / img. ETA=0:00:41
[32m[03/21 16:05:41 d2.evaluation.evaluator]: [0mInference done 2358/2920. 0.0590 s / img. ETA=0:00:36
[32m[03/21 16:05:46 d2.evaluation.evaluator]: [0mInference done 2429/2920. 0.0590 s / img. ETA=0:00:31
[32m[03/21 16:05:51 d2.evaluation.evaluator]: [0mInference done 2498/2920. 0.0591 s / img. ETA=0:00:27
[32m[03/21 16:05:56 d2.evaluation.evaluator]: [0mInference done 2568/2920. 0.0592 s / img. ETA=0:00:22
[32m[03/21 16:06:01 d2.evaluation.evaluator]: [0mInference done 2644/2920. 0.0592 s / img. ETA=0:00:17
[32m[03/21 16:06:06 d2.evaluation.evaluator]: [0mInference done 2722/2920. 0.0592 s / img. ETA=0:00:12
[32m[03/21 16:06:11 d2.evaluation.evaluator]: [0mInference done 2798/2920. 0.0592 s / img. ETA=0:00:07
[32m[03/21 16:06:16 d2.evaluation.evaluator]: [0mInference done 2877/2920. 0.0592 s / img. ETA=0:00:02
[32m[03/21 16:06:20 d2.evaluation.evaluator]: [0mTotal inference time: 0:03:10.526921 (0.065361 s / img per device, on 1 devices)
[32m[03/21 16:06:20 d2.evaluation.evaluator]: [0mTotal inference pure compute time: 0:02:52 (0.059203 s / img per device, on 1 devices)
[32m[03/21 16:06:22 d2.evaluation.coco_evaluation]: [0mPreparing results for COCO format ...
[32m[03/21 16:06:22 d2.evaluation.coco_evaluation]: [0mSaving results to ../mask_rcnn_R_50_FPN_3x/output/coco_instances_results.json
[32m[03/21 16:06:22 d2.evaluation.coco_evaluation]: [0mEvaluating predictions ...
Loading and preparing results...
DONE (t=0.02s)
creating index...
index created!
Running per image evaluation...
Evaluate annotation type *bbox*
DONE (t=4.46s).
Accumulating evaluation results...
DONE (t=0.52s).
 Average Precision  (AP) @[ IoU=0.50:0.95 | area=   all | maxDets=100 ] = 0.615
 Average Precision  (AP) @[ IoU=0.50      | area=   all | maxDets=100 ] = 0.829
 Average Precision  (AP) @[ IoU=0.75      | area=   all | maxDets=100 ] = 0.712
 Average Precision  (AP) @[ IoU=0.50:0.95 | area= small | maxDets=100 ] = 0.437
 Average Precision  (AP) @[ IoU=0.50:0.95 | area=medium | maxDets=100 ] = 0.722
 Average Precision  (AP) @[ IoU=0.50:0.95 | area= large | maxDets=100 ] = 0.776
 Average Recall     (AR) @[ IoU=0.50:0.95 | area=   all | maxDets=  1 ] = 0.206
 Average Recall     (AR) @[ IoU=0.50:0.95 | area=   all | maxDets= 10 ] = 0.673
 Average Recall     (AR) @[ IoU=0.50:0.95 | area=   all | maxDets=100 ] = 0.680
 Average Recall     (AR) @[ IoU=0.50:0.95 | area= small | maxDets=100 ] = 0.512
 Average Recall     (AR) @[ IoU=0.50:0.95 | area=medium | maxDets=100 ] = 0.785
 Average Recall     (AR) @[ IoU=0.50:0.95 | area= large | maxDets=100 ] = 0.901
[32m[03/21 16:06:27 d2.evaluation.coco_evaluation]: [0mEvaluation results for bbox: 
|   AP   |  AP50  |  AP75  |  APs   |  APm   |  APl   |
|:------:|:------:|:------:|:------:|:------:|:------:|
| 61.468 | 82.864 | 71.243 | 43.657 | 72.211 | 77.631 |
[32m[03/21 16:06:27 d2.evaluation.coco_evaluation]: [0mPer-category bbox AP: 
| category   | AP   | category   | AP     | category   | AP     |
|:-----------|:-----|:-----------|:-------|:-----------|:-------|
| None       | nan  | Car        | 69.736 | Pedestrian | 53.199 |
Loading and preparing results...
DONE (t=0.17s)
creating index...
index created!
Running per image evaluation...
Evaluate annotation type *segm*
DONE (t=5.18s).
Accumulating evaluation results...
DONE (t=0.55s).
 Average Precision  (AP) @[ IoU=0.50:0.95 | area=   all | maxDets=100 ] = 0.535
 Average Precision  (AP) @[ IoU=0.50      | area=   all | maxDets=100 ] = 0.801
 Average Precision  (AP) @[ IoU=0.75      | area=   all | maxDets=100 ] = 0.600
 Average Precision  (AP) @[ IoU=0.50:0.95 | area= small | maxDets=100 ] = 0.340
 Average Precision  (AP) @[ IoU=0.50:0.95 | area=medium | maxDets=100 ] = 0.649
 Average Precision  (AP) @[ IoU=0.50:0.95 | area= large | maxDets=100 ] = 0.793
 Average Recall     (AR) @[ IoU=0.50:0.95 | area=   all | maxDets=  1 ] = 0.182
 Average Recall     (AR) @[ IoU=0.50:0.95 | area=   all | maxDets= 10 ] = 0.597
 Average Recall     (AR) @[ IoU=0.50:0.95 | area=   all | maxDets=100 ] = 0.601
 Average Recall     (AR) @[ IoU=0.50:0.95 | area= small | maxDets=100 ] = 0.433
 Average Recall     (AR) @[ IoU=0.50:0.95 | area=medium | maxDets=100 ] = 0.704
 Average Recall     (AR) @[ IoU=0.50:0.95 | area= large | maxDets=100 ] = 0.825
[32m[03/21 16:06:34 d2.evaluation.coco_evaluation]: [0mEvaluation results for segm: 
|   AP   |  AP50  |  AP75  |  APs   |  APm   |  APl   |
|:------:|:------:|:------:|:------:|:------:|:------:|
| 53.546 | 80.073 | 60.033 | 34.031 | 64.877 | 79.333 |
[32m[03/21 16:06:34 d2.evaluation.coco_evaluation]: [0mPer-category segm AP: 
| category   | AP   | category   | AP     | category   | AP     |
|:-----------|:-----|:-----------|:-------|:-----------|:-------|
| None       | nan  | Car        | 69.136 | Pedestrian | 37.956 |
