Cityscapes/mask_rcnn_R_50_FPN.yaml
Metadata(name='KITTI_MOTS_val', thing_classes=['person', 'rider', 'car', 'truck', 'bus', 'train', 'motorcycle', 'bicycle'])
---------------------
['person', 'rider', 'car', 'truck', 'bus', 'train', 'motorcycle', 'bicycle']
---------------------
////Verify dataset////
Loading sequence 0002
Loading sequence 0006
Loading sequence 0007
Loading sequence 0008
Loading sequence 0010
Loading sequence 0013
Loading sequence 0014
Loading sequence 0016
Loading sequence 0018
0002
0006
0007
0008
0010
0013
0014
0016
0018
Loaded 2920 images!
////Evaluation////
[5m[31mWARNING[0m [32m[03/21 13:33:03 d2.evaluation.coco_evaluation]: [0mjson_file was not found in MetaDataCatalog for 'KITTI_MOTS_val'. Trying to convert it to COCO format ...
[32m[03/21 13:33:03 d2.data.datasets.coco]: [0mConverting annotations of dataset 'KITTI_MOTS_val' to COCO format ...)
Loading sequence 0002
Loading sequence 0006
Loading sequence 0007
Loading sequence 0008
Loading sequence 0010
Loading sequence 0013
Loading sequence 0014
Loading sequence 0016
Loading sequence 0018
0002
0006
0007
0008
0010
0013
0014
0016
0018
Loaded 2920 images!
[32m[03/21 13:34:02 d2.data.datasets.coco]: [0mConverting dataset dicts into COCO format
[32m[03/21 13:34:05 d2.data.datasets.coco]: [0mConversion finished, num images: 2920, num annotations: 11376
[32m[03/21 13:34:05 d2.data.datasets.coco]: [0mCaching COCO format annotations at '../mask_rcnn_R_50_FPN/output/KITTI_MOTS_val_coco_format.json' ...
Loading sequence 0002
Loading sequence 0006
Loading sequence 0007
Loading sequence 0008
Loading sequence 0010
Loading sequence 0013
Loading sequence 0014
Loading sequence 0016
Loading sequence 0018
0002
0006
0007
0008
0010
0013
0014
0016
0018
Loaded 2920 images!
[32m[03/21 13:35:15 d2.data.build]: [0mDistribution of instances among all 8 categories:
[36m|  category  | #instances   |  category  | #instances   |  category  | #instances   |
|:----------:|:-------------|:----------:|:-------------|:----------:|:-------------|
|   person   | 3347         |   rider    | 0            |    car     | 8029         |
|   truck    | 0            |    bus     | 0            |   train    | 0            |
| motorcycle | 0            |  bicycle   | 0            |            |              |
|   total    | 11376        |            |              |            |              |[0m
[32m[03/21 13:35:15 d2.data.common]: [0mSerializing 2920 elements to byte tensors and concatenating them all ...
[32m[03/21 13:35:16 d2.data.common]: [0mSerialized dataset takes 7.44 MiB
[32m[03/21 13:35:16 d2.evaluation.evaluator]: [0mStart inference on 2920 images
[32m[03/21 13:35:18 d2.evaluation.evaluator]: [0mInference done 11/2920. 0.0922 s / img. ETA=0:05:00
[32m[03/21 13:35:23 d2.evaluation.evaluator]: [0mInference done 61/2920. 0.0924 s / img. ETA=0:04:51
[32m[03/21 13:35:28 d2.evaluation.evaluator]: [0mInference done 106/2920. 0.0972 s / img. ETA=0:05:00
[32m[03/21 13:35:33 d2.evaluation.evaluator]: [0mInference done 154/2920. 0.0963 s / img. ETA=0:04:53
[32m[03/21 13:35:39 d2.evaluation.evaluator]: [0mInference done 203/2920. 0.0958 s / img. ETA=0:04:47
[32m[03/21 13:35:44 d2.evaluation.evaluator]: [0mInference done 225/2920. 0.1085 s / img. ETA=0:05:18
[32m[03/21 13:35:49 d2.evaluation.evaluator]: [0mInference done 277/2920. 0.1054 s / img. ETA=0:05:02
[32m[03/21 13:35:54 d2.evaluation.evaluator]: [0mInference done 329/2920. 0.1033 s / img. ETA=0:04:49
[32m[03/21 13:35:59 d2.evaluation.evaluator]: [0mInference done 381/2920. 0.1017 s / img. ETA=0:04:38
[32m[03/21 13:36:04 d2.evaluation.evaluator]: [0mInference done 433/2920. 0.1006 s / img. ETA=0:04:29
[32m[03/21 13:36:09 d2.evaluation.evaluator]: [0mInference done 485/2920. 0.0996 s / img. ETA=0:04:20
[32m[03/21 13:36:14 d2.evaluation.evaluator]: [0mInference done 536/2920. 0.0989 s / img. ETA=0:04:13
[32m[03/21 13:36:19 d2.evaluation.evaluator]: [0mInference done 587/2920. 0.0984 s / img. ETA=0:04:06
[32m[03/21 13:36:24 d2.evaluation.evaluator]: [0mInference done 637/2920. 0.0981 s / img. ETA=0:04:00
[32m[03/21 13:36:29 d2.evaluation.evaluator]: [0mInference done 686/2920. 0.0979 s / img. ETA=0:03:54
[32m[03/21 13:36:34 d2.evaluation.evaluator]: [0mInference done 736/2920. 0.0976 s / img. ETA=0:03:48
[32m[03/21 13:36:39 d2.evaluation.evaluator]: [0mInference done 786/2920. 0.0974 s / img. ETA=0:03:42
[32m[03/21 13:36:44 d2.evaluation.evaluator]: [0mInference done 836/2920. 0.0972 s / img. ETA=0:03:37
[32m[03/21 13:36:49 d2.evaluation.evaluator]: [0mInference done 886/2920. 0.0971 s / img. ETA=0:03:31
[32m[03/21 13:36:54 d2.evaluation.evaluator]: [0mInference done 936/2920. 0.0969 s / img. ETA=0:03:26
[32m[03/21 13:36:59 d2.evaluation.evaluator]: [0mInference done 986/2920. 0.0968 s / img. ETA=0:03:20
[32m[03/21 13:37:04 d2.evaluation.evaluator]: [0mInference done 1036/2920. 0.0967 s / img. ETA=0:03:15
[32m[03/21 13:37:09 d2.evaluation.evaluator]: [0mInference done 1087/2920. 0.0965 s / img. ETA=0:03:09
[32m[03/21 13:37:14 d2.evaluation.evaluator]: [0mInference done 1137/2920. 0.0964 s / img. ETA=0:03:04
[32m[03/21 13:37:20 d2.evaluation.evaluator]: [0mInference done 1187/2920. 0.0963 s / img. ETA=0:02:58
[32m[03/21 13:37:25 d2.evaluation.evaluator]: [0mInference done 1237/2920. 0.0962 s / img. ETA=0:02:53
[32m[03/21 13:37:30 d2.evaluation.evaluator]: [0mInference done 1287/2920. 0.0962 s / img. ETA=0:02:48
[32m[03/21 13:37:35 d2.evaluation.evaluator]: [0mInference done 1337/2920. 0.0961 s / img. ETA=0:02:42
[32m[03/21 13:37:40 d2.evaluation.evaluator]: [0mInference done 1387/2920. 0.0960 s / img. ETA=0:02:37
[32m[03/21 13:37:45 d2.evaluation.evaluator]: [0mInference done 1437/2920. 0.0959 s / img. ETA=0:02:32
[32m[03/21 13:37:50 d2.evaluation.evaluator]: [0mInference done 1487/2920. 0.0958 s / img. ETA=0:02:27
[32m[03/21 13:37:55 d2.evaluation.evaluator]: [0mInference done 1537/2920. 0.0958 s / img. ETA=0:02:21
[32m[03/21 13:38:00 d2.evaluation.evaluator]: [0mInference done 1587/2920. 0.0957 s / img. ETA=0:02:16
[32m[03/21 13:38:05 d2.evaluation.evaluator]: [0mInference done 1637/2920. 0.0957 s / img. ETA=0:02:11
[32m[03/21 13:38:10 d2.evaluation.evaluator]: [0mInference done 1688/2920. 0.0956 s / img. ETA=0:02:06
[32m[03/21 13:38:15 d2.evaluation.evaluator]: [0mInference done 1739/2920. 0.0955 s / img. ETA=0:02:00
[32m[03/21 13:38:20 d2.evaluation.evaluator]: [0mInference done 1790/2920. 0.0955 s / img. ETA=0:01:55
[32m[03/21 13:38:25 d2.evaluation.evaluator]: [0mInference done 1841/2920. 0.0954 s / img. ETA=0:01:50
[32m[03/21 13:38:30 d2.evaluation.evaluator]: [0mInference done 1892/2920. 0.0953 s / img. ETA=0:01:44
[32m[03/21 13:38:35 d2.evaluation.evaluator]: [0mInference done 1941/2920. 0.0953 s / img. ETA=0:01:39
[32m[03/21 13:38:40 d2.evaluation.evaluator]: [0mInference done 1987/2920. 0.0954 s / img. ETA=0:01:35
[32m[03/21 13:38:45 d2.evaluation.evaluator]: [0mInference done 2033/2920. 0.0954 s / img. ETA=0:01:30
[32m[03/21 13:38:50 d2.evaluation.evaluator]: [0mInference done 2079/2920. 0.0954 s / img. ETA=0:01:26
[32m[03/21 13:38:55 d2.evaluation.evaluator]: [0mInference done 2124/2920. 0.0955 s / img. ETA=0:01:21
[32m[03/21 13:39:00 d2.evaluation.evaluator]: [0mInference done 2170/2920. 0.0955 s / img. ETA=0:01:17
[32m[03/21 13:39:05 d2.evaluation.evaluator]: [0mInference done 2216/2920. 0.0955 s / img. ETA=0:01:12
[32m[03/21 13:39:11 d2.evaluation.evaluator]: [0mInference done 2262/2920. 0.0955 s / img. ETA=0:01:07
[32m[03/21 13:39:16 d2.evaluation.evaluator]: [0mInference done 2311/2920. 0.0955 s / img. ETA=0:01:02
[32m[03/21 13:39:21 d2.evaluation.evaluator]: [0mInference done 2360/2920. 0.0955 s / img. ETA=0:00:57
[32m[03/21 13:39:26 d2.evaluation.evaluator]: [0mInference done 2405/2920. 0.0955 s / img. ETA=0:00:53
[32m[03/21 13:39:31 d2.evaluation.evaluator]: [0mInference done 2449/2920. 0.0956 s / img. ETA=0:00:48
[32m[03/21 13:39:36 d2.evaluation.evaluator]: [0mInference done 2492/2920. 0.0956 s / img. ETA=0:00:44
[32m[03/21 13:39:41 d2.evaluation.evaluator]: [0mInference done 2534/2920. 0.0958 s / img. ETA=0:00:40
[32m[03/21 13:39:46 d2.evaluation.evaluator]: [0mInference done 2578/2920. 0.0958 s / img. ETA=0:00:35
[32m[03/21 13:39:51 d2.evaluation.evaluator]: [0mInference done 2627/2920. 0.0958 s / img. ETA=0:00:30
[32m[03/21 13:39:56 d2.evaluation.evaluator]: [0mInference done 2677/2920. 0.0957 s / img. ETA=0:00:25
[32m[03/21 13:40:01 d2.evaluation.evaluator]: [0mInference done 2727/2920. 0.0957 s / img. ETA=0:00:20
[32m[03/21 13:40:06 d2.evaluation.evaluator]: [0mInference done 2776/2920. 0.0957 s / img. ETA=0:00:14
[32m[03/21 13:40:11 d2.evaluation.evaluator]: [0mInference done 2825/2920. 0.0957 s / img. ETA=0:00:09
[32m[03/21 13:40:16 d2.evaluation.evaluator]: [0mInference done 2874/2920. 0.0957 s / img. ETA=0:00:04
[32m[03/21 13:40:21 d2.evaluation.evaluator]: [0mTotal inference time: 0:05:03.300399 (0.104048 s / img per device, on 1 devices)
[32m[03/21 13:40:21 d2.evaluation.evaluator]: [0mTotal inference pure compute time: 0:04:38 (0.095638 s / img per device, on 1 devices)
[32m[03/21 13:40:21 d2.evaluation.coco_evaluation]: [0mPreparing results for COCO format ...
[32m[03/21 13:40:21 d2.evaluation.coco_evaluation]: [0mSaving results to ../mask_rcnn_R_50_FPN/output/coco_instances_results.json
[32m[03/21 13:40:21 d2.evaluation.coco_evaluation]: [0mEvaluating predictions ...
Loading and preparing results...
DONE (t=0.03s)
creating index...
index created!
Running per image evaluation...
Evaluate annotation type *bbox*
DONE (t=5.88s).
Accumulating evaluation results...
DONE (t=1.09s).
 Average Precision  (AP) @[ IoU=0.50:0.95 | area=   all | maxDets=100 ] = 0.516
 Average Precision  (AP) @[ IoU=0.50      | area=   all | maxDets=100 ] = 0.780
 Average Precision  (AP) @[ IoU=0.75      | area=   all | maxDets=100 ] = 0.590
 Average Precision  (AP) @[ IoU=0.50:0.95 | area= small | maxDets=100 ] = 0.360
 Average Precision  (AP) @[ IoU=0.50:0.95 | area=medium | maxDets=100 ] = 0.612
 Average Precision  (AP) @[ IoU=0.50:0.95 | area= large | maxDets=100 ] = 0.673
 Average Recall     (AR) @[ IoU=0.50:0.95 | area=   all | maxDets=  1 ] = 0.177
 Average Recall     (AR) @[ IoU=0.50:0.95 | area=   all | maxDets= 10 ] = 0.637
 Average Recall     (AR) @[ IoU=0.50:0.95 | area=   all | maxDets=100 ] = 0.645
 Average Recall     (AR) @[ IoU=0.50:0.95 | area= small | maxDets=100 ] = 0.506
 Average Recall     (AR) @[ IoU=0.50:0.95 | area=medium | maxDets=100 ] = 0.729
 Average Recall     (AR) @[ IoU=0.50:0.95 | area= large | maxDets=100 ] = 0.866
[32m[03/21 13:40:28 d2.evaluation.coco_evaluation]: [0mEvaluation results for bbox: 
|   AP   |  AP50  |  AP75  |  APs   |  APm   |  APl   |
|:------:|:------:|:------:|:------:|:------:|:------:|
| 51.570 | 77.958 | 59.009 | 35.961 | 61.247 | 67.345 |
[32m[03/21 13:40:28 d2.evaluation.coco_evaluation]: [0mPer-category bbox AP: 
| category   | AP     | category   | AP   | category   | AP     |
|:-----------|:-------|:-----------|:-----|:-----------|:-------|
| person     | 43.615 | rider      | nan  | car        | 59.526 |
| truck      | nan    | bus        | nan  | train      | nan    |
| motorcycle | nan    | bicycle    | nan  |            |        |
Loading and preparing results...
DONE (t=0.31s)
creating index...
index created!
Running per image evaluation...
Evaluate annotation type *segm*
DONE (t=7.24s).
Accumulating evaluation results...
DONE (t=0.89s).
 Average Precision  (AP) @[ IoU=0.50:0.95 | area=   all | maxDets=100 ] = 0.475
 Average Precision  (AP) @[ IoU=0.50      | area=   all | maxDets=100 ] = 0.755
 Average Precision  (AP) @[ IoU=0.75      | area=   all | maxDets=100 ] = 0.509
 Average Precision  (AP) @[ IoU=0.50:0.95 | area= small | maxDets=100 ] = 0.306
 Average Precision  (AP) @[ IoU=0.50:0.95 | area=medium | maxDets=100 ] = 0.578
 Average Precision  (AP) @[ IoU=0.50:0.95 | area= large | maxDets=100 ] = 0.627
 Average Recall     (AR) @[ IoU=0.50:0.95 | area=   all | maxDets=  1 ] = 0.163
 Average Recall     (AR) @[ IoU=0.50:0.95 | area=   all | maxDets= 10 ] = 0.598
 Average Recall     (AR) @[ IoU=0.50:0.95 | area=   all | maxDets=100 ] = 0.603
 Average Recall     (AR) @[ IoU=0.50:0.95 | area= small | maxDets=100 ] = 0.478
 Average Recall     (AR) @[ IoU=0.50:0.95 | area=medium | maxDets=100 ] = 0.680
 Average Recall     (AR) @[ IoU=0.50:0.95 | area= large | maxDets=100 ] = 0.760
[32m[03/21 13:40:38 d2.evaluation.coco_evaluation]: [0mEvaluation results for segm: 
|   AP   |  AP50  |  AP75  |  APs   |  APm   |  APl   |
|:------:|:------:|:------:|:------:|:------:|:------:|
| 47.516 | 75.493 | 50.940 | 30.624 | 57.844 | 62.655 |
[32m[03/21 13:40:38 d2.evaluation.coco_evaluation]: [0mPer-category segm AP: 
| category   | AP     | category   | AP   | category   | AP     |
|:-----------|:-------|:-----------|:-----|:-----------|:-------|
| person     | 33.036 | rider      | nan  | car        | 61.997 |
| truck      | nan    | bus        | nan  | train      | nan    |
| motorcycle | nan    | bicycle    | nan  |            |        |
////Inference examples////
Loading sequence 0002
Loading sequence 0006
Loading sequence 0007
Loading sequence 0008
Loading sequence 0010
Loading sequence 0013
Loading sequence 0014
Loading sequence 0016
Loading sequence 0018
0002
0006
0007
0008
0010
0013
0014
0016
0018
Loaded 2920 images!
