'proposal_generator.anchor_generator.cell_anchors.0' has shape (3, 4) in the checkpoint but (5, 4) in the model! Skipped.
'proposal_generator.anchor_generator.cell_anchors.1' has shape (3, 4) in the checkpoint but (5, 4) in the model! Skipped.
'proposal_generator.anchor_generator.cell_anchors.2' has shape (3, 4) in the checkpoint but (5, 4) in the model! Skipped.
'proposal_generator.anchor_generator.cell_anchors.3' has shape (3, 4) in the checkpoint but (5, 4) in the model! Skipped.
'proposal_generator.anchor_generator.cell_anchors.4' has shape (3, 4) in the checkpoint but (5, 4) in the model! Skipped.
'proposal_generator.rpn_head.objectness_logits.weight' has shape (3, 256, 1, 1) in the checkpoint but (5, 256, 1, 1) in the model! Skipped.
'proposal_generator.rpn_head.objectness_logits.bias' has shape (3,) in the checkpoint but (5,) in the model! Skipped.
'proposal_generator.rpn_head.anchor_deltas.weight' has shape (12, 256, 1, 1) in the checkpoint but (20, 256, 1, 1) in the model! Skipped.
'proposal_generator.rpn_head.anchor_deltas.bias' has shape (12,) in the checkpoint but (20,) in the model! Skipped.
'roi_heads.box_predictor.cls_score.weight' has shape (81, 1024) in the checkpoint but (4, 1024) in the model! Skipped.
'roi_heads.box_predictor.cls_score.bias' has shape (81,) in the checkpoint but (4,) in the model! Skipped.
'roi_heads.box_predictor.bbox_pred.weight' has shape (320, 1024) in the checkpoint but (12, 1024) in the model! Skipped.
'roi_heads.box_predictor.bbox_pred.bias' has shape (320,) in the checkpoint but (12,) in the model! Skipped.
'roi_heads.mask_head.predictor.weight' has shape (80, 256, 1, 1) in the checkpoint but (3, 256, 1, 1) in the model! Skipped.
'roi_heads.mask_head.predictor.bias' has shape (80,) in the checkpoint but (3,) in the model! Skipped.
'proposal_generator.anchor_generator.cell_anchors.0' has shape (3, 4) in the checkpoint but (5, 4) in the model! Skipped.
'proposal_generator.anchor_generator.cell_anchors.1' has shape (3, 4) in the checkpoint but (5, 4) in the model! Skipped.
'proposal_generator.anchor_generator.cell_anchors.2' has shape (3, 4) in the checkpoint but (5, 4) in the model! Skipped.
'proposal_generator.anchor_generator.cell_anchors.3' has shape (3, 4) in the checkpoint but (5, 4) in the model! Skipped.
'proposal_generator.anchor_generator.cell_anchors.4' has shape (3, 4) in the checkpoint but (5, 4) in the model! Skipped.
'proposal_generator.rpn_head.objectness_logits.weight' has shape (3, 256, 1, 1) in the checkpoint but (5, 256, 1, 1) in the model! Skipped.
'proposal_generator.rpn_head.objectness_logits.bias' has shape (3,) in the checkpoint but (5,) in the model! Skipped.
'proposal_generator.rpn_head.anchor_deltas.weight' has shape (12, 256, 1, 1) in the checkpoint but (20, 256, 1, 1) in the model! Skipped.
'proposal_generator.rpn_head.anchor_deltas.bias' has shape (12,) in the checkpoint but (20,) in the model! Skipped.
'roi_heads.box_predictor.cls_score.weight' has shape (81, 1024) in the checkpoint but (4, 1024) in the model! Skipped.
'roi_heads.box_predictor.cls_score.bias' has shape (81,) in the checkpoint but (4,) in the model! Skipped.
'roi_heads.box_predictor.bbox_pred.weight' has shape (320, 1024) in the checkpoint but (12, 1024) in the model! Skipped.
'roi_heads.box_predictor.bbox_pred.bias' has shape (320,) in the checkpoint but (12,) in the model! Skipped.
'roi_heads.mask_head.predictor.weight' has shape (80, 256, 1, 1) in the checkpoint but (3, 256, 1, 1) in the model! Skipped.
'roi_heads.mask_head.predictor.bias' has shape (80,) in the checkpoint but (3,) in the model! Skipped.
'proposal_generator.anchor_generator.cell_anchors.0' has shape (3, 4) in the checkpoint but (5, 4) in the model! Skipped.
'proposal_generator.anchor_generator.cell_anchors.1' has shape (3, 4) in the checkpoint but (5, 4) in the model! Skipped.
'proposal_generator.anchor_generator.cell_anchors.2' has shape (3, 4) in the checkpoint but (5, 4) in the model! Skipped.
'proposal_generator.anchor_generator.cell_anchors.3' has shape (3, 4) in the checkpoint but (5, 4) in the model! Skipped.
'proposal_generator.anchor_generator.cell_anchors.4' has shape (3, 4) in the checkpoint but (5, 4) in the model! Skipped.
'proposal_generator.rpn_head.objectness_logits.weight' has shape (3, 256, 1, 1) in the checkpoint but (5, 256, 1, 1) in the model! Skipped.
'proposal_generator.rpn_head.objectness_logits.bias' has shape (3,) in the checkpoint but (5,) in the model! Skipped.
'proposal_generator.rpn_head.anchor_deltas.weight' has shape (12, 256, 1, 1) in the checkpoint but (20, 256, 1, 1) in the model! Skipped.
'proposal_generator.rpn_head.anchor_deltas.bias' has shape (12,) in the checkpoint but (20,) in the model! Skipped.
'roi_heads.box_predictor.cls_score.weight' has shape (81, 1024) in the checkpoint but (4, 1024) in the model! Skipped.
'roi_heads.box_predictor.cls_score.bias' has shape (81,) in the checkpoint but (4,) in the model! Skipped.
'roi_heads.box_predictor.bbox_pred.weight' has shape (320, 1024) in the checkpoint but (12, 1024) in the model! Skipped.
'roi_heads.box_predictor.bbox_pred.bias' has shape (320,) in the checkpoint but (12,) in the model! Skipped.
'roi_heads.mask_head.predictor.weight' has shape (80, 256, 1, 1) in the checkpoint but (3, 256, 1, 1) in the model! Skipped.
'roi_heads.mask_head.predictor.bias' has shape (80,) in the checkpoint but (3,) in the model! Skipped.
'proposal_generator.anchor_generator.cell_anchors.0' has shape (3, 4) in the checkpoint but (5, 4) in the model! Skipped.
'proposal_generator.anchor_generator.cell_anchors.1' has shape (3, 4) in the checkpoint but (5, 4) in the model! Skipped.
'proposal_generator.anchor_generator.cell_anchors.2' has shape (3, 4) in the checkpoint but (5, 4) in the model! Skipped.
'proposal_generator.anchor_generator.cell_anchors.3' has shape (3, 4) in the checkpoint but (5, 4) in the model! Skipped.
'proposal_generator.anchor_generator.cell_anchors.4' has shape (3, 4) in the checkpoint but (5, 4) in the model! Skipped.
'proposal_generator.rpn_head.objectness_logits.weight' has shape (3, 256, 1, 1) in the checkpoint but (5, 256, 1, 1) in the model! Skipped.
'proposal_generator.rpn_head.objectness_logits.bias' has shape (3,) in the checkpoint but (5,) in the model! Skipped.
'proposal_generator.rpn_head.anchor_deltas.weight' has shape (12, 256, 1, 1) in the checkpoint but (20, 256, 1, 1) in the model! Skipped.
'proposal_generator.rpn_head.anchor_deltas.bias' has shape (12,) in the checkpoint but (20,) in the model! Skipped.
'roi_heads.box_predictor.cls_score.weight' has shape (81, 1024) in the checkpoint but (4, 1024) in the model! Skipped.
'roi_heads.box_predictor.cls_score.bias' has shape (81,) in the checkpoint but (4,) in the model! Skipped.
'roi_heads.box_predictor.bbox_pred.weight' has shape (320, 1024) in the checkpoint but (12, 1024) in the model! Skipped.
'roi_heads.box_predictor.bbox_pred.bias' has shape (320,) in the checkpoint but (12,) in the model! Skipped.
'roi_heads.mask_head.predictor.weight' has shape (80, 256, 1, 1) in the checkpoint but (3, 256, 1, 1) in the model! Skipped.
'roi_heads.mask_head.predictor.bias' has shape (80,) in the checkpoint but (3,) in the model! Skipped.
'proposal_generator.anchor_generator.cell_anchors.0' has shape (3, 4) in the checkpoint but (5, 4) in the model! Skipped.
'proposal_generator.anchor_generator.cell_anchors.1' has shape (3, 4) in the checkpoint but (5, 4) in the model! Skipped.
'proposal_generator.anchor_generator.cell_anchors.2' has shape (3, 4) in the checkpoint but (5, 4) in the model! Skipped.
'proposal_generator.anchor_generator.cell_anchors.3' has shape (3, 4) in the checkpoint but (5, 4) in the model! Skipped.
'proposal_generator.anchor_generator.cell_anchors.4' has shape (3, 4) in the checkpoint but (5, 4) in the model! Skipped.
'proposal_generator.rpn_head.objectness_logits.weight' has shape (3, 256, 1, 1) in the checkpoint but (5, 256, 1, 1) in the model! Skipped.
'proposal_generator.rpn_head.objectness_logits.bias' has shape (3,) in the checkpoint but (5,) in the model! Skipped.
'proposal_generator.rpn_head.anchor_deltas.weight' has shape (12, 256, 1, 1) in the checkpoint but (20, 256, 1, 1) in the model! Skipped.
'proposal_generator.rpn_head.anchor_deltas.bias' has shape (12,) in the checkpoint but (20,) in the model! Skipped.
'roi_heads.box_predictor.cls_score.weight' has shape (81, 1024) in the checkpoint but (4, 1024) in the model! Skipped.
'roi_heads.box_predictor.cls_score.bias' has shape (81,) in the checkpoint but (4,) in the model! Skipped.
'roi_heads.box_predictor.bbox_pred.weight' has shape (320, 1024) in the checkpoint but (12, 1024) in the model! Skipped.
'roi_heads.box_predictor.bbox_pred.bias' has shape (320,) in the checkpoint but (12,) in the model! Skipped.
'roi_heads.mask_head.predictor.weight' has shape (80, 256, 1, 1) in the checkpoint but (3, 256, 1, 1) in the model! Skipped.
'roi_heads.mask_head.predictor.bias' has shape (80,) in the checkpoint but (3,) in the model! Skipped.
'proposal_generator.anchor_generator.cell_anchors.0' has shape (3, 4) in the checkpoint but (5, 4) in the model! Skipped.
'proposal_generator.anchor_generator.cell_anchors.1' has shape (3, 4) in the checkpoint but (5, 4) in the model! Skipped.
'proposal_generator.anchor_generator.cell_anchors.2' has shape (3, 4) in the checkpoint but (5, 4) in the model! Skipped.
'proposal_generator.anchor_generator.cell_anchors.3' has shape (3, 4) in the checkpoint but (5, 4) in the model! Skipped.
'proposal_generator.anchor_generator.cell_anchors.4' has shape (3, 4) in the checkpoint but (5, 4) in the model! Skipped.
'proposal_generator.rpn_head.objectness_logits.weight' has shape (3, 256, 1, 1) in the checkpoint but (5, 256, 1, 1) in the model! Skipped.
'proposal_generator.rpn_head.objectness_logits.bias' has shape (3,) in the checkpoint but (5,) in the model! Skipped.
'proposal_generator.rpn_head.anchor_deltas.weight' has shape (12, 256, 1, 1) in the checkpoint but (20, 256, 1, 1) in the model! Skipped.
'proposal_generator.rpn_head.anchor_deltas.bias' has shape (12,) in the checkpoint but (20,) in the model! Skipped.
'roi_heads.box_predictor.cls_score.weight' has shape (81, 1024) in the checkpoint but (4, 1024) in the model! Skipped.
'roi_heads.box_predictor.cls_score.bias' has shape (81,) in the checkpoint but (4,) in the model! Skipped.
'roi_heads.box_predictor.bbox_pred.weight' has shape (320, 1024) in the checkpoint but (12, 1024) in the model! Skipped.
'roi_heads.box_predictor.bbox_pred.bias' has shape (320,) in the checkpoint but (12,) in the model! Skipped.
'roi_heads.mask_head.predictor.weight' has shape (80, 256, 1, 1) in the checkpoint but (3, 256, 1, 1) in the model! Skipped.
'roi_heads.mask_head.predictor.bias' has shape (80,) in the checkpoint but (3,) in the model! Skipped.
'proposal_generator.anchor_generator.cell_anchors.0' has shape (3, 4) in the checkpoint but (5, 4) in the model! Skipped.
'proposal_generator.anchor_generator.cell_anchors.1' has shape (3, 4) in the checkpoint but (5, 4) in the model! Skipped.
'proposal_generator.anchor_generator.cell_anchors.2' has shape (3, 4) in the checkpoint but (5, 4) in the model! Skipped.
'proposal_generator.anchor_generator.cell_anchors.3' has shape (3, 4) in the checkpoint but (5, 4) in the model! Skipped.
'proposal_generator.anchor_generator.cell_anchors.4' has shape (3, 4) in the checkpoint but (5, 4) in the model! Skipped.
'proposal_generator.rpn_head.objectness_logits.weight' has shape (3, 256, 1, 1) in the checkpoint but (5, 256, 1, 1) in the model! Skipped.
'proposal_generator.rpn_head.objectness_logits.bias' has shape (3,) in the checkpoint but (5,) in the model! Skipped.
'proposal_generator.rpn_head.anchor_deltas.weight' has shape (12, 256, 1, 1) in the checkpoint but (20, 256, 1, 1) in the model! Skipped.
'proposal_generator.rpn_head.anchor_deltas.bias' has shape (12,) in the checkpoint but (20,) in the model! Skipped.
'roi_heads.box_predictor.cls_score.weight' has shape (81, 1024) in the checkpoint but (4, 1024) in the model! Skipped.
'roi_heads.box_predictor.cls_score.bias' has shape (81,) in the checkpoint but (4,) in the model! Skipped.
'roi_heads.box_predictor.bbox_pred.weight' has shape (320, 1024) in the checkpoint but (12, 1024) in the model! Skipped.
'roi_heads.box_predictor.bbox_pred.bias' has shape (320,) in the checkpoint but (12,) in the model! Skipped.
'roi_heads.mask_head.predictor.weight' has shape (80, 256, 1, 1) in the checkpoint but (3, 256, 1, 1) in the model! Skipped.
'roi_heads.mask_head.predictor.bias' has shape (80,) in the checkpoint but (3,) in the model! Skipped.
'proposal_generator.anchor_generator.cell_anchors.0' has shape (3, 4) in the checkpoint but (5, 4) in the model! Skipped.
'proposal_generator.anchor_generator.cell_anchors.1' has shape (3, 4) in the checkpoint but (5, 4) in the model! Skipped.
'proposal_generator.anchor_generator.cell_anchors.2' has shape (3, 4) in the checkpoint but (5, 4) in the model! Skipped.
'proposal_generator.anchor_generator.cell_anchors.3' has shape (3, 4) in the checkpoint but (5, 4) in the model! Skipped.
'proposal_generator.anchor_generator.cell_anchors.4' has shape (3, 4) in the checkpoint but (5, 4) in the model! Skipped.
'proposal_generator.rpn_head.objectness_logits.weight' has shape (3, 256, 1, 1) in the checkpoint but (5, 256, 1, 1) in the model! Skipped.
'proposal_generator.rpn_head.objectness_logits.bias' has shape (3,) in the checkpoint but (5,) in the model! Skipped.
'proposal_generator.rpn_head.anchor_deltas.weight' has shape (12, 256, 1, 1) in the checkpoint but (20, 256, 1, 1) in the model! Skipped.
'proposal_generator.rpn_head.anchor_deltas.bias' has shape (12,) in the checkpoint but (20,) in the model! Skipped.
'roi_heads.box_predictor.cls_score.weight' has shape (81, 1024) in the checkpoint but (4, 1024) in the model! Skipped.
'roi_heads.box_predictor.cls_score.bias' has shape (81,) in the checkpoint but (4,) in the model! Skipped.
'roi_heads.box_predictor.bbox_pred.weight' has shape (320, 1024) in the checkpoint but (12, 1024) in the model! Skipped.
'roi_heads.box_predictor.bbox_pred.bias' has shape (320,) in the checkpoint but (12,) in the model! Skipped.
'roi_heads.mask_head.predictor.weight' has shape (80, 256, 1, 1) in the checkpoint but (3, 256, 1, 1) in the model! Skipped.
'roi_heads.mask_head.predictor.bias' has shape (80,) in the checkpoint but (3,) in the model! Skipped.
'proposal_generator.anchor_generator.cell_anchors.0' has shape (3, 4) in the checkpoint but (5, 4) in the model! Skipped.
'proposal_generator.anchor_generator.cell_anchors.1' has shape (3, 4) in the checkpoint but (5, 4) in the model! Skipped.
'proposal_generator.anchor_generator.cell_anchors.2' has shape (3, 4) in the checkpoint but (5, 4) in the model! Skipped.
'proposal_generator.anchor_generator.cell_anchors.3' has shape (3, 4) in the checkpoint but (5, 4) in the model! Skipped.
'proposal_generator.anchor_generator.cell_anchors.4' has shape (3, 4) in the checkpoint but (5, 4) in the model! Skipped.
'proposal_generator.rpn_head.objectness_logits.weight' has shape (3, 256, 1, 1) in the checkpoint but (5, 256, 1, 1) in the model! Skipped.
'proposal_generator.rpn_head.objectness_logits.bias' has shape (3,) in the checkpoint but (5,) in the model! Skipped.
'proposal_generator.rpn_head.anchor_deltas.weight' has shape (12, 256, 1, 1) in the checkpoint but (20, 256, 1, 1) in the model! Skipped.
'proposal_generator.rpn_head.anchor_deltas.bias' has shape (12,) in the checkpoint but (20,) in the model! Skipped.
'roi_heads.box_predictor.cls_score.weight' has shape (81, 1024) in the checkpoint but (4, 1024) in the model! Skipped.
'roi_heads.box_predictor.cls_score.bias' has shape (81,) in the checkpoint but (4,) in the model! Skipped.
'roi_heads.box_predictor.bbox_pred.weight' has shape (320, 1024) in the checkpoint but (12, 1024) in the model! Skipped.
'roi_heads.box_predictor.bbox_pred.bias' has shape (320,) in the checkpoint but (12,) in the model! Skipped.
'roi_heads.mask_head.predictor.weight' has shape (80, 256, 1, 1) in the checkpoint but (3, 256, 1, 1) in the model! Skipped.
'roi_heads.mask_head.predictor.bias' has shape (80,) in the checkpoint but (3,) in the model! Skipped.
'proposal_generator.anchor_generator.cell_anchors.0' has shape (3, 4) in the checkpoint but (5, 4) in the model! Skipped.
'proposal_generator.anchor_generator.cell_anchors.1' has shape (3, 4) in the checkpoint but (5, 4) in the model! Skipped.
'proposal_generator.anchor_generator.cell_anchors.2' has shape (3, 4) in the checkpoint but (5, 4) in the model! Skipped.
'proposal_generator.anchor_generator.cell_anchors.3' has shape (3, 4) in the checkpoint but (5, 4) in the model! Skipped.
'proposal_generator.anchor_generator.cell_anchors.4' has shape (3, 4) in the checkpoint but (5, 4) in the model! Skipped.
'proposal_generator.rpn_head.objectness_logits.weight' has shape (3, 256, 1, 1) in the checkpoint but (5, 256, 1, 1) in the model! Skipped.
'proposal_generator.rpn_head.objectness_logits.bias' has shape (3,) in the checkpoint but (5,) in the model! Skipped.
'proposal_generator.rpn_head.anchor_deltas.weight' has shape (12, 256, 1, 1) in the checkpoint but (20, 256, 1, 1) in the model! Skipped.
'proposal_generator.rpn_head.anchor_deltas.bias' has shape (12,) in the checkpoint but (20,) in the model! Skipped.
'roi_heads.box_predictor.cls_score.weight' has shape (81, 1024) in the checkpoint but (4, 1024) in the model! Skipped.
'roi_heads.box_predictor.cls_score.bias' has shape (81,) in the checkpoint but (4,) in the model! Skipped.
'roi_heads.box_predictor.bbox_pred.weight' has shape (320, 1024) in the checkpoint but (12, 1024) in the model! Skipped.
'roi_heads.box_predictor.bbox_pred.bias' has shape (320,) in the checkpoint but (12,) in the model! Skipped.
'roi_heads.mask_head.predictor.weight' has shape (80, 256, 1, 1) in the checkpoint but (3, 256, 1, 1) in the model! Skipped.
'roi_heads.mask_head.predictor.bias' has shape (80,) in the checkpoint but (3,) in the model! Skipped.
'proposal_generator.anchor_generator.cell_anchors.0' has shape (3, 4) in the checkpoint but (5, 4) in the model! Skipped.
'proposal_generator.anchor_generator.cell_anchors.1' has shape (3, 4) in the checkpoint but (5, 4) in the model! Skipped.
'proposal_generator.anchor_generator.cell_anchors.2' has shape (3, 4) in the checkpoint but (5, 4) in the model! Skipped.
'proposal_generator.anchor_generator.cell_anchors.3' has shape (3, 4) in the checkpoint but (5, 4) in the model! Skipped.
'proposal_generator.anchor_generator.cell_anchors.4' has shape (3, 4) in the checkpoint but (5, 4) in the model! Skipped.
'proposal_generator.rpn_head.objectness_logits.weight' has shape (3, 256, 1, 1) in the checkpoint but (5, 256, 1, 1) in the model! Skipped.
'proposal_generator.rpn_head.objectness_logits.bias' has shape (3,) in the checkpoint but (5,) in the model! Skipped.
'proposal_generator.rpn_head.anchor_deltas.weight' has shape (12, 256, 1, 1) in the checkpoint but (20, 256, 1, 1) in the model! Skipped.
'proposal_generator.rpn_head.anchor_deltas.bias' has shape (12,) in the checkpoint but (20,) in the model! Skipped.
'roi_heads.box_predictor.cls_score.weight' has shape (81, 1024) in the checkpoint but (4, 1024) in the model! Skipped.
'roi_heads.box_predictor.cls_score.bias' has shape (81,) in the checkpoint but (4,) in the model! Skipped.
'roi_heads.box_predictor.bbox_pred.weight' has shape (320, 1024) in the checkpoint but (12, 1024) in the model! Skipped.
'roi_heads.box_predictor.bbox_pred.bias' has shape (320,) in the checkpoint but (12,) in the model! Skipped.
'roi_heads.mask_head.predictor.weight' has shape (80, 256, 1, 1) in the checkpoint but (3, 256, 1, 1) in the model! Skipped.
'roi_heads.mask_head.predictor.bias' has shape (80,) in the checkpoint but (3,) in the model! Skipped.
'proposal_generator.anchor_generator.cell_anchors.0' has shape (3, 4) in the checkpoint but (5, 4) in the model! Skipped.
'proposal_generator.anchor_generator.cell_anchors.1' has shape (3, 4) in the checkpoint but (5, 4) in the model! Skipped.
'proposal_generator.anchor_generator.cell_anchors.2' has shape (3, 4) in the checkpoint but (5, 4) in the model! Skipped.
'proposal_generator.anchor_generator.cell_anchors.3' has shape (3, 4) in the checkpoint but (5, 4) in the model! Skipped.
'proposal_generator.anchor_generator.cell_anchors.4' has shape (3, 4) in the checkpoint but (5, 4) in the model! Skipped.
'proposal_generator.rpn_head.objectness_logits.weight' has shape (3, 256, 1, 1) in the checkpoint but (5, 256, 1, 1) in the model! Skipped.
'proposal_generator.rpn_head.objectness_logits.bias' has shape (3,) in the checkpoint but (5,) in the model! Skipped.
'proposal_generator.rpn_head.anchor_deltas.weight' has shape (12, 256, 1, 1) in the checkpoint but (20, 256, 1, 1) in the model! Skipped.
'proposal_generator.rpn_head.anchor_deltas.bias' has shape (12,) in the checkpoint but (20,) in the model! Skipped.
'roi_heads.box_predictor.cls_score.weight' has shape (81, 1024) in the checkpoint but (4, 1024) in the model! Skipped.
'roi_heads.box_predictor.cls_score.bias' has shape (81,) in the checkpoint but (4,) in the model! Skipped.
'roi_heads.box_predictor.bbox_pred.weight' has shape (320, 1024) in the checkpoint but (12, 1024) in the model! Skipped.
'roi_heads.box_predictor.bbox_pred.bias' has shape (320,) in the checkpoint but (12,) in the model! Skipped.
'roi_heads.mask_head.predictor.weight' has shape (80, 256, 1, 1) in the checkpoint but (3, 256, 1, 1) in the model! Skipped.
'roi_heads.mask_head.predictor.bias' has shape (80,) in the checkpoint but (3,) in the model! Skipped.
'proposal_generator.anchor_generator.cell_anchors.0' has shape (3, 4) in the checkpoint but (5, 4) in the model! Skipped.
'proposal_generator.anchor_generator.cell_anchors.1' has shape (3, 4) in the checkpoint but (5, 4) in the model! Skipped.
'proposal_generator.anchor_generator.cell_anchors.2' has shape (3, 4) in the checkpoint but (5, 4) in the model! Skipped.
'proposal_generator.anchor_generator.cell_anchors.3' has shape (3, 4) in the checkpoint but (5, 4) in the model! Skipped.
'proposal_generator.anchor_generator.cell_anchors.4' has shape (3, 4) in the checkpoint but (5, 4) in the model! Skipped.
'proposal_generator.rpn_head.objectness_logits.weight' has shape (3, 256, 1, 1) in the checkpoint but (5, 256, 1, 1) in the model! Skipped.
'proposal_generator.rpn_head.objectness_logits.bias' has shape (3,) in the checkpoint but (5,) in the model! Skipped.
'proposal_generator.rpn_head.anchor_deltas.weight' has shape (12, 256, 1, 1) in the checkpoint but (20, 256, 1, 1) in the model! Skipped.
'proposal_generator.rpn_head.anchor_deltas.bias' has shape (12,) in the checkpoint but (20,) in the model! Skipped.
'roi_heads.box_predictor.cls_score.weight' has shape (81, 1024) in the checkpoint but (4, 1024) in the model! Skipped.
'roi_heads.box_predictor.cls_score.bias' has shape (81,) in the checkpoint but (4,) in the model! Skipped.
'roi_heads.box_predictor.bbox_pred.weight' has shape (320, 1024) in the checkpoint but (12, 1024) in the model! Skipped.
'roi_heads.box_predictor.bbox_pred.bias' has shape (320,) in the checkpoint but (12,) in the model! Skipped.
'roi_heads.mask_head.predictor.weight' has shape (80, 256, 1, 1) in the checkpoint but (3, 256, 1, 1) in the model! Skipped.
'roi_heads.mask_head.predictor.bias' has shape (80,) in the checkpoint but (3,) in the model! Skipped.
'proposal_generator.anchor_generator.cell_anchors.0' has shape (3, 4) in the checkpoint but (5, 4) in the model! Skipped.
'proposal_generator.anchor_generator.cell_anchors.1' has shape (3, 4) in the checkpoint but (5, 4) in the model! Skipped.
'proposal_generator.anchor_generator.cell_anchors.2' has shape (3, 4) in the checkpoint but (5, 4) in the model! Skipped.
'proposal_generator.anchor_generator.cell_anchors.3' has shape (3, 4) in the checkpoint but (5, 4) in the model! Skipped.
'proposal_generator.anchor_generator.cell_anchors.4' has shape (3, 4) in the checkpoint but (5, 4) in the model! Skipped.
'proposal_generator.rpn_head.objectness_logits.weight' has shape (3, 256, 1, 1) in the checkpoint but (5, 256, 1, 1) in the model! Skipped.
'proposal_generator.rpn_head.objectness_logits.bias' has shape (3,) in the checkpoint but (5,) in the model! Skipped.
'proposal_generator.rpn_head.anchor_deltas.weight' has shape (12, 256, 1, 1) in the checkpoint but (20, 256, 1, 1) in the model! Skipped.
'proposal_generator.rpn_head.anchor_deltas.bias' has shape (12,) in the checkpoint but (20,) in the model! Skipped.
'roi_heads.box_predictor.cls_score.weight' has shape (81, 1024) in the checkpoint but (4, 1024) in the model! Skipped.
'roi_heads.box_predictor.cls_score.bias' has shape (81,) in the checkpoint but (4,) in the model! Skipped.
'roi_heads.box_predictor.bbox_pred.weight' has shape (320, 1024) in the checkpoint but (12, 1024) in the model! Skipped.
'roi_heads.box_predictor.bbox_pred.bias' has shape (320,) in the checkpoint but (12,) in the model! Skipped.
'roi_heads.mask_head.predictor.weight' has shape (80, 256, 1, 1) in the checkpoint but (3, 256, 1, 1) in the model! Skipped.
'roi_heads.mask_head.predictor.bias' has shape (80,) in the checkpoint but (3,) in the model! Skipped.
'proposal_generator.anchor_generator.cell_anchors.0' has shape (3, 4) in the checkpoint but (5, 4) in the model! Skipped.
'proposal_generator.anchor_generator.cell_anchors.1' has shape (3, 4) in the checkpoint but (5, 4) in the model! Skipped.
'proposal_generator.anchor_generator.cell_anchors.2' has shape (3, 4) in the checkpoint but (5, 4) in the model! Skipped.
'proposal_generator.anchor_generator.cell_anchors.3' has shape (3, 4) in the checkpoint but (5, 4) in the model! Skipped.
'proposal_generator.anchor_generator.cell_anchors.4' has shape (3, 4) in the checkpoint but (5, 4) in the model! Skipped.
'proposal_generator.rpn_head.objectness_logits.weight' has shape (3, 256, 1, 1) in the checkpoint but (5, 256, 1, 1) in the model! Skipped.
'proposal_generator.rpn_head.objectness_logits.bias' has shape (3,) in the checkpoint but (5,) in the model! Skipped.
'proposal_generator.rpn_head.anchor_deltas.weight' has shape (12, 256, 1, 1) in the checkpoint but (20, 256, 1, 1) in the model! Skipped.
'proposal_generator.rpn_head.anchor_deltas.bias' has shape (12,) in the checkpoint but (20,) in the model! Skipped.
'roi_heads.box_predictor.cls_score.weight' has shape (81, 1024) in the checkpoint but (4, 1024) in the model! Skipped.
'roi_heads.box_predictor.cls_score.bias' has shape (81,) in the checkpoint but (4,) in the model! Skipped.
'roi_heads.box_predictor.bbox_pred.weight' has shape (320, 1024) in the checkpoint but (12, 1024) in the model! Skipped.
'roi_heads.box_predictor.bbox_pred.bias' has shape (320,) in the checkpoint but (12,) in the model! Skipped.
'roi_heads.mask_head.predictor.weight' has shape (80, 256, 1, 1) in the checkpoint but (3, 256, 1, 1) in the model! Skipped.
'roi_heads.mask_head.predictor.bias' has shape (80,) in the checkpoint but (3,) in the model! Skipped.
'proposal_generator.anchor_generator.cell_anchors.0' has shape (3, 4) in the checkpoint but (5, 4) in the model! Skipped.
'proposal_generator.anchor_generator.cell_anchors.1' has shape (3, 4) in the checkpoint but (5, 4) in the model! Skipped.
'proposal_generator.anchor_generator.cell_anchors.2' has shape (3, 4) in the checkpoint but (5, 4) in the model! Skipped.
'proposal_generator.anchor_generator.cell_anchors.3' has shape (3, 4) in the checkpoint but (5, 4) in the model! Skipped.
'proposal_generator.anchor_generator.cell_anchors.4' has shape (3, 4) in the checkpoint but (5, 4) in the model! Skipped.
'proposal_generator.rpn_head.objectness_logits.weight' has shape (3, 256, 1, 1) in the checkpoint but (5, 256, 1, 1) in the model! Skipped.
'proposal_generator.rpn_head.objectness_logits.bias' has shape (3,) in the checkpoint but (5,) in the model! Skipped.
'proposal_generator.rpn_head.anchor_deltas.weight' has shape (12, 256, 1, 1) in the checkpoint but (20, 256, 1, 1) in the model! Skipped.
'proposal_generator.rpn_head.anchor_deltas.bias' has shape (12,) in the checkpoint but (20,) in the model! Skipped.
'roi_heads.box_predictor.cls_score.weight' has shape (81, 1024) in the checkpoint but (4, 1024) in the model! Skipped.
'roi_heads.box_predictor.cls_score.bias' has shape (81,) in the checkpoint but (4,) in the model! Skipped.
'roi_heads.box_predictor.bbox_pred.weight' has shape (320, 1024) in the checkpoint but (12, 1024) in the model! Skipped.
'roi_heads.box_predictor.bbox_pred.bias' has shape (320,) in the checkpoint but (12,) in the model! Skipped.
'roi_heads.mask_head.predictor.weight' has shape (80, 256, 1, 1) in the checkpoint but (3, 256, 1, 1) in the model! Skipped.
'roi_heads.mask_head.predictor.bias' has shape (80,) in the checkpoint but (3,) in the model! Skipped.
'proposal_generator.anchor_generator.cell_anchors.0' has shape (3, 4) in the checkpoint but (5, 4) in the model! Skipped.
'proposal_generator.anchor_generator.cell_anchors.1' has shape (3, 4) in the checkpoint but (5, 4) in the model! Skipped.
'proposal_generator.anchor_generator.cell_anchors.2' has shape (3, 4) in the checkpoint but (5, 4) in the model! Skipped.
'proposal_generator.anchor_generator.cell_anchors.3' has shape (3, 4) in the checkpoint but (5, 4) in the model! Skipped.
'proposal_generator.anchor_generator.cell_anchors.4' has shape (3, 4) in the checkpoint but (5, 4) in the model! Skipped.
'proposal_generator.rpn_head.objectness_logits.weight' has shape (3, 256, 1, 1) in the checkpoint but (5, 256, 1, 1) in the model! Skipped.
'proposal_generator.rpn_head.objectness_logits.bias' has shape (3,) in the checkpoint but (5,) in the model! Skipped.
'proposal_generator.rpn_head.anchor_deltas.weight' has shape (12, 256, 1, 1) in the checkpoint but (20, 256, 1, 1) in the model! Skipped.
'proposal_generator.rpn_head.anchor_deltas.bias' has shape (12,) in the checkpoint but (20,) in the model! Skipped.
'roi_heads.box_predictor.cls_score.weight' has shape (81, 1024) in the checkpoint but (4, 1024) in the model! Skipped.
'roi_heads.box_predictor.cls_score.bias' has shape (81,) in the checkpoint but (4,) in the model! Skipped.
'roi_heads.box_predictor.bbox_pred.weight' has shape (320, 1024) in the checkpoint but (12, 1024) in the model! Skipped.
'roi_heads.box_predictor.bbox_pred.bias' has shape (320,) in the checkpoint but (12,) in the model! Skipped.
'roi_heads.mask_head.predictor.weight' has shape (80, 256, 1, 1) in the checkpoint but (3, 256, 1, 1) in the model! Skipped.
'roi_heads.mask_head.predictor.bias' has shape (80,) in the checkpoint but (3,) in the model! Skipped.
'proposal_generator.anchor_generator.cell_anchors.0' has shape (3, 4) in the checkpoint but (5, 4) in the model! Skipped.
'proposal_generator.anchor_generator.cell_anchors.1' has shape (3, 4) in the checkpoint but (5, 4) in the model! Skipped.
'proposal_generator.anchor_generator.cell_anchors.2' has shape (3, 4) in the checkpoint but (5, 4) in the model! Skipped.
'proposal_generator.anchor_generator.cell_anchors.3' has shape (3, 4) in the checkpoint but (5, 4) in the model! Skipped.
'proposal_generator.anchor_generator.cell_anchors.4' has shape (3, 4) in the checkpoint but (5, 4) in the model! Skipped.
'proposal_generator.rpn_head.objectness_logits.weight' has shape (3, 256, 1, 1) in the checkpoint but (5, 256, 1, 1) in the model! Skipped.
'proposal_generator.rpn_head.objectness_logits.bias' has shape (3,) in the checkpoint but (5,) in the model! Skipped.
'proposal_generator.rpn_head.anchor_deltas.weight' has shape (12, 256, 1, 1) in the checkpoint but (20, 256, 1, 1) in the model! Skipped.
'proposal_generator.rpn_head.anchor_deltas.bias' has shape (12,) in the checkpoint but (20,) in the model! Skipped.
'roi_heads.box_predictor.cls_score.weight' has shape (81, 1024) in the checkpoint but (4, 1024) in the model! Skipped.
'roi_heads.box_predictor.cls_score.bias' has shape (81,) in the checkpoint but (4,) in the model! Skipped.
'roi_heads.box_predictor.bbox_pred.weight' has shape (320, 1024) in the checkpoint but (12, 1024) in the model! Skipped.
'roi_heads.box_predictor.bbox_pred.bias' has shape (320,) in the checkpoint but (12,) in the model! Skipped.
'roi_heads.mask_head.predictor.weight' has shape (80, 256, 1, 1) in the checkpoint but (3, 256, 1, 1) in the model! Skipped.
'roi_heads.mask_head.predictor.bias' has shape (80,) in the checkpoint but (3,) in the model! Skipped.
'proposal_generator.anchor_generator.cell_anchors.0' has shape (3, 4) in the checkpoint but (5, 4) in the model! Skipped.
'proposal_generator.anchor_generator.cell_anchors.1' has shape (3, 4) in the checkpoint but (5, 4) in the model! Skipped.
'proposal_generator.anchor_generator.cell_anchors.2' has shape (3, 4) in the checkpoint but (5, 4) in the model! Skipped.
'proposal_generator.anchor_generator.cell_anchors.3' has shape (3, 4) in the checkpoint but (5, 4) in the model! Skipped.
'proposal_generator.anchor_generator.cell_anchors.4' has shape (3, 4) in the checkpoint but (5, 4) in the model! Skipped.
'proposal_generator.rpn_head.objectness_logits.weight' has shape (3, 256, 1, 1) in the checkpoint but (5, 256, 1, 1) in the model! Skipped.
'proposal_generator.rpn_head.objectness_logits.bias' has shape (3,) in the checkpoint but (5,) in the model! Skipped.
'proposal_generator.rpn_head.anchor_deltas.weight' has shape (12, 256, 1, 1) in the checkpoint but (20, 256, 1, 1) in the model! Skipped.
'proposal_generator.rpn_head.anchor_deltas.bias' has shape (12,) in the checkpoint but (20,) in the model! Skipped.
'roi_heads.box_predictor.cls_score.weight' has shape (81, 1024) in the checkpoint but (4, 1024) in the model! Skipped.
'roi_heads.box_predictor.cls_score.bias' has shape (81,) in the checkpoint but (4,) in the model! Skipped.
'roi_heads.box_predictor.bbox_pred.weight' has shape (320, 1024) in the checkpoint but (12, 1024) in the model! Skipped.
'roi_heads.box_predictor.bbox_pred.bias' has shape (320,) in the checkpoint but (12,) in the model! Skipped.
'roi_heads.mask_head.predictor.weight' has shape (80, 256, 1, 1) in the checkpoint but (3, 256, 1, 1) in the model! Skipped.
'roi_heads.mask_head.predictor.bias' has shape (80,) in the checkpoint but (3,) in the model! Skipped.
'proposal_generator.anchor_generator.cell_anchors.0' has shape (3, 4) in the checkpoint but (5, 4) in the model! Skipped.
'proposal_generator.anchor_generator.cell_anchors.1' has shape (3, 4) in the checkpoint but (5, 4) in the model! Skipped.
'proposal_generator.anchor_generator.cell_anchors.2' has shape (3, 4) in the checkpoint but (5, 4) in the model! Skipped.
'proposal_generator.anchor_generator.cell_anchors.3' has shape (3, 4) in the checkpoint but (5, 4) in the model! Skipped.
'proposal_generator.anchor_generator.cell_anchors.4' has shape (3, 4) in the checkpoint but (5, 4) in the model! Skipped.
'proposal_generator.rpn_head.objectness_logits.weight' has shape (3, 256, 1, 1) in the checkpoint but (5, 256, 1, 1) in the model! Skipped.
'proposal_generator.rpn_head.objectness_logits.bias' has shape (3,) in the checkpoint but (5,) in the model! Skipped.
'proposal_generator.rpn_head.anchor_deltas.weight' has shape (12, 256, 1, 1) in the checkpoint but (20, 256, 1, 1) in the model! Skipped.
'proposal_generator.rpn_head.anchor_deltas.bias' has shape (12,) in the checkpoint but (20,) in the model! Skipped.
'roi_heads.box_predictor.cls_score.weight' has shape (81, 1024) in the checkpoint but (4, 1024) in the model! Skipped.
'roi_heads.box_predictor.cls_score.bias' has shape (81,) in the checkpoint but (4,) in the model! Skipped.
'roi_heads.box_predictor.bbox_pred.weight' has shape (320, 1024) in the checkpoint but (12, 1024) in the model! Skipped.
'roi_heads.box_predictor.bbox_pred.bias' has shape (320,) in the checkpoint but (12,) in the model! Skipped.
'roi_heads.mask_head.predictor.weight' has shape (80, 256, 1, 1) in the checkpoint but (3, 256, 1, 1) in the model! Skipped.
'roi_heads.mask_head.predictor.bias' has shape (80,) in the checkpoint but (3,) in the model! Skipped.
'proposal_generator.anchor_generator.cell_anchors.0' has shape (3, 4) in the checkpoint but (5, 4) in the model! Skipped.
'proposal_generator.anchor_generator.cell_anchors.1' has shape (3, 4) in the checkpoint but (5, 4) in the model! Skipped.
'proposal_generator.anchor_generator.cell_anchors.2' has shape (3, 4) in the checkpoint but (5, 4) in the model! Skipped.
'proposal_generator.anchor_generator.cell_anchors.3' has shape (3, 4) in the checkpoint but (5, 4) in the model! Skipped.
'proposal_generator.anchor_generator.cell_anchors.4' has shape (3, 4) in the checkpoint but (5, 4) in the model! Skipped.
'proposal_generator.rpn_head.objectness_logits.weight' has shape (3, 256, 1, 1) in the checkpoint but (5, 256, 1, 1) in the model! Skipped.
'proposal_generator.rpn_head.objectness_logits.bias' has shape (3,) in the checkpoint but (5,) in the model! Skipped.
'proposal_generator.rpn_head.anchor_deltas.weight' has shape (12, 256, 1, 1) in the checkpoint but (20, 256, 1, 1) in the model! Skipped.
'proposal_generator.rpn_head.anchor_deltas.bias' has shape (12,) in the checkpoint but (20,) in the model! Skipped.
'roi_heads.box_predictor.cls_score.weight' has shape (81, 1024) in the checkpoint but (4, 1024) in the model! Skipped.
'roi_heads.box_predictor.cls_score.bias' has shape (81,) in the checkpoint but (4,) in the model! Skipped.
'roi_heads.box_predictor.bbox_pred.weight' has shape (320, 1024) in the checkpoint but (12, 1024) in the model! Skipped.
'roi_heads.box_predictor.bbox_pred.bias' has shape (320,) in the checkpoint but (12,) in the model! Skipped.
'roi_heads.mask_head.predictor.weight' has shape (80, 256, 1, 1) in the checkpoint but (3, 256, 1, 1) in the model! Skipped.
'roi_heads.mask_head.predictor.bias' has shape (80,) in the checkpoint but (3,) in the model! Skipped.
'proposal_generator.anchor_generator.cell_anchors.0' has shape (3, 4) in the checkpoint but (5, 4) in the model! Skipped.
'proposal_generator.anchor_generator.cell_anchors.1' has shape (3, 4) in the checkpoint but (5, 4) in the model! Skipped.
'proposal_generator.anchor_generator.cell_anchors.2' has shape (3, 4) in the checkpoint but (5, 4) in the model! Skipped.
'proposal_generator.anchor_generator.cell_anchors.3' has shape (3, 4) in the checkpoint but (5, 4) in the model! Skipped.
'proposal_generator.anchor_generator.cell_anchors.4' has shape (3, 4) in the checkpoint but (5, 4) in the model! Skipped.
'proposal_generator.rpn_head.objectness_logits.weight' has shape (3, 256, 1, 1) in the checkpoint but (5, 256, 1, 1) in the model! Skipped.
'proposal_generator.rpn_head.objectness_logits.bias' has shape (3,) in the checkpoint but (5,) in the model! Skipped.
'proposal_generator.rpn_head.anchor_deltas.weight' has shape (12, 256, 1, 1) in the checkpoint but (20, 256, 1, 1) in the model! Skipped.
'proposal_generator.rpn_head.anchor_deltas.bias' has shape (12,) in the checkpoint but (20,) in the model! Skipped.
'roi_heads.box_predictor.cls_score.weight' has shape (81, 1024) in the checkpoint but (4, 1024) in the model! Skipped.
'roi_heads.box_predictor.cls_score.bias' has shape (81,) in the checkpoint but (4,) in the model! Skipped.
'roi_heads.box_predictor.bbox_pred.weight' has shape (320, 1024) in the checkpoint but (12, 1024) in the model! Skipped.
'roi_heads.box_predictor.bbox_pred.bias' has shape (320,) in the checkpoint but (12,) in the model! Skipped.
'roi_heads.mask_head.predictor.weight' has shape (80, 256, 1, 1) in the checkpoint but (3, 256, 1, 1) in the model! Skipped.
'roi_heads.mask_head.predictor.bias' has shape (80,) in the checkpoint but (3,) in the model! Skipped.
'proposal_generator.anchor_generator.cell_anchors.0' has shape (3, 4) in the checkpoint but (5, 4) in the model! Skipped.
'proposal_generator.anchor_generator.cell_anchors.1' has shape (3, 4) in the checkpoint but (5, 4) in the model! Skipped.
'proposal_generator.anchor_generator.cell_anchors.2' has shape (3, 4) in the checkpoint but (5, 4) in the model! Skipped.
'proposal_generator.anchor_generator.cell_anchors.3' has shape (3, 4) in the checkpoint but (5, 4) in the model! Skipped.
'proposal_generator.anchor_generator.cell_anchors.4' has shape (3, 4) in the checkpoint but (5, 4) in the model! Skipped.
'proposal_generator.rpn_head.objectness_logits.weight' has shape (3, 256, 1, 1) in the checkpoint but (5, 256, 1, 1) in the model! Skipped.
'proposal_generator.rpn_head.objectness_logits.bias' has shape (3,) in the checkpoint but (5,) in the model! Skipped.
'proposal_generator.rpn_head.anchor_deltas.weight' has shape (12, 256, 1, 1) in the checkpoint but (20, 256, 1, 1) in the model! Skipped.
'proposal_generator.rpn_head.anchor_deltas.bias' has shape (12,) in the checkpoint but (20,) in the model! Skipped.
'roi_heads.box_predictor.cls_score.weight' has shape (81, 1024) in the checkpoint but (4, 1024) in the model! Skipped.
'roi_heads.box_predictor.cls_score.bias' has shape (81,) in the checkpoint but (4,) in the model! Skipped.
'roi_heads.box_predictor.bbox_pred.weight' has shape (320, 1024) in the checkpoint but (12, 1024) in the model! Skipped.
'roi_heads.box_predictor.bbox_pred.bias' has shape (320,) in the checkpoint but (12,) in the model! Skipped.
'roi_heads.mask_head.predictor.weight' has shape (80, 256, 1, 1) in the checkpoint but (3, 256, 1, 1) in the model! Skipped.
'roi_heads.mask_head.predictor.bias' has shape (80,) in the checkpoint but (3,) in the model! Skipped.
'proposal_generator.anchor_generator.cell_anchors.0' has shape (3, 4) in the checkpoint but (5, 4) in the model! Skipped.
'proposal_generator.anchor_generator.cell_anchors.1' has shape (3, 4) in the checkpoint but (5, 4) in the model! Skipped.
'proposal_generator.anchor_generator.cell_anchors.2' has shape (3, 4) in the checkpoint but (5, 4) in the model! Skipped.
'proposal_generator.anchor_generator.cell_anchors.3' has shape (3, 4) in the checkpoint but (5, 4) in the model! Skipped.
'proposal_generator.anchor_generator.cell_anchors.4' has shape (3, 4) in the checkpoint but (5, 4) in the model! Skipped.
'proposal_generator.rpn_head.objectness_logits.weight' has shape (3, 256, 1, 1) in the checkpoint but (5, 256, 1, 1) in the model! Skipped.
'proposal_generator.rpn_head.objectness_logits.bias' has shape (3,) in the checkpoint but (5,) in the model! Skipped.
'proposal_generator.rpn_head.anchor_deltas.weight' has shape (12, 256, 1, 1) in the checkpoint but (20, 256, 1, 1) in the model! Skipped.
'proposal_generator.rpn_head.anchor_deltas.bias' has shape (12,) in the checkpoint but (20,) in the model! Skipped.
'roi_heads.box_predictor.cls_score.weight' has shape (81, 1024) in the checkpoint but (4, 1024) in the model! Skipped.
'roi_heads.box_predictor.cls_score.bias' has shape (81,) in the checkpoint but (4,) in the model! Skipped.
'roi_heads.box_predictor.bbox_pred.weight' has shape (320, 1024) in the checkpoint but (12, 1024) in the model! Skipped.
'roi_heads.box_predictor.bbox_pred.bias' has shape (320,) in the checkpoint but (12,) in the model! Skipped.
'roi_heads.mask_head.predictor.weight' has shape (80, 256, 1, 1) in the checkpoint but (3, 256, 1, 1) in the model! Skipped.
'roi_heads.mask_head.predictor.bias' has shape (80,) in the checkpoint but (3,) in the model! Skipped.
'proposal_generator.anchor_generator.cell_anchors.0' has shape (3, 4) in the checkpoint but (5, 4) in the model! Skipped.
'proposal_generator.anchor_generator.cell_anchors.1' has shape (3, 4) in the checkpoint but (5, 4) in the model! Skipped.
'proposal_generator.anchor_generator.cell_anchors.2' has shape (3, 4) in the checkpoint but (5, 4) in the model! Skipped.
'proposal_generator.anchor_generator.cell_anchors.3' has shape (3, 4) in the checkpoint but (5, 4) in the model! Skipped.
'proposal_generator.anchor_generator.cell_anchors.4' has shape (3, 4) in the checkpoint but (5, 4) in the model! Skipped.
'proposal_generator.rpn_head.objectness_logits.weight' has shape (3, 256, 1, 1) in the checkpoint but (5, 256, 1, 1) in the model! Skipped.
'proposal_generator.rpn_head.objectness_logits.bias' has shape (3,) in the checkpoint but (5,) in the model! Skipped.
'proposal_generator.rpn_head.anchor_deltas.weight' has shape (12, 256, 1, 1) in the checkpoint but (20, 256, 1, 1) in the model! Skipped.
'proposal_generator.rpn_head.anchor_deltas.bias' has shape (12,) in the checkpoint but (20,) in the model! Skipped.
'roi_heads.box_predictor.cls_score.weight' has shape (81, 1024) in the checkpoint but (4, 1024) in the model! Skipped.
'roi_heads.box_predictor.cls_score.bias' has shape (81,) in the checkpoint but (4,) in the model! Skipped.
'roi_heads.box_predictor.bbox_pred.weight' has shape (320, 1024) in the checkpoint but (12, 1024) in the model! Skipped.
'roi_heads.box_predictor.bbox_pred.bias' has shape (320,) in the checkpoint but (12,) in the model! Skipped.
'roi_heads.mask_head.predictor.weight' has shape (80, 256, 1, 1) in the checkpoint but (3, 256, 1, 1) in the model! Skipped.
'roi_heads.mask_head.predictor.bias' has shape (80,) in the checkpoint but (3,) in the model! Skipped.
'proposal_generator.anchor_generator.cell_anchors.0' has shape (3, 4) in the checkpoint but (5, 4) in the model! Skipped.
'proposal_generator.anchor_generator.cell_anchors.1' has shape (3, 4) in the checkpoint but (5, 4) in the model! Skipped.
'proposal_generator.anchor_generator.cell_anchors.2' has shape (3, 4) in the checkpoint but (5, 4) in the model! Skipped.
'proposal_generator.anchor_generator.cell_anchors.3' has shape (3, 4) in the checkpoint but (5, 4) in the model! Skipped.
'proposal_generator.anchor_generator.cell_anchors.4' has shape (3, 4) in the checkpoint but (5, 4) in the model! Skipped.
'proposal_generator.rpn_head.objectness_logits.weight' has shape (3, 256, 1, 1) in the checkpoint but (5, 256, 1, 1) in the model! Skipped.
'proposal_generator.rpn_head.objectness_logits.bias' has shape (3,) in the checkpoint but (5,) in the model! Skipped.
'proposal_generator.rpn_head.anchor_deltas.weight' has shape (12, 256, 1, 1) in the checkpoint but (20, 256, 1, 1) in the model! Skipped.
'proposal_generator.rpn_head.anchor_deltas.bias' has shape (12,) in the checkpoint but (20,) in the model! Skipped.
'roi_heads.box_predictor.cls_score.weight' has shape (81, 1024) in the checkpoint but (4, 1024) in the model! Skipped.
'roi_heads.box_predictor.cls_score.bias' has shape (81,) in the checkpoint but (4,) in the model! Skipped.
'roi_heads.box_predictor.bbox_pred.weight' has shape (320, 1024) in the checkpoint but (12, 1024) in the model! Skipped.
'roi_heads.box_predictor.bbox_pred.bias' has shape (320,) in the checkpoint but (12,) in the model! Skipped.
'roi_heads.mask_head.predictor.weight' has shape (80, 256, 1, 1) in the checkpoint but (3, 256, 1, 1) in the model! Skipped.
'roi_heads.mask_head.predictor.bias' has shape (80,) in the checkpoint but (3,) in the model! Skipped.
'proposal_generator.anchor_generator.cell_anchors.0' has shape (3, 4) in the checkpoint but (5, 4) in the model! Skipped.
'proposal_generator.anchor_generator.cell_anchors.1' has shape (3, 4) in the checkpoint but (5, 4) in the model! Skipped.
'proposal_generator.anchor_generator.cell_anchors.2' has shape (3, 4) in the checkpoint but (5, 4) in the model! Skipped.
'proposal_generator.anchor_generator.cell_anchors.3' has shape (3, 4) in the checkpoint but (5, 4) in the model! Skipped.
'proposal_generator.anchor_generator.cell_anchors.4' has shape (3, 4) in the checkpoint but (5, 4) in the model! Skipped.
'proposal_generator.rpn_head.objectness_logits.weight' has shape (3, 256, 1, 1) in the checkpoint but (5, 256, 1, 1) in the model! Skipped.
'proposal_generator.rpn_head.objectness_logits.bias' has shape (3,) in the checkpoint but (5,) in the model! Skipped.
'proposal_generator.rpn_head.anchor_deltas.weight' has shape (12, 256, 1, 1) in the checkpoint but (20, 256, 1, 1) in the model! Skipped.
'proposal_generator.rpn_head.anchor_deltas.bias' has shape (12,) in the checkpoint but (20,) in the model! Skipped.
'roi_heads.box_predictor.cls_score.weight' has shape (81, 1024) in the checkpoint but (4, 1024) in the model! Skipped.
'roi_heads.box_predictor.cls_score.bias' has shape (81,) in the checkpoint but (4,) in the model! Skipped.
'roi_heads.box_predictor.bbox_pred.weight' has shape (320, 1024) in the checkpoint but (12, 1024) in the model! Skipped.
'roi_heads.box_predictor.bbox_pred.bias' has shape (320,) in the checkpoint but (12,) in the model! Skipped.
'roi_heads.mask_head.predictor.weight' has shape (80, 256, 1, 1) in the checkpoint but (3, 256, 1, 1) in the model! Skipped.
'roi_heads.mask_head.predictor.bias' has shape (80,) in the checkpoint but (3,) in the model! Skipped.
