Loading sequence 0002
Loading sequence 0005
Loading sequence 0009
Loading sequence 0011
0002
0005
0009
0011
Loaded 2862 images!
/home/mcv/datasets/MOTSChallenge/train/images/0009/000111.jpg
/home/mcv/datasets/MOTSChallenge/train/images/0009/000026.jpg
[5m[31mWARNING[0m [32m[03/27 16:01:55 d2.evaluation.coco_evaluation]: [0mjson_file was not found in MetaDataCatalog for 'MOTSChallenge_val'. Trying to convert it to COCO format ...
[5m[31mWARNING[0m [32m[03/27 16:01:55 d2.data.datasets.coco]: [0mUsing previously cached COCO format annotations at '../mask_rcnn_R_50_FPN_NOT_TRAINED/output/MOTSChallenge_val_coco_format.json'. You need to clear the cache file if your dataset has been modified.
Loading sequence 0002
Loading sequence 0005
Loading sequence 0009
Loading sequence 0011
0002
0005
0009
0011
Loaded 2862 images!
[32m[03/27 16:14:01 d2.data.build]: [0mDistribution of instances among all 8 categories:
[36m|  category  | #instances   |  category  | #instances   |  category  | #instances   |
|:----------:|:-------------|:----------:|:-------------|:----------:|:-------------|
|   person   | 26892        |   rider    | 0            |    car     | 0            |
|   truck    | 0            |    bus     | 0            |   train    | 0            |
| motorcycle | 0            |  bicycle   | 0            |            |              |
|   total    | 26892        |            |              |            |              |[0m
[32m[03/27 16:14:01 d2.data.common]: [0mSerializing 2862 elements to byte tensors and concatenating them all ...
[32m[03/27 16:14:03 d2.data.common]: [0mSerialized dataset takes 57.16 MiB
[32m[03/27 16:14:04 d2.evaluation.evaluator]: [0mStart inference on 2862 images
[32m[03/27 16:14:08 d2.evaluation.evaluator]: [0mInference done 11/2862. 0.1305 s / img. ETA=0:11:02
[32m[03/27 16:14:13 d2.evaluation.evaluator]: [0mInference done 30/2862. 0.1285 s / img. ETA=0:12:21
[32m[03/27 16:14:18 d2.evaluation.evaluator]: [0mInference done 49/2862. 0.1284 s / img. ETA=0:12:28
[32m[03/27 16:14:23 d2.evaluation.evaluator]: [0mInference done 70/2862. 0.1275 s / img. ETA=0:12:02
[32m[03/27 16:14:28 d2.evaluation.evaluator]: [0mInference done 92/2862. 0.1267 s / img. ETA=0:11:41
[32m[03/27 16:14:33 d2.evaluation.evaluator]: [0mInference done 114/2862. 0.1261 s / img. ETA=0:11:23
[32m[03/27 16:14:38 d2.evaluation.evaluator]: [0mInference done 135/2862. 0.1260 s / img. ETA=0:11:14
[32m[03/27 16:14:44 d2.evaluation.evaluator]: [0mInference done 157/2862. 0.1259 s / img. ETA=0:11:04
[32m[03/27 16:14:49 d2.evaluation.evaluator]: [0mInference done 177/2862. 0.1260 s / img. ETA=0:11:03
[32m[03/27 16:14:54 d2.evaluation.evaluator]: [0mInference done 197/2862. 0.1260 s / img. ETA=0:11:00
[32m[03/27 16:14:59 d2.evaluation.evaluator]: [0mInference done 217/2862. 0.1260 s / img. ETA=0:10:56
[32m[03/27 16:15:04 d2.evaluation.evaluator]: [0mInference done 237/2862. 0.1263 s / img. ETA=0:10:55
[32m[03/27 16:15:09 d2.evaluation.evaluator]: [0mInference done 254/2862. 0.1300 s / img. ETA=0:10:58
[32m[03/27 16:15:14 d2.evaluation.evaluator]: [0mInference done 269/2862. 0.1348 s / img. ETA=0:11:07
[32m[03/27 16:15:19 d2.evaluation.evaluator]: [0mInference done 289/2862. 0.1343 s / img. ETA=0:11:02
[32m[03/27 16:15:25 d2.evaluation.evaluator]: [0mInference done 311/2862. 0.1336 s / img. ETA=0:10:52
[32m[03/27 16:15:30 d2.evaluation.evaluator]: [0mInference done 330/2862. 0.1334 s / img. ETA=0:10:50
[32m[03/27 16:15:35 d2.evaluation.evaluator]: [0mInference done 350/2862. 0.1330 s / img. ETA=0:10:44
[32m[03/27 16:15:40 d2.evaluation.evaluator]: [0mInference done 370/2862. 0.1328 s / img. ETA=0:10:38
[32m[03/27 16:15:45 d2.evaluation.evaluator]: [0mInference done 390/2862. 0.1325 s / img. ETA=0:10:34
[32m[03/27 16:15:50 d2.evaluation.evaluator]: [0mInference done 410/2862. 0.1323 s / img. ETA=0:10:28
[32m[03/27 16:15:55 d2.evaluation.evaluator]: [0mInference done 430/2862. 0.1321 s / img. ETA=0:10:23
[32m[03/27 16:16:00 d2.evaluation.evaluator]: [0mInference done 450/2862. 0.1318 s / img. ETA=0:10:18
[32m[03/27 16:16:05 d2.evaluation.evaluator]: [0mInference done 470/2862. 0.1316 s / img. ETA=0:10:13
[32m[03/27 16:16:10 d2.evaluation.evaluator]: [0mInference done 489/2862. 0.1315 s / img. ETA=0:10:09
[32m[03/27 16:16:16 d2.evaluation.evaluator]: [0mInference done 510/2862. 0.1313 s / img. ETA=0:10:02
[32m[03/27 16:16:21 d2.evaluation.evaluator]: [0mInference done 529/2862. 0.1312 s / img. ETA=0:09:58
[32m[03/27 16:16:26 d2.evaluation.evaluator]: [0mInference done 550/2862. 0.1310 s / img. ETA=0:09:52
[32m[03/27 16:16:31 d2.evaluation.evaluator]: [0mInference done 571/2862. 0.1309 s / img. ETA=0:09:45
[32m[03/27 16:16:36 d2.evaluation.evaluator]: [0mInference done 592/2862. 0.1307 s / img. ETA=0:09:39
[32m[03/27 16:16:41 d2.evaluation.evaluator]: [0mInference done 630/2862. 0.1290 s / img. ETA=0:09:12
[32m[03/27 16:16:46 d2.evaluation.evaluator]: [0mInference done 680/2862. 0.1265 s / img. ETA=0:08:36
[32m[03/27 16:16:51 d2.evaluation.evaluator]: [0mInference done 730/2862. 0.1242 s / img. ETA=0:08:05
[32m[03/27 16:16:56 d2.evaluation.evaluator]: [0mInference done 780/2862. 0.1224 s / img. ETA=0:07:36
[32m[03/27 16:17:01 d2.evaluation.evaluator]: [0mInference done 830/2862. 0.1207 s / img. ETA=0:07:11
[32m[03/27 16:17:06 d2.evaluation.evaluator]: [0mInference done 880/2862. 0.1192 s / img. ETA=0:06:48
[32m[03/27 16:17:11 d2.evaluation.evaluator]: [0mInference done 930/2862. 0.1179 s / img. ETA=0:06:26
[32m[03/27 16:17:17 d2.evaluation.evaluator]: [0mInference done 980/2862. 0.1168 s / img. ETA=0:06:07
[32m[03/27 16:17:22 d2.evaluation.evaluator]: [0mInference done 1030/2862. 0.1157 s / img. ETA=0:05:49
[32m[03/27 16:17:27 d2.evaluation.evaluator]: [0mInference done 1079/2862. 0.1148 s / img. ETA=0:05:32
[32m[03/27 16:17:32 d2.evaluation.evaluator]: [0mInference done 1129/2862. 0.1139 s / img. ETA=0:05:16
[32m[03/27 16:17:37 d2.evaluation.evaluator]: [0mInference done 1179/2862. 0.1131 s / img. ETA=0:05:01
[32m[03/27 16:17:42 d2.evaluation.evaluator]: [0mInference done 1229/2862. 0.1124 s / img. ETA=0:04:47
[32m[03/27 16:17:47 d2.evaluation.evaluator]: [0mInference done 1279/2862. 0.1117 s / img. ETA=0:04:34
[32m[03/27 16:17:52 d2.evaluation.evaluator]: [0mInference done 1329/2862. 0.1111 s / img. ETA=0:04:21
[32m[03/27 16:17:57 d2.evaluation.evaluator]: [0mInference done 1379/2862. 0.1105 s / img. ETA=0:04:09
[32m[03/27 16:18:02 d2.evaluation.evaluator]: [0mInference done 1428/2862. 0.1100 s / img. ETA=0:03:57
[32m[03/27 16:18:07 d2.evaluation.evaluator]: [0mInference done 1463/2862. 0.1101 s / img. ETA=0:03:51
[32m[03/27 16:18:12 d2.evaluation.evaluator]: [0mInference done 1495/2862. 0.1103 s / img. ETA=0:03:45
[32m[03/27 16:18:17 d2.evaluation.evaluator]: [0mInference done 1527/2862. 0.1105 s / img. ETA=0:03:40
[32m[03/27 16:18:22 d2.evaluation.evaluator]: [0mInference done 1559/2862. 0.1107 s / img. ETA=0:03:34
[32m[03/27 16:18:28 d2.evaluation.evaluator]: [0mInference done 1592/2862. 0.1109 s / img. ETA=0:03:29
[32m[03/27 16:18:33 d2.evaluation.evaluator]: [0mInference done 1624/2862. 0.1111 s / img. ETA=0:03:23
[32m[03/27 16:18:38 d2.evaluation.evaluator]: [0mInference done 1656/2862. 0.1112 s / img. ETA=0:03:18
[32m[03/27 16:18:43 d2.evaluation.evaluator]: [0mInference done 1688/2862. 0.1114 s / img. ETA=0:03:12
[32m[03/27 16:18:48 d2.evaluation.evaluator]: [0mInference done 1720/2862. 0.1116 s / img. ETA=0:03:07
[32m[03/27 16:18:53 d2.evaluation.evaluator]: [0mInference done 1752/2862. 0.1117 s / img. ETA=0:03:02
[32m[03/27 16:18:58 d2.evaluation.evaluator]: [0mInference done 1784/2862. 0.1119 s / img. ETA=0:02:56
[32m[03/27 16:19:03 d2.evaluation.evaluator]: [0mInference done 1816/2862. 0.1120 s / img. ETA=0:02:51
[32m[03/27 16:19:08 d2.evaluation.evaluator]: [0mInference done 1849/2862. 0.1122 s / img. ETA=0:02:45
[32m[03/27 16:19:13 d2.evaluation.evaluator]: [0mInference done 1881/2862. 0.1123 s / img. ETA=0:02:40
[32m[03/27 16:19:18 d2.evaluation.evaluator]: [0mInference done 1913/2862. 0.1124 s / img. ETA=0:02:35
[32m[03/27 16:19:23 d2.evaluation.evaluator]: [0mInference done 1945/2862. 0.1126 s / img. ETA=0:02:29
[32m[03/27 16:19:29 d2.evaluation.evaluator]: [0mInference done 1976/2862. 0.1127 s / img. ETA=0:02:24
[32m[03/27 16:19:34 d2.evaluation.evaluator]: [0mInference done 2006/2862. 0.1128 s / img. ETA=0:02:20
[32m[03/27 16:19:39 d2.evaluation.evaluator]: [0mInference done 2036/2862. 0.1129 s / img. ETA=0:02:15
[32m[03/27 16:19:44 d2.evaluation.evaluator]: [0mInference done 2065/2862. 0.1131 s / img. ETA=0:02:10
[32m[03/27 16:19:49 d2.evaluation.evaluator]: [0mInference done 2095/2862. 0.1132 s / img. ETA=0:02:05
[32m[03/27 16:19:54 d2.evaluation.evaluator]: [0mInference done 2125/2862. 0.1132 s / img. ETA=0:02:00
[32m[03/27 16:19:59 d2.evaluation.evaluator]: [0mInference done 2155/2862. 0.1134 s / img. ETA=0:01:56
[32m[03/27 16:20:04 d2.evaluation.evaluator]: [0mInference done 2184/2862. 0.1135 s / img. ETA=0:01:51
[32m[03/27 16:20:09 d2.evaluation.evaluator]: [0mInference done 2214/2862. 0.1136 s / img. ETA=0:01:46
[32m[03/27 16:20:14 d2.evaluation.evaluator]: [0mInference done 2244/2862. 0.1137 s / img. ETA=0:01:41
[32m[03/27 16:20:19 d2.evaluation.evaluator]: [0mInference done 2274/2862. 0.1138 s / img. ETA=0:01:36
[32m[03/27 16:20:25 d2.evaluation.evaluator]: [0mInference done 2304/2862. 0.1139 s / img. ETA=0:01:31
[32m[03/27 16:20:30 d2.evaluation.evaluator]: [0mInference done 2334/2862. 0.1140 s / img. ETA=0:01:26
[32m[03/27 16:20:35 d2.evaluation.evaluator]: [0mInference done 2364/2862. 0.1140 s / img. ETA=0:01:21
[32m[03/27 16:20:40 d2.evaluation.evaluator]: [0mInference done 2394/2862. 0.1141 s / img. ETA=0:01:17
[32m[03/27 16:20:45 d2.evaluation.evaluator]: [0mInference done 2424/2862. 0.1142 s / img. ETA=0:01:12
[32m[03/27 16:20:50 d2.evaluation.evaluator]: [0mInference done 2455/2862. 0.1143 s / img. ETA=0:01:07
[32m[03/27 16:20:55 d2.evaluation.evaluator]: [0mInference done 2485/2862. 0.1144 s / img. ETA=0:01:02
[32m[03/27 16:21:00 d2.evaluation.evaluator]: [0mInference done 2515/2862. 0.1145 s / img. ETA=0:00:57
[32m[03/27 16:21:05 d2.evaluation.evaluator]: [0mInference done 2545/2862. 0.1145 s / img. ETA=0:00:52
[32m[03/27 16:21:10 d2.evaluation.evaluator]: [0mInference done 2574/2862. 0.1146 s / img. ETA=0:00:47
[32m[03/27 16:21:15 d2.evaluation.evaluator]: [0mInference done 2604/2862. 0.1147 s / img. ETA=0:00:42
[32m[03/27 16:21:20 d2.evaluation.evaluator]: [0mInference done 2633/2862. 0.1147 s / img. ETA=0:00:37
[32m[03/27 16:21:25 d2.evaluation.evaluator]: [0mInference done 2663/2862. 0.1148 s / img. ETA=0:00:32
[32m[03/27 16:21:30 d2.evaluation.evaluator]: [0mInference done 2692/2862. 0.1149 s / img. ETA=0:00:28
[32m[03/27 16:21:36 d2.evaluation.evaluator]: [0mInference done 2721/2862. 0.1150 s / img. ETA=0:00:23
[32m[03/27 16:21:41 d2.evaluation.evaluator]: [0mInference done 2750/2862. 0.1150 s / img. ETA=0:00:18
[32m[03/27 16:21:46 d2.evaluation.evaluator]: [0mInference done 2780/2862. 0.1151 s / img. ETA=0:00:13
[32m[03/27 16:21:51 d2.evaluation.evaluator]: [0mInference done 2809/2862. 0.1151 s / img. ETA=0:00:08
[32m[03/27 16:21:56 d2.evaluation.evaluator]: [0mInference done 2838/2862. 0.1152 s / img. ETA=0:00:03
[32m[03/27 16:22:00 d2.evaluation.evaluator]: [0mTotal inference time: 0:07:53.796296 (0.165837 s / img per device, on 1 devices)
[32m[03/27 16:22:00 d2.evaluation.evaluator]: [0mTotal inference pure compute time: 0:05:29 (0.115256 s / img per device, on 1 devices)
[32m[03/27 16:22:01 d2.evaluation.coco_evaluation]: [0mPreparing results for COCO format ...
[32m[03/27 16:22:01 d2.evaluation.coco_evaluation]: [0mSaving results to ../mask_rcnn_R_50_FPN_NOT_TRAINED/output/coco_instances_results.json
[32m[03/27 16:22:01 d2.evaluation.coco_evaluation]: [0mEvaluating predictions ...
Loading and preparing results...
DONE (t=0.05s)
creating index...
index created!
Running per image evaluation...
Evaluate annotation type *bbox*
DONE (t=190.83s).
Accumulating evaluation results...
DONE (t=0.69s).
 Average Precision  (AP) @[ IoU=0.50:0.95 | area=   all | maxDets=100 ] = 0.000
 Average Precision  (AP) @[ IoU=0.50      | area=   all | maxDets=100 ] = 0.001
 Average Precision  (AP) @[ IoU=0.75      | area=   all | maxDets=100 ] = 0.000
 Average Precision  (AP) @[ IoU=0.50:0.95 | area= small | maxDets=100 ] = 0.000
 Average Precision  (AP) @[ IoU=0.50:0.95 | area=medium | maxDets=100 ] = 0.000
 Average Precision  (AP) @[ IoU=0.50:0.95 | area= large | maxDets=100 ] = 0.000
 Average Recall     (AR) @[ IoU=0.50:0.95 | area=   all | maxDets=  1 ] = 0.000
 Average Recall     (AR) @[ IoU=0.50:0.95 | area=   all | maxDets= 10 ] = 0.000
 Average Recall     (AR) @[ IoU=0.50:0.95 | area=   all | maxDets=100 ] = 0.000
 Average Recall     (AR) @[ IoU=0.50:0.95 | area= small | maxDets=100 ] = 0.000
 Average Recall     (AR) @[ IoU=0.50:0.95 | area=medium | maxDets=100 ] = 0.000
 Average Recall     (AR) @[ IoU=0.50:0.95 | area= large | maxDets=100 ] = 0.000
[32m[03/27 16:25:12 d2.evaluation.coco_evaluation]: [0mEvaluation results for bbox: 
|  AP   |  AP50  |  AP75  |  APs  |  APm  |  APl  |
|:-----:|:------:|:------:|:-----:|:-----:|:-----:|
| 0.015 | 0.050  | 0.008  | 0.000 | 0.002 | 0.029 |
[32m[03/27 16:25:12 d2.evaluation.coco_evaluation]: [0mPer-category bbox AP: 
| category   | AP   | category   | AP   | category   | AP    |
|:-----------|:-----|:-----------|:-----|:-----------|:------|
| person     | nan  | rider      | nan  | car        | 0.015 |
| truck      | nan  | bus        | nan  | train      | nan   |
| motorcycle | nan  | bicycle    | nan  |            |       |
Loading and preparing results...
DONE (t=0.80s)
creating index...
index created!
Running per image evaluation...
Evaluate annotation type *segm*
DONE (t=86.14s).
Accumulating evaluation results...
DONE (t=0.71s).
 Average Precision  (AP) @[ IoU=0.50:0.95 | area=   all | maxDets=100 ] = 0.000
 Average Precision  (AP) @[ IoU=0.50      | area=   all | maxDets=100 ] = 0.000
 Average Precision  (AP) @[ IoU=0.75      | area=   all | maxDets=100 ] = 0.000
 Average Precision  (AP) @[ IoU=0.50:0.95 | area= small | maxDets=100 ] = 0.000
 Average Precision  (AP) @[ IoU=0.50:0.95 | area=medium | maxDets=100 ] = 0.000
 Average Precision  (AP) @[ IoU=0.50:0.95 | area= large | maxDets=100 ] = 0.000
 Average Recall     (AR) @[ IoU=0.50:0.95 | area=   all | maxDets=  1 ] = 0.000
 Average Recall     (AR) @[ IoU=0.50:0.95 | area=   all | maxDets= 10 ] = 0.000
 Average Recall     (AR) @[ IoU=0.50:0.95 | area=   all | maxDets=100 ] = 0.000
 Average Recall     (AR) @[ IoU=0.50:0.95 | area= small | maxDets=100 ] = 0.000
 Average Recall     (AR) @[ IoU=0.50:0.95 | area=medium | maxDets=100 ] = 0.000
 Average Recall     (AR) @[ IoU=0.50:0.95 | area= large | maxDets=100 ] = 0.000
[32m[03/27 16:26:41 d2.evaluation.coco_evaluation]: [0mEvaluation results for segm: 
|  AP   |  AP50  |  AP75  |  APs  |  APm  |  APl  |
|:-----:|:------:|:------:|:-----:|:-----:|:-----:|
| 0.011 | 0.024  | 0.014  | 0.000 | 0.000 | 0.034 |
[32m[03/27 16:26:41 d2.evaluation.coco_evaluation]: [0mPer-category segm AP: 
| category   | AP   | category   | AP   | category   | AP    |
|:-----------|:-----|:-----------|:-----|:-----------|:------|
| person     | nan  | rider      | nan  | car        | 0.011 |
| truck      | nan  | bus        | nan  | train      | nan   |
| motorcycle | nan  | bicycle    | nan  |            |       |
Loading sequence 0002
Loading sequence 0005
Loading sequence 0009
Loading sequence 0011
0002
0005
0009
0011
Loaded 2862 images!
/home/mcv/datasets/MOTSChallenge/train/images/0009/000111.jpg
/home/mcv/datasets/MOTSChallenge/train/images/0009/000026.jpg
Loading sequence 0002
Loading sequence 0005
Loading sequence 0009
Loading sequence 0011
0002
0005
0009
0011
Loaded 2862 images!
[32m[03/27 16:46:02 d2.data.common]: [0mSerializing 2862 elements to byte tensors and concatenating them all ...
[32m[03/27 16:46:10 d2.data.common]: [0mSerialized dataset takes 57.16 MiB
[32m[03/27 16:46:11 d2.evaluation.evaluator]: [0mStart inference on 2862 images
[32m[03/27 16:46:15 d2.evaluation.evaluator]: [0mInference done 11/2862. 0.0939 s / img. ETA=0:11:48
[32m[03/27 16:46:20 d2.evaluation.evaluator]: [0mInference done 31/2862. 0.0966 s / img. ETA=0:12:12
[32m[03/27 16:46:25 d2.evaluation.evaluator]: [0mInference done 51/2862. 0.0967 s / img. ETA=0:12:06
[32m[03/27 16:46:31 d2.evaluation.evaluator]: [0mInference done 72/2862. 0.0960 s / img. ETA=0:11:51
[32m[03/27 16:46:36 d2.evaluation.evaluator]: [0mInference done 93/2862. 0.0958 s / img. ETA=0:11:42
[32m[03/27 16:46:41 d2.evaluation.evaluator]: [0mInference done 113/2862. 0.0956 s / img. ETA=0:11:38
[32m[03/27 16:46:46 d2.evaluation.evaluator]: [0mInference done 134/2862. 0.0955 s / img. ETA=0:11:30
[32m[03/27 16:46:51 d2.evaluation.evaluator]: [0mInference done 149/2862. 0.0956 s / img. ETA=0:11:50
[32m[03/27 16:46:56 d2.evaluation.evaluator]: [0mInference done 169/2862. 0.0956 s / img. ETA=0:11:42
[32m[03/27 16:47:01 d2.evaluation.evaluator]: [0mInference done 190/2862. 0.0956 s / img. ETA=0:11:33
[32m[03/27 16:47:10 d2.evaluation.evaluator]: [0mInference done 204/2862. 0.0957 s / img. ETA=0:12:36
[32m[03/27 16:47:15 d2.evaluation.evaluator]: [0mInference done 224/2862. 0.0957 s / img. ETA=0:12:24
[32m[03/27 16:47:20 d2.evaluation.evaluator]: [0mInference done 243/2862. 0.0957 s / img. ETA=0:12:15
[32m[03/27 16:47:25 d2.evaluation.evaluator]: [0mInference done 262/2862. 0.0957 s / img. ETA=0:12:07
[32m[03/27 16:47:31 d2.evaluation.evaluator]: [0mInference done 282/2862. 0.0957 s / img. ETA=0:11:57
[32m[03/27 16:47:36 d2.evaluation.evaluator]: [0mInference done 302/2862. 0.0957 s / img. ETA=0:11:49
[32m[03/27 16:47:41 d2.evaluation.evaluator]: [0mInference done 322/2862. 0.0956 s / img. ETA=0:11:40
[32m[03/27 16:47:46 d2.evaluation.evaluator]: [0mInference done 342/2862. 0.0957 s / img. ETA=0:11:32
[32m[03/27 16:47:51 d2.evaluation.evaluator]: [0mInference done 362/2862. 0.0957 s / img. ETA=0:11:24
[32m[03/27 16:47:56 d2.evaluation.evaluator]: [0mInference done 381/2862. 0.0957 s / img. ETA=0:11:18
[32m[03/27 16:48:01 d2.evaluation.evaluator]: [0mInference done 400/2862. 0.0958 s / img. ETA=0:11:12
[32m[03/27 16:48:06 d2.evaluation.evaluator]: [0mInference done 419/2862. 0.0958 s / img. ETA=0:11:06
[32m[03/27 16:48:11 d2.evaluation.evaluator]: [0mInference done 438/2862. 0.0959 s / img. ETA=0:11:00
[32m[03/27 16:48:17 d2.evaluation.evaluator]: [0mInference done 457/2862. 0.0959 s / img. ETA=0:10:54
[32m[03/27 16:48:22 d2.evaluation.evaluator]: [0mInference done 477/2862. 0.0959 s / img. ETA=0:10:48
[32m[03/27 16:48:27 d2.evaluation.evaluator]: [0mInference done 497/2862. 0.0959 s / img. ETA=0:10:41
[32m[03/27 16:48:32 d2.evaluation.evaluator]: [0mInference done 517/2862. 0.0959 s / img. ETA=0:10:34
[32m[03/27 16:48:37 d2.evaluation.evaluator]: [0mInference done 537/2862. 0.0959 s / img. ETA=0:10:28
[32m[03/27 16:48:42 d2.evaluation.evaluator]: [0mInference done 557/2862. 0.0959 s / img. ETA=0:10:22
[32m[03/27 16:48:48 d2.evaluation.evaluator]: [0mInference done 577/2862. 0.0959 s / img. ETA=0:10:15
[32m[03/27 16:48:53 d2.evaluation.evaluator]: [0mInference done 598/2862. 0.0958 s / img. ETA=0:10:08
[32m[03/27 16:48:58 d2.evaluation.evaluator]: [0mInference done 655/2862. 0.0938 s / img. ETA=0:09:17
[32m[03/27 16:49:03 d2.evaluation.evaluator]: [0mInference done 717/2862. 0.0920 s / img. ETA=0:08:30
[32m[03/27 16:49:08 d2.evaluation.evaluator]: [0mInference done 779/2862. 0.0904 s / img. ETA=0:07:49
[32m[03/27 16:49:13 d2.evaluation.evaluator]: [0mInference done 841/2862. 0.0890 s / img. ETA=0:07:13
[32m[03/27 16:49:18 d2.evaluation.evaluator]: [0mInference done 903/2862. 0.0879 s / img. ETA=0:06:42
[32m[03/27 16:49:23 d2.evaluation.evaluator]: [0mInference done 965/2862. 0.0869 s / img. ETA=0:06:14
[32m[03/27 16:49:28 d2.evaluation.evaluator]: [0mInference done 1028/2862. 0.0860 s / img. ETA=0:05:48
[32m[03/27 16:49:33 d2.evaluation.evaluator]: [0mInference done 1091/2862. 0.0852 s / img. ETA=0:05:25
[32m[03/27 16:49:38 d2.evaluation.evaluator]: [0mInference done 1154/2862. 0.0845 s / img. ETA=0:05:04
[32m[03/27 16:49:43 d2.evaluation.evaluator]: [0mInference done 1216/2862. 0.0839 s / img. ETA=0:04:44
[32m[03/27 16:49:48 d2.evaluation.evaluator]: [0mInference done 1278/2862. 0.0833 s / img. ETA=0:04:27
[32m[03/27 16:49:53 d2.evaluation.evaluator]: [0mInference done 1341/2862. 0.0828 s / img. ETA=0:04:10
[32m[03/27 16:49:58 d2.evaluation.evaluator]: [0mInference done 1403/2862. 0.0823 s / img. ETA=0:03:54
[32m[03/27 16:50:03 d2.evaluation.evaluator]: [0mInference done 1448/2862. 0.0822 s / img. ETA=0:03:45
[32m[03/27 16:50:09 d2.evaluation.evaluator]: [0mInference done 1476/2862. 0.0823 s / img. ETA=0:03:41
[32m[03/27 16:50:14 d2.evaluation.evaluator]: [0mInference done 1503/2862. 0.0825 s / img. ETA=0:03:37
[32m[03/27 16:50:19 d2.evaluation.evaluator]: [0mInference done 1530/2862. 0.0827 s / img. ETA=0:03:34
[32m[03/27 16:50:24 d2.evaluation.evaluator]: [0mInference done 1557/2862. 0.0830 s / img. ETA=0:03:30
[32m[03/27 16:50:29 d2.evaluation.evaluator]: [0mInference done 1585/2862. 0.0832 s / img. ETA=0:03:26
[32m[03/27 16:50:34 d2.evaluation.evaluator]: [0mInference done 1612/2862. 0.0834 s / img. ETA=0:03:22
[32m[03/27 16:50:39 d2.evaluation.evaluator]: [0mInference done 1640/2862. 0.0836 s / img. ETA=0:03:18
[32m[03/27 16:50:44 d2.evaluation.evaluator]: [0mInference done 1669/2862. 0.0838 s / img. ETA=0:03:13
[32m[03/27 16:50:49 d2.evaluation.evaluator]: [0mInference done 1688/2862. 0.0846 s / img. ETA=0:03:12
[32m[03/27 16:50:54 d2.evaluation.evaluator]: [0mInference done 1715/2862. 0.0848 s / img. ETA=0:03:08
[32m[03/27 16:51:00 d2.evaluation.evaluator]: [0mInference done 1737/2862. 0.0849 s / img. ETA=0:03:06
[32m[03/27 16:51:05 d2.evaluation.evaluator]: [0mInference done 1764/2862. 0.0851 s / img. ETA=0:03:01
[32m[03/27 16:51:10 d2.evaluation.evaluator]: [0mInference done 1792/2862. 0.0853 s / img. ETA=0:02:57
[32m[03/27 16:51:15 d2.evaluation.evaluator]: [0mInference done 1820/2862. 0.0855 s / img. ETA=0:02:53
[32m[03/27 16:51:20 d2.evaluation.evaluator]: [0mInference done 1848/2862. 0.0856 s / img. ETA=0:02:48
[32m[03/27 16:51:26 d2.evaluation.evaluator]: [0mInference done 1859/2862. 0.0856 s / img. ETA=0:02:49
[32m[03/27 16:51:31 d2.evaluation.evaluator]: [0mInference done 1887/2862. 0.0858 s / img. ETA=0:02:44
[32m[03/27 16:51:36 d2.evaluation.evaluator]: [0mInference done 1915/2862. 0.0859 s / img. ETA=0:02:39
[32m[03/27 16:51:41 d2.evaluation.evaluator]: [0mInference done 1938/2862. 0.0860 s / img. ETA=0:02:36
[32m[03/27 16:51:47 d2.evaluation.evaluator]: [0mInference done 1949/2862. 0.0861 s / img. ETA=0:02:36
[32m[03/27 16:51:55 d2.evaluation.evaluator]: [0mInference done 1957/2862. 0.0867 s / img. ETA=0:02:38
[32m[03/27 16:52:01 d2.evaluation.evaluator]: [0mInference done 1987/2862. 0.0869 s / img. ETA=0:02:33
[32m[03/27 16:53:36 d2.evaluation.evaluator]: [0mInference done 1996/2862. 0.1338 s / img. ETA=0:03:12
[32m[03/27 16:53:42 d2.evaluation.evaluator]: [0mInference done 2000/2862. 0.1350 s / img. ETA=0:03:13
[32m[03/27 16:53:47 d2.evaluation.evaluator]: [0mInference done 2028/2862. 0.1347 s / img. ETA=0:03:06
[32m[03/27 16:53:52 d2.evaluation.evaluator]: [0mInference done 2060/2862. 0.1340 s / img. ETA=0:02:58
[32m[03/27 16:53:57 d2.evaluation.evaluator]: [0mInference done 2095/2862. 0.1332 s / img. ETA=0:02:50
[32m[03/27 16:54:02 d2.evaluation.evaluator]: [0mInference done 2127/2862. 0.1325 s / img. ETA=0:02:42
[32m[03/27 16:54:07 d2.evaluation.evaluator]: [0mInference done 2157/2862. 0.1320 s / img. ETA=0:02:35
[32m[03/27 16:54:12 d2.evaluation.evaluator]: [0mInference done 2189/2862. 0.1314 s / img. ETA=0:02:27
[32m[03/27 16:54:17 d2.evaluation.evaluator]: [0mInference done 2220/2862. 0.1308 s / img. ETA=0:02:20
[32m[03/27 16:54:22 d2.evaluation.evaluator]: [0mInference done 2252/2862. 0.1302 s / img. ETA=0:02:12
[32m[03/27 16:54:27 d2.evaluation.evaluator]: [0mInference done 2283/2862. 0.1297 s / img. ETA=0:02:05
[32m[03/27 16:54:32 d2.evaluation.evaluator]: [0mInference done 2316/2862. 0.1292 s / img. ETA=0:01:57
[32m[03/27 16:54:37 d2.evaluation.evaluator]: [0mInference done 2349/2862. 0.1286 s / img. ETA=0:01:50
[32m[03/27 16:54:42 d2.evaluation.evaluator]: [0mInference done 2381/2862. 0.1281 s / img. ETA=0:01:43
[32m[03/27 16:54:47 d2.evaluation.evaluator]: [0mInference done 2415/2862. 0.1275 s / img. ETA=0:01:35
[32m[03/27 16:54:52 d2.evaluation.evaluator]: [0mInference done 2448/2862. 0.1271 s / img. ETA=0:01:27
[32m[03/27 16:54:58 d2.evaluation.evaluator]: [0mInference done 2480/2862. 0.1266 s / img. ETA=0:01:20
[32m[03/27 16:55:03 d2.evaluation.evaluator]: [0mInference done 2510/2862. 0.1262 s / img. ETA=0:01:14
[32m[03/27 16:55:08 d2.evaluation.evaluator]: [0mInference done 2543/2862. 0.1258 s / img. ETA=0:01:07
[32m[03/27 16:55:13 d2.evaluation.evaluator]: [0mInference done 2574/2862. 0.1254 s / img. ETA=0:01:00
[32m[03/27 16:55:18 d2.evaluation.evaluator]: [0mInference done 2607/2862. 0.1249 s / img. ETA=0:00:53
[32m[03/27 16:55:23 d2.evaluation.evaluator]: [0mInference done 2638/2862. 0.1245 s / img. ETA=0:00:46
[32m[03/27 16:55:28 d2.evaluation.evaluator]: [0mInference done 2671/2862. 0.1241 s / img. ETA=0:00:39
[32m[03/27 16:55:33 d2.evaluation.evaluator]: [0mInference done 2702/2862. 0.1237 s / img. ETA=0:00:33
[32m[03/27 16:55:38 d2.evaluation.evaluator]: [0mInference done 2733/2862. 0.1233 s / img. ETA=0:00:26
[32m[03/27 16:55:43 d2.evaluation.evaluator]: [0mInference done 2766/2862. 0.1229 s / img. ETA=0:00:19
[32m[03/27 16:55:48 d2.evaluation.evaluator]: [0mInference done 2797/2862. 0.1226 s / img. ETA=0:00:13
[32m[03/27 16:55:53 d2.evaluation.evaluator]: [0mInference done 2829/2862. 0.1222 s / img. ETA=0:00:06
[32m[03/27 16:55:59 d2.evaluation.evaluator]: [0mTotal inference time: 0:09:45.495887 (0.204934 s / img per device, on 1 devices)
[32m[03/27 16:55:59 d2.evaluation.evaluator]: [0mTotal inference pure compute time: 0:05:48 (0.121873 s / img per device, on 1 devices)
[32m[03/27 16:56:00 d2.evaluation.coco_evaluation]: [0mPreparing results for COCO format ...
[32m[03/27 16:56:00 d2.evaluation.coco_evaluation]: [0mSaving results to ../mask_rcnn_R_50_FPN_3x_NOT_TRAINED/output/coco_instances_results.json
[32m[03/27 16:56:01 d2.evaluation.coco_evaluation]: [0mEvaluating predictions ...
Loading and preparing results...
DONE (t=0.20s)
creating index...
index created!
Running per image evaluation...
Evaluate annotation type *bbox*
DONE (t=96.65s).
Accumulating evaluation results...
DONE (t=1.35s).
 Average Precision  (AP) @[ IoU=0.50:0.95 | area=   all | maxDets=100 ] = 0.000
 Average Precision  (AP) @[ IoU=0.50      | area=   all | maxDets=100 ] = 0.000
 Average Precision  (AP) @[ IoU=0.75      | area=   all | maxDets=100 ] = 0.000
 Average Precision  (AP) @[ IoU=0.50:0.95 | area= small | maxDets=100 ] = 0.000
 Average Precision  (AP) @[ IoU=0.50:0.95 | area=medium | maxDets=100 ] = 0.000
 Average Precision  (AP) @[ IoU=0.50:0.95 | area= large | maxDets=100 ] = 0.000
 Average Recall     (AR) @[ IoU=0.50:0.95 | area=   all | maxDets=  1 ] = 0.000
 Average Recall     (AR) @[ IoU=0.50:0.95 | area=   all | maxDets= 10 ] = 0.000
 Average Recall     (AR) @[ IoU=0.50:0.95 | area=   all | maxDets=100 ] = 0.000
 Average Recall     (AR) @[ IoU=0.50:0.95 | area= small | maxDets=100 ] = 0.000
 Average Recall     (AR) @[ IoU=0.50:0.95 | area=medium | maxDets=100 ] = 0.000
 Average Recall     (AR) @[ IoU=0.50:0.95 | area= large | maxDets=100 ] = 0.000
[32m[03/27 16:57:39 d2.evaluation.coco_evaluation]: [0mEvaluation results for bbox: 
|  AP   |  AP50  |  AP75  |  APs  |  APm  |  APl  |
|:-----:|:------:|:------:|:-----:|:-----:|:-----:|
| 0.003 | 0.028  | 0.000  | 0.000 | 0.002 | 0.005 |
[32m[03/27 16:57:39 d2.evaluation.coco_evaluation]: [0mPer-category bbox AP: 
| category   | AP   | category   | AP   | category   | AP    |
|:-----------|:-----|:-----------|:-----|:-----------|:------|
| person     | nan  | rider      | nan  | car        | 0.003 |
| truck      | nan  | bus        | nan  | train      | nan   |
| motorcycle | nan  | bicycle    | nan  |            |       |
Loading and preparing results...
DONE (t=2.21s)
creating index...
index created!
Running per image evaluation...
Evaluate annotation type *segm*
DONE (t=142.40s).
Accumulating evaluation results...
DONE (t=0.68s).
 Average Precision  (AP) @[ IoU=0.50:0.95 | area=   all | maxDets=100 ] = 0.000
 Average Precision  (AP) @[ IoU=0.50      | area=   all | maxDets=100 ] = 0.000
 Average Precision  (AP) @[ IoU=0.75      | area=   all | maxDets=100 ] = 0.000
 Average Precision  (AP) @[ IoU=0.50:0.95 | area= small | maxDets=100 ] = 0.000
 Average Precision  (AP) @[ IoU=0.50:0.95 | area=medium | maxDets=100 ] = 0.000
 Average Precision  (AP) @[ IoU=0.50:0.95 | area= large | maxDets=100 ] = 0.000
 Average Recall     (AR) @[ IoU=0.50:0.95 | area=   all | maxDets=  1 ] = 0.000
 Average Recall     (AR) @[ IoU=0.50:0.95 | area=   all | maxDets= 10 ] = 0.000
 Average Recall     (AR) @[ IoU=0.50:0.95 | area=   all | maxDets=100 ] = 0.000
 Average Recall     (AR) @[ IoU=0.50:0.95 | area= small | maxDets=100 ] = 0.000
 Average Recall     (AR) @[ IoU=0.50:0.95 | area=medium | maxDets=100 ] = 0.000
 Average Recall     (AR) @[ IoU=0.50:0.95 | area= large | maxDets=100 ] = 0.000
[32m[03/27 17:02:41 d2.evaluation.coco_evaluation]: [0mEvaluation results for segm: 
|  AP   |  AP50  |  AP75  |  APs  |  APm  |  APl  |
|:-----:|:------:|:------:|:-----:|:-----:|:-----:|
| 0.000 | 0.000  | 0.000  | 0.000 | 0.000 | 0.000 |
[32m[03/27 17:02:41 d2.evaluation.coco_evaluation]: [0mPer-category segm AP: 
| category   | AP   | category   | AP   | category   | AP    |
|:-----------|:-----|:-----------|:-----|:-----------|:------|
| person     | nan  | rider      | nan  | car        | 0.000 |
| truck      | nan  | bus        | nan  | train      | nan   |
| motorcycle | nan  | bicycle    | nan  |            |       |
