Metadata(name='KITTI_MOTS_train', thing_classes=['None', 'Car', 'Pedestrian'])
Loading sequence 0000
Loading sequence 0001
Loading sequence 0003
Loading sequence 0004
Loading sequence 0005
Loading sequence 0009
Loading sequence 0011
Loading sequence 0012
Loading sequence 0015
Loading sequence 0017
Loading sequence 0019
Loading sequence 0020
0000
0001
0003
0004
0005
0009
0011
0012
0015
0017
0019
0020
Loaded 5007 images!
/home/mcv/datasets/KITTI-MOTS/training/image_02/0011/000126.png
/home/mcv/datasets/KITTI-MOTS/training/image_02/0009/000475.png
[32m[03/27 11:35:33 d2.engine.defaults]: [0mModel:
GeneralizedRCNN(
  (backbone): FPN(
    (fpn_lateral2): Conv2d(256, 256, kernel_size=(1, 1), stride=(1, 1))
    (fpn_output2): Conv2d(256, 256, kernel_size=(3, 3), stride=(1, 1), padding=(1, 1))
    (fpn_lateral3): Conv2d(512, 256, kernel_size=(1, 1), stride=(1, 1))
    (fpn_output3): Conv2d(256, 256, kernel_size=(3, 3), stride=(1, 1), padding=(1, 1))
    (fpn_lateral4): Conv2d(1024, 256, kernel_size=(1, 1), stride=(1, 1))
    (fpn_output4): Conv2d(256, 256, kernel_size=(3, 3), stride=(1, 1), padding=(1, 1))
    (fpn_lateral5): Conv2d(2048, 256, kernel_size=(1, 1), stride=(1, 1))
    (fpn_output5): Conv2d(256, 256, kernel_size=(3, 3), stride=(1, 1), padding=(1, 1))
    (top_block): LastLevelMaxPool()
    (bottom_up): ResNet(
      (stem): BasicStem(
        (conv1): Conv2d(
          3, 64, kernel_size=(7, 7), stride=(2, 2), padding=(3, 3), bias=False
          (norm): FrozenBatchNorm2d(num_features=64, eps=1e-05)
        )
      )
      (res2): Sequential(
        (0): BottleneckBlock(
          (shortcut): Conv2d(
            64, 256, kernel_size=(1, 1), stride=(1, 1), bias=False
            (norm): FrozenBatchNorm2d(num_features=256, eps=1e-05)
          )
          (conv1): Conv2d(
            64, 64, kernel_size=(1, 1), stride=(1, 1), bias=False
            (norm): FrozenBatchNorm2d(num_features=64, eps=1e-05)
          )
          (conv2): Conv2d(
            64, 64, kernel_size=(3, 3), stride=(1, 1), padding=(1, 1), bias=False
            (norm): FrozenBatchNorm2d(num_features=64, eps=1e-05)
          )
          (conv3): Conv2d(
            64, 256, kernel_size=(1, 1), stride=(1, 1), bias=False
            (norm): FrozenBatchNorm2d(num_features=256, eps=1e-05)
          )
        )
        (1): BottleneckBlock(
          (conv1): Conv2d(
            256, 64, kernel_size=(1, 1), stride=(1, 1), bias=False
            (norm): FrozenBatchNorm2d(num_features=64, eps=1e-05)
          )
          (conv2): Conv2d(
            64, 64, kernel_size=(3, 3), stride=(1, 1), padding=(1, 1), bias=False
            (norm): FrozenBatchNorm2d(num_features=64, eps=1e-05)
          )
          (conv3): Conv2d(
            64, 256, kernel_size=(1, 1), stride=(1, 1), bias=False
            (norm): FrozenBatchNorm2d(num_features=256, eps=1e-05)
          )
        )
        (2): BottleneckBlock(
          (conv1): Conv2d(
            256, 64, kernel_size=(1, 1), stride=(1, 1), bias=False
            (norm): FrozenBatchNorm2d(num_features=64, eps=1e-05)
          )
          (conv2): Conv2d(
            64, 64, kernel_size=(3, 3), stride=(1, 1), padding=(1, 1), bias=False
            (norm): FrozenBatchNorm2d(num_features=64, eps=1e-05)
          )
          (conv3): Conv2d(
            64, 256, kernel_size=(1, 1), stride=(1, 1), bias=False
            (norm): FrozenBatchNorm2d(num_features=256, eps=1e-05)
          )
        )
      )
      (res3): Sequential(
        (0): BottleneckBlock(
          (shortcut): Conv2d(
            256, 512, kernel_size=(1, 1), stride=(2, 2), bias=False
            (norm): FrozenBatchNorm2d(num_features=512, eps=1e-05)
          )
          (conv1): Conv2d(
            256, 128, kernel_size=(1, 1), stride=(2, 2), bias=False
            (norm): FrozenBatchNorm2d(num_features=128, eps=1e-05)
          )
          (conv2): Conv2d(
            128, 128, kernel_size=(3, 3), stride=(1, 1), padding=(1, 1), bias=False
            (norm): FrozenBatchNorm2d(num_features=128, eps=1e-05)
          )
          (conv3): Conv2d(
            128, 512, kernel_size=(1, 1), stride=(1, 1), bias=False
            (norm): FrozenBatchNorm2d(num_features=512, eps=1e-05)
          )
        )
        (1): BottleneckBlock(
          (conv1): Conv2d(
            512, 128, kernel_size=(1, 1), stride=(1, 1), bias=False
            (norm): FrozenBatchNorm2d(num_features=128, eps=1e-05)
          )
          (conv2): Conv2d(
            128, 128, kernel_size=(3, 3), stride=(1, 1), padding=(1, 1), bias=False
            (norm): FrozenBatchNorm2d(num_features=128, eps=1e-05)
          )
          (conv3): Conv2d(
            128, 512, kernel_size=(1, 1), stride=(1, 1), bias=False
            (norm): FrozenBatchNorm2d(num_features=512, eps=1e-05)
          )
        )
        (2): BottleneckBlock(
          (conv1): Conv2d(
            512, 128, kernel_size=(1, 1), stride=(1, 1), bias=False
            (norm): FrozenBatchNorm2d(num_features=128, eps=1e-05)
          )
          (conv2): Conv2d(
            128, 128, kernel_size=(3, 3), stride=(1, 1), padding=(1, 1), bias=False
            (norm): FrozenBatchNorm2d(num_features=128, eps=1e-05)
          )
          (conv3): Conv2d(
            128, 512, kernel_size=(1, 1), stride=(1, 1), bias=False
            (norm): FrozenBatchNorm2d(num_features=512, eps=1e-05)
          )
        )
        (3): BottleneckBlock(
          (conv1): Conv2d(
            512, 128, kernel_size=(1, 1), stride=(1, 1), bias=False
            (norm): FrozenBatchNorm2d(num_features=128, eps=1e-05)
          )
          (conv2): Conv2d(
            128, 128, kernel_size=(3, 3), stride=(1, 1), padding=(1, 1), bias=False
            (norm): FrozenBatchNorm2d(num_features=128, eps=1e-05)
          )
          (conv3): Conv2d(
            128, 512, kernel_size=(1, 1), stride=(1, 1), bias=False
            (norm): FrozenBatchNorm2d(num_features=512, eps=1e-05)
          )
        )
      )
      (res4): Sequential(
        (0): BottleneckBlock(
          (shortcut): Conv2d(
            512, 1024, kernel_size=(1, 1), stride=(2, 2), bias=False
            (norm): FrozenBatchNorm2d(num_features=1024, eps=1e-05)
          )
          (conv1): Conv2d(
            512, 256, kernel_size=(1, 1), stride=(2, 2), bias=False
            (norm): FrozenBatchNorm2d(num_features=256, eps=1e-05)
          )
          (conv2): Conv2d(
            256, 256, kernel_size=(3, 3), stride=(1, 1), padding=(1, 1), bias=False
            (norm): FrozenBatchNorm2d(num_features=256, eps=1e-05)
          )
          (conv3): Conv2d(
            256, 1024, kernel_size=(1, 1), stride=(1, 1), bias=False
            (norm): FrozenBatchNorm2d(num_features=1024, eps=1e-05)
          )
        )
        (1): BottleneckBlock(
          (conv1): Conv2d(
            1024, 256, kernel_size=(1, 1), stride=(1, 1), bias=False
            (norm): FrozenBatchNorm2d(num_features=256, eps=1e-05)
          )
          (conv2): Conv2d(
            256, 256, kernel_size=(3, 3), stride=(1, 1), padding=(1, 1), bias=False
            (norm): FrozenBatchNorm2d(num_features=256, eps=1e-05)
          )
          (conv3): Conv2d(
            256, 1024, kernel_size=(1, 1), stride=(1, 1), bias=False
            (norm): FrozenBatchNorm2d(num_features=1024, eps=1e-05)
          )
        )
        (2): BottleneckBlock(
          (conv1): Conv2d(
            1024, 256, kernel_size=(1, 1), stride=(1, 1), bias=False
            (norm): FrozenBatchNorm2d(num_features=256, eps=1e-05)
          )
          (conv2): Conv2d(
            256, 256, kernel_size=(3, 3), stride=(1, 1), padding=(1, 1), bias=False
            (norm): FrozenBatchNorm2d(num_features=256, eps=1e-05)
          )
          (conv3): Conv2d(
            256, 1024, kernel_size=(1, 1), stride=(1, 1), bias=False
            (norm): FrozenBatchNorm2d(num_features=1024, eps=1e-05)
          )
        )
        (3): BottleneckBlock(
          (conv1): Conv2d(
            1024, 256, kernel_size=(1, 1), stride=(1, 1), bias=False
            (norm): FrozenBatchNorm2d(num_features=256, eps=1e-05)
          )
          (conv2): Conv2d(
            256, 256, kernel_size=(3, 3), stride=(1, 1), padding=(1, 1), bias=False
            (norm): FrozenBatchNorm2d(num_features=256, eps=1e-05)
          )
          (conv3): Conv2d(
            256, 1024, kernel_size=(1, 1), stride=(1, 1), bias=False
            (norm): FrozenBatchNorm2d(num_features=1024, eps=1e-05)
          )
        )
        (4): BottleneckBlock(
          (conv1): Conv2d(
            1024, 256, kernel_size=(1, 1), stride=(1, 1), bias=False
            (norm): FrozenBatchNorm2d(num_features=256, eps=1e-05)
          )
          (conv2): Conv2d(
            256, 256, kernel_size=(3, 3), stride=(1, 1), padding=(1, 1), bias=False
            (norm): FrozenBatchNorm2d(num_features=256, eps=1e-05)
          )
          (conv3): Conv2d(
            256, 1024, kernel_size=(1, 1), stride=(1, 1), bias=False
            (norm): FrozenBatchNorm2d(num_features=1024, eps=1e-05)
          )
        )
        (5): BottleneckBlock(
          (conv1): Conv2d(
            1024, 256, kernel_size=(1, 1), stride=(1, 1), bias=False
            (norm): FrozenBatchNorm2d(num_features=256, eps=1e-05)
          )
          (conv2): Conv2d(
            256, 256, kernel_size=(3, 3), stride=(1, 1), padding=(1, 1), bias=False
            (norm): FrozenBatchNorm2d(num_features=256, eps=1e-05)
          )
          (conv3): Conv2d(
            256, 1024, kernel_size=(1, 1), stride=(1, 1), bias=False
            (norm): FrozenBatchNorm2d(num_features=1024, eps=1e-05)
          )
        )
      )
      (res5): Sequential(
        (0): BottleneckBlock(
          (shortcut): Conv2d(
            1024, 2048, kernel_size=(1, 1), stride=(2, 2), bias=False
            (norm): FrozenBatchNorm2d(num_features=2048, eps=1e-05)
          )
          (conv1): Conv2d(
            1024, 512, kernel_size=(1, 1), stride=(2, 2), bias=False
            (norm): FrozenBatchNorm2d(num_features=512, eps=1e-05)
          )
          (conv2): Conv2d(
            512, 512, kernel_size=(3, 3), stride=(1, 1), padding=(1, 1), bias=False
            (norm): FrozenBatchNorm2d(num_features=512, eps=1e-05)
          )
          (conv3): Conv2d(
            512, 2048, kernel_size=(1, 1), stride=(1, 1), bias=False
            (norm): FrozenBatchNorm2d(num_features=2048, eps=1e-05)
          )
        )
        (1): BottleneckBlock(
          (conv1): Conv2d(
            2048, 512, kernel_size=(1, 1), stride=(1, 1), bias=False
            (norm): FrozenBatchNorm2d(num_features=512, eps=1e-05)
          )
          (conv2): Conv2d(
            512, 512, kernel_size=(3, 3), stride=(1, 1), padding=(1, 1), bias=False
            (norm): FrozenBatchNorm2d(num_features=512, eps=1e-05)
          )
          (conv3): Conv2d(
            512, 2048, kernel_size=(1, 1), stride=(1, 1), bias=False
            (norm): FrozenBatchNorm2d(num_features=2048, eps=1e-05)
          )
        )
        (2): BottleneckBlock(
          (conv1): Conv2d(
            2048, 512, kernel_size=(1, 1), stride=(1, 1), bias=False
            (norm): FrozenBatchNorm2d(num_features=512, eps=1e-05)
          )
          (conv2): Conv2d(
            512, 512, kernel_size=(3, 3), stride=(1, 1), padding=(1, 1), bias=False
            (norm): FrozenBatchNorm2d(num_features=512, eps=1e-05)
          )
          (conv3): Conv2d(
            512, 2048, kernel_size=(1, 1), stride=(1, 1), bias=False
            (norm): FrozenBatchNorm2d(num_features=2048, eps=1e-05)
          )
        )
      )
    )
  )
  (proposal_generator): RPN(
    (anchor_generator): DefaultAnchorGenerator(
      (cell_anchors): BufferList()
    )
    (rpn_head): StandardRPNHead(
      (conv): Conv2d(256, 256, kernel_size=(3, 3), stride=(1, 1), padding=(1, 1))
      (objectness_logits): Conv2d(256, 3, kernel_size=(1, 1), stride=(1, 1))
      (anchor_deltas): Conv2d(256, 12, kernel_size=(1, 1), stride=(1, 1))
    )
  )
  (roi_heads): StandardROIHeads(
    (box_pooler): ROIPooler(
      (level_poolers): ModuleList(
        (0): ROIAlign(output_size=(7, 7), spatial_scale=0.25, sampling_ratio=0, aligned=True)
        (1): ROIAlign(output_size=(7, 7), spatial_scale=0.125, sampling_ratio=0, aligned=True)
        (2): ROIAlign(output_size=(7, 7), spatial_scale=0.0625, sampling_ratio=0, aligned=True)
        (3): ROIAlign(output_size=(7, 7), spatial_scale=0.03125, sampling_ratio=0, aligned=True)
      )
    )
    (box_head): FastRCNNConvFCHead(
      (fc1): Linear(in_features=12544, out_features=1024, bias=True)
      (fc2): Linear(in_features=1024, out_features=1024, bias=True)
    )
    (box_predictor): FastRCNNOutputLayers(
      (cls_score): Linear(in_features=1024, out_features=4, bias=True)
      (bbox_pred): Linear(in_features=1024, out_features=12, bias=True)
    )
    (mask_pooler): ROIPooler(
      (level_poolers): ModuleList(
        (0): ROIAlign(output_size=(14, 14), spatial_scale=0.25, sampling_ratio=0, aligned=True)
        (1): ROIAlign(output_size=(14, 14), spatial_scale=0.125, sampling_ratio=0, aligned=True)
        (2): ROIAlign(output_size=(14, 14), spatial_scale=0.0625, sampling_ratio=0, aligned=True)
        (3): ROIAlign(output_size=(14, 14), spatial_scale=0.03125, sampling_ratio=0, aligned=True)
      )
    )
    (mask_head): MaskRCNNConvUpsampleHead(
      (mask_fcn1): Conv2d(256, 256, kernel_size=(3, 3), stride=(1, 1), padding=(1, 1))
      (mask_fcn2): Conv2d(256, 256, kernel_size=(3, 3), stride=(1, 1), padding=(1, 1))
      (mask_fcn3): Conv2d(256, 256, kernel_size=(3, 3), stride=(1, 1), padding=(1, 1))
      (mask_fcn4): Conv2d(256, 256, kernel_size=(3, 3), stride=(1, 1), padding=(1, 1))
      (deconv): ConvTranspose2d(256, 256, kernel_size=(2, 2), stride=(2, 2))
      (predictor): Conv2d(256, 3, kernel_size=(1, 1), stride=(1, 1))
    )
  )
)
Loading sequence 0000
Loading sequence 0001
Loading sequence 0003
Loading sequence 0004
Loading sequence 0005
Loading sequence 0009
Loading sequence 0011
Loading sequence 0012
Loading sequence 0015
Loading sequence 0017
Loading sequence 0019
Loading sequence 0020
0000
0001
0003
0004
0005
0009
0011
0012
0015
0017
0019
0020
Loaded 5007 images!
[32m[03/27 11:37:57 d2.data.build]: [0mRemoved 487 images with no usable annotations. 4520 images left.
[32m[03/27 11:37:57 d2.data.build]: [0mDistribution of instances among all 3 categories:
[36m|  category  | #instances   |  category  | #instances   |  category  | #instances   |
|:----------:|:-------------|:----------:|:-------------|:----------:|:-------------|
|    None    | 0            |    Car     | 18830        | Pedestrian | 8067         |
|            |              |            |              |            |              |
|   total    | 26897        |            |              |            |              |[0m
[32m[03/27 11:37:57 d2.data.common]: [0mSerializing 4520 elements to byte tensors and concatenating them all ...
[32m[03/27 11:37:59 d2.data.common]: [0mSerialized dataset takes 17.95 MiB
[32m[03/27 11:38:01 d2.data.detection_utils]: [0mTransformGens used in training: [ResizeShortestEdge(short_edge_length=(640, 672, 704, 736, 768, 800), max_size=1333, sample_style='choice'), RandomFlip()]
[32m[03/27 11:38:01 d2.data.build]: [0mUsing training sampler TrainingSampler
[32m[03/27 11:38:02 d2.engine.train_loop]: [0mStarting training from iteration 0
[32m[03/27 11:38:08 d2.utils.events]: [0m eta: 0:21:51  iter: 19  total_loss: 2.745  loss_cls: 1.329  loss_box_reg: 0.656  loss_mask: 0.694  loss_rpn_cls: 0.046  loss_rpn_loc: 0.018  time: 0.2606  data_time: 0.0245  lr: 0.000005  max_mem: 2285M
[32m[03/27 11:38:13 d2.utils.events]: [0m eta: 0:21:27  iter: 39  total_loss: 2.708  loss_cls: 1.257  loss_box_reg: 0.665  loss_mask: 0.687  loss_rpn_cls: 0.083  loss_rpn_loc: 0.017  time: 0.2568  data_time: 0.0068  lr: 0.000010  max_mem: 2285M
[32m[03/27 11:38:18 d2.utils.events]: [0m eta: 0:20:58  iter: 59  total_loss: 2.615  loss_cls: 1.119  loss_box_reg: 0.736  loss_mask: 0.668  loss_rpn_cls: 0.074  loss_rpn_loc: 0.027  time: 0.2533  data_time: 0.0065  lr: 0.000015  max_mem: 2287M
[32m[03/27 11:38:23 d2.utils.events]: [0m eta: 0:20:50  iter: 79  total_loss: 2.476  loss_cls: 0.948  loss_box_reg: 0.748  loss_mask: 0.657  loss_rpn_cls: 0.062  loss_rpn_loc: 0.029  time: 0.2525  data_time: 0.0072  lr: 0.000020  max_mem: 2287M
[32m[03/27 11:38:28 d2.utils.events]: [0m eta: 0:20:46  iter: 99  total_loss: 2.341  loss_cls: 0.796  loss_box_reg: 0.794  loss_mask: 0.616  loss_rpn_cls: 0.054  loss_rpn_loc: 0.033  time: 0.2524  data_time: 0.0064  lr: 0.000025  max_mem: 2288M
[32m[03/27 11:38:33 d2.utils.events]: [0m eta: 0:20:39  iter: 119  total_loss: 1.991  loss_cls: 0.641  loss_box_reg: 0.644  loss_mask: 0.599  loss_rpn_cls: 0.059  loss_rpn_loc: 0.024  time: 0.2521  data_time: 0.0071  lr: 0.000030  max_mem: 2288M
[32m[03/27 11:38:38 d2.utils.events]: [0m eta: 0:20:27  iter: 139  total_loss: 1.989  loss_cls: 0.562  loss_box_reg: 0.737  loss_mask: 0.572  loss_rpn_cls: 0.064  loss_rpn_loc: 0.022  time: 0.2515  data_time: 0.0074  lr: 0.000035  max_mem: 2288M
[32m[03/27 11:38:43 d2.utils.events]: [0m eta: 0:20:22  iter: 159  total_loss: 1.712  loss_cls: 0.461  loss_box_reg: 0.649  loss_mask: 0.504  loss_rpn_cls: 0.038  loss_rpn_loc: 0.026  time: 0.2514  data_time: 0.0064  lr: 0.000040  max_mem: 2288M
[32m[03/27 11:38:48 d2.utils.events]: [0m eta: 0:20:15  iter: 179  total_loss: 1.724  loss_cls: 0.463  loss_box_reg: 0.672  loss_mask: 0.489  loss_rpn_cls: 0.043  loss_rpn_loc: 0.024  time: 0.2513  data_time: 0.0060  lr: 0.000045  max_mem: 2288M
[32m[03/27 11:38:53 d2.utils.events]: [0m eta: 0:20:12  iter: 199  total_loss: 1.692  loss_cls: 0.421  loss_box_reg: 0.758  loss_mask: 0.442  loss_rpn_cls: 0.044  loss_rpn_loc: 0.027  time: 0.2515  data_time: 0.0069  lr: 0.000050  max_mem: 2288M
[32m[03/27 11:38:59 d2.utils.events]: [0m eta: 0:20:07  iter: 219  total_loss: 1.756  loss_cls: 0.433  loss_box_reg: 0.753  loss_mask: 0.461  loss_rpn_cls: 0.052  loss_rpn_loc: 0.037  time: 0.2517  data_time: 0.0068  lr: 0.000055  max_mem: 2288M
[32m[03/27 11:39:04 d2.utils.events]: [0m eta: 0:20:02  iter: 239  total_loss: 1.415  loss_cls: 0.315  loss_box_reg: 0.612  loss_mask: 0.373  loss_rpn_cls: 0.033  loss_rpn_loc: 0.030  time: 0.2522  data_time: 0.0070  lr: 0.000060  max_mem: 2288M
[32m[03/27 11:39:09 d2.utils.events]: [0m eta: 0:19:57  iter: 259  total_loss: 1.357  loss_cls: 0.316  loss_box_reg: 0.641  loss_mask: 0.370  loss_rpn_cls: 0.031  loss_rpn_loc: 0.023  time: 0.2528  data_time: 0.0062  lr: 0.000065  max_mem: 2288M
[32m[03/27 11:39:14 d2.utils.events]: [0m eta: 0:19:52  iter: 279  total_loss: 1.322  loss_cls: 0.293  loss_box_reg: 0.575  loss_mask: 0.359  loss_rpn_cls: 0.052  loss_rpn_loc: 0.033  time: 0.2529  data_time: 0.0064  lr: 0.000070  max_mem: 2288M
[32m[03/27 11:39:19 d2.utils.events]: [0m eta: 0:19:48  iter: 299  total_loss: 1.452  loss_cls: 0.323  loss_box_reg: 0.667  loss_mask: 0.401  loss_rpn_cls: 0.040  loss_rpn_loc: 0.018  time: 0.2532  data_time: 0.0058  lr: 0.000075  max_mem: 2288M
[32m[03/27 11:39:24 d2.utils.events]: [0m eta: 0:19:46  iter: 319  total_loss: 1.161  loss_cls: 0.240  loss_box_reg: 0.601  loss_mask: 0.306  loss_rpn_cls: 0.027  loss_rpn_loc: 0.027  time: 0.2537  data_time: 0.0060  lr: 0.000080  max_mem: 2288M
[32m[03/27 11:39:30 d2.utils.events]: [0m eta: 0:19:42  iter: 339  total_loss: 1.314  loss_cls: 0.298  loss_box_reg: 0.554  loss_mask: 0.319  loss_rpn_cls: 0.029  loss_rpn_loc: 0.026  time: 0.2539  data_time: 0.0059  lr: 0.000085  max_mem: 2288M
[32m[03/27 11:39:35 d2.utils.events]: [0m eta: 0:19:37  iter: 359  total_loss: 1.161  loss_cls: 0.259  loss_box_reg: 0.493  loss_mask: 0.304  loss_rpn_cls: 0.030  loss_rpn_loc: 0.022  time: 0.2543  data_time: 0.0060  lr: 0.000090  max_mem: 2288M
[32m[03/27 11:39:40 d2.utils.events]: [0m eta: 0:19:32  iter: 379  total_loss: 1.150  loss_cls: 0.234  loss_box_reg: 0.470  loss_mask: 0.344  loss_rpn_cls: 0.025  loss_rpn_loc: 0.019  time: 0.2541  data_time: 0.0058  lr: 0.000095  max_mem: 2288M
[32m[03/27 11:39:45 d2.utils.events]: [0m eta: 0:19:26  iter: 399  total_loss: 0.864  loss_cls: 0.163  loss_box_reg: 0.374  loss_mask: 0.270  loss_rpn_cls: 0.022  loss_rpn_loc: 0.021  time: 0.2539  data_time: 0.0059  lr: 0.000100  max_mem: 2288M
[32m[03/27 11:39:50 d2.utils.events]: [0m eta: 0:19:21  iter: 419  total_loss: 0.974  loss_cls: 0.208  loss_box_reg: 0.431  loss_mask: 0.289  loss_rpn_cls: 0.029  loss_rpn_loc: 0.033  time: 0.2541  data_time: 0.0066  lr: 0.000105  max_mem: 2288M
[32m[03/27 11:39:55 d2.utils.events]: [0m eta: 0:19:18  iter: 439  total_loss: 1.068  loss_cls: 0.248  loss_box_reg: 0.473  loss_mask: 0.316  loss_rpn_cls: 0.035  loss_rpn_loc: 0.028  time: 0.2541  data_time: 0.0067  lr: 0.000110  max_mem: 2288M
[32m[03/27 11:40:00 d2.utils.events]: [0m eta: 0:19:14  iter: 459  total_loss: 0.746  loss_cls: 0.178  loss_box_reg: 0.335  loss_mask: 0.214  loss_rpn_cls: 0.021  loss_rpn_loc: 0.022  time: 0.2547  data_time: 0.0080  lr: 0.000115  max_mem: 2288M
[32m[03/27 11:40:06 d2.utils.events]: [0m eta: 0:19:09  iter: 479  total_loss: 0.958  loss_cls: 0.189  loss_box_reg: 0.380  loss_mask: 0.289  loss_rpn_cls: 0.029  loss_rpn_loc: 0.024  time: 0.2548  data_time: 0.0059  lr: 0.000120  max_mem: 2288M
[32m[03/27 11:40:11 d2.utils.events]: [0m eta: 0:19:03  iter: 499  total_loss: 0.733  loss_cls: 0.175  loss_box_reg: 0.316  loss_mask: 0.275  loss_rpn_cls: 0.030  loss_rpn_loc: 0.020  time: 0.2546  data_time: 0.0052  lr: 0.000125  max_mem: 2288M
[32m[03/27 11:40:16 d2.utils.events]: [0m eta: 0:18:59  iter: 519  total_loss: 0.812  loss_cls: 0.176  loss_box_reg: 0.374  loss_mask: 0.264  loss_rpn_cls: 0.028  loss_rpn_loc: 0.033  time: 0.2549  data_time: 0.0071  lr: 0.000130  max_mem: 2288M
[32m[03/27 11:40:21 d2.utils.events]: [0m eta: 0:18:54  iter: 539  total_loss: 0.910  loss_cls: 0.180  loss_box_reg: 0.400  loss_mask: 0.269  loss_rpn_cls: 0.023  loss_rpn_loc: 0.023  time: 0.2550  data_time: 0.0061  lr: 0.000135  max_mem: 2288M
[32m[03/27 11:40:26 d2.utils.events]: [0m eta: 0:18:49  iter: 559  total_loss: 0.716  loss_cls: 0.173  loss_box_reg: 0.312  loss_mask: 0.217  loss_rpn_cls: 0.025  loss_rpn_loc: 0.023  time: 0.2550  data_time: 0.0060  lr: 0.000140  max_mem: 2288M
[32m[03/27 11:40:31 d2.utils.events]: [0m eta: 0:18:44  iter: 579  total_loss: 0.762  loss_cls: 0.177  loss_box_reg: 0.313  loss_mask: 0.227  loss_rpn_cls: 0.031  loss_rpn_loc: 0.028  time: 0.2552  data_time: 0.0059  lr: 0.000145  max_mem: 2288M
[32m[03/27 11:40:37 d2.utils.events]: [0m eta: 0:18:40  iter: 599  total_loss: 0.758  loss_cls: 0.167  loss_box_reg: 0.307  loss_mask: 0.200  loss_rpn_cls: 0.024  loss_rpn_loc: 0.027  time: 0.2554  data_time: 0.0071  lr: 0.000150  max_mem: 2288M
[32m[03/27 11:40:42 d2.utils.events]: [0m eta: 0:18:35  iter: 619  total_loss: 0.803  loss_cls: 0.165  loss_box_reg: 0.325  loss_mask: 0.230  loss_rpn_cls: 0.027  loss_rpn_loc: 0.025  time: 0.2560  data_time: 0.0078  lr: 0.000155  max_mem: 2288M
[32m[03/27 11:40:47 d2.utils.events]: [0m eta: 0:18:31  iter: 639  total_loss: 0.837  loss_cls: 0.199  loss_box_reg: 0.340  loss_mask: 0.232  loss_rpn_cls: 0.024  loss_rpn_loc: 0.026  time: 0.2561  data_time: 0.0066  lr: 0.000160  max_mem: 2288M
[32m[03/27 11:40:53 d2.utils.events]: [0m eta: 0:18:26  iter: 659  total_loss: 0.763  loss_cls: 0.128  loss_box_reg: 0.284  loss_mask: 0.252  loss_rpn_cls: 0.019  loss_rpn_loc: 0.020  time: 0.2562  data_time: 0.0066  lr: 0.000165  max_mem: 2288M
[32m[03/27 11:40:58 d2.utils.events]: [0m eta: 0:18:21  iter: 679  total_loss: 0.713  loss_cls: 0.151  loss_box_reg: 0.265  loss_mask: 0.233  loss_rpn_cls: 0.020  loss_rpn_loc: 0.027  time: 0.2564  data_time: 0.0073  lr: 0.000170  max_mem: 2288M
[32m[03/27 11:41:03 d2.utils.events]: [0m eta: 0:18:17  iter: 699  total_loss: 0.726  loss_cls: 0.171  loss_box_reg: 0.284  loss_mask: 0.195  loss_rpn_cls: 0.017  loss_rpn_loc: 0.027  time: 0.2566  data_time: 0.0075  lr: 0.000175  max_mem: 2288M
[32m[03/27 11:41:09 d2.utils.events]: [0m eta: 0:18:12  iter: 719  total_loss: 0.847  loss_cls: 0.157  loss_box_reg: 0.328  loss_mask: 0.255  loss_rpn_cls: 0.023  loss_rpn_loc: 0.026  time: 0.2572  data_time: 0.0086  lr: 0.000180  max_mem: 2288M
[32m[03/27 11:41:14 d2.utils.events]: [0m eta: 0:18:08  iter: 739  total_loss: 0.738  loss_cls: 0.146  loss_box_reg: 0.265  loss_mask: 0.225  loss_rpn_cls: 0.026  loss_rpn_loc: 0.019  time: 0.2573  data_time: 0.0074  lr: 0.000185  max_mem: 2288M
[32m[03/27 11:41:19 d2.utils.events]: [0m eta: 0:18:03  iter: 759  total_loss: 0.666  loss_cls: 0.130  loss_box_reg: 0.271  loss_mask: 0.185  loss_rpn_cls: 0.025  loss_rpn_loc: 0.021  time: 0.2576  data_time: 0.0070  lr: 0.000190  max_mem: 2288M
[32m[03/27 11:41:25 d2.utils.events]: [0m eta: 0:17:58  iter: 779  total_loss: 0.781  loss_cls: 0.167  loss_box_reg: 0.293  loss_mask: 0.243  loss_rpn_cls: 0.026  loss_rpn_loc: 0.031  time: 0.2578  data_time: 0.0068  lr: 0.000195  max_mem: 2288M
[32m[03/27 11:41:30 d2.utils.events]: [0m eta: 0:17:53  iter: 799  total_loss: 0.704  loss_cls: 0.124  loss_box_reg: 0.304  loss_mask: 0.240  loss_rpn_cls: 0.020  loss_rpn_loc: 0.022  time: 0.2578  data_time: 0.0072  lr: 0.000200  max_mem: 2288M
[32m[03/27 11:41:35 d2.utils.events]: [0m eta: 0:17:49  iter: 819  total_loss: 0.736  loss_cls: 0.129  loss_box_reg: 0.272  loss_mask: 0.208  loss_rpn_cls: 0.025  loss_rpn_loc: 0.031  time: 0.2581  data_time: 0.0068  lr: 0.000205  max_mem: 2288M
[32m[03/27 11:41:40 d2.utils.events]: [0m eta: 0:17:44  iter: 839  total_loss: 0.746  loss_cls: 0.159  loss_box_reg: 0.277  loss_mask: 0.220  loss_rpn_cls: 0.031  loss_rpn_loc: 0.026  time: 0.2582  data_time: 0.0064  lr: 0.000210  max_mem: 2288M
[32m[03/27 11:41:46 d2.utils.events]: [0m eta: 0:17:39  iter: 859  total_loss: 0.719  loss_cls: 0.130  loss_box_reg: 0.269  loss_mask: 0.220  loss_rpn_cls: 0.023  loss_rpn_loc: 0.020  time: 0.2583  data_time: 0.0077  lr: 0.000215  max_mem: 2288M
[32m[03/27 11:41:51 d2.utils.events]: [0m eta: 0:17:35  iter: 879  total_loss: 0.590  loss_cls: 0.124  loss_box_reg: 0.241  loss_mask: 0.194  loss_rpn_cls: 0.022  loss_rpn_loc: 0.020  time: 0.2585  data_time: 0.0073  lr: 0.000220  max_mem: 2288M
[32m[03/27 11:41:56 d2.utils.events]: [0m eta: 0:17:30  iter: 899  total_loss: 0.637  loss_cls: 0.131  loss_box_reg: 0.257  loss_mask: 0.199  loss_rpn_cls: 0.017  loss_rpn_loc: 0.023  time: 0.2585  data_time: 0.0078  lr: 0.000225  max_mem: 2288M
[32m[03/27 11:42:02 d2.utils.events]: [0m eta: 0:17:24  iter: 919  total_loss: 0.675  loss_cls: 0.120  loss_box_reg: 0.267  loss_mask: 0.232  loss_rpn_cls: 0.016  loss_rpn_loc: 0.012  time: 0.2587  data_time: 0.0072  lr: 0.000230  max_mem: 2288M
[32m[03/27 11:42:07 d2.utils.events]: [0m eta: 0:17:20  iter: 939  total_loss: 0.667  loss_cls: 0.124  loss_box_reg: 0.261  loss_mask: 0.205  loss_rpn_cls: 0.025  loss_rpn_loc: 0.029  time: 0.2587  data_time: 0.0074  lr: 0.000235  max_mem: 2288M
[32m[03/27 11:42:12 d2.utils.events]: [0m eta: 0:17:15  iter: 959  total_loss: 0.709  loss_cls: 0.147  loss_box_reg: 0.282  loss_mask: 0.213  loss_rpn_cls: 0.017  loss_rpn_loc: 0.021  time: 0.2589  data_time: 0.0077  lr: 0.000240  max_mem: 2288M
[32m[03/27 11:42:17 d2.utils.events]: [0m eta: 0:17:10  iter: 979  total_loss: 0.688  loss_cls: 0.145  loss_box_reg: 0.285  loss_mask: 0.228  loss_rpn_cls: 0.019  loss_rpn_loc: 0.034  time: 0.2590  data_time: 0.0076  lr: 0.000245  max_mem: 2288M
[32m[03/27 11:42:23 d2.utils.events]: [0m eta: 0:17:05  iter: 999  total_loss: 0.639  loss_cls: 0.115  loss_box_reg: 0.223  loss_mask: 0.228  loss_rpn_cls: 0.021  loss_rpn_loc: 0.019  time: 0.2591  data_time: 0.0080  lr: 0.000250  max_mem: 2288M
[32m[03/27 11:42:28 d2.utils.events]: [0m eta: 0:17:00  iter: 1019  total_loss: 0.600  loss_cls: 0.121  loss_box_reg: 0.237  loss_mask: 0.187  loss_rpn_cls: 0.017  loss_rpn_loc: 0.022  time: 0.2592  data_time: 0.0076  lr: 0.000250  max_mem: 2288M
[32m[03/27 11:42:33 d2.utils.events]: [0m eta: 0:16:55  iter: 1039  total_loss: 0.580  loss_cls: 0.115  loss_box_reg: 0.230  loss_mask: 0.192  loss_rpn_cls: 0.021  loss_rpn_loc: 0.026  time: 0.2592  data_time: 0.0073  lr: 0.000250  max_mem: 2288M
[32m[03/27 11:42:39 d2.utils.events]: [0m eta: 0:16:51  iter: 1059  total_loss: 0.728  loss_cls: 0.155  loss_box_reg: 0.309  loss_mask: 0.215  loss_rpn_cls: 0.022  loss_rpn_loc: 0.026  time: 0.2594  data_time: 0.0076  lr: 0.000250  max_mem: 2288M
[32m[03/27 11:42:44 d2.utils.events]: [0m eta: 0:16:47  iter: 1079  total_loss: 0.641  loss_cls: 0.139  loss_box_reg: 0.242  loss_mask: 0.202  loss_rpn_cls: 0.018  loss_rpn_loc: 0.022  time: 0.2594  data_time: 0.0071  lr: 0.000250  max_mem: 2288M
[32m[03/27 11:42:49 d2.utils.events]: [0m eta: 0:16:42  iter: 1099  total_loss: 0.615  loss_cls: 0.118  loss_box_reg: 0.272  loss_mask: 0.216  loss_rpn_cls: 0.014  loss_rpn_loc: 0.027  time: 0.2595  data_time: 0.0086  lr: 0.000250  max_mem: 2288M
[32m[03/27 11:42:55 d2.utils.events]: [0m eta: 0:16:38  iter: 1119  total_loss: 0.576  loss_cls: 0.107  loss_box_reg: 0.206  loss_mask: 0.198  loss_rpn_cls: 0.014  loss_rpn_loc: 0.020  time: 0.2598  data_time: 0.0072  lr: 0.000250  max_mem: 2288M
[32m[03/27 11:43:00 d2.utils.events]: [0m eta: 0:16:34  iter: 1139  total_loss: 0.629  loss_cls: 0.102  loss_box_reg: 0.231  loss_mask: 0.186  loss_rpn_cls: 0.013  loss_rpn_loc: 0.024  time: 0.2599  data_time: 0.0068  lr: 0.000250  max_mem: 2288M
[32m[03/27 11:43:05 d2.utils.events]: [0m eta: 0:16:30  iter: 1159  total_loss: 0.681  loss_cls: 0.120  loss_box_reg: 0.254  loss_mask: 0.204  loss_rpn_cls: 0.018  loss_rpn_loc: 0.026  time: 0.2600  data_time: 0.0075  lr: 0.000250  max_mem: 2288M
[32m[03/27 11:43:11 d2.utils.events]: [0m eta: 0:16:26  iter: 1179  total_loss: 0.608  loss_cls: 0.124  loss_box_reg: 0.257  loss_mask: 0.157  loss_rpn_cls: 0.019  loss_rpn_loc: 0.024  time: 0.2600  data_time: 0.0062  lr: 0.000250  max_mem: 2288M
[32m[03/27 11:43:16 d2.utils.events]: [0m eta: 0:16:22  iter: 1199  total_loss: 0.626  loss_cls: 0.133  loss_box_reg: 0.255  loss_mask: 0.204  loss_rpn_cls: 0.021  loss_rpn_loc: 0.019  time: 0.2602  data_time: 0.0073  lr: 0.000250  max_mem: 2288M
[32m[03/27 11:43:21 d2.utils.events]: [0m eta: 0:16:18  iter: 1219  total_loss: 0.592  loss_cls: 0.107  loss_box_reg: 0.228  loss_mask: 0.187  loss_rpn_cls: 0.010  loss_rpn_loc: 0.016  time: 0.2602  data_time: 0.0070  lr: 0.000250  max_mem: 2288M
[32m[03/27 11:43:26 d2.utils.events]: [0m eta: 0:16:13  iter: 1239  total_loss: 0.657  loss_cls: 0.142  loss_box_reg: 0.265  loss_mask: 0.199  loss_rpn_cls: 0.020  loss_rpn_loc: 0.022  time: 0.2602  data_time: 0.0077  lr: 0.000250  max_mem: 2288M
[32m[03/27 11:43:32 d2.utils.events]: [0m eta: 0:16:10  iter: 1259  total_loss: 0.784  loss_cls: 0.170  loss_box_reg: 0.270  loss_mask: 0.211  loss_rpn_cls: 0.019  loss_rpn_loc: 0.035  time: 0.2604  data_time: 0.0096  lr: 0.000250  max_mem: 2288M
[32m[03/27 11:43:37 d2.utils.events]: [0m eta: 0:16:05  iter: 1279  total_loss: 0.635  loss_cls: 0.127  loss_box_reg: 0.228  loss_mask: 0.247  loss_rpn_cls: 0.018  loss_rpn_loc: 0.020  time: 0.2605  data_time: 0.0079  lr: 0.000250  max_mem: 2288M
[32m[03/27 11:43:42 d2.utils.events]: [0m eta: 0:16:00  iter: 1299  total_loss: 0.637  loss_cls: 0.136  loss_box_reg: 0.269  loss_mask: 0.210  loss_rpn_cls: 0.022  loss_rpn_loc: 0.027  time: 0.2605  data_time: 0.0085  lr: 0.000250  max_mem: 2288M
[32m[03/27 11:43:48 d2.utils.events]: [0m eta: 0:15:55  iter: 1319  total_loss: 0.677  loss_cls: 0.156  loss_box_reg: 0.246  loss_mask: 0.228  loss_rpn_cls: 0.018  loss_rpn_loc: 0.019  time: 0.2606  data_time: 0.0084  lr: 0.000250  max_mem: 2288M
[32m[03/27 11:43:53 d2.utils.events]: [0m eta: 0:15:51  iter: 1339  total_loss: 0.606  loss_cls: 0.118  loss_box_reg: 0.248  loss_mask: 0.197  loss_rpn_cls: 0.015  loss_rpn_loc: 0.018  time: 0.2608  data_time: 0.0080  lr: 0.000250  max_mem: 2288M
[32m[03/27 11:43:59 d2.utils.events]: [0m eta: 0:15:46  iter: 1359  total_loss: 0.669  loss_cls: 0.149  loss_box_reg: 0.246  loss_mask: 0.193  loss_rpn_cls: 0.019  loss_rpn_loc: 0.022  time: 0.2609  data_time: 0.0079  lr: 0.000250  max_mem: 2288M
[32m[03/27 11:44:04 d2.utils.events]: [0m eta: 0:15:43  iter: 1379  total_loss: 0.584  loss_cls: 0.132  loss_box_reg: 0.213  loss_mask: 0.211  loss_rpn_cls: 0.012  loss_rpn_loc: 0.016  time: 0.2609  data_time: 0.0060  lr: 0.000250  max_mem: 2288M
[32m[03/27 11:44:09 d2.utils.events]: [0m eta: 0:15:40  iter: 1399  total_loss: 0.634  loss_cls: 0.133  loss_box_reg: 0.256  loss_mask: 0.186  loss_rpn_cls: 0.015  loss_rpn_loc: 0.027  time: 0.2610  data_time: 0.0085  lr: 0.000250  max_mem: 2288M
[32m[03/27 11:44:15 d2.utils.events]: [0m eta: 0:15:35  iter: 1419  total_loss: 0.621  loss_cls: 0.135  loss_box_reg: 0.239  loss_mask: 0.189  loss_rpn_cls: 0.017  loss_rpn_loc: 0.027  time: 0.2612  data_time: 0.0090  lr: 0.000250  max_mem: 2288M
[32m[03/27 11:44:20 d2.utils.events]: [0m eta: 0:15:31  iter: 1439  total_loss: 0.608  loss_cls: 0.145  loss_box_reg: 0.240  loss_mask: 0.174  loss_rpn_cls: 0.010  loss_rpn_loc: 0.025  time: 0.2612  data_time: 0.0078  lr: 0.000250  max_mem: 2288M
[32m[03/27 11:44:25 d2.utils.events]: [0m eta: 0:15:25  iter: 1459  total_loss: 0.617  loss_cls: 0.133  loss_box_reg: 0.227  loss_mask: 0.183  loss_rpn_cls: 0.018  loss_rpn_loc: 0.021  time: 0.2613  data_time: 0.0080  lr: 0.000250  max_mem: 2288M
[32m[03/27 11:44:31 d2.utils.events]: [0m eta: 0:15:21  iter: 1479  total_loss: 0.634  loss_cls: 0.129  loss_box_reg: 0.245  loss_mask: 0.190  loss_rpn_cls: 0.015  loss_rpn_loc: 0.018  time: 0.2614  data_time: 0.0084  lr: 0.000250  max_mem: 2288M
[32m[03/27 11:44:36 d2.utils.events]: [0m eta: 0:15:17  iter: 1499  total_loss: 0.712  loss_cls: 0.131  loss_box_reg: 0.291  loss_mask: 0.215  loss_rpn_cls: 0.020  loss_rpn_loc: 0.033  time: 0.2614  data_time: 0.0069  lr: 0.000250  max_mem: 2288M
[32m[03/27 11:44:42 d2.utils.events]: [0m eta: 0:15:12  iter: 1519  total_loss: 0.631  loss_cls: 0.137  loss_box_reg: 0.237  loss_mask: 0.195  loss_rpn_cls: 0.010  loss_rpn_loc: 0.025  time: 0.2616  data_time: 0.0083  lr: 0.000250  max_mem: 2288M
[32m[03/27 11:44:47 d2.utils.events]: [0m eta: 0:15:07  iter: 1539  total_loss: 0.607  loss_cls: 0.125  loss_box_reg: 0.246  loss_mask: 0.180  loss_rpn_cls: 0.010  loss_rpn_loc: 0.026  time: 0.2615  data_time: 0.0071  lr: 0.000250  max_mem: 2288M
[32m[03/27 11:44:52 d2.utils.events]: [0m eta: 0:15:02  iter: 1559  total_loss: 0.571  loss_cls: 0.135  loss_box_reg: 0.220  loss_mask: 0.180  loss_rpn_cls: 0.013  loss_rpn_loc: 0.020  time: 0.2616  data_time: 0.0081  lr: 0.000250  max_mem: 2288M
[32m[03/27 11:44:58 d2.utils.events]: [0m eta: 0:14:58  iter: 1579  total_loss: 0.802  loss_cls: 0.155  loss_box_reg: 0.295  loss_mask: 0.234  loss_rpn_cls: 0.024  loss_rpn_loc: 0.039  time: 0.2618  data_time: 0.0086  lr: 0.000250  max_mem: 2288M
[32m[03/27 11:45:03 d2.utils.events]: [0m eta: 0:14:53  iter: 1599  total_loss: 0.698  loss_cls: 0.143  loss_box_reg: 0.287  loss_mask: 0.216  loss_rpn_cls: 0.019  loss_rpn_loc: 0.031  time: 0.2619  data_time: 0.0074  lr: 0.000250  max_mem: 2288M
[32m[03/27 11:45:08 d2.utils.events]: [0m eta: 0:14:48  iter: 1619  total_loss: 0.631  loss_cls: 0.124  loss_box_reg: 0.245  loss_mask: 0.192  loss_rpn_cls: 0.020  loss_rpn_loc: 0.031  time: 0.2620  data_time: 0.0076  lr: 0.000250  max_mem: 2288M
[32m[03/27 11:45:14 d2.utils.events]: [0m eta: 0:14:43  iter: 1639  total_loss: 0.577  loss_cls: 0.112  loss_box_reg: 0.232  loss_mask: 0.186  loss_rpn_cls: 0.015  loss_rpn_loc: 0.018  time: 0.2620  data_time: 0.0059  lr: 0.000250  max_mem: 2288M
[32m[03/27 11:45:19 d2.utils.events]: [0m eta: 0:14:38  iter: 1659  total_loss: 0.558  loss_cls: 0.113  loss_box_reg: 0.235  loss_mask: 0.177  loss_rpn_cls: 0.013  loss_rpn_loc: 0.021  time: 0.2622  data_time: 0.0086  lr: 0.000250  max_mem: 2288M
[32m[03/27 11:45:25 d2.utils.events]: [0m eta: 0:14:34  iter: 1679  total_loss: 0.610  loss_cls: 0.136  loss_box_reg: 0.251  loss_mask: 0.217  loss_rpn_cls: 0.014  loss_rpn_loc: 0.026  time: 0.2623  data_time: 0.0085  lr: 0.000250  max_mem: 2288M
[32m[03/27 11:45:30 d2.utils.events]: [0m eta: 0:14:28  iter: 1699  total_loss: 0.606  loss_cls: 0.123  loss_box_reg: 0.246  loss_mask: 0.196  loss_rpn_cls: 0.009  loss_rpn_loc: 0.020  time: 0.2624  data_time: 0.0075  lr: 0.000250  max_mem: 2288M
[32m[03/27 11:45:35 d2.utils.events]: [0m eta: 0:14:22  iter: 1719  total_loss: 0.627  loss_cls: 0.121  loss_box_reg: 0.269  loss_mask: 0.192  loss_rpn_cls: 0.016  loss_rpn_loc: 0.023  time: 0.2624  data_time: 0.0067  lr: 0.000250  max_mem: 2288M
[32m[03/27 11:45:41 d2.utils.events]: [0m eta: 0:14:18  iter: 1739  total_loss: 0.558  loss_cls: 0.131  loss_box_reg: 0.212  loss_mask: 0.172  loss_rpn_cls: 0.018  loss_rpn_loc: 0.019  time: 0.2625  data_time: 0.0077  lr: 0.000250  max_mem: 2288M
[32m[03/27 11:45:46 d2.utils.events]: [0m eta: 0:14:12  iter: 1759  total_loss: 0.653  loss_cls: 0.135  loss_box_reg: 0.271  loss_mask: 0.183  loss_rpn_cls: 0.021  loss_rpn_loc: 0.035  time: 0.2625  data_time: 0.0077  lr: 0.000250  max_mem: 2288M
[32m[03/27 11:45:51 d2.utils.events]: [0m eta: 0:14:06  iter: 1779  total_loss: 0.642  loss_cls: 0.116  loss_box_reg: 0.254  loss_mask: 0.204  loss_rpn_cls: 0.013  loss_rpn_loc: 0.024  time: 0.2624  data_time: 0.0085  lr: 0.000250  max_mem: 2288M
[32m[03/27 11:45:57 d2.utils.events]: [0m eta: 0:14:02  iter: 1799  total_loss: 0.668  loss_cls: 0.140  loss_box_reg: 0.260  loss_mask: 0.192  loss_rpn_cls: 0.021  loss_rpn_loc: 0.026  time: 0.2626  data_time: 0.0080  lr: 0.000250  max_mem: 2288M
[32m[03/27 11:46:02 d2.utils.events]: [0m eta: 0:13:56  iter: 1819  total_loss: 0.535  loss_cls: 0.100  loss_box_reg: 0.211  loss_mask: 0.179  loss_rpn_cls: 0.017  loss_rpn_loc: 0.019  time: 0.2626  data_time: 0.0079  lr: 0.000250  max_mem: 2288M
[32m[03/27 11:46:08 d2.utils.events]: [0m eta: 0:13:52  iter: 1839  total_loss: 0.639  loss_cls: 0.132  loss_box_reg: 0.253  loss_mask: 0.177  loss_rpn_cls: 0.017  loss_rpn_loc: 0.031  time: 0.2628  data_time: 0.0079  lr: 0.000250  max_mem: 2288M
[32m[03/27 11:46:13 d2.utils.events]: [0m eta: 0:13:47  iter: 1859  total_loss: 0.653  loss_cls: 0.113  loss_box_reg: 0.256  loss_mask: 0.200  loss_rpn_cls: 0.016  loss_rpn_loc: 0.021  time: 0.2628  data_time: 0.0079  lr: 0.000250  max_mem: 2288M
[32m[03/27 11:46:18 d2.utils.events]: [0m eta: 0:13:42  iter: 1879  total_loss: 0.579  loss_cls: 0.119  loss_box_reg: 0.222  loss_mask: 0.213  loss_rpn_cls: 0.011  loss_rpn_loc: 0.017  time: 0.2628  data_time: 0.0074  lr: 0.000250  max_mem: 2288M
[32m[03/27 11:46:23 d2.utils.events]: [0m eta: 0:13:36  iter: 1899  total_loss: 0.682  loss_cls: 0.131  loss_box_reg: 0.257  loss_mask: 0.224  loss_rpn_cls: 0.018  loss_rpn_loc: 0.019  time: 0.2628  data_time: 0.0076  lr: 0.000250  max_mem: 2288M
[32m[03/27 11:46:29 d2.utils.events]: [0m eta: 0:13:31  iter: 1919  total_loss: 0.644  loss_cls: 0.123  loss_box_reg: 0.241  loss_mask: 0.186  loss_rpn_cls: 0.019  loss_rpn_loc: 0.019  time: 0.2628  data_time: 0.0072  lr: 0.000250  max_mem: 2288M
[32m[03/27 11:46:34 d2.utils.events]: [0m eta: 0:13:26  iter: 1939  total_loss: 0.615  loss_cls: 0.127  loss_box_reg: 0.226  loss_mask: 0.167  loss_rpn_cls: 0.016  loss_rpn_loc: 0.022  time: 0.2629  data_time: 0.0083  lr: 0.000250  max_mem: 2288M
[32m[03/27 11:46:39 d2.utils.events]: [0m eta: 0:13:20  iter: 1959  total_loss: 0.646  loss_cls: 0.124  loss_box_reg: 0.228  loss_mask: 0.189  loss_rpn_cls: 0.013  loss_rpn_loc: 0.026  time: 0.2629  data_time: 0.0082  lr: 0.000250  max_mem: 2288M
[32m[03/27 11:46:45 d2.utils.events]: [0m eta: 0:13:15  iter: 1979  total_loss: 0.577  loss_cls: 0.104  loss_box_reg: 0.207  loss_mask: 0.188  loss_rpn_cls: 0.012  loss_rpn_loc: 0.021  time: 0.2629  data_time: 0.0092  lr: 0.000250  max_mem: 2288M
[32m[03/27 11:46:50 d2.utils.events]: [0m eta: 0:13:10  iter: 1999  total_loss: 0.606  loss_cls: 0.112  loss_box_reg: 0.240  loss_mask: 0.177  loss_rpn_cls: 0.017  loss_rpn_loc: 0.024  time: 0.2630  data_time: 0.0075  lr: 0.000250  max_mem: 2288M
[32m[03/27 11:46:55 d2.utils.events]: [0m eta: 0:13:05  iter: 2019  total_loss: 0.535  loss_cls: 0.109  loss_box_reg: 0.229  loss_mask: 0.191  loss_rpn_cls: 0.012  loss_rpn_loc: 0.020  time: 0.2629  data_time: 0.0076  lr: 0.000250  max_mem: 2288M
[32m[03/27 11:47:00 d2.utils.events]: [0m eta: 0:12:59  iter: 2039  total_loss: 0.604  loss_cls: 0.111  loss_box_reg: 0.243  loss_mask: 0.188  loss_rpn_cls: 0.017  loss_rpn_loc: 0.021  time: 0.2629  data_time: 0.0069  lr: 0.000250  max_mem: 2288M
[32m[03/27 11:47:06 d2.utils.events]: [0m eta: 0:12:55  iter: 2059  total_loss: 0.596  loss_cls: 0.123  loss_box_reg: 0.217  loss_mask: 0.203  loss_rpn_cls: 0.015  loss_rpn_loc: 0.020  time: 0.2630  data_time: 0.0082  lr: 0.000250  max_mem: 2288M
[32m[03/27 11:47:11 d2.utils.events]: [0m eta: 0:12:50  iter: 2079  total_loss: 0.727  loss_cls: 0.111  loss_box_reg: 0.283  loss_mask: 0.209  loss_rpn_cls: 0.012  loss_rpn_loc: 0.029  time: 0.2630  data_time: 0.0078  lr: 0.000250  max_mem: 2288M
[32m[03/27 11:47:17 d2.utils.events]: [0m eta: 0:12:45  iter: 2099  total_loss: 0.603  loss_cls: 0.124  loss_box_reg: 0.241  loss_mask: 0.181  loss_rpn_cls: 0.012  loss_rpn_loc: 0.023  time: 0.2630  data_time: 0.0082  lr: 0.000250  max_mem: 2288M
[32m[03/27 11:47:22 d2.utils.events]: [0m eta: 0:12:39  iter: 2119  total_loss: 0.498  loss_cls: 0.114  loss_box_reg: 0.194  loss_mask: 0.163  loss_rpn_cls: 0.007  loss_rpn_loc: 0.017  time: 0.2631  data_time: 0.0071  lr: 0.000250  max_mem: 2288M
[32m[03/27 11:47:27 d2.utils.events]: [0m eta: 0:12:33  iter: 2139  total_loss: 0.535  loss_cls: 0.098  loss_box_reg: 0.211  loss_mask: 0.176  loss_rpn_cls: 0.013  loss_rpn_loc: 0.022  time: 0.2631  data_time: 0.0079  lr: 0.000250  max_mem: 2288M
[32m[03/27 11:47:33 d2.utils.events]: [0m eta: 0:12:29  iter: 2159  total_loss: 0.658  loss_cls: 0.125  loss_box_reg: 0.258  loss_mask: 0.186  loss_rpn_cls: 0.013  loss_rpn_loc: 0.022  time: 0.2632  data_time: 0.0085  lr: 0.000250  max_mem: 2288M
[32m[03/27 11:47:38 d2.utils.events]: [0m eta: 0:12:24  iter: 2179  total_loss: 0.618  loss_cls: 0.112  loss_box_reg: 0.259  loss_mask: 0.190  loss_rpn_cls: 0.014  loss_rpn_loc: 0.024  time: 0.2633  data_time: 0.0082  lr: 0.000250  max_mem: 2288M
[32m[03/27 11:47:44 d2.utils.events]: [0m eta: 0:12:18  iter: 2199  total_loss: 0.478  loss_cls: 0.111  loss_box_reg: 0.218  loss_mask: 0.157  loss_rpn_cls: 0.013  loss_rpn_loc: 0.019  time: 0.2634  data_time: 0.0077  lr: 0.000250  max_mem: 2288M
[32m[03/27 11:47:49 d2.utils.events]: [0m eta: 0:12:13  iter: 2219  total_loss: 0.586  loss_cls: 0.113  loss_box_reg: 0.219  loss_mask: 0.198  loss_rpn_cls: 0.011  loss_rpn_loc: 0.022  time: 0.2634  data_time: 0.0069  lr: 0.000250  max_mem: 2288M
[32m[03/27 11:47:54 d2.utils.events]: [0m eta: 0:12:07  iter: 2239  total_loss: 0.540  loss_cls: 0.114  loss_box_reg: 0.227  loss_mask: 0.175  loss_rpn_cls: 0.009  loss_rpn_loc: 0.021  time: 0.2633  data_time: 0.0079  lr: 0.000250  max_mem: 2288M
[32m[03/27 11:48:00 d2.utils.events]: [0m eta: 0:12:02  iter: 2259  total_loss: 0.593  loss_cls: 0.124  loss_box_reg: 0.240  loss_mask: 0.195  loss_rpn_cls: 0.009  loss_rpn_loc: 0.019  time: 0.2634  data_time: 0.0082  lr: 0.000250  max_mem: 2288M
[32m[03/27 11:48:05 d2.utils.events]: [0m eta: 0:11:57  iter: 2279  total_loss: 0.612  loss_cls: 0.090  loss_box_reg: 0.267  loss_mask: 0.189  loss_rpn_cls: 0.009  loss_rpn_loc: 0.023  time: 0.2634  data_time: 0.0076  lr: 0.000250  max_mem: 2288M
[32m[03/27 11:48:10 d2.utils.events]: [0m eta: 0:11:52  iter: 2299  total_loss: 0.547  loss_cls: 0.116  loss_box_reg: 0.232  loss_mask: 0.189  loss_rpn_cls: 0.013  loss_rpn_loc: 0.016  time: 0.2635  data_time: 0.0082  lr: 0.000250  max_mem: 2288M
[32m[03/27 11:48:16 d2.utils.events]: [0m eta: 0:11:47  iter: 2319  total_loss: 0.577  loss_cls: 0.098  loss_box_reg: 0.199  loss_mask: 0.211  loss_rpn_cls: 0.012  loss_rpn_loc: 0.024  time: 0.2634  data_time: 0.0084  lr: 0.000250  max_mem: 2288M
[32m[03/27 11:48:21 d2.utils.events]: [0m eta: 0:11:41  iter: 2339  total_loss: 0.594  loss_cls: 0.116  loss_box_reg: 0.230  loss_mask: 0.175  loss_rpn_cls: 0.012  loss_rpn_loc: 0.020  time: 0.2635  data_time: 0.0076  lr: 0.000250  max_mem: 2288M
[32m[03/27 11:48:26 d2.utils.events]: [0m eta: 0:11:36  iter: 2359  total_loss: 0.542  loss_cls: 0.098  loss_box_reg: 0.214  loss_mask: 0.197  loss_rpn_cls: 0.010  loss_rpn_loc: 0.018  time: 0.2635  data_time: 0.0074  lr: 0.000250  max_mem: 2288M
[32m[03/27 11:48:32 d2.utils.events]: [0m eta: 0:11:31  iter: 2379  total_loss: 0.518  loss_cls: 0.111  loss_box_reg: 0.178  loss_mask: 0.170  loss_rpn_cls: 0.012  loss_rpn_loc: 0.014  time: 0.2635  data_time: 0.0074  lr: 0.000250  max_mem: 2288M
[32m[03/27 11:48:37 d2.utils.events]: [0m eta: 0:11:25  iter: 2399  total_loss: 0.518  loss_cls: 0.099  loss_box_reg: 0.235  loss_mask: 0.182  loss_rpn_cls: 0.012  loss_rpn_loc: 0.017  time: 0.2635  data_time: 0.0082  lr: 0.000250  max_mem: 2288M
[32m[03/27 11:48:42 d2.utils.events]: [0m eta: 0:11:19  iter: 2419  total_loss: 0.654  loss_cls: 0.118  loss_box_reg: 0.253  loss_mask: 0.197  loss_rpn_cls: 0.012  loss_rpn_loc: 0.022  time: 0.2635  data_time: 0.0079  lr: 0.000250  max_mem: 2288M
[32m[03/27 11:48:47 d2.utils.events]: [0m eta: 0:11:14  iter: 2439  total_loss: 0.626  loss_cls: 0.121  loss_box_reg: 0.215  loss_mask: 0.187  loss_rpn_cls: 0.013  loss_rpn_loc: 0.016  time: 0.2635  data_time: 0.0061  lr: 0.000250  max_mem: 2288M
[32m[03/27 11:48:53 d2.utils.events]: [0m eta: 0:11:08  iter: 2459  total_loss: 0.579  loss_cls: 0.119  loss_box_reg: 0.232  loss_mask: 0.172  loss_rpn_cls: 0.012  loss_rpn_loc: 0.017  time: 0.2635  data_time: 0.0057  lr: 0.000250  max_mem: 2288M
[32m[03/27 11:48:58 d2.utils.events]: [0m eta: 0:11:03  iter: 2479  total_loss: 0.540  loss_cls: 0.106  loss_box_reg: 0.213  loss_mask: 0.180  loss_rpn_cls: 0.011  loss_rpn_loc: 0.020  time: 0.2636  data_time: 0.0081  lr: 0.000250  max_mem: 2288M
[32m[03/27 11:49:03 d2.utils.events]: [0m eta: 0:10:58  iter: 2499  total_loss: 0.625  loss_cls: 0.116  loss_box_reg: 0.227  loss_mask: 0.201  loss_rpn_cls: 0.012  loss_rpn_loc: 0.028  time: 0.2636  data_time: 0.0064  lr: 0.000250  max_mem: 2288M
[32m[03/27 11:49:09 d2.utils.events]: [0m eta: 0:10:52  iter: 2519  total_loss: 0.598  loss_cls: 0.121  loss_box_reg: 0.243  loss_mask: 0.167  loss_rpn_cls: 0.015  loss_rpn_loc: 0.020  time: 0.2636  data_time: 0.0072  lr: 0.000250  max_mem: 2288M
[32m[03/27 11:49:14 d2.utils.events]: [0m eta: 0:10:48  iter: 2539  total_loss: 0.490  loss_cls: 0.093  loss_box_reg: 0.198  loss_mask: 0.165  loss_rpn_cls: 0.011  loss_rpn_loc: 0.014  time: 0.2636  data_time: 0.0075  lr: 0.000250  max_mem: 2288M
[32m[03/27 11:49:19 d2.utils.events]: [0m eta: 0:10:42  iter: 2559  total_loss: 0.550  loss_cls: 0.094  loss_box_reg: 0.190  loss_mask: 0.184  loss_rpn_cls: 0.016  loss_rpn_loc: 0.015  time: 0.2636  data_time: 0.0068  lr: 0.000250  max_mem: 2288M
[32m[03/27 11:49:25 d2.utils.events]: [0m eta: 0:10:36  iter: 2579  total_loss: 0.583  loss_cls: 0.104  loss_box_reg: 0.238  loss_mask: 0.171  loss_rpn_cls: 0.018  loss_rpn_loc: 0.024  time: 0.2636  data_time: 0.0088  lr: 0.000250  max_mem: 2288M
[32m[03/27 11:49:30 d2.utils.events]: [0m eta: 0:10:31  iter: 2599  total_loss: 0.544  loss_cls: 0.093  loss_box_reg: 0.233  loss_mask: 0.173  loss_rpn_cls: 0.012  loss_rpn_loc: 0.020  time: 0.2637  data_time: 0.0087  lr: 0.000250  max_mem: 2288M
[32m[03/27 11:49:36 d2.utils.events]: [0m eta: 0:10:25  iter: 2619  total_loss: 0.578  loss_cls: 0.117  loss_box_reg: 0.249  loss_mask: 0.203  loss_rpn_cls: 0.015  loss_rpn_loc: 0.031  time: 0.2637  data_time: 0.0077  lr: 0.000250  max_mem: 2288M
[32m[03/27 11:49:41 d2.utils.events]: [0m eta: 0:10:21  iter: 2639  total_loss: 0.573  loss_cls: 0.100  loss_box_reg: 0.217  loss_mask: 0.172  loss_rpn_cls: 0.010  loss_rpn_loc: 0.022  time: 0.2637  data_time: 0.0078  lr: 0.000250  max_mem: 2288M
[32m[03/27 11:49:46 d2.utils.events]: [0m eta: 0:10:15  iter: 2659  total_loss: 0.616  loss_cls: 0.108  loss_box_reg: 0.240  loss_mask: 0.207  loss_rpn_cls: 0.017  loss_rpn_loc: 0.023  time: 0.2637  data_time: 0.0075  lr: 0.000250  max_mem: 2288M
[32m[03/27 11:49:51 d2.utils.events]: [0m eta: 0:10:09  iter: 2679  total_loss: 0.621  loss_cls: 0.117  loss_box_reg: 0.246  loss_mask: 0.203  loss_rpn_cls: 0.011  loss_rpn_loc: 0.021  time: 0.2637  data_time: 0.0077  lr: 0.000250  max_mem: 2288M
[32m[03/27 11:49:57 d2.utils.events]: [0m eta: 0:10:04  iter: 2699  total_loss: 0.670  loss_cls: 0.124  loss_box_reg: 0.267  loss_mask: 0.202  loss_rpn_cls: 0.016  loss_rpn_loc: 0.027  time: 0.2637  data_time: 0.0083  lr: 0.000250  max_mem: 2288M
[32m[03/27 11:50:02 d2.utils.events]: [0m eta: 0:09:58  iter: 2719  total_loss: 0.600  loss_cls: 0.119  loss_box_reg: 0.234  loss_mask: 0.180  loss_rpn_cls: 0.010  loss_rpn_loc: 0.027  time: 0.2637  data_time: 0.0065  lr: 0.000250  max_mem: 2288M
[32m[03/27 11:50:07 d2.utils.events]: [0m eta: 0:09:53  iter: 2739  total_loss: 0.490  loss_cls: 0.095  loss_box_reg: 0.186  loss_mask: 0.160  loss_rpn_cls: 0.009  loss_rpn_loc: 0.012  time: 0.2637  data_time: 0.0065  lr: 0.000250  max_mem: 2288M
[32m[03/27 11:50:13 d2.utils.events]: [0m eta: 0:09:48  iter: 2759  total_loss: 0.625  loss_cls: 0.110  loss_box_reg: 0.223  loss_mask: 0.182  loss_rpn_cls: 0.015  loss_rpn_loc: 0.033  time: 0.2637  data_time: 0.0078  lr: 0.000250  max_mem: 2288M
[32m[03/27 11:50:18 d2.utils.events]: [0m eta: 0:09:43  iter: 2779  total_loss: 0.536  loss_cls: 0.135  loss_box_reg: 0.215  loss_mask: 0.151  loss_rpn_cls: 0.011  loss_rpn_loc: 0.015  time: 0.2638  data_time: 0.0083  lr: 0.000250  max_mem: 2288M
[32m[03/27 11:50:23 d2.utils.events]: [0m eta: 0:09:38  iter: 2799  total_loss: 0.548  loss_cls: 0.141  loss_box_reg: 0.223  loss_mask: 0.163  loss_rpn_cls: 0.011  loss_rpn_loc: 0.015  time: 0.2638  data_time: 0.0071  lr: 0.000250  max_mem: 2288M
[32m[03/27 11:50:28 d2.utils.events]: [0m eta: 0:09:32  iter: 2819  total_loss: 0.510  loss_cls: 0.092  loss_box_reg: 0.206  loss_mask: 0.172  loss_rpn_cls: 0.009  loss_rpn_loc: 0.018  time: 0.2638  data_time: 0.0061  lr: 0.000250  max_mem: 2288M
[32m[03/27 11:50:34 d2.utils.events]: [0m eta: 0:09:27  iter: 2839  total_loss: 0.606  loss_cls: 0.119  loss_box_reg: 0.224  loss_mask: 0.194  loss_rpn_cls: 0.013  loss_rpn_loc: 0.029  time: 0.2638  data_time: 0.0080  lr: 0.000250  max_mem: 2288M
[32m[03/27 11:50:39 d2.utils.events]: [0m eta: 0:09:21  iter: 2859  total_loss: 0.624  loss_cls: 0.132  loss_box_reg: 0.232  loss_mask: 0.204  loss_rpn_cls: 0.011  loss_rpn_loc: 0.026  time: 0.2638  data_time: 0.0066  lr: 0.000250  max_mem: 2288M
[32m[03/27 11:50:45 d2.utils.events]: [0m eta: 0:09:16  iter: 2879  total_loss: 0.573  loss_cls: 0.111  loss_box_reg: 0.235  loss_mask: 0.174  loss_rpn_cls: 0.011  loss_rpn_loc: 0.011  time: 0.2638  data_time: 0.0070  lr: 0.000250  max_mem: 2288M
[32m[03/27 11:50:50 d2.utils.events]: [0m eta: 0:09:11  iter: 2899  total_loss: 0.568  loss_cls: 0.112  loss_box_reg: 0.213  loss_mask: 0.190  loss_rpn_cls: 0.012  loss_rpn_loc: 0.021  time: 0.2638  data_time: 0.0082  lr: 0.000250  max_mem: 2288M
[32m[03/27 11:50:55 d2.utils.events]: [0m eta: 0:09:06  iter: 2919  total_loss: 0.502  loss_cls: 0.089  loss_box_reg: 0.197  loss_mask: 0.163  loss_rpn_cls: 0.009  loss_rpn_loc: 0.017  time: 0.2639  data_time: 0.0084  lr: 0.000250  max_mem: 2288M
[32m[03/27 11:51:01 d2.utils.events]: [0m eta: 0:09:01  iter: 2939  total_loss: 0.548  loss_cls: 0.099  loss_box_reg: 0.192  loss_mask: 0.187  loss_rpn_cls: 0.011  loss_rpn_loc: 0.021  time: 0.2640  data_time: 0.0077  lr: 0.000250  max_mem: 2288M
[32m[03/27 11:51:06 d2.utils.events]: [0m eta: 0:08:56  iter: 2959  total_loss: 0.504  loss_cls: 0.106  loss_box_reg: 0.210  loss_mask: 0.169  loss_rpn_cls: 0.012  loss_rpn_loc: 0.020  time: 0.2640  data_time: 0.0075  lr: 0.000250  max_mem: 2288M
[32m[03/27 11:51:12 d2.utils.events]: [0m eta: 0:08:51  iter: 2979  total_loss: 0.547  loss_cls: 0.104  loss_box_reg: 0.210  loss_mask: 0.167  loss_rpn_cls: 0.014  loss_rpn_loc: 0.021  time: 0.2640  data_time: 0.0080  lr: 0.000250  max_mem: 2288M
[32m[03/27 11:51:17 d2.utils.events]: [0m eta: 0:08:46  iter: 2999  total_loss: 0.507  loss_cls: 0.101  loss_box_reg: 0.210  loss_mask: 0.171  loss_rpn_cls: 0.007  loss_rpn_loc: 0.015  time: 0.2640  data_time: 0.0083  lr: 0.000250  max_mem: 2288M
[32m[03/27 11:51:22 d2.utils.events]: [0m eta: 0:08:41  iter: 3019  total_loss: 0.651  loss_cls: 0.128  loss_box_reg: 0.281  loss_mask: 0.179  loss_rpn_cls: 0.018  loss_rpn_loc: 0.025  time: 0.2641  data_time: 0.0081  lr: 0.000250  max_mem: 2288M
[32m[03/27 11:51:28 d2.utils.events]: [0m eta: 0:08:36  iter: 3039  total_loss: 0.623  loss_cls: 0.112  loss_box_reg: 0.253  loss_mask: 0.168  loss_rpn_cls: 0.015  loss_rpn_loc: 0.032  time: 0.2641  data_time: 0.0080  lr: 0.000250  max_mem: 2288M
[32m[03/27 11:51:33 d2.utils.events]: [0m eta: 0:08:30  iter: 3059  total_loss: 0.650  loss_cls: 0.128  loss_box_reg: 0.245  loss_mask: 0.200  loss_rpn_cls: 0.015  loss_rpn_loc: 0.021  time: 0.2642  data_time: 0.0087  lr: 0.000250  max_mem: 2288M
[32m[03/27 11:51:38 d2.utils.events]: [0m eta: 0:08:25  iter: 3079  total_loss: 0.565  loss_cls: 0.109  loss_box_reg: 0.225  loss_mask: 0.176  loss_rpn_cls: 0.011  loss_rpn_loc: 0.019  time: 0.2642  data_time: 0.0088  lr: 0.000250  max_mem: 2288M
[32m[03/27 11:51:44 d2.utils.events]: [0m eta: 0:08:19  iter: 3099  total_loss: 0.551  loss_cls: 0.117  loss_box_reg: 0.200  loss_mask: 0.169  loss_rpn_cls: 0.012  loss_rpn_loc: 0.021  time: 0.2641  data_time: 0.0063  lr: 0.000250  max_mem: 2288M
[32m[03/27 11:51:49 d2.utils.events]: [0m eta: 0:08:14  iter: 3119  total_loss: 0.586  loss_cls: 0.125  loss_box_reg: 0.222  loss_mask: 0.188  loss_rpn_cls: 0.010  loss_rpn_loc: 0.021  time: 0.2641  data_time: 0.0064  lr: 0.000250  max_mem: 2288M
[32m[03/27 11:51:54 d2.utils.events]: [0m eta: 0:08:09  iter: 3139  total_loss: 0.523  loss_cls: 0.098  loss_box_reg: 0.209  loss_mask: 0.181  loss_rpn_cls: 0.013  loss_rpn_loc: 0.017  time: 0.2641  data_time: 0.0066  lr: 0.000250  max_mem: 2288M
[32m[03/27 11:51:59 d2.utils.events]: [0m eta: 0:08:03  iter: 3159  total_loss: 0.578  loss_cls: 0.135  loss_box_reg: 0.245  loss_mask: 0.193  loss_rpn_cls: 0.010  loss_rpn_loc: 0.020  time: 0.2641  data_time: 0.0076  lr: 0.000250  max_mem: 2288M
[32m[03/27 11:52:05 d2.utils.events]: [0m eta: 0:07:57  iter: 3179  total_loss: 0.589  loss_cls: 0.119  loss_box_reg: 0.233  loss_mask: 0.186  loss_rpn_cls: 0.010  loss_rpn_loc: 0.026  time: 0.2641  data_time: 0.0067  lr: 0.000250  max_mem: 2288M
[32m[03/27 11:52:10 d2.utils.events]: [0m eta: 0:07:52  iter: 3199  total_loss: 0.559  loss_cls: 0.114  loss_box_reg: 0.214  loss_mask: 0.178  loss_rpn_cls: 0.011  loss_rpn_loc: 0.018  time: 0.2642  data_time: 0.0094  lr: 0.000250  max_mem: 2288M
[32m[03/27 11:52:16 d2.utils.events]: [0m eta: 0:07:47  iter: 3219  total_loss: 0.564  loss_cls: 0.107  loss_box_reg: 0.218  loss_mask: 0.184  loss_rpn_cls: 0.011  loss_rpn_loc: 0.017  time: 0.2642  data_time: 0.0071  lr: 0.000250  max_mem: 2288M
[32m[03/27 11:52:21 d2.utils.events]: [0m eta: 0:07:42  iter: 3239  total_loss: 0.481  loss_cls: 0.098  loss_box_reg: 0.199  loss_mask: 0.161  loss_rpn_cls: 0.010  loss_rpn_loc: 0.018  time: 0.2641  data_time: 0.0081  lr: 0.000250  max_mem: 2288M
[32m[03/27 11:52:26 d2.utils.events]: [0m eta: 0:07:37  iter: 3259  total_loss: 0.541  loss_cls: 0.087  loss_box_reg: 0.214  loss_mask: 0.178  loss_rpn_cls: 0.012  loss_rpn_loc: 0.025  time: 0.2642  data_time: 0.0086  lr: 0.000250  max_mem: 2288M
[32m[03/27 11:52:32 d2.utils.events]: [0m eta: 0:07:32  iter: 3279  total_loss: 0.559  loss_cls: 0.119  loss_box_reg: 0.230  loss_mask: 0.186  loss_rpn_cls: 0.015  loss_rpn_loc: 0.021  time: 0.2642  data_time: 0.0067  lr: 0.000250  max_mem: 2288M
[32m[03/27 11:52:37 d2.utils.events]: [0m eta: 0:07:27  iter: 3299  total_loss: 0.545  loss_cls: 0.096  loss_box_reg: 0.247  loss_mask: 0.187  loss_rpn_cls: 0.012  loss_rpn_loc: 0.017  time: 0.2643  data_time: 0.0081  lr: 0.000250  max_mem: 2288M
[32m[03/27 11:52:43 d2.utils.events]: [0m eta: 0:07:22  iter: 3319  total_loss: 0.522  loss_cls: 0.099  loss_box_reg: 0.206  loss_mask: 0.196  loss_rpn_cls: 0.013  loss_rpn_loc: 0.019  time: 0.2643  data_time: 0.0076  lr: 0.000250  max_mem: 2288M
[32m[03/27 11:52:48 d2.utils.events]: [0m eta: 0:07:17  iter: 3339  total_loss: 0.605  loss_cls: 0.117  loss_box_reg: 0.239  loss_mask: 0.182  loss_rpn_cls: 0.012  loss_rpn_loc: 0.032  time: 0.2644  data_time: 0.0084  lr: 0.000250  max_mem: 2288M
[32m[03/27 11:52:53 d2.utils.events]: [0m eta: 0:07:12  iter: 3359  total_loss: 0.599  loss_cls: 0.102  loss_box_reg: 0.209  loss_mask: 0.170  loss_rpn_cls: 0.011  loss_rpn_loc: 0.024  time: 0.2644  data_time: 0.0077  lr: 0.000250  max_mem: 2288M
[32m[03/27 11:52:59 d2.utils.events]: [0m eta: 0:07:07  iter: 3379  total_loss: 0.615  loss_cls: 0.109  loss_box_reg: 0.245  loss_mask: 0.178  loss_rpn_cls: 0.012  loss_rpn_loc: 0.032  time: 0.2644  data_time: 0.0082  lr: 0.000250  max_mem: 2288M
[32m[03/27 11:53:04 d2.utils.events]: [0m eta: 0:07:02  iter: 3399  total_loss: 0.579  loss_cls: 0.108  loss_box_reg: 0.239  loss_mask: 0.191  loss_rpn_cls: 0.011  loss_rpn_loc: 0.025  time: 0.2644  data_time: 0.0087  lr: 0.000250  max_mem: 2288M
[32m[03/27 11:53:09 d2.utils.events]: [0m eta: 0:06:56  iter: 3419  total_loss: 0.604  loss_cls: 0.120  loss_box_reg: 0.218  loss_mask: 0.189  loss_rpn_cls: 0.015  loss_rpn_loc: 0.026  time: 0.2644  data_time: 0.0079  lr: 0.000250  max_mem: 2288M
[32m[03/27 11:53:14 d2.utils.events]: [0m eta: 0:06:51  iter: 3439  total_loss: 0.477  loss_cls: 0.086  loss_box_reg: 0.171  loss_mask: 0.163  loss_rpn_cls: 0.011  loss_rpn_loc: 0.013  time: 0.2644  data_time: 0.0072  lr: 0.000250  max_mem: 2288M
[32m[03/27 11:53:20 d2.utils.events]: [0m eta: 0:06:46  iter: 3459  total_loss: 0.554  loss_cls: 0.102  loss_box_reg: 0.233  loss_mask: 0.165  loss_rpn_cls: 0.011  loss_rpn_loc: 0.021  time: 0.2644  data_time: 0.0083  lr: 0.000250  max_mem: 2288M
[32m[03/27 11:53:25 d2.utils.events]: [0m eta: 0:06:41  iter: 3479  total_loss: 0.491  loss_cls: 0.084  loss_box_reg: 0.202  loss_mask: 0.162  loss_rpn_cls: 0.008  loss_rpn_loc: 0.021  time: 0.2644  data_time: 0.0078  lr: 0.000250  max_mem: 2288M
[32m[03/27 11:53:31 d2.utils.events]: [0m eta: 0:06:36  iter: 3499  total_loss: 0.618  loss_cls: 0.119  loss_box_reg: 0.239  loss_mask: 0.174  loss_rpn_cls: 0.009  loss_rpn_loc: 0.036  time: 0.2644  data_time: 0.0083  lr: 0.000250  max_mem: 2289M
[32m[03/27 11:53:36 d2.utils.events]: [0m eta: 0:06:31  iter: 3519  total_loss: 0.706  loss_cls: 0.116  loss_box_reg: 0.271  loss_mask: 0.202  loss_rpn_cls: 0.009  loss_rpn_loc: 0.026  time: 0.2645  data_time: 0.0082  lr: 0.000250  max_mem: 2289M
[32m[03/27 11:53:41 d2.utils.events]: [0m eta: 0:06:25  iter: 3539  total_loss: 0.530  loss_cls: 0.115  loss_box_reg: 0.225  loss_mask: 0.173  loss_rpn_cls: 0.007  loss_rpn_loc: 0.024  time: 0.2645  data_time: 0.0077  lr: 0.000250  max_mem: 2289M
[32m[03/27 11:53:47 d2.utils.events]: [0m eta: 0:06:20  iter: 3559  total_loss: 0.526  loss_cls: 0.095  loss_box_reg: 0.208  loss_mask: 0.180  loss_rpn_cls: 0.007  loss_rpn_loc: 0.015  time: 0.2645  data_time: 0.0080  lr: 0.000250  max_mem: 2289M
[32m[03/27 11:53:52 d2.utils.events]: [0m eta: 0:06:15  iter: 3579  total_loss: 0.600  loss_cls: 0.126  loss_box_reg: 0.225  loss_mask: 0.173  loss_rpn_cls: 0.009  loss_rpn_loc: 0.024  time: 0.2645  data_time: 0.0081  lr: 0.000250  max_mem: 2289M
[32m[03/27 11:53:57 d2.utils.events]: [0m eta: 0:06:09  iter: 3599  total_loss: 0.538  loss_cls: 0.101  loss_box_reg: 0.209  loss_mask: 0.177  loss_rpn_cls: 0.012  loss_rpn_loc: 0.020  time: 0.2645  data_time: 0.0069  lr: 0.000250  max_mem: 2289M
[32m[03/27 11:54:02 d2.utils.events]: [0m eta: 0:06:04  iter: 3619  total_loss: 0.528  loss_cls: 0.104  loss_box_reg: 0.223  loss_mask: 0.161  loss_rpn_cls: 0.007  loss_rpn_loc: 0.018  time: 0.2644  data_time: 0.0050  lr: 0.000250  max_mem: 2289M
[32m[03/27 11:54:08 d2.utils.events]: [0m eta: 0:05:58  iter: 3639  total_loss: 0.563  loss_cls: 0.118  loss_box_reg: 0.230  loss_mask: 0.175  loss_rpn_cls: 0.012  loss_rpn_loc: 0.024  time: 0.2644  data_time: 0.0072  lr: 0.000250  max_mem: 2289M
[32m[03/27 11:54:13 d2.utils.events]: [0m eta: 0:05:53  iter: 3659  total_loss: 0.523  loss_cls: 0.112  loss_box_reg: 0.227  loss_mask: 0.157  loss_rpn_cls: 0.010  loss_rpn_loc: 0.024  time: 0.2645  data_time: 0.0079  lr: 0.000250  max_mem: 2289M
[32m[03/27 11:54:19 d2.utils.events]: [0m eta: 0:05:48  iter: 3679  total_loss: 0.584  loss_cls: 0.122  loss_box_reg: 0.229  loss_mask: 0.173  loss_rpn_cls: 0.010  loss_rpn_loc: 0.023  time: 0.2645  data_time: 0.0083  lr: 0.000250  max_mem: 2289M
[32m[03/27 11:54:24 d2.utils.events]: [0m eta: 0:05:43  iter: 3699  total_loss: 0.633  loss_cls: 0.116  loss_box_reg: 0.248  loss_mask: 0.194  loss_rpn_cls: 0.011  loss_rpn_loc: 0.022  time: 0.2646  data_time: 0.0087  lr: 0.000250  max_mem: 2289M
[32m[03/27 11:54:30 d2.utils.events]: [0m eta: 0:05:38  iter: 3719  total_loss: 0.580  loss_cls: 0.116  loss_box_reg: 0.231  loss_mask: 0.190  loss_rpn_cls: 0.011  loss_rpn_loc: 0.028  time: 0.2646  data_time: 0.0078  lr: 0.000250  max_mem: 2289M
[32m[03/27 11:54:35 d2.utils.events]: [0m eta: 0:05:33  iter: 3739  total_loss: 0.547  loss_cls: 0.100  loss_box_reg: 0.202  loss_mask: 0.177  loss_rpn_cls: 0.011  loss_rpn_loc: 0.018  time: 0.2646  data_time: 0.0079  lr: 0.000250  max_mem: 2289M
[32m[03/27 11:54:40 d2.utils.events]: [0m eta: 0:05:28  iter: 3759  total_loss: 0.537  loss_cls: 0.117  loss_box_reg: 0.225  loss_mask: 0.167  loss_rpn_cls: 0.012  loss_rpn_loc: 0.021  time: 0.2646  data_time: 0.0083  lr: 0.000250  max_mem: 2289M
[32m[03/27 11:54:46 d2.utils.events]: [0m eta: 0:05:22  iter: 3779  total_loss: 0.562  loss_cls: 0.118  loss_box_reg: 0.236  loss_mask: 0.175  loss_rpn_cls: 0.007  loss_rpn_loc: 0.021  time: 0.2646  data_time: 0.0075  lr: 0.000250  max_mem: 2289M
[32m[03/27 11:54:51 d2.utils.events]: [0m eta: 0:05:17  iter: 3799  total_loss: 0.557  loss_cls: 0.107  loss_box_reg: 0.214  loss_mask: 0.163  loss_rpn_cls: 0.010  loss_rpn_loc: 0.025  time: 0.2646  data_time: 0.0087  lr: 0.000250  max_mem: 2289M
[32m[03/27 11:54:56 d2.utils.events]: [0m eta: 0:05:12  iter: 3819  total_loss: 0.581  loss_cls: 0.113  loss_box_reg: 0.237  loss_mask: 0.174  loss_rpn_cls: 0.007  loss_rpn_loc: 0.020  time: 0.2646  data_time: 0.0080  lr: 0.000250  max_mem: 2289M
[32m[03/27 11:55:02 d2.utils.events]: [0m eta: 0:05:07  iter: 3839  total_loss: 0.456  loss_cls: 0.090  loss_box_reg: 0.172  loss_mask: 0.149  loss_rpn_cls: 0.008  loss_rpn_loc: 0.015  time: 0.2646  data_time: 0.0081  lr: 0.000250  max_mem: 2289M
[32m[03/27 11:55:07 d2.utils.events]: [0m eta: 0:05:01  iter: 3859  total_loss: 0.582  loss_cls: 0.124  loss_box_reg: 0.253  loss_mask: 0.160  loss_rpn_cls: 0.008  loss_rpn_loc: 0.019  time: 0.2647  data_time: 0.0082  lr: 0.000250  max_mem: 2289M
[32m[03/27 11:55:12 d2.utils.events]: [0m eta: 0:04:56  iter: 3879  total_loss: 0.593  loss_cls: 0.115  loss_box_reg: 0.234  loss_mask: 0.182  loss_rpn_cls: 0.011  loss_rpn_loc: 0.025  time: 0.2647  data_time: 0.0084  lr: 0.000250  max_mem: 2289M
[32m[03/27 11:55:18 d2.utils.events]: [0m eta: 0:04:51  iter: 3899  total_loss: 0.616  loss_cls: 0.114  loss_box_reg: 0.242  loss_mask: 0.197  loss_rpn_cls: 0.013  loss_rpn_loc: 0.024  time: 0.2647  data_time: 0.0080  lr: 0.000250  max_mem: 2289M
[32m[03/27 11:55:23 d2.utils.events]: [0m eta: 0:04:46  iter: 3919  total_loss: 0.498  loss_cls: 0.102  loss_box_reg: 0.214  loss_mask: 0.162  loss_rpn_cls: 0.010  loss_rpn_loc: 0.015  time: 0.2647  data_time: 0.0080  lr: 0.000250  max_mem: 2289M
[32m[03/27 11:55:28 d2.utils.events]: [0m eta: 0:04:40  iter: 3939  total_loss: 0.652  loss_cls: 0.148  loss_box_reg: 0.263  loss_mask: 0.199  loss_rpn_cls: 0.014  loss_rpn_loc: 0.024  time: 0.2647  data_time: 0.0078  lr: 0.000250  max_mem: 2289M
[32m[03/27 11:55:34 d2.utils.events]: [0m eta: 0:04:35  iter: 3959  total_loss: 0.544  loss_cls: 0.117  loss_box_reg: 0.225  loss_mask: 0.180  loss_rpn_cls: 0.013  loss_rpn_loc: 0.020  time: 0.2647  data_time: 0.0069  lr: 0.000250  max_mem: 2289M
[32m[03/27 11:55:39 d2.utils.events]: [0m eta: 0:04:30  iter: 3979  total_loss: 0.509  loss_cls: 0.101  loss_box_reg: 0.228  loss_mask: 0.157  loss_rpn_cls: 0.007  loss_rpn_loc: 0.017  time: 0.2647  data_time: 0.0083  lr: 0.000250  max_mem: 2289M
[32m[03/27 11:55:44 d2.utils.events]: [0m eta: 0:04:24  iter: 3999  total_loss: 0.573  loss_cls: 0.105  loss_box_reg: 0.210  loss_mask: 0.192  loss_rpn_cls: 0.007  loss_rpn_loc: 0.015  time: 0.2647  data_time: 0.0080  lr: 0.000250  max_mem: 2289M
[32m[03/27 11:55:50 d2.utils.events]: [0m eta: 0:04:19  iter: 4019  total_loss: 0.561  loss_cls: 0.118  loss_box_reg: 0.247  loss_mask: 0.163  loss_rpn_cls: 0.014  loss_rpn_loc: 0.022  time: 0.2649  data_time: 0.0531  lr: 0.000250  max_mem: 2289M
[32m[03/27 11:55:56 d2.utils.events]: [0m eta: 0:04:14  iter: 4039  total_loss: 0.474  loss_cls: 0.095  loss_box_reg: 0.198  loss_mask: 0.164  loss_rpn_cls: 0.012  loss_rpn_loc: 0.012  time: 0.2649  data_time: 0.0074  lr: 0.000250  max_mem: 2289M
[32m[03/27 11:56:01 d2.utils.events]: [0m eta: 0:04:08  iter: 4059  total_loss: 0.538  loss_cls: 0.094  loss_box_reg: 0.224  loss_mask: 0.164  loss_rpn_cls: 0.009  loss_rpn_loc: 0.022  time: 0.2649  data_time: 0.0076  lr: 0.000250  max_mem: 2289M
[32m[03/27 11:56:06 d2.utils.events]: [0m eta: 0:04:03  iter: 4079  total_loss: 0.644  loss_cls: 0.117  loss_box_reg: 0.260  loss_mask: 0.201  loss_rpn_cls: 0.011  loss_rpn_loc: 0.023  time: 0.2649  data_time: 0.0075  lr: 0.000250  max_mem: 2289M
[32m[03/27 11:56:12 d2.utils.events]: [0m eta: 0:03:58  iter: 4099  total_loss: 0.501  loss_cls: 0.103  loss_box_reg: 0.191  loss_mask: 0.153  loss_rpn_cls: 0.011  loss_rpn_loc: 0.018  time: 0.2650  data_time: 0.0078  lr: 0.000250  max_mem: 2289M
[32m[03/27 11:56:17 d2.utils.events]: [0m eta: 0:03:53  iter: 4119  total_loss: 0.595  loss_cls: 0.131  loss_box_reg: 0.239  loss_mask: 0.170  loss_rpn_cls: 0.010  loss_rpn_loc: 0.028  time: 0.2650  data_time: 0.0079  lr: 0.000250  max_mem: 2289M
[32m[03/27 11:56:22 d2.utils.events]: [0m eta: 0:03:48  iter: 4139  total_loss: 0.534  loss_cls: 0.102  loss_box_reg: 0.216  loss_mask: 0.175  loss_rpn_cls: 0.010  loss_rpn_loc: 0.023  time: 0.2650  data_time: 0.0082  lr: 0.000250  max_mem: 2289M
[32m[03/27 11:56:28 d2.utils.events]: [0m eta: 0:03:43  iter: 4159  total_loss: 0.590  loss_cls: 0.110  loss_box_reg: 0.239  loss_mask: 0.174  loss_rpn_cls: 0.012  loss_rpn_loc: 0.024  time: 0.2650  data_time: 0.0080  lr: 0.000250  max_mem: 2289M
[32m[03/27 11:56:33 d2.utils.events]: [0m eta: 0:03:37  iter: 4179  total_loss: 0.609  loss_cls: 0.125  loss_box_reg: 0.238  loss_mask: 0.180  loss_rpn_cls: 0.014  loss_rpn_loc: 0.026  time: 0.2650  data_time: 0.0082  lr: 0.000250  max_mem: 2289M
[32m[03/27 11:56:39 d2.utils.events]: [0m eta: 0:03:32  iter: 4199  total_loss: 0.542  loss_cls: 0.102  loss_box_reg: 0.207  loss_mask: 0.163  loss_rpn_cls: 0.010  loss_rpn_loc: 0.019  time: 0.2650  data_time: 0.0080  lr: 0.000250  max_mem: 2289M
[32m[03/27 11:56:44 d2.utils.events]: [0m eta: 0:03:27  iter: 4219  total_loss: 0.481  loss_cls: 0.094  loss_box_reg: 0.188  loss_mask: 0.162  loss_rpn_cls: 0.010  loss_rpn_loc: 0.022  time: 0.2651  data_time: 0.0082  lr: 0.000250  max_mem: 2289M
[32m[03/27 11:56:50 d2.utils.events]: [0m eta: 0:03:22  iter: 4239  total_loss: 0.610  loss_cls: 0.124  loss_box_reg: 0.225  loss_mask: 0.178  loss_rpn_cls: 0.015  loss_rpn_loc: 0.034  time: 0.2651  data_time: 0.0091  lr: 0.000250  max_mem: 2289M
[32m[03/27 11:56:55 d2.utils.events]: [0m eta: 0:03:16  iter: 4259  total_loss: 0.684  loss_cls: 0.128  loss_box_reg: 0.248  loss_mask: 0.195  loss_rpn_cls: 0.010  loss_rpn_loc: 0.034  time: 0.2651  data_time: 0.0085  lr: 0.000250  max_mem: 2289M
[32m[03/27 11:57:00 d2.utils.events]: [0m eta: 0:03:11  iter: 4279  total_loss: 0.510  loss_cls: 0.081  loss_box_reg: 0.207  loss_mask: 0.180  loss_rpn_cls: 0.008  loss_rpn_loc: 0.016  time: 0.2651  data_time: 0.0084  lr: 0.000250  max_mem: 2289M
[32m[03/27 11:57:06 d2.utils.events]: [0m eta: 0:03:06  iter: 4299  total_loss: 0.576  loss_cls: 0.112  loss_box_reg: 0.246  loss_mask: 0.181  loss_rpn_cls: 0.012  loss_rpn_loc: 0.027  time: 0.2652  data_time: 0.0080  lr: 0.000250  max_mem: 2289M
[32m[03/27 11:57:11 d2.utils.events]: [0m eta: 0:03:00  iter: 4319  total_loss: 0.580  loss_cls: 0.129  loss_box_reg: 0.228  loss_mask: 0.174  loss_rpn_cls: 0.013  loss_rpn_loc: 0.031  time: 0.2652  data_time: 0.0084  lr: 0.000250  max_mem: 2289M
[32m[03/27 11:57:17 d2.utils.events]: [0m eta: 0:02:55  iter: 4339  total_loss: 0.511  loss_cls: 0.107  loss_box_reg: 0.205  loss_mask: 0.154  loss_rpn_cls: 0.008  loss_rpn_loc: 0.018  time: 0.2652  data_time: 0.0085  lr: 0.000250  max_mem: 2289M
[32m[03/27 11:57:22 d2.utils.events]: [0m eta: 0:02:50  iter: 4359  total_loss: 0.467  loss_cls: 0.094  loss_box_reg: 0.172  loss_mask: 0.156  loss_rpn_cls: 0.009  loss_rpn_loc: 0.021  time: 0.2652  data_time: 0.0086  lr: 0.000250  max_mem: 2289M
[32m[03/27 11:57:27 d2.utils.events]: [0m eta: 0:02:44  iter: 4379  total_loss: 0.438  loss_cls: 0.092  loss_box_reg: 0.160  loss_mask: 0.138  loss_rpn_cls: 0.009  loss_rpn_loc: 0.016  time: 0.2652  data_time: 0.0080  lr: 0.000250  max_mem: 2289M
[32m[03/27 11:57:32 d2.utils.events]: [0m eta: 0:02:39  iter: 4399  total_loss: 0.541  loss_cls: 0.099  loss_box_reg: 0.203  loss_mask: 0.193  loss_rpn_cls: 0.006  loss_rpn_loc: 0.019  time: 0.2652  data_time: 0.0089  lr: 0.000250  max_mem: 2289M
[32m[03/27 11:57:38 d2.utils.events]: [0m eta: 0:02:34  iter: 4419  total_loss: 0.542  loss_cls: 0.097  loss_box_reg: 0.199  loss_mask: 0.152  loss_rpn_cls: 0.013  loss_rpn_loc: 0.019  time: 0.2652  data_time: 0.0075  lr: 0.000250  max_mem: 2289M
[32m[03/27 11:57:43 d2.utils.events]: [0m eta: 0:02:29  iter: 4439  total_loss: 0.512  loss_cls: 0.095  loss_box_reg: 0.192  loss_mask: 0.186  loss_rpn_cls: 0.010  loss_rpn_loc: 0.024  time: 0.2652  data_time: 0.0081  lr: 0.000250  max_mem: 2289M
[32m[03/27 11:57:49 d2.utils.events]: [0m eta: 0:02:23  iter: 4459  total_loss: 0.529  loss_cls: 0.107  loss_box_reg: 0.229  loss_mask: 0.165  loss_rpn_cls: 0.009  loss_rpn_loc: 0.023  time: 0.2653  data_time: 0.0080  lr: 0.000250  max_mem: 2289M
[32m[03/27 11:57:54 d2.utils.events]: [0m eta: 0:02:18  iter: 4479  total_loss: 0.485  loss_cls: 0.091  loss_box_reg: 0.199  loss_mask: 0.161  loss_rpn_cls: 0.011  loss_rpn_loc: 0.022  time: 0.2653  data_time: 0.0078  lr: 0.000250  max_mem: 2289M
[32m[03/27 11:57:59 d2.utils.events]: [0m eta: 0:02:13  iter: 4499  total_loss: 0.551  loss_cls: 0.107  loss_box_reg: 0.233  loss_mask: 0.176  loss_rpn_cls: 0.015  loss_rpn_loc: 0.026  time: 0.2653  data_time: 0.0075  lr: 0.000250  max_mem: 2289M
[32m[03/27 11:58:05 d2.utils.events]: [0m eta: 0:02:07  iter: 4519  total_loss: 0.605  loss_cls: 0.113  loss_box_reg: 0.230  loss_mask: 0.187  loss_rpn_cls: 0.021  loss_rpn_loc: 0.032  time: 0.2653  data_time: 0.0082  lr: 0.000250  max_mem: 2289M
[32m[03/27 11:58:10 d2.utils.events]: [0m eta: 0:02:02  iter: 4539  total_loss: 0.461  loss_cls: 0.073  loss_box_reg: 0.194  loss_mask: 0.185  loss_rpn_cls: 0.007  loss_rpn_loc: 0.021  time: 0.2653  data_time: 0.0091  lr: 0.000250  max_mem: 2289M
[32m[03/27 11:58:16 d2.utils.events]: [0m eta: 0:01:57  iter: 4559  total_loss: 0.578  loss_cls: 0.094  loss_box_reg: 0.231  loss_mask: 0.197  loss_rpn_cls: 0.011  loss_rpn_loc: 0.019  time: 0.2653  data_time: 0.0081  lr: 0.000250  max_mem: 2289M
[32m[03/27 11:58:21 d2.utils.events]: [0m eta: 0:01:51  iter: 4579  total_loss: 0.562  loss_cls: 0.110  loss_box_reg: 0.212  loss_mask: 0.172  loss_rpn_cls: 0.010  loss_rpn_loc: 0.022  time: 0.2653  data_time: 0.0087  lr: 0.000250  max_mem: 2289M
[32m[03/27 11:58:26 d2.utils.events]: [0m eta: 0:01:46  iter: 4599  total_loss: 0.614  loss_cls: 0.110  loss_box_reg: 0.243  loss_mask: 0.199  loss_rpn_cls: 0.017  loss_rpn_loc: 0.035  time: 0.2653  data_time: 0.0086  lr: 0.000250  max_mem: 2289M
[32m[03/27 11:58:32 d2.utils.events]: [0m eta: 0:01:41  iter: 4619  total_loss: 0.571  loss_cls: 0.122  loss_box_reg: 0.252  loss_mask: 0.166  loss_rpn_cls: 0.015  loss_rpn_loc: 0.033  time: 0.2654  data_time: 0.0088  lr: 0.000250  max_mem: 2289M
[32m[03/27 11:58:37 d2.utils.events]: [0m eta: 0:01:36  iter: 4639  total_loss: 0.467  loss_cls: 0.088  loss_box_reg: 0.196  loss_mask: 0.181  loss_rpn_cls: 0.009  loss_rpn_loc: 0.022  time: 0.2654  data_time: 0.0082  lr: 0.000250  max_mem: 2289M
[32m[03/27 11:58:43 d2.utils.events]: [0m eta: 0:01:30  iter: 4659  total_loss: 0.565  loss_cls: 0.123  loss_box_reg: 0.212  loss_mask: 0.174  loss_rpn_cls: 0.014  loss_rpn_loc: 0.031  time: 0.2654  data_time: 0.0082  lr: 0.000250  max_mem: 2289M
[32m[03/27 11:58:48 d2.utils.events]: [0m eta: 0:01:25  iter: 4679  total_loss: 0.512  loss_cls: 0.094  loss_box_reg: 0.194  loss_mask: 0.166  loss_rpn_cls: 0.008  loss_rpn_loc: 0.023  time: 0.2654  data_time: 0.0084  lr: 0.000250  max_mem: 2289M
[32m[03/27 11:58:53 d2.utils.events]: [0m eta: 0:01:20  iter: 4699  total_loss: 0.499  loss_cls: 0.095  loss_box_reg: 0.200  loss_mask: 0.181  loss_rpn_cls: 0.009  loss_rpn_loc: 0.018  time: 0.2654  data_time: 0.0081  lr: 0.000250  max_mem: 2289M
[32m[03/27 11:58:59 d2.utils.events]: [0m eta: 0:01:14  iter: 4719  total_loss: 0.472  loss_cls: 0.098  loss_box_reg: 0.184  loss_mask: 0.152  loss_rpn_cls: 0.005  loss_rpn_loc: 0.016  time: 0.2654  data_time: 0.0085  lr: 0.000250  max_mem: 2289M
[32m[03/27 11:59:04 d2.utils.events]: [0m eta: 0:01:09  iter: 4739  total_loss: 0.500  loss_cls: 0.088  loss_box_reg: 0.199  loss_mask: 0.160  loss_rpn_cls: 0.006  loss_rpn_loc: 0.013  time: 0.2654  data_time: 0.0085  lr: 0.000250  max_mem: 2289M
[32m[03/27 11:59:09 d2.utils.events]: [0m eta: 0:01:04  iter: 4759  total_loss: 0.416  loss_cls: 0.098  loss_box_reg: 0.169  loss_mask: 0.141  loss_rpn_cls: 0.010  loss_rpn_loc: 0.014  time: 0.2654  data_time: 0.0086  lr: 0.000250  max_mem: 2289M
[32m[03/27 11:59:15 d2.utils.events]: [0m eta: 0:00:58  iter: 4779  total_loss: 0.548  loss_cls: 0.105  loss_box_reg: 0.234  loss_mask: 0.180  loss_rpn_cls: 0.009  loss_rpn_loc: 0.023  time: 0.2654  data_time: 0.0085  lr: 0.000250  max_mem: 2289M
[32m[03/27 11:59:20 d2.utils.events]: [0m eta: 0:00:53  iter: 4799  total_loss: 0.529  loss_cls: 0.099  loss_box_reg: 0.198  loss_mask: 0.177  loss_rpn_cls: 0.016  loss_rpn_loc: 0.020  time: 0.2654  data_time: 0.0079  lr: 0.000250  max_mem: 2289M
[32m[03/27 11:59:25 d2.utils.events]: [0m eta: 0:00:48  iter: 4819  total_loss: 0.482  loss_cls: 0.102  loss_box_reg: 0.211  loss_mask: 0.149  loss_rpn_cls: 0.012  loss_rpn_loc: 0.021  time: 0.2654  data_time: 0.0084  lr: 0.000250  max_mem: 2289M
[32m[03/27 11:59:31 d2.utils.events]: [0m eta: 0:00:42  iter: 4839  total_loss: 0.566  loss_cls: 0.119  loss_box_reg: 0.214  loss_mask: 0.163  loss_rpn_cls: 0.013  loss_rpn_loc: 0.024  time: 0.2654  data_time: 0.0077  lr: 0.000250  max_mem: 2289M
[32m[03/27 11:59:36 d2.utils.events]: [0m eta: 0:00:37  iter: 4859  total_loss: 0.464  loss_cls: 0.090  loss_box_reg: 0.215  loss_mask: 0.154  loss_rpn_cls: 0.009  loss_rpn_loc: 0.026  time: 0.2654  data_time: 0.0067  lr: 0.000250  max_mem: 2289M
[32m[03/27 11:59:41 d2.utils.events]: [0m eta: 0:00:32  iter: 4879  total_loss: 0.520  loss_cls: 0.104  loss_box_reg: 0.178  loss_mask: 0.159  loss_rpn_cls: 0.013  loss_rpn_loc: 0.020  time: 0.2654  data_time: 0.0077  lr: 0.000250  max_mem: 2289M
[32m[03/27 11:59:47 d2.utils.events]: [0m eta: 0:00:26  iter: 4899  total_loss: 0.500  loss_cls: 0.121  loss_box_reg: 0.205  loss_mask: 0.135  loss_rpn_cls: 0.009  loss_rpn_loc: 0.018  time: 0.2655  data_time: 0.0077  lr: 0.000250  max_mem: 2289M
[32m[03/27 11:59:52 d2.utils.events]: [0m eta: 0:00:21  iter: 4919  total_loss: 0.561  loss_cls: 0.109  loss_box_reg: 0.204  loss_mask: 0.158  loss_rpn_cls: 0.009  loss_rpn_loc: 0.024  time: 0.2655  data_time: 0.0080  lr: 0.000250  max_mem: 2289M
[32m[03/27 11:59:57 d2.utils.events]: [0m eta: 0:00:16  iter: 4939  total_loss: 0.491  loss_cls: 0.087  loss_box_reg: 0.211  loss_mask: 0.167  loss_rpn_cls: 0.007  loss_rpn_loc: 0.015  time: 0.2655  data_time: 0.0073  lr: 0.000250  max_mem: 2289M
[32m[03/27 12:00:03 d2.utils.events]: [0m eta: 0:00:10  iter: 4959  total_loss: 0.577  loss_cls: 0.109  loss_box_reg: 0.254  loss_mask: 0.177  loss_rpn_cls: 0.013  loss_rpn_loc: 0.022  time: 0.2655  data_time: 0.0076  lr: 0.000250  max_mem: 2289M
[32m[03/27 12:00:08 d2.utils.events]: [0m eta: 0:00:05  iter: 4979  total_loss: 0.499  loss_cls: 0.102  loss_box_reg: 0.202  loss_mask: 0.159  loss_rpn_cls: 0.007  loss_rpn_loc: 0.014  time: 0.2655  data_time: 0.0078  lr: 0.000250  max_mem: 2289M
Loading sequence 0002
Loading sequence 0005
Loading sequence 0009
Loading sequence 0011
0002
0005
0009
0011
Loaded 2862 images!
[32m[03/27 12:06:02 d2.data.build]: [0mDistribution of instances among all 3 categories:
[36m|  category  | #instances   |  category  | #instances   |  category  | #instances   |
|:----------:|:-------------|:----------:|:-------------|:----------:|:-------------|
|    None    | 0            |    Car     | 0            | Pedestrian | 26892        |
|            |              |            |              |            |              |
|   total    | 26892        |            |              |            |              |[0m
[32m[03/27 12:06:02 d2.data.common]: [0mSerializing 2862 elements to byte tensors and concatenating them all ...
[32m[03/27 12:06:03 d2.data.common]: [0mSerialized dataset takes 57.16 MiB
[5m[31mWARNING[0m [32m[03/27 12:06:04 d2.engine.defaults]: [0mNo evaluator found. Use `DefaultTrainer.test(evaluators=)`, or implement its `build_evaluator` method.
[32m[03/27 12:06:04 d2.utils.events]: [0m eta: 0:00:00  iter: 4999  total_loss: 0.549  loss_cls: 0.111  loss_box_reg: 0.218  loss_mask: 0.156  loss_rpn_cls: 0.012  loss_rpn_loc: 0.029  time: 0.2655  data_time: 0.0072  lr: 0.000250  max_mem: 2289M
[32m[03/27 12:06:04 d2.engine.hooks]: [0mOverall training speed: 4997 iterations in 0:22:06 (0.2656 s / it)
[32m[03/27 12:06:04 d2.engine.hooks]: [0mTotal training time: 0:28:00 (0:05:53 on hooks)
Loading sequence 0002
Loading sequence 0005
Loading sequence 0009
Loading sequence 0011
0002
0005
0009
0011
Loaded 2862 images!
[5m[31mWARNING[0m [32m[03/27 12:11:59 d2.evaluation.coco_evaluation]: [0mjson_file was not found in MetaDataCatalog for 'MOTSChallenge_val'. Trying to convert it to COCO format ...
[32m[03/27 12:11:59 d2.data.datasets.coco]: [0mConverting annotations of dataset 'MOTSChallenge_val' to COCO format ...)
Loading sequence 0002
Loading sequence 0005
Loading sequence 0009
Loading sequence 0011
0002
0005
0009
0011
Loaded 2862 images!
[32m[03/27 12:19:24 d2.data.datasets.coco]: [0mConverting dataset dicts into COCO format
[32m[03/27 12:19:35 d2.data.datasets.coco]: [0mConversion finished, num images: 2862, num annotations: 26892
[32m[03/27 12:19:35 d2.data.datasets.coco]: [0mCaching COCO format annotations at '../mask_rcnn_R_50_FPN_3x/output/MOTSChallenge_val_coco_format.json' ...
Loading sequence 0002
Loading sequence 0005
Loading sequence 0009
Loading sequence 0011
0002
0005
0009
0011
Loaded 2862 images!
[32m[03/27 12:30:51 d2.data.common]: [0mSerializing 2862 elements to byte tensors and concatenating them all ...
[32m[03/27 12:31:07 d2.data.common]: [0mSerialized dataset takes 57.16 MiB
[32m[03/27 12:31:07 d2.evaluation.evaluator]: [0mStart inference on 2862 images
[32m[03/27 12:31:10 d2.evaluation.evaluator]: [0mInference done 11/2862. 0.0918 s / img. ETA=0:08:12
[32m[03/27 12:31:15 d2.evaluation.evaluator]: [0mInference done 43/2862. 0.0900 s / img. ETA=0:07:36
[32m[03/27 12:31:20 d2.evaluation.evaluator]: [0mInference done 74/2862. 0.0912 s / img. ETA=0:07:32
[32m[03/27 12:31:25 d2.evaluation.evaluator]: [0mInference done 105/2862. 0.0911 s / img. ETA=0:07:28
[32m[03/27 12:31:30 d2.evaluation.evaluator]: [0mInference done 137/2862. 0.0911 s / img. ETA=0:07:19
[32m[03/27 12:31:36 d2.evaluation.evaluator]: [0mInference done 169/2862. 0.0909 s / img. ETA=0:07:13
[32m[03/27 12:31:41 d2.evaluation.evaluator]: [0mInference done 201/2862. 0.0908 s / img. ETA=0:07:07
[32m[03/27 12:31:46 d2.evaluation.evaluator]: [0mInference done 233/2862. 0.0909 s / img. ETA=0:07:01
[32m[03/27 12:31:51 d2.evaluation.evaluator]: [0mInference done 266/2862. 0.0909 s / img. ETA=0:06:54
[32m[03/27 12:31:56 d2.evaluation.evaluator]: [0mInference done 297/2862. 0.0909 s / img. ETA=0:06:50
[32m[03/27 12:32:01 d2.evaluation.evaluator]: [0mInference done 330/2862. 0.0909 s / img. ETA=0:06:43
[32m[03/27 12:32:06 d2.evaluation.evaluator]: [0mInference done 363/2862. 0.0907 s / img. ETA=0:06:36
[32m[03/27 12:32:11 d2.evaluation.evaluator]: [0mInference done 395/2862. 0.0906 s / img. ETA=0:06:32
[32m[03/27 12:32:16 d2.evaluation.evaluator]: [0mInference done 426/2862. 0.0908 s / img. ETA=0:06:27
[32m[03/27 12:32:21 d2.evaluation.evaluator]: [0mInference done 457/2862. 0.0909 s / img. ETA=0:06:23
[32m[03/27 12:32:26 d2.evaluation.evaluator]: [0mInference done 488/2862. 0.0910 s / img. ETA=0:06:19
[32m[03/27 12:32:31 d2.evaluation.evaluator]: [0mInference done 519/2862. 0.0911 s / img. ETA=0:06:14
[32m[03/27 12:32:36 d2.evaluation.evaluator]: [0mInference done 552/2862. 0.0910 s / img. ETA=0:06:08
[32m[03/27 12:32:41 d2.evaluation.evaluator]: [0mInference done 585/2862. 0.0909 s / img. ETA=0:06:02
[32m[03/27 12:32:46 d2.evaluation.evaluator]: [0mInference done 637/2862. 0.0896 s / img. ETA=0:05:42
[32m[03/27 12:32:51 d2.evaluation.evaluator]: [0mInference done 702/2862. 0.0879 s / img. ETA=0:05:17
[32m[03/27 12:32:57 d2.evaluation.evaluator]: [0mInference done 768/2862. 0.0865 s / img. ETA=0:04:54
[32m[03/27 12:33:02 d2.evaluation.evaluator]: [0mInference done 834/2862. 0.0852 s / img. ETA=0:04:35
[32m[03/27 12:33:07 d2.evaluation.evaluator]: [0mInference done 900/2862. 0.0842 s / img. ETA=0:04:17
[32m[03/27 12:33:12 d2.evaluation.evaluator]: [0mInference done 966/2862. 0.0833 s / img. ETA=0:04:01
[32m[03/27 12:33:17 d2.evaluation.evaluator]: [0mInference done 1032/2862. 0.0825 s / img. ETA=0:03:47
[32m[03/27 12:33:22 d2.evaluation.evaluator]: [0mInference done 1098/2862. 0.0819 s / img. ETA=0:03:34
[32m[03/27 12:33:27 d2.evaluation.evaluator]: [0mInference done 1164/2862. 0.0813 s / img. ETA=0:03:21
[32m[03/27 12:33:32 d2.evaluation.evaluator]: [0mInference done 1230/2862. 0.0807 s / img. ETA=0:03:10
[32m[03/27 12:33:37 d2.evaluation.evaluator]: [0mInference done 1295/2862. 0.0803 s / img. ETA=0:02:59
[32m[03/27 12:33:42 d2.evaluation.evaluator]: [0mInference done 1361/2862. 0.0798 s / img. ETA=0:02:49
[32m[03/27 12:33:47 d2.evaluation.evaluator]: [0mInference done 1427/2862. 0.0794 s / img. ETA=0:02:39
[32m[03/27 12:33:52 d2.evaluation.evaluator]: [0mInference done 1467/2862. 0.0796 s / img. ETA=0:02:35
[32m[03/27 12:33:57 d2.evaluation.evaluator]: [0mInference done 1502/2862. 0.0798 s / img. ETA=0:02:32
[32m[03/27 12:34:02 d2.evaluation.evaluator]: [0mInference done 1536/2862. 0.0800 s / img. ETA=0:02:30
[32m[03/27 12:34:07 d2.evaluation.evaluator]: [0mInference done 1569/2862. 0.0803 s / img. ETA=0:02:27
[32m[03/27 12:34:12 d2.evaluation.evaluator]: [0mInference done 1603/2862. 0.0805 s / img. ETA=0:02:24
[32m[03/27 12:34:18 d2.evaluation.evaluator]: [0mInference done 1637/2862. 0.0807 s / img. ETA=0:02:21
[32m[03/27 12:34:23 d2.evaluation.evaluator]: [0mInference done 1670/2862. 0.0810 s / img. ETA=0:02:18
[32m[03/27 12:34:28 d2.evaluation.evaluator]: [0mInference done 1704/2862. 0.0812 s / img. ETA=0:02:15
[32m[03/27 12:34:33 d2.evaluation.evaluator]: [0mInference done 1737/2862. 0.0814 s / img. ETA=0:02:12
[32m[03/27 12:34:38 d2.evaluation.evaluator]: [0mInference done 1770/2862. 0.0816 s / img. ETA=0:02:09
[32m[03/27 12:34:43 d2.evaluation.evaluator]: [0mInference done 1803/2862. 0.0818 s / img. ETA=0:02:05
[32m[03/27 12:34:48 d2.evaluation.evaluator]: [0mInference done 1836/2862. 0.0820 s / img. ETA=0:02:02
[32m[03/27 12:34:53 d2.evaluation.evaluator]: [0mInference done 1870/2862. 0.0821 s / img. ETA=0:01:59
[32m[03/27 12:34:58 d2.evaluation.evaluator]: [0mInference done 1904/2862. 0.0824 s / img. ETA=0:01:55
[32m[03/27 12:35:03 d2.evaluation.evaluator]: [0mInference done 1939/2862. 0.0825 s / img. ETA=0:01:51
[32m[03/27 12:35:08 d2.evaluation.evaluator]: [0mInference done 1974/2862. 0.0826 s / img. ETA=0:01:47
[32m[03/27 12:35:14 d2.evaluation.evaluator]: [0mInference done 2012/2862. 0.0827 s / img. ETA=0:01:43
[32m[03/27 12:35:19 d2.evaluation.evaluator]: [0mInference done 2049/2862. 0.0829 s / img. ETA=0:01:39
[32m[03/27 12:35:24 d2.evaluation.evaluator]: [0mInference done 2087/2862. 0.0829 s / img. ETA=0:01:34
[32m[03/27 12:35:29 d2.evaluation.evaluator]: [0mInference done 2124/2862. 0.0831 s / img. ETA=0:01:30
[32m[03/27 12:35:34 d2.evaluation.evaluator]: [0mInference done 2162/2862. 0.0832 s / img. ETA=0:01:25
[32m[03/27 12:35:39 d2.evaluation.evaluator]: [0mInference done 2200/2862. 0.0833 s / img. ETA=0:01:21
[32m[03/27 12:35:44 d2.evaluation.evaluator]: [0mInference done 2237/2862. 0.0835 s / img. ETA=0:01:16
[32m[03/27 12:35:49 d2.evaluation.evaluator]: [0mInference done 2276/2862. 0.0836 s / img. ETA=0:01:12
[32m[03/27 12:35:54 d2.evaluation.evaluator]: [0mInference done 2315/2862. 0.0836 s / img. ETA=0:01:07
[32m[03/27 12:35:59 d2.evaluation.evaluator]: [0mInference done 2352/2862. 0.0838 s / img. ETA=0:01:03
[32m[03/27 12:36:04 d2.evaluation.evaluator]: [0mInference done 2390/2862. 0.0838 s / img. ETA=0:00:58
[32m[03/27 12:36:09 d2.evaluation.evaluator]: [0mInference done 2429/2862. 0.0839 s / img. ETA=0:00:53
[32m[03/27 12:36:15 d2.evaluation.evaluator]: [0mInference done 2468/2862. 0.0839 s / img. ETA=0:00:48
[32m[03/27 12:36:20 d2.evaluation.evaluator]: [0mInference done 2505/2862. 0.0841 s / img. ETA=0:00:44
[32m[03/27 12:36:25 d2.evaluation.evaluator]: [0mInference done 2542/2862. 0.0841 s / img. ETA=0:00:39
[32m[03/27 12:36:30 d2.evaluation.evaluator]: [0mInference done 2579/2862. 0.0842 s / img. ETA=0:00:35
[32m[03/27 12:36:35 d2.evaluation.evaluator]: [0mInference done 2616/2862. 0.0843 s / img. ETA=0:00:30
[32m[03/27 12:36:40 d2.evaluation.evaluator]: [0mInference done 2654/2862. 0.0844 s / img. ETA=0:00:25
[32m[03/27 12:36:45 d2.evaluation.evaluator]: [0mInference done 2691/2862. 0.0845 s / img. ETA=0:00:21
[32m[03/27 12:36:50 d2.evaluation.evaluator]: [0mInference done 2730/2862. 0.0845 s / img. ETA=0:00:16
[32m[03/27 12:36:55 d2.evaluation.evaluator]: [0mInference done 2769/2862. 0.0845 s / img. ETA=0:00:11
[32m[03/27 12:37:00 d2.evaluation.evaluator]: [0mInference done 2809/2862. 0.0846 s / img. ETA=0:00:06
[32m[03/27 12:37:05 d2.evaluation.evaluator]: [0mInference done 2849/2862. 0.0846 s / img. ETA=0:00:01
[32m[03/27 12:37:07 d2.evaluation.evaluator]: [0mTotal inference time: 0:05:57.842834 (0.125251 s / img per device, on 1 devices)
[32m[03/27 12:37:07 d2.evaluation.evaluator]: [0mTotal inference pure compute time: 0:04:01 (0.084584 s / img per device, on 1 devices)
[32m[03/27 12:37:07 d2.evaluation.coco_evaluation]: [0mPreparing results for COCO format ...
[32m[03/27 12:37:07 d2.evaluation.coco_evaluation]: [0mSaving results to ../mask_rcnn_R_50_FPN_3x/output/coco_instances_results.json
[32m[03/27 12:37:08 d2.evaluation.coco_evaluation]: [0mEvaluating predictions ...
Loading and preparing results...
DONE (t=0.03s)
creating index...
index created!
Running per image evaluation...
Evaluate annotation type *bbox*
DONE (t=110.26s).
Accumulating evaluation results...
DONE (t=1.07s).
 Average Precision  (AP) @[ IoU=0.50:0.95 | area=   all | maxDets=100 ] = 0.563
 Average Precision  (AP) @[ IoU=0.50      | area=   all | maxDets=100 ] = 0.765
 Average Precision  (AP) @[ IoU=0.75      | area=   all | maxDets=100 ] = 0.666
 Average Precision  (AP) @[ IoU=0.50:0.95 | area= small | maxDets=100 ] = 0.130
 Average Precision  (AP) @[ IoU=0.50:0.95 | area=medium | maxDets=100 ] = 0.448
 Average Precision  (AP) @[ IoU=0.50:0.95 | area= large | maxDets=100 ] = 0.753
 Average Recall     (AR) @[ IoU=0.50:0.95 | area=   all | maxDets=  1 ] = 0.090
 Average Recall     (AR) @[ IoU=0.50:0.95 | area=   all | maxDets= 10 ] = 0.604
 Average Recall     (AR) @[ IoU=0.50:0.95 | area=   all | maxDets=100 ] = 0.618
 Average Recall     (AR) @[ IoU=0.50:0.95 | area= small | maxDets=100 ] = 0.136
 Average Recall     (AR) @[ IoU=0.50:0.95 | area=medium | maxDets=100 ] = 0.495
 Average Recall     (AR) @[ IoU=0.50:0.95 | area= large | maxDets=100 ] = 0.827
[32m[03/27 12:38:59 d2.evaluation.coco_evaluation]: [0mEvaluation results for bbox: 
|   AP   |  AP50  |  AP75  |  APs   |  APm   |  APl   |
|:------:|:------:|:------:|:------:|:------:|:------:|
| 56.317 | 76.528 | 66.600 | 12.969 | 44.835 | 75.295 |
[32m[03/27 12:38:59 d2.evaluation.coco_evaluation]: [0mPer-category bbox AP: 
| category   | AP   | category   | AP   | category   | AP     |
|:-----------|:-----|:-----------|:-----|:-----------|:-------|
| None       | nan  | Car        | nan  | Pedestrian | 56.317 |
Loading and preparing results...
DONE (t=12.69s)
creating index...
index created!
Running per image evaluation...
Evaluate annotation type *segm*
DONE (t=106.86s).
Accumulating evaluation results...
DONE (t=1.34s).
 Average Precision  (AP) @[ IoU=0.50:0.95 | area=   all | maxDets=100 ] = 0.461
 Average Precision  (AP) @[ IoU=0.50      | area=   all | maxDets=100 ] = 0.741
 Average Precision  (AP) @[ IoU=0.75      | area=   all | maxDets=100 ] = 0.517
 Average Precision  (AP) @[ IoU=0.50:0.95 | area= small | maxDets=100 ] = 0.072
 Average Precision  (AP) @[ IoU=0.50:0.95 | area=medium | maxDets=100 ] = 0.296
 Average Precision  (AP) @[ IoU=0.50:0.95 | area= large | maxDets=100 ] = 0.669
 Average Recall     (AR) @[ IoU=0.50:0.95 | area=   all | maxDets=  1 ] = 0.079
 Average Recall     (AR) @[ IoU=0.50:0.95 | area=   all | maxDets= 10 ] = 0.517
 Average Recall     (AR) @[ IoU=0.50:0.95 | area=   all | maxDets=100 ] = 0.527
 Average Recall     (AR) @[ IoU=0.50:0.95 | area= small | maxDets=100 ] = 0.096
 Average Recall     (AR) @[ IoU=0.50:0.95 | area=medium | maxDets=100 ] = 0.382
 Average Recall     (AR) @[ IoU=0.50:0.95 | area= large | maxDets=100 ] = 0.738
[32m[03/27 12:41:01 d2.evaluation.coco_evaluation]: [0mEvaluation results for segm: 
|   AP   |  AP50  |  AP75  |  APs  |  APm   |  APl   |
|:------:|:------:|:------:|:-----:|:------:|:------:|
| 46.120 | 74.142 | 51.680 | 7.230 | 29.582 | 66.858 |
[32m[03/27 12:41:01 d2.evaluation.coco_evaluation]: [0mPer-category segm AP: 
| category   | AP   | category   | AP   | category   | AP     |
|:-----------|:-----|:-----------|:-----|:-----------|:-------|
| None       | nan  | Car        | nan  | Pedestrian | 46.120 |
