Metadata(name='KITTI_MOTS_train', thing_classes=['None', 'Car', 'Pedestrian'])
Loading sequence 0000
Loading sequence 0001
Loading sequence 0003
Loading sequence 0004
Loading sequence 0005
Loading sequence 0009
Loading sequence 0011
Loading sequence 0012
Loading sequence 0015
Loading sequence 0017
Loading sequence 0019
Loading sequence 0020
0000
0001
0003
0004
0005
0009
0011
0012
0015
0017
0019
0020
Loaded 5007 images!
[32m[03/21 13:59:13 d2.engine.defaults]: [0mModel:
GeneralizedRCNN(
  (backbone): FPN(
    (fpn_lateral2): Conv2d(256, 256, kernel_size=(1, 1), stride=(1, 1))
    (fpn_output2): Conv2d(256, 256, kernel_size=(3, 3), stride=(1, 1), padding=(1, 1))
    (fpn_lateral3): Conv2d(512, 256, kernel_size=(1, 1), stride=(1, 1))
    (fpn_output3): Conv2d(256, 256, kernel_size=(3, 3), stride=(1, 1), padding=(1, 1))
    (fpn_lateral4): Conv2d(1024, 256, kernel_size=(1, 1), stride=(1, 1))
    (fpn_output4): Conv2d(256, 256, kernel_size=(3, 3), stride=(1, 1), padding=(1, 1))
    (fpn_lateral5): Conv2d(2048, 256, kernel_size=(1, 1), stride=(1, 1))
    (fpn_output5): Conv2d(256, 256, kernel_size=(3, 3), stride=(1, 1), padding=(1, 1))
    (top_block): LastLevelMaxPool()
    (bottom_up): ResNet(
      (stem): BasicStem(
        (conv1): Conv2d(
          3, 64, kernel_size=(7, 7), stride=(2, 2), padding=(3, 3), bias=False
          (norm): FrozenBatchNorm2d(num_features=64, eps=1e-05)
        )
      )
      (res2): Sequential(
        (0): BottleneckBlock(
          (shortcut): Conv2d(
            64, 256, kernel_size=(1, 1), stride=(1, 1), bias=False
            (norm): FrozenBatchNorm2d(num_features=256, eps=1e-05)
          )
          (conv1): Conv2d(
            64, 64, kernel_size=(1, 1), stride=(1, 1), bias=False
            (norm): FrozenBatchNorm2d(num_features=64, eps=1e-05)
          )
          (conv2): Conv2d(
            64, 64, kernel_size=(3, 3), stride=(1, 1), padding=(1, 1), bias=False
            (norm): FrozenBatchNorm2d(num_features=64, eps=1e-05)
          )
          (conv3): Conv2d(
            64, 256, kernel_size=(1, 1), stride=(1, 1), bias=False
            (norm): FrozenBatchNorm2d(num_features=256, eps=1e-05)
          )
        )
        (1): BottleneckBlock(
          (conv1): Conv2d(
            256, 64, kernel_size=(1, 1), stride=(1, 1), bias=False
            (norm): FrozenBatchNorm2d(num_features=64, eps=1e-05)
          )
          (conv2): Conv2d(
            64, 64, kernel_size=(3, 3), stride=(1, 1), padding=(1, 1), bias=False
            (norm): FrozenBatchNorm2d(num_features=64, eps=1e-05)
          )
          (conv3): Conv2d(
            64, 256, kernel_size=(1, 1), stride=(1, 1), bias=False
            (norm): FrozenBatchNorm2d(num_features=256, eps=1e-05)
          )
        )
        (2): BottleneckBlock(
          (conv1): Conv2d(
            256, 64, kernel_size=(1, 1), stride=(1, 1), bias=False
            (norm): FrozenBatchNorm2d(num_features=64, eps=1e-05)
          )
          (conv2): Conv2d(
            64, 64, kernel_size=(3, 3), stride=(1, 1), padding=(1, 1), bias=False
            (norm): FrozenBatchNorm2d(num_features=64, eps=1e-05)
          )
          (conv3): Conv2d(
            64, 256, kernel_size=(1, 1), stride=(1, 1), bias=False
            (norm): FrozenBatchNorm2d(num_features=256, eps=1e-05)
          )
        )
      )
      (res3): Sequential(
        (0): BottleneckBlock(
          (shortcut): Conv2d(
            256, 512, kernel_size=(1, 1), stride=(2, 2), bias=False
            (norm): FrozenBatchNorm2d(num_features=512, eps=1e-05)
          )
          (conv1): Conv2d(
            256, 128, kernel_size=(1, 1), stride=(2, 2), bias=False
            (norm): FrozenBatchNorm2d(num_features=128, eps=1e-05)
          )
          (conv2): Conv2d(
            128, 128, kernel_size=(3, 3), stride=(1, 1), padding=(1, 1), bias=False
            (norm): FrozenBatchNorm2d(num_features=128, eps=1e-05)
          )
          (conv3): Conv2d(
            128, 512, kernel_size=(1, 1), stride=(1, 1), bias=False
            (norm): FrozenBatchNorm2d(num_features=512, eps=1e-05)
          )
        )
        (1): BottleneckBlock(
          (conv1): Conv2d(
            512, 128, kernel_size=(1, 1), stride=(1, 1), bias=False
            (norm): FrozenBatchNorm2d(num_features=128, eps=1e-05)
          )
          (conv2): Conv2d(
            128, 128, kernel_size=(3, 3), stride=(1, 1), padding=(1, 1), bias=False
            (norm): FrozenBatchNorm2d(num_features=128, eps=1e-05)
          )
          (conv3): Conv2d(
            128, 512, kernel_size=(1, 1), stride=(1, 1), bias=False
            (norm): FrozenBatchNorm2d(num_features=512, eps=1e-05)
          )
        )
        (2): BottleneckBlock(
          (conv1): Conv2d(
            512, 128, kernel_size=(1, 1), stride=(1, 1), bias=False
            (norm): FrozenBatchNorm2d(num_features=128, eps=1e-05)
          )
          (conv2): Conv2d(
            128, 128, kernel_size=(3, 3), stride=(1, 1), padding=(1, 1), bias=False
            (norm): FrozenBatchNorm2d(num_features=128, eps=1e-05)
          )
          (conv3): Conv2d(
            128, 512, kernel_size=(1, 1), stride=(1, 1), bias=False
            (norm): FrozenBatchNorm2d(num_features=512, eps=1e-05)
          )
        )
        (3): BottleneckBlock(
          (conv1): Conv2d(
            512, 128, kernel_size=(1, 1), stride=(1, 1), bias=False
            (norm): FrozenBatchNorm2d(num_features=128, eps=1e-05)
          )
          (conv2): Conv2d(
            128, 128, kernel_size=(3, 3), stride=(1, 1), padding=(1, 1), bias=False
            (norm): FrozenBatchNorm2d(num_features=128, eps=1e-05)
          )
          (conv3): Conv2d(
            128, 512, kernel_size=(1, 1), stride=(1, 1), bias=False
            (norm): FrozenBatchNorm2d(num_features=512, eps=1e-05)
          )
        )
      )
      (res4): Sequential(
        (0): BottleneckBlock(
          (shortcut): Conv2d(
            512, 1024, kernel_size=(1, 1), stride=(2, 2), bias=False
            (norm): FrozenBatchNorm2d(num_features=1024, eps=1e-05)
          )
          (conv1): Conv2d(
            512, 256, kernel_size=(1, 1), stride=(2, 2), bias=False
            (norm): FrozenBatchNorm2d(num_features=256, eps=1e-05)
          )
          (conv2): Conv2d(
            256, 256, kernel_size=(3, 3), stride=(1, 1), padding=(1, 1), bias=False
            (norm): FrozenBatchNorm2d(num_features=256, eps=1e-05)
          )
          (conv3): Conv2d(
            256, 1024, kernel_size=(1, 1), stride=(1, 1), bias=False
            (norm): FrozenBatchNorm2d(num_features=1024, eps=1e-05)
          )
        )
        (1): BottleneckBlock(
          (conv1): Conv2d(
            1024, 256, kernel_size=(1, 1), stride=(1, 1), bias=False
            (norm): FrozenBatchNorm2d(num_features=256, eps=1e-05)
          )
          (conv2): Conv2d(
            256, 256, kernel_size=(3, 3), stride=(1, 1), padding=(1, 1), bias=False
            (norm): FrozenBatchNorm2d(num_features=256, eps=1e-05)
          )
          (conv3): Conv2d(
            256, 1024, kernel_size=(1, 1), stride=(1, 1), bias=False
            (norm): FrozenBatchNorm2d(num_features=1024, eps=1e-05)
          )
        )
        (2): BottleneckBlock(
          (conv1): Conv2d(
            1024, 256, kernel_size=(1, 1), stride=(1, 1), bias=False
            (norm): FrozenBatchNorm2d(num_features=256, eps=1e-05)
          )
          (conv2): Conv2d(
            256, 256, kernel_size=(3, 3), stride=(1, 1), padding=(1, 1), bias=False
            (norm): FrozenBatchNorm2d(num_features=256, eps=1e-05)
          )
          (conv3): Conv2d(
            256, 1024, kernel_size=(1, 1), stride=(1, 1), bias=False
            (norm): FrozenBatchNorm2d(num_features=1024, eps=1e-05)
          )
        )
        (3): BottleneckBlock(
          (conv1): Conv2d(
            1024, 256, kernel_size=(1, 1), stride=(1, 1), bias=False
            (norm): FrozenBatchNorm2d(num_features=256, eps=1e-05)
          )
          (conv2): Conv2d(
            256, 256, kernel_size=(3, 3), stride=(1, 1), padding=(1, 1), bias=False
            (norm): FrozenBatchNorm2d(num_features=256, eps=1e-05)
          )
          (conv3): Conv2d(
            256, 1024, kernel_size=(1, 1), stride=(1, 1), bias=False
            (norm): FrozenBatchNorm2d(num_features=1024, eps=1e-05)
          )
        )
        (4): BottleneckBlock(
          (conv1): Conv2d(
            1024, 256, kernel_size=(1, 1), stride=(1, 1), bias=False
            (norm): FrozenBatchNorm2d(num_features=256, eps=1e-05)
          )
          (conv2): Conv2d(
            256, 256, kernel_size=(3, 3), stride=(1, 1), padding=(1, 1), bias=False
            (norm): FrozenBatchNorm2d(num_features=256, eps=1e-05)
          )
          (conv3): Conv2d(
            256, 1024, kernel_size=(1, 1), stride=(1, 1), bias=False
            (norm): FrozenBatchNorm2d(num_features=1024, eps=1e-05)
          )
        )
        (5): BottleneckBlock(
          (conv1): Conv2d(
            1024, 256, kernel_size=(1, 1), stride=(1, 1), bias=False
            (norm): FrozenBatchNorm2d(num_features=256, eps=1e-05)
          )
          (conv2): Conv2d(
            256, 256, kernel_size=(3, 3), stride=(1, 1), padding=(1, 1), bias=False
            (norm): FrozenBatchNorm2d(num_features=256, eps=1e-05)
          )
          (conv3): Conv2d(
            256, 1024, kernel_size=(1, 1), stride=(1, 1), bias=False
            (norm): FrozenBatchNorm2d(num_features=1024, eps=1e-05)
          )
        )
      )
      (res5): Sequential(
        (0): BottleneckBlock(
          (shortcut): Conv2d(
            1024, 2048, kernel_size=(1, 1), stride=(2, 2), bias=False
            (norm): FrozenBatchNorm2d(num_features=2048, eps=1e-05)
          )
          (conv1): Conv2d(
            1024, 512, kernel_size=(1, 1), stride=(2, 2), bias=False
            (norm): FrozenBatchNorm2d(num_features=512, eps=1e-05)
          )
          (conv2): Conv2d(
            512, 512, kernel_size=(3, 3), stride=(1, 1), padding=(1, 1), bias=False
            (norm): FrozenBatchNorm2d(num_features=512, eps=1e-05)
          )
          (conv3): Conv2d(
            512, 2048, kernel_size=(1, 1), stride=(1, 1), bias=False
            (norm): FrozenBatchNorm2d(num_features=2048, eps=1e-05)
          )
        )
        (1): BottleneckBlock(
          (conv1): Conv2d(
            2048, 512, kernel_size=(1, 1), stride=(1, 1), bias=False
            (norm): FrozenBatchNorm2d(num_features=512, eps=1e-05)
          )
          (conv2): Conv2d(
            512, 512, kernel_size=(3, 3), stride=(1, 1), padding=(1, 1), bias=False
            (norm): FrozenBatchNorm2d(num_features=512, eps=1e-05)
          )
          (conv3): Conv2d(
            512, 2048, kernel_size=(1, 1), stride=(1, 1), bias=False
            (norm): FrozenBatchNorm2d(num_features=2048, eps=1e-05)
          )
        )
        (2): BottleneckBlock(
          (conv1): Conv2d(
            2048, 512, kernel_size=(1, 1), stride=(1, 1), bias=False
            (norm): FrozenBatchNorm2d(num_features=512, eps=1e-05)
          )
          (conv2): Conv2d(
            512, 512, kernel_size=(3, 3), stride=(1, 1), padding=(1, 1), bias=False
            (norm): FrozenBatchNorm2d(num_features=512, eps=1e-05)
          )
          (conv3): Conv2d(
            512, 2048, kernel_size=(1, 1), stride=(1, 1), bias=False
            (norm): FrozenBatchNorm2d(num_features=2048, eps=1e-05)
          )
        )
      )
    )
  )
  (proposal_generator): RPN(
    (anchor_generator): DefaultAnchorGenerator(
      (cell_anchors): BufferList()
    )
    (rpn_head): StandardRPNHead(
      (conv): Conv2d(256, 256, kernel_size=(3, 3), stride=(1, 1), padding=(1, 1))
      (objectness_logits): Conv2d(256, 3, kernel_size=(1, 1), stride=(1, 1))
      (anchor_deltas): Conv2d(256, 12, kernel_size=(1, 1), stride=(1, 1))
    )
  )
  (roi_heads): StandardROIHeads(
    (box_pooler): ROIPooler(
      (level_poolers): ModuleList(
        (0): ROIAlign(output_size=(7, 7), spatial_scale=0.25, sampling_ratio=0, aligned=True)
        (1): ROIAlign(output_size=(7, 7), spatial_scale=0.125, sampling_ratio=0, aligned=True)
        (2): ROIAlign(output_size=(7, 7), spatial_scale=0.0625, sampling_ratio=0, aligned=True)
        (3): ROIAlign(output_size=(7, 7), spatial_scale=0.03125, sampling_ratio=0, aligned=True)
      )
    )
    (box_head): FastRCNNConvFCHead(
      (fc1): Linear(in_features=12544, out_features=1024, bias=True)
      (fc2): Linear(in_features=1024, out_features=1024, bias=True)
    )
    (box_predictor): FastRCNNOutputLayers(
      (cls_score): Linear(in_features=1024, out_features=4, bias=True)
      (bbox_pred): Linear(in_features=1024, out_features=12, bias=True)
    )
    (mask_pooler): ROIPooler(
      (level_poolers): ModuleList(
        (0): ROIAlign(output_size=(14, 14), spatial_scale=0.25, sampling_ratio=0, aligned=True)
        (1): ROIAlign(output_size=(14, 14), spatial_scale=0.125, sampling_ratio=0, aligned=True)
        (2): ROIAlign(output_size=(14, 14), spatial_scale=0.0625, sampling_ratio=0, aligned=True)
        (3): ROIAlign(output_size=(14, 14), spatial_scale=0.03125, sampling_ratio=0, aligned=True)
      )
    )
    (mask_head): MaskRCNNConvUpsampleHead(
      (mask_fcn1): Conv2d(256, 256, kernel_size=(3, 3), stride=(1, 1), padding=(1, 1))
      (mask_fcn2): Conv2d(256, 256, kernel_size=(3, 3), stride=(1, 1), padding=(1, 1))
      (mask_fcn3): Conv2d(256, 256, kernel_size=(3, 3), stride=(1, 1), padding=(1, 1))
      (mask_fcn4): Conv2d(256, 256, kernel_size=(3, 3), stride=(1, 1), padding=(1, 1))
      (deconv): ConvTranspose2d(256, 256, kernel_size=(2, 2), stride=(2, 2))
      (predictor): Conv2d(256, 3, kernel_size=(1, 1), stride=(1, 1))
    )
  )
)
Loading sequence 0000
Loading sequence 0001
Loading sequence 0003
Loading sequence 0004
Loading sequence 0005
Loading sequence 0009
Loading sequence 0011
Loading sequence 0012
Loading sequence 0015
Loading sequence 0017
Loading sequence 0019
Loading sequence 0020
0000
0001
0003
0004
0005
0009
0011
0012
0015
0017
0019
0020
Loaded 5007 images!
[32m[03/21 14:01:40 d2.data.build]: [0mRemoved 487 images with no usable annotations. 4520 images left.
[32m[03/21 14:01:40 d2.data.build]: [0mDistribution of instances among all 3 categories:
[36m|  category  | #instances   |  category  | #instances   |  category  | #instances   |
|:----------:|:-------------|:----------:|:-------------|:----------:|:-------------|
|    None    | 0            |    Car     | 18830        | Pedestrian | 8067         |
|            |              |            |              |            |              |
|   total    | 26897        |            |              |            |              |[0m
[32m[03/21 14:01:40 d2.data.common]: [0mSerializing 4520 elements to byte tensors and concatenating them all ...
[32m[03/21 14:01:41 d2.data.common]: [0mSerialized dataset takes 17.95 MiB
[32m[03/21 14:01:41 d2.data.detection_utils]: [0mTransformGens used in training: [ResizeShortestEdge(short_edge_length=(800, 832, 864, 896, 928, 960, 992, 1024), max_size=2048, sample_style='choice'), RandomFlip()]
[32m[03/21 14:01:41 d2.data.build]: [0mUsing training sampler TrainingSampler
[32m[03/21 14:01:42 d2.engine.train_loop]: [0mStarting training from iteration 0
[32m[03/21 14:01:53 d2.utils.events]: [0m eta: 0:37:58  iter: 19  total_loss: 3.050  loss_cls: 1.490  loss_box_reg: 0.761  loss_mask: 0.693  loss_rpn_cls: 0.019  loss_rpn_loc: 0.019  time: 0.4618  data_time: 0.0289  lr: 0.000005  max_mem: 4054M
[32m[03/21 14:02:02 d2.utils.events]: [0m eta: 0:37:43  iter: 39  total_loss: 3.032  loss_cls: 1.473  loss_box_reg: 0.854  loss_mask: 0.690  loss_rpn_cls: 0.030  loss_rpn_loc: 0.029  time: 0.4580  data_time: 0.0103  lr: 0.000010  max_mem: 4057M
[32m[03/21 14:02:11 d2.utils.events]: [0m eta: 0:37:34  iter: 59  total_loss: 2.954  loss_cls: 1.378  loss_box_reg: 0.800  loss_mask: 0.682  loss_rpn_cls: 0.016  loss_rpn_loc: 0.026  time: 0.4570  data_time: 0.0100  lr: 0.000015  max_mem: 4057M
[32m[03/21 14:02:20 d2.utils.events]: [0m eta: 0:37:36  iter: 79  total_loss: 2.806  loss_cls: 1.270  loss_box_reg: 0.831  loss_mask: 0.670  loss_rpn_cls: 0.036  loss_rpn_loc: 0.024  time: 0.4581  data_time: 0.0107  lr: 0.000020  max_mem: 4057M
[32m[03/21 14:02:29 d2.utils.events]: [0m eta: 0:37:32  iter: 99  total_loss: 2.541  loss_cls: 1.110  loss_box_reg: 0.760  loss_mask: 0.649  loss_rpn_cls: 0.014  loss_rpn_loc: 0.014  time: 0.4587  data_time: 0.0107  lr: 0.000025  max_mem: 4057M
[32m[03/21 14:02:39 d2.utils.events]: [0m eta: 0:37:28  iter: 119  total_loss: 2.545  loss_cls: 0.985  loss_box_reg: 0.845  loss_mask: 0.632  loss_rpn_cls: 0.028  loss_rpn_loc: 0.024  time: 0.4601  data_time: 0.0105  lr: 0.000030  max_mem: 4057M
[32m[03/21 14:02:48 d2.utils.events]: [0m eta: 0:37:22  iter: 139  total_loss: 2.332  loss_cls: 0.831  loss_box_reg: 0.850  loss_mask: 0.613  loss_rpn_cls: 0.018  loss_rpn_loc: 0.029  time: 0.4612  data_time: 0.0108  lr: 0.000035  max_mem: 4058M
[32m[03/21 14:02:57 d2.utils.events]: [0m eta: 0:37:17  iter: 159  total_loss: 2.188  loss_cls: 0.705  loss_box_reg: 0.859  loss_mask: 0.578  loss_rpn_cls: 0.015  loss_rpn_loc: 0.018  time: 0.4617  data_time: 0.0105  lr: 0.000040  max_mem: 4058M
[32m[03/21 14:03:07 d2.utils.events]: [0m eta: 0:37:10  iter: 179  total_loss: 2.055  loss_cls: 0.609  loss_box_reg: 0.820  loss_mask: 0.565  loss_rpn_cls: 0.011  loss_rpn_loc: 0.022  time: 0.4623  data_time: 0.0104  lr: 0.000045  max_mem: 4058M
[32m[03/21 14:03:16 d2.utils.events]: [0m eta: 0:37:05  iter: 199  total_loss: 1.975  loss_cls: 0.569  loss_box_reg: 0.838  loss_mask: 0.523  loss_rpn_cls: 0.018  loss_rpn_loc: 0.020  time: 0.4630  data_time: 0.0111  lr: 0.000050  max_mem: 4058M
[32m[03/21 14:03:25 d2.utils.events]: [0m eta: 0:37:01  iter: 219  total_loss: 1.909  loss_cls: 0.546  loss_box_reg: 0.819  loss_mask: 0.489  loss_rpn_cls: 0.020  loss_rpn_loc: 0.026  time: 0.4636  data_time: 0.0115  lr: 0.000055  max_mem: 4058M
[32m[03/21 14:03:35 d2.utils.events]: [0m eta: 0:36:57  iter: 239  total_loss: 1.883  loss_cls: 0.542  loss_box_reg: 0.808  loss_mask: 0.483  loss_rpn_cls: 0.023  loss_rpn_loc: 0.026  time: 0.4644  data_time: 0.0114  lr: 0.000060  max_mem: 4059M
[32m[03/21 14:03:44 d2.utils.events]: [0m eta: 0:36:50  iter: 259  total_loss: 1.693  loss_cls: 0.478  loss_box_reg: 0.770  loss_mask: 0.430  loss_rpn_cls: 0.020  loss_rpn_loc: 0.014  time: 0.4647  data_time: 0.0108  lr: 0.000065  max_mem: 4059M
[32m[03/21 14:03:54 d2.utils.events]: [0m eta: 0:36:40  iter: 279  total_loss: 1.602  loss_cls: 0.438  loss_box_reg: 0.616  loss_mask: 0.467  loss_rpn_cls: 0.021  loss_rpn_loc: 0.019  time: 0.4647  data_time: 0.0114  lr: 0.000070  max_mem: 4059M
[32m[03/21 14:04:05 d2.utils.events]: [0m eta: 0:36:35  iter: 299  total_loss: 1.713  loss_cls: 0.448  loss_box_reg: 0.736  loss_mask: 0.404  loss_rpn_cls: 0.013  loss_rpn_loc: 0.028  time: 0.4720  data_time: 0.1201  lr: 0.000075  max_mem: 4060M
[32m[03/21 14:04:15 d2.utils.events]: [0m eta: 0:36:27  iter: 319  total_loss: 1.569  loss_cls: 0.414  loss_box_reg: 0.776  loss_mask: 0.359  loss_rpn_cls: 0.022  loss_rpn_loc: 0.022  time: 0.4720  data_time: 0.0106  lr: 0.000080  max_mem: 4060M
[32m[03/21 14:04:24 d2.utils.events]: [0m eta: 0:36:19  iter: 339  total_loss: 1.652  loss_cls: 0.421  loss_box_reg: 0.761  loss_mask: 0.351  loss_rpn_cls: 0.023  loss_rpn_loc: 0.025  time: 0.4720  data_time: 0.0109  lr: 0.000085  max_mem: 4060M
[32m[03/21 14:04:33 d2.utils.events]: [0m eta: 0:36:10  iter: 359  total_loss: 1.361  loss_cls: 0.361  loss_box_reg: 0.668  loss_mask: 0.295  loss_rpn_cls: 0.011  loss_rpn_loc: 0.016  time: 0.4717  data_time: 0.0098  lr: 0.000090  max_mem: 4060M
[32m[03/21 14:04:43 d2.utils.events]: [0m eta: 0:36:01  iter: 379  total_loss: 1.365  loss_cls: 0.353  loss_box_reg: 0.657  loss_mask: 0.316  loss_rpn_cls: 0.014  loss_rpn_loc: 0.018  time: 0.4715  data_time: 0.0106  lr: 0.000095  max_mem: 4060M
[32m[03/21 14:04:52 d2.utils.events]: [0m eta: 0:35:52  iter: 399  total_loss: 1.293  loss_cls: 0.304  loss_box_reg: 0.625  loss_mask: 0.280  loss_rpn_cls: 0.012  loss_rpn_loc: 0.019  time: 0.4714  data_time: 0.0110  lr: 0.000100  max_mem: 4060M
[32m[03/21 14:05:02 d2.utils.events]: [0m eta: 0:35:43  iter: 419  total_loss: 1.207  loss_cls: 0.304  loss_box_reg: 0.617  loss_mask: 0.241  loss_rpn_cls: 0.016  loss_rpn_loc: 0.025  time: 0.4714  data_time: 0.0106  lr: 0.000105  max_mem: 4060M
[32m[03/21 14:05:11 d2.utils.events]: [0m eta: 0:35:34  iter: 439  total_loss: 1.247  loss_cls: 0.310  loss_box_reg: 0.631  loss_mask: 0.286  loss_rpn_cls: 0.020  loss_rpn_loc: 0.018  time: 0.4714  data_time: 0.0105  lr: 0.000110  max_mem: 4060M
[32m[03/21 14:05:21 d2.utils.events]: [0m eta: 0:35:26  iter: 459  total_loss: 1.031  loss_cls: 0.256  loss_box_reg: 0.507  loss_mask: 0.232  loss_rpn_cls: 0.013  loss_rpn_loc: 0.020  time: 0.4715  data_time: 0.0111  lr: 0.000115  max_mem: 4060M
[32m[03/21 14:05:30 d2.utils.events]: [0m eta: 0:35:17  iter: 479  total_loss: 0.887  loss_cls: 0.214  loss_box_reg: 0.444  loss_mask: 0.215  loss_rpn_cls: 0.011  loss_rpn_loc: 0.018  time: 0.4715  data_time: 0.0111  lr: 0.000120  max_mem: 4060M
[32m[03/21 14:05:40 d2.utils.events]: [0m eta: 0:35:09  iter: 499  total_loss: 0.970  loss_cls: 0.225  loss_box_reg: 0.423  loss_mask: 0.196  loss_rpn_cls: 0.018  loss_rpn_loc: 0.023  time: 0.4718  data_time: 0.0116  lr: 0.000125  max_mem: 4060M
[32m[03/21 14:05:49 d2.utils.events]: [0m eta: 0:35:00  iter: 519  total_loss: 0.847  loss_cls: 0.221  loss_box_reg: 0.391  loss_mask: 0.226  loss_rpn_cls: 0.013  loss_rpn_loc: 0.025  time: 0.4720  data_time: 0.0104  lr: 0.000130  max_mem: 4060M
[32m[03/21 14:05:59 d2.utils.events]: [0m eta: 0:34:53  iter: 539  total_loss: 1.076  loss_cls: 0.233  loss_box_reg: 0.458  loss_mask: 0.263  loss_rpn_cls: 0.020  loss_rpn_loc: 0.029  time: 0.4721  data_time: 0.0107  lr: 0.000135  max_mem: 4060M
[32m[03/21 14:06:08 d2.utils.events]: [0m eta: 0:34:44  iter: 559  total_loss: 0.831  loss_cls: 0.187  loss_box_reg: 0.379  loss_mask: 0.253  loss_rpn_cls: 0.021  loss_rpn_loc: 0.020  time: 0.4724  data_time: 0.0111  lr: 0.000140  max_mem: 4060M
[32m[03/21 14:06:18 d2.utils.events]: [0m eta: 0:34:34  iter: 579  total_loss: 0.765  loss_cls: 0.186  loss_box_reg: 0.346  loss_mask: 0.212  loss_rpn_cls: 0.011  loss_rpn_loc: 0.020  time: 0.4723  data_time: 0.0093  lr: 0.000145  max_mem: 4060M
[32m[03/21 14:06:27 d2.utils.events]: [0m eta: 0:34:25  iter: 599  total_loss: 0.744  loss_cls: 0.159  loss_box_reg: 0.316  loss_mask: 0.224  loss_rpn_cls: 0.015  loss_rpn_loc: 0.017  time: 0.4723  data_time: 0.0106  lr: 0.000150  max_mem: 4060M
[32m[03/21 14:06:37 d2.utils.events]: [0m eta: 0:34:16  iter: 619  total_loss: 0.787  loss_cls: 0.161  loss_box_reg: 0.345  loss_mask: 0.235  loss_rpn_cls: 0.013  loss_rpn_loc: 0.021  time: 0.4725  data_time: 0.0097  lr: 0.000155  max_mem: 4060M
[32m[03/21 14:06:46 d2.utils.events]: [0m eta: 0:34:07  iter: 639  total_loss: 0.816  loss_cls: 0.179  loss_box_reg: 0.314  loss_mask: 0.244  loss_rpn_cls: 0.016  loss_rpn_loc: 0.018  time: 0.4725  data_time: 0.0117  lr: 0.000160  max_mem: 4060M
[32m[03/21 14:06:56 d2.utils.events]: [0m eta: 0:33:58  iter: 659  total_loss: 0.726  loss_cls: 0.135  loss_box_reg: 0.333  loss_mask: 0.200  loss_rpn_cls: 0.009  loss_rpn_loc: 0.021  time: 0.4726  data_time: 0.0104  lr: 0.000165  max_mem: 4060M
[32m[03/21 14:07:05 d2.utils.events]: [0m eta: 0:33:49  iter: 679  total_loss: 0.702  loss_cls: 0.145  loss_box_reg: 0.295  loss_mask: 0.201  loss_rpn_cls: 0.005  loss_rpn_loc: 0.019  time: 0.4727  data_time: 0.0113  lr: 0.000170  max_mem: 4060M
[32m[03/21 14:07:15 d2.utils.events]: [0m eta: 0:33:40  iter: 699  total_loss: 0.712  loss_cls: 0.160  loss_box_reg: 0.314  loss_mask: 0.203  loss_rpn_cls: 0.007  loss_rpn_loc: 0.016  time: 0.4728  data_time: 0.0106  lr: 0.000175  max_mem: 4060M
[32m[03/21 14:07:24 d2.utils.events]: [0m eta: 0:33:31  iter: 719  total_loss: 0.628  loss_cls: 0.149  loss_box_reg: 0.285  loss_mask: 0.178  loss_rpn_cls: 0.006  loss_rpn_loc: 0.017  time: 0.4728  data_time: 0.0094  lr: 0.000180  max_mem: 4060M
[32m[03/21 14:07:34 d2.utils.events]: [0m eta: 0:33:22  iter: 739  total_loss: 0.691  loss_cls: 0.145  loss_box_reg: 0.296  loss_mask: 0.223  loss_rpn_cls: 0.015  loss_rpn_loc: 0.026  time: 0.4728  data_time: 0.0091  lr: 0.000185  max_mem: 4060M
[32m[03/21 14:07:43 d2.utils.events]: [0m eta: 0:33:13  iter: 759  total_loss: 0.585  loss_cls: 0.151  loss_box_reg: 0.209  loss_mask: 0.171  loss_rpn_cls: 0.010  loss_rpn_loc: 0.017  time: 0.4729  data_time: 0.0102  lr: 0.000190  max_mem: 4060M
[32m[03/21 14:07:53 d2.utils.events]: [0m eta: 0:33:03  iter: 779  total_loss: 0.635  loss_cls: 0.139  loss_box_reg: 0.260  loss_mask: 0.203  loss_rpn_cls: 0.013  loss_rpn_loc: 0.019  time: 0.4728  data_time: 0.0092  lr: 0.000195  max_mem: 4060M
[32m[03/21 14:08:02 d2.utils.events]: [0m eta: 0:32:54  iter: 799  total_loss: 0.707  loss_cls: 0.188  loss_box_reg: 0.294  loss_mask: 0.212  loss_rpn_cls: 0.021  loss_rpn_loc: 0.024  time: 0.4729  data_time: 0.0094  lr: 0.000200  max_mem: 4060M
[32m[03/21 14:08:12 d2.utils.events]: [0m eta: 0:32:45  iter: 819  total_loss: 0.664  loss_cls: 0.166  loss_box_reg: 0.281  loss_mask: 0.182  loss_rpn_cls: 0.017  loss_rpn_loc: 0.018  time: 0.4729  data_time: 0.0113  lr: 0.000205  max_mem: 4060M
[32m[03/21 14:08:21 d2.utils.events]: [0m eta: 0:32:36  iter: 839  total_loss: 0.673  loss_cls: 0.144  loss_box_reg: 0.290  loss_mask: 0.192  loss_rpn_cls: 0.011  loss_rpn_loc: 0.016  time: 0.4729  data_time: 0.0104  lr: 0.000210  max_mem: 4062M
[32m[03/21 14:08:31 d2.utils.events]: [0m eta: 0:32:27  iter: 859  total_loss: 0.565  loss_cls: 0.153  loss_box_reg: 0.205  loss_mask: 0.183  loss_rpn_cls: 0.009  loss_rpn_loc: 0.016  time: 0.4729  data_time: 0.0097  lr: 0.000215  max_mem: 4062M
[32m[03/21 14:08:40 d2.utils.events]: [0m eta: 0:32:18  iter: 879  total_loss: 0.661  loss_cls: 0.134  loss_box_reg: 0.272  loss_mask: 0.209  loss_rpn_cls: 0.010  loss_rpn_loc: 0.017  time: 0.4730  data_time: 0.0106  lr: 0.000220  max_mem: 4062M
[32m[03/21 14:08:50 d2.utils.events]: [0m eta: 0:32:09  iter: 899  total_loss: 0.666  loss_cls: 0.147  loss_box_reg: 0.258  loss_mask: 0.186  loss_rpn_cls: 0.013  loss_rpn_loc: 0.015  time: 0.4730  data_time: 0.0098  lr: 0.000225  max_mem: 4062M
[32m[03/21 14:08:59 d2.utils.events]: [0m eta: 0:31:59  iter: 919  total_loss: 0.559  loss_cls: 0.129  loss_box_reg: 0.211  loss_mask: 0.192  loss_rpn_cls: 0.009  loss_rpn_loc: 0.017  time: 0.4732  data_time: 0.0104  lr: 0.000230  max_mem: 4062M
[32m[03/21 14:09:09 d2.utils.events]: [0m eta: 0:31:50  iter: 939  total_loss: 0.561  loss_cls: 0.120  loss_box_reg: 0.228  loss_mask: 0.190  loss_rpn_cls: 0.009  loss_rpn_loc: 0.015  time: 0.4731  data_time: 0.0118  lr: 0.000235  max_mem: 4062M
[32m[03/21 14:09:18 d2.utils.events]: [0m eta: 0:31:40  iter: 959  total_loss: 0.616  loss_cls: 0.127  loss_box_reg: 0.243  loss_mask: 0.191  loss_rpn_cls: 0.015  loss_rpn_loc: 0.022  time: 0.4730  data_time: 0.0099  lr: 0.000240  max_mem: 4062M
[32m[03/21 14:09:28 d2.utils.events]: [0m eta: 0:31:31  iter: 979  total_loss: 0.632  loss_cls: 0.144  loss_box_reg: 0.244  loss_mask: 0.182  loss_rpn_cls: 0.009  loss_rpn_loc: 0.016  time: 0.4731  data_time: 0.0096  lr: 0.000245  max_mem: 4062M
[32m[03/21 14:09:37 d2.utils.events]: [0m eta: 0:31:22  iter: 999  total_loss: 0.725  loss_cls: 0.150  loss_box_reg: 0.291  loss_mask: 0.175  loss_rpn_cls: 0.018  loss_rpn_loc: 0.021  time: 0.4731  data_time: 0.0095  lr: 0.000250  max_mem: 4062M
[32m[03/21 14:09:47 d2.utils.events]: [0m eta: 0:31:13  iter: 1019  total_loss: 0.565  loss_cls: 0.124  loss_box_reg: 0.247  loss_mask: 0.167  loss_rpn_cls: 0.005  loss_rpn_loc: 0.014  time: 0.4732  data_time: 0.0100  lr: 0.000250  max_mem: 4062M
[32m[03/21 14:09:56 d2.utils.events]: [0m eta: 0:31:04  iter: 1039  total_loss: 0.651  loss_cls: 0.157  loss_box_reg: 0.227  loss_mask: 0.185  loss_rpn_cls: 0.006  loss_rpn_loc: 0.019  time: 0.4731  data_time: 0.0109  lr: 0.000250  max_mem: 4062M
[32m[03/21 14:10:06 d2.utils.events]: [0m eta: 0:30:55  iter: 1059  total_loss: 0.561  loss_cls: 0.139  loss_box_reg: 0.219  loss_mask: 0.167  loss_rpn_cls: 0.004  loss_rpn_loc: 0.014  time: 0.4732  data_time: 0.0102  lr: 0.000250  max_mem: 4062M
[32m[03/21 14:10:15 d2.utils.events]: [0m eta: 0:30:47  iter: 1079  total_loss: 0.597  loss_cls: 0.136  loss_box_reg: 0.229  loss_mask: 0.176  loss_rpn_cls: 0.008  loss_rpn_loc: 0.021  time: 0.4732  data_time: 0.0105  lr: 0.000250  max_mem: 4062M
[32m[03/21 14:10:25 d2.utils.events]: [0m eta: 0:30:39  iter: 1099  total_loss: 0.479  loss_cls: 0.100  loss_box_reg: 0.237  loss_mask: 0.163  loss_rpn_cls: 0.005  loss_rpn_loc: 0.011  time: 0.4733  data_time: 0.0099  lr: 0.000250  max_mem: 4062M
[32m[03/21 14:10:34 d2.utils.events]: [0m eta: 0:30:30  iter: 1119  total_loss: 0.598  loss_cls: 0.135  loss_box_reg: 0.224  loss_mask: 0.198  loss_rpn_cls: 0.010  loss_rpn_loc: 0.015  time: 0.4732  data_time: 0.0112  lr: 0.000250  max_mem: 4062M
[32m[03/21 14:10:44 d2.utils.events]: [0m eta: 0:30:21  iter: 1139  total_loss: 0.583  loss_cls: 0.130  loss_box_reg: 0.230  loss_mask: 0.209  loss_rpn_cls: 0.009  loss_rpn_loc: 0.015  time: 0.4733  data_time: 0.0113  lr: 0.000250  max_mem: 4062M
[32m[03/21 14:10:53 d2.utils.events]: [0m eta: 0:30:12  iter: 1159  total_loss: 0.609  loss_cls: 0.136  loss_box_reg: 0.240  loss_mask: 0.171  loss_rpn_cls: 0.008  loss_rpn_loc: 0.020  time: 0.4733  data_time: 0.0107  lr: 0.000250  max_mem: 4062M
[32m[03/21 14:11:03 d2.utils.events]: [0m eta: 0:30:03  iter: 1179  total_loss: 0.590  loss_cls: 0.120  loss_box_reg: 0.204  loss_mask: 0.188  loss_rpn_cls: 0.009  loss_rpn_loc: 0.016  time: 0.4733  data_time: 0.0103  lr: 0.000250  max_mem: 4062M
[32m[03/21 14:11:12 d2.utils.events]: [0m eta: 0:29:53  iter: 1199  total_loss: 0.564  loss_cls: 0.132  loss_box_reg: 0.199  loss_mask: 0.154  loss_rpn_cls: 0.006  loss_rpn_loc: 0.017  time: 0.4732  data_time: 0.0108  lr: 0.000250  max_mem: 4062M
[32m[03/21 14:11:22 d2.utils.events]: [0m eta: 0:29:44  iter: 1219  total_loss: 0.529  loss_cls: 0.116  loss_box_reg: 0.210  loss_mask: 0.163  loss_rpn_cls: 0.007  loss_rpn_loc: 0.013  time: 0.4733  data_time: 0.0101  lr: 0.000250  max_mem: 4062M
[32m[03/21 14:11:31 d2.utils.events]: [0m eta: 0:29:35  iter: 1239  total_loss: 0.579  loss_cls: 0.146  loss_box_reg: 0.216  loss_mask: 0.162  loss_rpn_cls: 0.010  loss_rpn_loc: 0.016  time: 0.4732  data_time: 0.0101  lr: 0.000250  max_mem: 4062M
[32m[03/21 14:11:41 d2.utils.events]: [0m eta: 0:29:25  iter: 1259  total_loss: 0.512  loss_cls: 0.093  loss_box_reg: 0.236  loss_mask: 0.165  loss_rpn_cls: 0.009  loss_rpn_loc: 0.013  time: 0.4732  data_time: 0.0091  lr: 0.000250  max_mem: 4062M
[32m[03/21 14:11:50 d2.utils.events]: [0m eta: 0:29:16  iter: 1279  total_loss: 0.514  loss_cls: 0.107  loss_box_reg: 0.205  loss_mask: 0.152  loss_rpn_cls: 0.006  loss_rpn_loc: 0.015  time: 0.4732  data_time: 0.0100  lr: 0.000250  max_mem: 4062M
[32m[03/21 14:12:00 d2.utils.events]: [0m eta: 0:29:07  iter: 1299  total_loss: 0.595  loss_cls: 0.148  loss_box_reg: 0.244  loss_mask: 0.178  loss_rpn_cls: 0.006  loss_rpn_loc: 0.019  time: 0.4733  data_time: 0.0111  lr: 0.000250  max_mem: 4062M
[32m[03/21 14:12:09 d2.utils.events]: [0m eta: 0:28:58  iter: 1319  total_loss: 0.530  loss_cls: 0.115  loss_box_reg: 0.221  loss_mask: 0.153  loss_rpn_cls: 0.004  loss_rpn_loc: 0.014  time: 0.4733  data_time: 0.0110  lr: 0.000250  max_mem: 4062M
[32m[03/21 14:12:19 d2.utils.events]: [0m eta: 0:28:49  iter: 1339  total_loss: 0.517  loss_cls: 0.123  loss_box_reg: 0.197  loss_mask: 0.139  loss_rpn_cls: 0.009  loss_rpn_loc: 0.020  time: 0.4733  data_time: 0.0100  lr: 0.000250  max_mem: 4062M
[32m[03/21 14:12:28 d2.utils.events]: [0m eta: 0:28:40  iter: 1359  total_loss: 0.523  loss_cls: 0.097  loss_box_reg: 0.197  loss_mask: 0.172  loss_rpn_cls: 0.006  loss_rpn_loc: 0.012  time: 0.4733  data_time: 0.0104  lr: 0.000250  max_mem: 4062M
[32m[03/21 14:12:38 d2.utils.events]: [0m eta: 0:28:31  iter: 1379  total_loss: 0.502  loss_cls: 0.120  loss_box_reg: 0.211  loss_mask: 0.151  loss_rpn_cls: 0.011  loss_rpn_loc: 0.015  time: 0.4734  data_time: 0.0106  lr: 0.000250  max_mem: 4062M
[32m[03/21 14:12:47 d2.utils.events]: [0m eta: 0:28:21  iter: 1399  total_loss: 0.556  loss_cls: 0.118  loss_box_reg: 0.217  loss_mask: 0.169  loss_rpn_cls: 0.007  loss_rpn_loc: 0.012  time: 0.4733  data_time: 0.0102  lr: 0.000250  max_mem: 4062M
[32m[03/21 14:12:57 d2.utils.events]: [0m eta: 0:28:12  iter: 1419  total_loss: 0.521  loss_cls: 0.120  loss_box_reg: 0.229  loss_mask: 0.166  loss_rpn_cls: 0.006  loss_rpn_loc: 0.017  time: 0.4734  data_time: 0.0120  lr: 0.000250  max_mem: 4062M
[32m[03/21 14:13:06 d2.utils.events]: [0m eta: 0:28:03  iter: 1439  total_loss: 0.539  loss_cls: 0.115  loss_box_reg: 0.222  loss_mask: 0.158  loss_rpn_cls: 0.009  loss_rpn_loc: 0.020  time: 0.4735  data_time: 0.0100  lr: 0.000250  max_mem: 4062M
[32m[03/21 14:13:16 d2.utils.events]: [0m eta: 0:27:54  iter: 1459  total_loss: 0.536  loss_cls: 0.122  loss_box_reg: 0.220  loss_mask: 0.172  loss_rpn_cls: 0.008  loss_rpn_loc: 0.018  time: 0.4735  data_time: 0.0113  lr: 0.000250  max_mem: 4062M
[32m[03/21 14:13:26 d2.utils.events]: [0m eta: 0:27:44  iter: 1479  total_loss: 0.629  loss_cls: 0.114  loss_box_reg: 0.227  loss_mask: 0.174  loss_rpn_cls: 0.009  loss_rpn_loc: 0.020  time: 0.4736  data_time: 0.0094  lr: 0.000250  max_mem: 4062M
[32m[03/21 14:13:35 d2.utils.events]: [0m eta: 0:27:35  iter: 1499  total_loss: 0.557  loss_cls: 0.116  loss_box_reg: 0.236  loss_mask: 0.170  loss_rpn_cls: 0.004  loss_rpn_loc: 0.017  time: 0.4736  data_time: 0.0100  lr: 0.000250  max_mem: 4062M
[32m[03/21 14:13:45 d2.utils.events]: [0m eta: 0:27:25  iter: 1519  total_loss: 0.566  loss_cls: 0.132  loss_box_reg: 0.210  loss_mask: 0.188  loss_rpn_cls: 0.007  loss_rpn_loc: 0.014  time: 0.4736  data_time: 0.0110  lr: 0.000250  max_mem: 4062M
[32m[03/21 14:13:54 d2.utils.events]: [0m eta: 0:27:16  iter: 1539  total_loss: 0.574  loss_cls: 0.118  loss_box_reg: 0.245  loss_mask: 0.172  loss_rpn_cls: 0.004  loss_rpn_loc: 0.020  time: 0.4736  data_time: 0.0104  lr: 0.000250  max_mem: 4062M
[32m[03/21 14:14:04 d2.utils.events]: [0m eta: 0:27:06  iter: 1559  total_loss: 0.578  loss_cls: 0.129  loss_box_reg: 0.239  loss_mask: 0.186  loss_rpn_cls: 0.016  loss_rpn_loc: 0.025  time: 0.4737  data_time: 0.0109  lr: 0.000250  max_mem: 4062M
[32m[03/21 14:14:13 d2.utils.events]: [0m eta: 0:26:57  iter: 1579  total_loss: 0.502  loss_cls: 0.115  loss_box_reg: 0.190  loss_mask: 0.156  loss_rpn_cls: 0.006  loss_rpn_loc: 0.014  time: 0.4738  data_time: 0.0102  lr: 0.000250  max_mem: 4062M
[32m[03/21 14:14:23 d2.utils.events]: [0m eta: 0:26:48  iter: 1599  total_loss: 0.551  loss_cls: 0.128  loss_box_reg: 0.213  loss_mask: 0.172  loss_rpn_cls: 0.008  loss_rpn_loc: 0.019  time: 0.4738  data_time: 0.0113  lr: 0.000250  max_mem: 4062M
[32m[03/21 14:14:32 d2.utils.events]: [0m eta: 0:26:38  iter: 1619  total_loss: 0.510  loss_cls: 0.126  loss_box_reg: 0.199  loss_mask: 0.144  loss_rpn_cls: 0.004  loss_rpn_loc: 0.014  time: 0.4738  data_time: 0.0088  lr: 0.000250  max_mem: 4062M
[32m[03/21 14:14:42 d2.utils.events]: [0m eta: 0:26:29  iter: 1639  total_loss: 0.567  loss_cls: 0.123  loss_box_reg: 0.240  loss_mask: 0.191  loss_rpn_cls: 0.004  loss_rpn_loc: 0.026  time: 0.4738  data_time: 0.0114  lr: 0.000250  max_mem: 4062M
[32m[03/21 14:14:51 d2.utils.events]: [0m eta: 0:26:19  iter: 1659  total_loss: 0.588  loss_cls: 0.150  loss_box_reg: 0.218  loss_mask: 0.186  loss_rpn_cls: 0.011  loss_rpn_loc: 0.027  time: 0.4738  data_time: 0.0126  lr: 0.000250  max_mem: 4062M
[32m[03/21 14:15:01 d2.utils.events]: [0m eta: 0:26:10  iter: 1679  total_loss: 0.613  loss_cls: 0.144  loss_box_reg: 0.259  loss_mask: 0.180  loss_rpn_cls: 0.006  loss_rpn_loc: 0.027  time: 0.4739  data_time: 0.0106  lr: 0.000250  max_mem: 4062M
[32m[03/21 14:15:10 d2.utils.events]: [0m eta: 0:26:01  iter: 1699  total_loss: 0.573  loss_cls: 0.128  loss_box_reg: 0.243  loss_mask: 0.170  loss_rpn_cls: 0.010  loss_rpn_loc: 0.018  time: 0.4739  data_time: 0.0096  lr: 0.000250  max_mem: 4062M
[32m[03/21 14:15:20 d2.utils.events]: [0m eta: 0:25:52  iter: 1719  total_loss: 0.583  loss_cls: 0.129  loss_box_reg: 0.233  loss_mask: 0.167  loss_rpn_cls: 0.014  loss_rpn_loc: 0.019  time: 0.4739  data_time: 0.0121  lr: 0.000250  max_mem: 4062M
[32m[03/21 14:15:29 d2.utils.events]: [0m eta: 0:25:43  iter: 1739  total_loss: 0.566  loss_cls: 0.129  loss_box_reg: 0.221  loss_mask: 0.150  loss_rpn_cls: 0.012  loss_rpn_loc: 0.017  time: 0.4739  data_time: 0.0102  lr: 0.000250  max_mem: 4062M
[32m[03/21 14:15:39 d2.utils.events]: [0m eta: 0:25:34  iter: 1759  total_loss: 0.454  loss_cls: 0.095  loss_box_reg: 0.190  loss_mask: 0.175  loss_rpn_cls: 0.003  loss_rpn_loc: 0.013  time: 0.4739  data_time: 0.0116  lr: 0.000250  max_mem: 4062M
[32m[03/21 14:15:49 d2.utils.events]: [0m eta: 0:25:25  iter: 1779  total_loss: 0.514  loss_cls: 0.113  loss_box_reg: 0.209  loss_mask: 0.156  loss_rpn_cls: 0.007  loss_rpn_loc: 0.012  time: 0.4740  data_time: 0.0116  lr: 0.000250  max_mem: 4062M
[32m[03/21 14:15:58 d2.utils.events]: [0m eta: 0:25:16  iter: 1799  total_loss: 0.556  loss_cls: 0.107  loss_box_reg: 0.215  loss_mask: 0.171  loss_rpn_cls: 0.010  loss_rpn_loc: 0.016  time: 0.4740  data_time: 0.0112  lr: 0.000250  max_mem: 4062M
[32m[03/21 14:16:08 d2.utils.events]: [0m eta: 0:25:07  iter: 1819  total_loss: 0.542  loss_cls: 0.106  loss_box_reg: 0.217  loss_mask: 0.186  loss_rpn_cls: 0.018  loss_rpn_loc: 0.020  time: 0.4741  data_time: 0.0104  lr: 0.000250  max_mem: 4062M
[32m[03/21 14:16:17 d2.utils.events]: [0m eta: 0:24:58  iter: 1839  total_loss: 0.568  loss_cls: 0.113  loss_box_reg: 0.233  loss_mask: 0.187  loss_rpn_cls: 0.011  loss_rpn_loc: 0.019  time: 0.4741  data_time: 0.0122  lr: 0.000250  max_mem: 4062M
[32m[03/21 14:16:27 d2.utils.events]: [0m eta: 0:24:48  iter: 1859  total_loss: 0.533  loss_cls: 0.101  loss_box_reg: 0.216  loss_mask: 0.152  loss_rpn_cls: 0.012  loss_rpn_loc: 0.014  time: 0.4742  data_time: 0.0108  lr: 0.000250  max_mem: 4062M
[32m[03/21 14:16:37 d2.utils.events]: [0m eta: 0:24:39  iter: 1879  total_loss: 0.589  loss_cls: 0.113  loss_box_reg: 0.233  loss_mask: 0.169  loss_rpn_cls: 0.017  loss_rpn_loc: 0.021  time: 0.4742  data_time: 0.0100  lr: 0.000250  max_mem: 4062M
[32m[03/21 14:16:46 d2.utils.events]: [0m eta: 0:24:30  iter: 1899  total_loss: 0.471  loss_cls: 0.108  loss_box_reg: 0.197  loss_mask: 0.160  loss_rpn_cls: 0.006  loss_rpn_loc: 0.016  time: 0.4743  data_time: 0.0114  lr: 0.000250  max_mem: 4062M
[32m[03/21 14:16:56 d2.utils.events]: [0m eta: 0:24:20  iter: 1919  total_loss: 0.442  loss_cls: 0.099  loss_box_reg: 0.186  loss_mask: 0.138  loss_rpn_cls: 0.009  loss_rpn_loc: 0.014  time: 0.4742  data_time: 0.0110  lr: 0.000250  max_mem: 4062M
[32m[03/21 14:17:05 d2.utils.events]: [0m eta: 0:24:11  iter: 1939  total_loss: 0.490  loss_cls: 0.105  loss_box_reg: 0.191  loss_mask: 0.160  loss_rpn_cls: 0.007  loss_rpn_loc: 0.013  time: 0.4743  data_time: 0.0106  lr: 0.000250  max_mem: 4062M
[32m[03/21 14:17:15 d2.utils.events]: [0m eta: 0:24:03  iter: 1959  total_loss: 0.516  loss_cls: 0.121  loss_box_reg: 0.201  loss_mask: 0.144  loss_rpn_cls: 0.005  loss_rpn_loc: 0.016  time: 0.4743  data_time: 0.0120  lr: 0.000250  max_mem: 4062M
[32m[03/21 14:17:24 d2.utils.events]: [0m eta: 0:23:53  iter: 1979  total_loss: 0.520  loss_cls: 0.140  loss_box_reg: 0.202  loss_mask: 0.154  loss_rpn_cls: 0.010  loss_rpn_loc: 0.012  time: 0.4744  data_time: 0.0106  lr: 0.000250  max_mem: 4062M
[32m[03/21 14:17:34 d2.utils.events]: [0m eta: 0:23:44  iter: 1999  total_loss: 0.516  loss_cls: 0.114  loss_box_reg: 0.218  loss_mask: 0.188  loss_rpn_cls: 0.007  loss_rpn_loc: 0.015  time: 0.4744  data_time: 0.0111  lr: 0.000250  max_mem: 4062M
[32m[03/21 14:17:44 d2.utils.events]: [0m eta: 0:23:34  iter: 2019  total_loss: 0.554  loss_cls: 0.114  loss_box_reg: 0.235  loss_mask: 0.159  loss_rpn_cls: 0.006  loss_rpn_loc: 0.013  time: 0.4744  data_time: 0.0108  lr: 0.000250  max_mem: 4062M
[32m[03/21 14:17:53 d2.utils.events]: [0m eta: 0:23:25  iter: 2039  total_loss: 0.540  loss_cls: 0.121  loss_box_reg: 0.217  loss_mask: 0.168  loss_rpn_cls: 0.008  loss_rpn_loc: 0.019  time: 0.4744  data_time: 0.0121  lr: 0.000250  max_mem: 4062M
[32m[03/21 14:18:03 d2.utils.events]: [0m eta: 0:23:16  iter: 2059  total_loss: 0.488  loss_cls: 0.099  loss_box_reg: 0.187  loss_mask: 0.162  loss_rpn_cls: 0.012  loss_rpn_loc: 0.015  time: 0.4745  data_time: 0.0107  lr: 0.000250  max_mem: 4062M
[32m[03/21 14:18:12 d2.utils.events]: [0m eta: 0:23:06  iter: 2079  total_loss: 0.495  loss_cls: 0.088  loss_box_reg: 0.189  loss_mask: 0.144  loss_rpn_cls: 0.006  loss_rpn_loc: 0.015  time: 0.4744  data_time: 0.0112  lr: 0.000250  max_mem: 4062M
[32m[03/21 14:18:22 d2.utils.events]: [0m eta: 0:22:56  iter: 2099  total_loss: 0.559  loss_cls: 0.125  loss_box_reg: 0.227  loss_mask: 0.189  loss_rpn_cls: 0.015  loss_rpn_loc: 0.021  time: 0.4744  data_time: 0.0113  lr: 0.000250  max_mem: 4062M
[32m[03/21 14:18:31 d2.utils.events]: [0m eta: 0:22:48  iter: 2119  total_loss: 0.521  loss_cls: 0.126  loss_box_reg: 0.226  loss_mask: 0.159  loss_rpn_cls: 0.007  loss_rpn_loc: 0.014  time: 0.4745  data_time: 0.0113  lr: 0.000250  max_mem: 4062M
[32m[03/21 14:18:41 d2.utils.events]: [0m eta: 0:22:39  iter: 2139  total_loss: 0.583  loss_cls: 0.113  loss_box_reg: 0.223  loss_mask: 0.176  loss_rpn_cls: 0.009  loss_rpn_loc: 0.021  time: 0.4745  data_time: 0.0106  lr: 0.000250  max_mem: 4062M
[32m[03/21 14:18:50 d2.utils.events]: [0m eta: 0:22:29  iter: 2159  total_loss: 0.447  loss_cls: 0.093  loss_box_reg: 0.211  loss_mask: 0.153  loss_rpn_cls: 0.006  loss_rpn_loc: 0.011  time: 0.4745  data_time: 0.0119  lr: 0.000250  max_mem: 4062M
[32m[03/21 14:19:00 d2.utils.events]: [0m eta: 0:22:19  iter: 2179  total_loss: 0.459  loss_cls: 0.109  loss_box_reg: 0.175  loss_mask: 0.155  loss_rpn_cls: 0.009  loss_rpn_loc: 0.014  time: 0.4744  data_time: 0.0100  lr: 0.000250  max_mem: 4062M
[32m[03/21 14:19:09 d2.utils.events]: [0m eta: 0:22:10  iter: 2199  total_loss: 0.498  loss_cls: 0.102  loss_box_reg: 0.191  loss_mask: 0.151  loss_rpn_cls: 0.003  loss_rpn_loc: 0.015  time: 0.4745  data_time: 0.0103  lr: 0.000250  max_mem: 4062M
[32m[03/21 14:19:19 d2.utils.events]: [0m eta: 0:21:59  iter: 2219  total_loss: 0.463  loss_cls: 0.095  loss_box_reg: 0.200  loss_mask: 0.154  loss_rpn_cls: 0.004  loss_rpn_loc: 0.014  time: 0.4744  data_time: 0.0112  lr: 0.000250  max_mem: 4062M
[32m[03/21 14:19:28 d2.utils.events]: [0m eta: 0:21:51  iter: 2239  total_loss: 0.529  loss_cls: 0.106  loss_box_reg: 0.208  loss_mask: 0.151  loss_rpn_cls: 0.005  loss_rpn_loc: 0.015  time: 0.4744  data_time: 0.0105  lr: 0.000250  max_mem: 4062M
[32m[03/21 14:19:38 d2.utils.events]: [0m eta: 0:21:41  iter: 2259  total_loss: 0.490  loss_cls: 0.088  loss_box_reg: 0.202  loss_mask: 0.152  loss_rpn_cls: 0.004  loss_rpn_loc: 0.013  time: 0.4744  data_time: 0.0109  lr: 0.000250  max_mem: 4062M
[32m[03/21 14:19:47 d2.utils.events]: [0m eta: 0:21:32  iter: 2279  total_loss: 0.503  loss_cls: 0.098  loss_box_reg: 0.184  loss_mask: 0.177  loss_rpn_cls: 0.004  loss_rpn_loc: 0.016  time: 0.4745  data_time: 0.0123  lr: 0.000250  max_mem: 4062M
[32m[03/21 14:19:57 d2.utils.events]: [0m eta: 0:21:22  iter: 2299  total_loss: 0.468  loss_cls: 0.085  loss_box_reg: 0.207  loss_mask: 0.163  loss_rpn_cls: 0.004  loss_rpn_loc: 0.015  time: 0.4745  data_time: 0.0107  lr: 0.000250  max_mem: 4062M
[32m[03/21 14:20:06 d2.utils.events]: [0m eta: 0:21:12  iter: 2319  total_loss: 0.417  loss_cls: 0.093  loss_box_reg: 0.182  loss_mask: 0.142  loss_rpn_cls: 0.003  loss_rpn_loc: 0.012  time: 0.4745  data_time: 0.0113  lr: 0.000250  max_mem: 4062M
[32m[03/21 14:20:16 d2.utils.events]: [0m eta: 0:21:03  iter: 2339  total_loss: 0.474  loss_cls: 0.121  loss_box_reg: 0.204  loss_mask: 0.129  loss_rpn_cls: 0.002  loss_rpn_loc: 0.015  time: 0.4745  data_time: 0.0102  lr: 0.000250  max_mem: 4062M
[32m[03/21 14:20:25 d2.utils.events]: [0m eta: 0:20:53  iter: 2359  total_loss: 0.481  loss_cls: 0.098  loss_box_reg: 0.194  loss_mask: 0.147  loss_rpn_cls: 0.002  loss_rpn_loc: 0.019  time: 0.4744  data_time: 0.0115  lr: 0.000250  max_mem: 4062M
[32m[03/21 14:20:35 d2.utils.events]: [0m eta: 0:20:44  iter: 2379  total_loss: 0.545  loss_cls: 0.108  loss_box_reg: 0.206  loss_mask: 0.155  loss_rpn_cls: 0.003  loss_rpn_loc: 0.016  time: 0.4744  data_time: 0.0104  lr: 0.000250  max_mem: 4062M
[32m[03/21 14:20:44 d2.utils.events]: [0m eta: 0:20:34  iter: 2399  total_loss: 0.511  loss_cls: 0.100  loss_box_reg: 0.208  loss_mask: 0.173  loss_rpn_cls: 0.005  loss_rpn_loc: 0.017  time: 0.4744  data_time: 0.0104  lr: 0.000250  max_mem: 4062M
[32m[03/21 14:20:54 d2.utils.events]: [0m eta: 0:20:24  iter: 2419  total_loss: 0.482  loss_cls: 0.101  loss_box_reg: 0.197  loss_mask: 0.151  loss_rpn_cls: 0.005  loss_rpn_loc: 0.013  time: 0.4744  data_time: 0.0106  lr: 0.000250  max_mem: 4062M
[32m[03/21 14:21:03 d2.utils.events]: [0m eta: 0:20:15  iter: 2439  total_loss: 0.489  loss_cls: 0.106  loss_box_reg: 0.202  loss_mask: 0.139  loss_rpn_cls: 0.008  loss_rpn_loc: 0.015  time: 0.4744  data_time: 0.0102  lr: 0.000250  max_mem: 4062M
[32m[03/21 14:21:13 d2.utils.events]: [0m eta: 0:20:05  iter: 2459  total_loss: 0.516  loss_cls: 0.091  loss_box_reg: 0.187  loss_mask: 0.155  loss_rpn_cls: 0.007  loss_rpn_loc: 0.021  time: 0.4744  data_time: 0.0111  lr: 0.000250  max_mem: 4062M
[32m[03/21 14:21:22 d2.utils.events]: [0m eta: 0:19:55  iter: 2479  total_loss: 0.519  loss_cls: 0.104  loss_box_reg: 0.199  loss_mask: 0.155  loss_rpn_cls: 0.012  loss_rpn_loc: 0.017  time: 0.4744  data_time: 0.0107  lr: 0.000250  max_mem: 4062M
[32m[03/21 14:21:32 d2.utils.events]: [0m eta: 0:19:45  iter: 2499  total_loss: 0.518  loss_cls: 0.094  loss_box_reg: 0.199  loss_mask: 0.180  loss_rpn_cls: 0.008  loss_rpn_loc: 0.017  time: 0.4743  data_time: 0.0113  lr: 0.000250  max_mem: 4062M
[32m[03/21 14:21:41 d2.utils.events]: [0m eta: 0:19:36  iter: 2519  total_loss: 0.580  loss_cls: 0.133  loss_box_reg: 0.222  loss_mask: 0.163  loss_rpn_cls: 0.006  loss_rpn_loc: 0.025  time: 0.4744  data_time: 0.0112  lr: 0.000250  max_mem: 4062M
[32m[03/21 14:21:51 d2.utils.events]: [0m eta: 0:19:26  iter: 2539  total_loss: 0.588  loss_cls: 0.117  loss_box_reg: 0.253  loss_mask: 0.164  loss_rpn_cls: 0.010  loss_rpn_loc: 0.018  time: 0.4743  data_time: 0.0125  lr: 0.000250  max_mem: 4062M
[32m[03/21 14:22:00 d2.utils.events]: [0m eta: 0:19:17  iter: 2559  total_loss: 0.450  loss_cls: 0.101  loss_box_reg: 0.198  loss_mask: 0.142  loss_rpn_cls: 0.005  loss_rpn_loc: 0.013  time: 0.4743  data_time: 0.0113  lr: 0.000250  max_mem: 4062M
[32m[03/21 14:22:10 d2.utils.events]: [0m eta: 0:19:07  iter: 2579  total_loss: 0.489  loss_cls: 0.134  loss_box_reg: 0.183  loss_mask: 0.149  loss_rpn_cls: 0.006  loss_rpn_loc: 0.015  time: 0.4743  data_time: 0.0113  lr: 0.000250  max_mem: 4062M
[32m[03/21 14:22:19 d2.utils.events]: [0m eta: 0:18:57  iter: 2599  total_loss: 0.472  loss_cls: 0.081  loss_box_reg: 0.184  loss_mask: 0.173  loss_rpn_cls: 0.009  loss_rpn_loc: 0.013  time: 0.4743  data_time: 0.0111  lr: 0.000250  max_mem: 4062M
[32m[03/21 14:22:28 d2.utils.events]: [0m eta: 0:18:48  iter: 2619  total_loss: 0.451  loss_cls: 0.088  loss_box_reg: 0.169  loss_mask: 0.134  loss_rpn_cls: 0.008  loss_rpn_loc: 0.018  time: 0.4743  data_time: 0.0121  lr: 0.000250  max_mem: 4062M
[32m[03/21 14:22:38 d2.utils.events]: [0m eta: 0:18:38  iter: 2639  total_loss: 0.574  loss_cls: 0.119  loss_box_reg: 0.237  loss_mask: 0.193  loss_rpn_cls: 0.005  loss_rpn_loc: 0.021  time: 0.4742  data_time: 0.0111  lr: 0.000250  max_mem: 4062M
[32m[03/21 14:22:47 d2.utils.events]: [0m eta: 0:18:28  iter: 2659  total_loss: 0.417  loss_cls: 0.081  loss_box_reg: 0.192  loss_mask: 0.153  loss_rpn_cls: 0.003  loss_rpn_loc: 0.011  time: 0.4742  data_time: 0.0102  lr: 0.000250  max_mem: 4062M
[32m[03/21 14:22:57 d2.utils.events]: [0m eta: 0:18:19  iter: 2679  total_loss: 0.495  loss_cls: 0.093  loss_box_reg: 0.197  loss_mask: 0.160  loss_rpn_cls: 0.003  loss_rpn_loc: 0.015  time: 0.4742  data_time: 0.0110  lr: 0.000250  max_mem: 4062M
[32m[03/21 14:23:06 d2.utils.events]: [0m eta: 0:18:10  iter: 2699  total_loss: 0.487  loss_cls: 0.104  loss_box_reg: 0.193  loss_mask: 0.146  loss_rpn_cls: 0.005  loss_rpn_loc: 0.013  time: 0.4742  data_time: 0.0118  lr: 0.000250  max_mem: 4062M
[32m[03/21 14:23:16 d2.utils.events]: [0m eta: 0:18:00  iter: 2719  total_loss: 0.492  loss_cls: 0.106  loss_box_reg: 0.190  loss_mask: 0.163  loss_rpn_cls: 0.003  loss_rpn_loc: 0.020  time: 0.4742  data_time: 0.0109  lr: 0.000250  max_mem: 4062M
[32m[03/21 14:23:25 d2.utils.events]: [0m eta: 0:17:50  iter: 2739  total_loss: 0.543  loss_cls: 0.116  loss_box_reg: 0.226  loss_mask: 0.161  loss_rpn_cls: 0.005  loss_rpn_loc: 0.018  time: 0.4742  data_time: 0.0106  lr: 0.000250  max_mem: 4062M
[32m[03/21 14:23:35 d2.utils.events]: [0m eta: 0:17:41  iter: 2759  total_loss: 0.509  loss_cls: 0.089  loss_box_reg: 0.212  loss_mask: 0.147  loss_rpn_cls: 0.005  loss_rpn_loc: 0.016  time: 0.4742  data_time: 0.0106  lr: 0.000250  max_mem: 4062M
[32m[03/21 14:23:44 d2.utils.events]: [0m eta: 0:17:31  iter: 2779  total_loss: 0.459  loss_cls: 0.094  loss_box_reg: 0.183  loss_mask: 0.172  loss_rpn_cls: 0.003  loss_rpn_loc: 0.010  time: 0.4742  data_time: 0.0109  lr: 0.000250  max_mem: 4062M
[32m[03/21 14:23:54 d2.utils.events]: [0m eta: 0:17:21  iter: 2799  total_loss: 0.581  loss_cls: 0.129  loss_box_reg: 0.227  loss_mask: 0.171  loss_rpn_cls: 0.007  loss_rpn_loc: 0.020  time: 0.4742  data_time: 0.0116  lr: 0.000250  max_mem: 4062M
[32m[03/21 14:24:03 d2.utils.events]: [0m eta: 0:17:11  iter: 2819  total_loss: 0.507  loss_cls: 0.115  loss_box_reg: 0.236  loss_mask: 0.171  loss_rpn_cls: 0.007  loss_rpn_loc: 0.019  time: 0.4742  data_time: 0.0119  lr: 0.000250  max_mem: 4062M
[32m[03/21 14:24:13 d2.utils.events]: [0m eta: 0:17:02  iter: 2839  total_loss: 0.522  loss_cls: 0.113  loss_box_reg: 0.209  loss_mask: 0.166  loss_rpn_cls: 0.003  loss_rpn_loc: 0.015  time: 0.4742  data_time: 0.0105  lr: 0.000250  max_mem: 4062M
[32m[03/21 14:24:22 d2.utils.events]: [0m eta: 0:16:52  iter: 2859  total_loss: 0.584  loss_cls: 0.117  loss_box_reg: 0.241  loss_mask: 0.184  loss_rpn_cls: 0.007  loss_rpn_loc: 0.021  time: 0.4743  data_time: 0.0119  lr: 0.000250  max_mem: 4062M
[32m[03/21 14:24:32 d2.utils.events]: [0m eta: 0:16:43  iter: 2879  total_loss: 0.499  loss_cls: 0.102  loss_box_reg: 0.188  loss_mask: 0.154  loss_rpn_cls: 0.003  loss_rpn_loc: 0.020  time: 0.4742  data_time: 0.0108  lr: 0.000250  max_mem: 4062M
[32m[03/21 14:24:41 d2.utils.events]: [0m eta: 0:16:33  iter: 2899  total_loss: 0.531  loss_cls: 0.097  loss_box_reg: 0.206  loss_mask: 0.161  loss_rpn_cls: 0.006  loss_rpn_loc: 0.021  time: 0.4743  data_time: 0.0121  lr: 0.000250  max_mem: 4062M
[32m[03/21 14:24:51 d2.utils.events]: [0m eta: 0:16:24  iter: 2919  total_loss: 0.526  loss_cls: 0.116  loss_box_reg: 0.221  loss_mask: 0.159  loss_rpn_cls: 0.006  loss_rpn_loc: 0.013  time: 0.4743  data_time: 0.0118  lr: 0.000250  max_mem: 4062M
[32m[03/21 14:25:00 d2.utils.events]: [0m eta: 0:16:14  iter: 2939  total_loss: 0.431  loss_cls: 0.085  loss_box_reg: 0.186  loss_mask: 0.144  loss_rpn_cls: 0.003  loss_rpn_loc: 0.010  time: 0.4742  data_time: 0.0099  lr: 0.000250  max_mem: 4062M
[32m[03/21 14:25:10 d2.utils.events]: [0m eta: 0:16:05  iter: 2959  total_loss: 0.485  loss_cls: 0.102  loss_box_reg: 0.218  loss_mask: 0.161  loss_rpn_cls: 0.004  loss_rpn_loc: 0.017  time: 0.4743  data_time: 0.0113  lr: 0.000250  max_mem: 4062M
[32m[03/21 14:25:19 d2.utils.events]: [0m eta: 0:15:55  iter: 2979  total_loss: 0.461  loss_cls: 0.105  loss_box_reg: 0.193  loss_mask: 0.135  loss_rpn_cls: 0.005  loss_rpn_loc: 0.016  time: 0.4742  data_time: 0.0111  lr: 0.000250  max_mem: 4062M
[32m[03/21 14:25:29 d2.utils.events]: [0m eta: 0:15:46  iter: 2999  total_loss: 0.443  loss_cls: 0.077  loss_box_reg: 0.181  loss_mask: 0.136  loss_rpn_cls: 0.001  loss_rpn_loc: 0.012  time: 0.4743  data_time: 0.0107  lr: 0.000250  max_mem: 4062M
[32m[03/21 14:25:38 d2.utils.events]: [0m eta: 0:15:36  iter: 3019  total_loss: 0.471  loss_cls: 0.091  loss_box_reg: 0.201  loss_mask: 0.147  loss_rpn_cls: 0.002  loss_rpn_loc: 0.011  time: 0.4742  data_time: 0.0108  lr: 0.000250  max_mem: 4062M
[32m[03/21 14:25:48 d2.utils.events]: [0m eta: 0:15:27  iter: 3039  total_loss: 0.426  loss_cls: 0.092  loss_box_reg: 0.180  loss_mask: 0.127  loss_rpn_cls: 0.007  loss_rpn_loc: 0.015  time: 0.4742  data_time: 0.0112  lr: 0.000250  max_mem: 4062M
[32m[03/21 14:25:57 d2.utils.events]: [0m eta: 0:15:17  iter: 3059  total_loss: 0.475  loss_cls: 0.102  loss_box_reg: 0.189  loss_mask: 0.147  loss_rpn_cls: 0.004  loss_rpn_loc: 0.016  time: 0.4742  data_time: 0.0107  lr: 0.000250  max_mem: 4062M
[32m[03/21 14:26:07 d2.utils.events]: [0m eta: 0:15:08  iter: 3079  total_loss: 0.411  loss_cls: 0.075  loss_box_reg: 0.168  loss_mask: 0.125  loss_rpn_cls: 0.003  loss_rpn_loc: 0.008  time: 0.4742  data_time: 0.0103  lr: 0.000250  max_mem: 4062M
[32m[03/21 14:26:16 d2.utils.events]: [0m eta: 0:14:58  iter: 3099  total_loss: 0.452  loss_cls: 0.114  loss_box_reg: 0.190  loss_mask: 0.130  loss_rpn_cls: 0.008  loss_rpn_loc: 0.012  time: 0.4742  data_time: 0.0112  lr: 0.000250  max_mem: 4062M
[32m[03/21 14:26:26 d2.utils.events]: [0m eta: 0:14:49  iter: 3119  total_loss: 0.426  loss_cls: 0.097  loss_box_reg: 0.175  loss_mask: 0.157  loss_rpn_cls: 0.003  loss_rpn_loc: 0.012  time: 0.4742  data_time: 0.0107  lr: 0.000250  max_mem: 4062M
[32m[03/21 14:26:35 d2.utils.events]: [0m eta: 0:14:39  iter: 3139  total_loss: 0.441  loss_cls: 0.096  loss_box_reg: 0.201  loss_mask: 0.141  loss_rpn_cls: 0.002  loss_rpn_loc: 0.016  time: 0.4742  data_time: 0.0113  lr: 0.000250  max_mem: 4062M
[32m[03/21 14:26:45 d2.utils.events]: [0m eta: 0:14:29  iter: 3159  total_loss: 0.476  loss_cls: 0.099  loss_box_reg: 0.212  loss_mask: 0.156  loss_rpn_cls: 0.002  loss_rpn_loc: 0.018  time: 0.4742  data_time: 0.0119  lr: 0.000250  max_mem: 4062M
[32m[03/21 14:26:54 d2.utils.events]: [0m eta: 0:14:20  iter: 3179  total_loss: 0.500  loss_cls: 0.088  loss_box_reg: 0.219  loss_mask: 0.142  loss_rpn_cls: 0.006  loss_rpn_loc: 0.023  time: 0.4742  data_time: 0.0110  lr: 0.000250  max_mem: 4062M
[32m[03/21 14:27:04 d2.utils.events]: [0m eta: 0:14:10  iter: 3199  total_loss: 0.464  loss_cls: 0.107  loss_box_reg: 0.209  loss_mask: 0.144  loss_rpn_cls: 0.006  loss_rpn_loc: 0.017  time: 0.4742  data_time: 0.0115  lr: 0.000250  max_mem: 4062M
[32m[03/21 14:27:13 d2.utils.events]: [0m eta: 0:14:01  iter: 3219  total_loss: 0.495  loss_cls: 0.100  loss_box_reg: 0.197  loss_mask: 0.148  loss_rpn_cls: 0.003  loss_rpn_loc: 0.016  time: 0.4742  data_time: 0.0109  lr: 0.000250  max_mem: 4062M
[32m[03/21 14:27:23 d2.utils.events]: [0m eta: 0:13:51  iter: 3239  total_loss: 0.470  loss_cls: 0.092  loss_box_reg: 0.204  loss_mask: 0.147  loss_rpn_cls: 0.004  loss_rpn_loc: 0.017  time: 0.4742  data_time: 0.0107  lr: 0.000250  max_mem: 4062M
[32m[03/21 14:27:32 d2.utils.events]: [0m eta: 0:13:42  iter: 3259  total_loss: 0.503  loss_cls: 0.106  loss_box_reg: 0.200  loss_mask: 0.149  loss_rpn_cls: 0.003  loss_rpn_loc: 0.014  time: 0.4742  data_time: 0.0112  lr: 0.000250  max_mem: 4062M
[32m[03/21 14:27:42 d2.utils.events]: [0m eta: 0:13:32  iter: 3279  total_loss: 0.484  loss_cls: 0.098  loss_box_reg: 0.201  loss_mask: 0.146  loss_rpn_cls: 0.003  loss_rpn_loc: 0.017  time: 0.4742  data_time: 0.0107  lr: 0.000250  max_mem: 4062M
[32m[03/21 14:27:51 d2.utils.events]: [0m eta: 0:13:23  iter: 3299  total_loss: 0.496  loss_cls: 0.114  loss_box_reg: 0.207  loss_mask: 0.133  loss_rpn_cls: 0.007  loss_rpn_loc: 0.019  time: 0.4742  data_time: 0.0113  lr: 0.000250  max_mem: 4062M
[32m[03/21 14:28:01 d2.utils.events]: [0m eta: 0:13:13  iter: 3319  total_loss: 0.404  loss_cls: 0.091  loss_box_reg: 0.170  loss_mask: 0.129  loss_rpn_cls: 0.005  loss_rpn_loc: 0.013  time: 0.4741  data_time: 0.0103  lr: 0.000250  max_mem: 4062M
[32m[03/21 14:28:10 d2.utils.events]: [0m eta: 0:13:04  iter: 3339  total_loss: 0.482  loss_cls: 0.094  loss_box_reg: 0.216  loss_mask: 0.161  loss_rpn_cls: 0.007  loss_rpn_loc: 0.014  time: 0.4742  data_time: 0.0110  lr: 0.000250  max_mem: 4062M
[32m[03/21 14:28:20 d2.utils.events]: [0m eta: 0:12:55  iter: 3359  total_loss: 0.572  loss_cls: 0.125  loss_box_reg: 0.218  loss_mask: 0.170  loss_rpn_cls: 0.004  loss_rpn_loc: 0.018  time: 0.4741  data_time: 0.0104  lr: 0.000250  max_mem: 4062M
[32m[03/21 14:28:29 d2.utils.events]: [0m eta: 0:12:45  iter: 3379  total_loss: 0.450  loss_cls: 0.093  loss_box_reg: 0.201  loss_mask: 0.148  loss_rpn_cls: 0.003  loss_rpn_loc: 0.014  time: 0.4742  data_time: 0.0107  lr: 0.000250  max_mem: 4062M
[32m[03/21 14:28:39 d2.utils.events]: [0m eta: 0:12:36  iter: 3399  total_loss: 0.426  loss_cls: 0.110  loss_box_reg: 0.178  loss_mask: 0.142  loss_rpn_cls: 0.001  loss_rpn_loc: 0.014  time: 0.4742  data_time: 0.0105  lr: 0.000250  max_mem: 4062M
[32m[03/21 14:28:48 d2.utils.events]: [0m eta: 0:12:26  iter: 3419  total_loss: 0.516  loss_cls: 0.120  loss_box_reg: 0.221  loss_mask: 0.161  loss_rpn_cls: 0.003  loss_rpn_loc: 0.016  time: 0.4741  data_time: 0.0114  lr: 0.000250  max_mem: 4062M
[32m[03/21 14:28:58 d2.utils.events]: [0m eta: 0:12:17  iter: 3439  total_loss: 0.436  loss_cls: 0.084  loss_box_reg: 0.175  loss_mask: 0.155  loss_rpn_cls: 0.006  loss_rpn_loc: 0.013  time: 0.4742  data_time: 0.0113  lr: 0.000250  max_mem: 4062M
[32m[03/21 14:29:07 d2.utils.events]: [0m eta: 0:12:07  iter: 3459  total_loss: 0.445  loss_cls: 0.091  loss_box_reg: 0.173  loss_mask: 0.133  loss_rpn_cls: 0.003  loss_rpn_loc: 0.015  time: 0.4742  data_time: 0.0113  lr: 0.000250  max_mem: 4062M
[32m[03/21 14:29:17 d2.utils.events]: [0m eta: 0:11:58  iter: 3479  total_loss: 0.463  loss_cls: 0.100  loss_box_reg: 0.192  loss_mask: 0.151  loss_rpn_cls: 0.002  loss_rpn_loc: 0.016  time: 0.4742  data_time: 0.0115  lr: 0.000250  max_mem: 4062M
[32m[03/21 14:29:26 d2.utils.events]: [0m eta: 0:11:49  iter: 3499  total_loss: 0.435  loss_cls: 0.100  loss_box_reg: 0.186  loss_mask: 0.127  loss_rpn_cls: 0.002  loss_rpn_loc: 0.013  time: 0.4742  data_time: 0.0110  lr: 0.000250  max_mem: 4062M
[32m[03/21 14:29:36 d2.utils.events]: [0m eta: 0:11:39  iter: 3519  total_loss: 0.423  loss_cls: 0.082  loss_box_reg: 0.166  loss_mask: 0.124  loss_rpn_cls: 0.006  loss_rpn_loc: 0.012  time: 0.4742  data_time: 0.0115  lr: 0.000250  max_mem: 4062M
[32m[03/21 14:29:45 d2.utils.events]: [0m eta: 0:11:30  iter: 3539  total_loss: 0.387  loss_cls: 0.081  loss_box_reg: 0.165  loss_mask: 0.120  loss_rpn_cls: 0.003  loss_rpn_loc: 0.011  time: 0.4742  data_time: 0.0105  lr: 0.000250  max_mem: 4062M
[32m[03/21 14:29:55 d2.utils.events]: [0m eta: 0:11:20  iter: 3559  total_loss: 0.478  loss_cls: 0.101  loss_box_reg: 0.215  loss_mask: 0.130  loss_rpn_cls: 0.004  loss_rpn_loc: 0.017  time: 0.4742  data_time: 0.0112  lr: 0.000250  max_mem: 4062M
[32m[03/21 14:30:04 d2.utils.events]: [0m eta: 0:11:11  iter: 3579  total_loss: 0.527  loss_cls: 0.108  loss_box_reg: 0.212  loss_mask: 0.147  loss_rpn_cls: 0.007  loss_rpn_loc: 0.018  time: 0.4742  data_time: 0.0116  lr: 0.000250  max_mem: 4062M
[32m[03/21 14:30:14 d2.utils.events]: [0m eta: 0:11:02  iter: 3599  total_loss: 0.534  loss_cls: 0.098  loss_box_reg: 0.217  loss_mask: 0.192  loss_rpn_cls: 0.006  loss_rpn_loc: 0.020  time: 0.4743  data_time: 0.0111  lr: 0.000250  max_mem: 4062M
[32m[03/21 14:30:24 d2.utils.events]: [0m eta: 0:10:53  iter: 3619  total_loss: 0.439  loss_cls: 0.091  loss_box_reg: 0.181  loss_mask: 0.146  loss_rpn_cls: 0.003  loss_rpn_loc: 0.015  time: 0.4743  data_time: 0.0114  lr: 0.000250  max_mem: 4062M
[32m[03/21 14:30:33 d2.utils.events]: [0m eta: 0:10:43  iter: 3639  total_loss: 0.522  loss_cls: 0.097  loss_box_reg: 0.204  loss_mask: 0.166  loss_rpn_cls: 0.007  loss_rpn_loc: 0.018  time: 0.4743  data_time: 0.0116  lr: 0.000250  max_mem: 4062M
[32m[03/21 14:30:43 d2.utils.events]: [0m eta: 0:10:34  iter: 3659  total_loss: 0.482  loss_cls: 0.091  loss_box_reg: 0.209  loss_mask: 0.151  loss_rpn_cls: 0.003  loss_rpn_loc: 0.010  time: 0.4743  data_time: 0.0122  lr: 0.000250  max_mem: 4062M
[32m[03/21 14:30:52 d2.utils.events]: [0m eta: 0:10:25  iter: 3679  total_loss: 0.462  loss_cls: 0.106  loss_box_reg: 0.188  loss_mask: 0.131  loss_rpn_cls: 0.002  loss_rpn_loc: 0.011  time: 0.4743  data_time: 0.0105  lr: 0.000250  max_mem: 4062M
[32m[03/21 14:31:02 d2.utils.events]: [0m eta: 0:10:15  iter: 3699  total_loss: 0.495  loss_cls: 0.088  loss_box_reg: 0.211  loss_mask: 0.154  loss_rpn_cls: 0.002  loss_rpn_loc: 0.015  time: 0.4743  data_time: 0.0109  lr: 0.000250  max_mem: 4062M
[32m[03/21 14:31:11 d2.utils.events]: [0m eta: 0:10:06  iter: 3719  total_loss: 0.476  loss_cls: 0.116  loss_box_reg: 0.192  loss_mask: 0.135  loss_rpn_cls: 0.003  loss_rpn_loc: 0.013  time: 0.4743  data_time: 0.0122  lr: 0.000250  max_mem: 4062M
[32m[03/21 14:31:21 d2.utils.events]: [0m eta: 0:09:56  iter: 3739  total_loss: 0.578  loss_cls: 0.121  loss_box_reg: 0.224  loss_mask: 0.164  loss_rpn_cls: 0.004  loss_rpn_loc: 0.019  time: 0.4744  data_time: 0.0110  lr: 0.000250  max_mem: 4062M
[32m[03/21 14:31:30 d2.utils.events]: [0m eta: 0:09:47  iter: 3759  total_loss: 0.440  loss_cls: 0.077  loss_box_reg: 0.181  loss_mask: 0.155  loss_rpn_cls: 0.002  loss_rpn_loc: 0.008  time: 0.4744  data_time: 0.0107  lr: 0.000250  max_mem: 4062M
[32m[03/21 14:31:40 d2.utils.events]: [0m eta: 0:09:38  iter: 3779  total_loss: 0.489  loss_cls: 0.127  loss_box_reg: 0.203  loss_mask: 0.149  loss_rpn_cls: 0.003  loss_rpn_loc: 0.017  time: 0.4744  data_time: 0.0109  lr: 0.000250  max_mem: 4062M
[32m[03/21 14:31:50 d2.utils.events]: [0m eta: 0:09:28  iter: 3799  total_loss: 0.459  loss_cls: 0.095  loss_box_reg: 0.198  loss_mask: 0.136  loss_rpn_cls: 0.002  loss_rpn_loc: 0.015  time: 0.4744  data_time: 0.0119  lr: 0.000250  max_mem: 4062M
[32m[03/21 14:31:59 d2.utils.events]: [0m eta: 0:09:19  iter: 3819  total_loss: 0.428  loss_cls: 0.097  loss_box_reg: 0.162  loss_mask: 0.134  loss_rpn_cls: 0.002  loss_rpn_loc: 0.011  time: 0.4744  data_time: 0.0103  lr: 0.000250  max_mem: 4062M
[32m[03/21 14:32:09 d2.utils.events]: [0m eta: 0:09:09  iter: 3839  total_loss: 0.467  loss_cls: 0.109  loss_box_reg: 0.186  loss_mask: 0.140  loss_rpn_cls: 0.002  loss_rpn_loc: 0.013  time: 0.4744  data_time: 0.0110  lr: 0.000250  max_mem: 4062M
[32m[03/21 14:32:18 d2.utils.events]: [0m eta: 0:09:00  iter: 3859  total_loss: 0.500  loss_cls: 0.113  loss_box_reg: 0.197  loss_mask: 0.140  loss_rpn_cls: 0.003  loss_rpn_loc: 0.012  time: 0.4744  data_time: 0.0113  lr: 0.000250  max_mem: 4062M
[32m[03/21 14:32:28 d2.utils.events]: [0m eta: 0:08:50  iter: 3879  total_loss: 0.511  loss_cls: 0.092  loss_box_reg: 0.188  loss_mask: 0.143  loss_rpn_cls: 0.005  loss_rpn_loc: 0.015  time: 0.4744  data_time: 0.0113  lr: 0.000250  max_mem: 4062M
[32m[03/21 14:32:37 d2.utils.events]: [0m eta: 0:08:41  iter: 3899  total_loss: 0.434  loss_cls: 0.111  loss_box_reg: 0.170  loss_mask: 0.152  loss_rpn_cls: 0.003  loss_rpn_loc: 0.011  time: 0.4745  data_time: 0.0106  lr: 0.000250  max_mem: 4062M
[32m[03/21 14:32:47 d2.utils.events]: [0m eta: 0:08:31  iter: 3919  total_loss: 0.465  loss_cls: 0.098  loss_box_reg: 0.206  loss_mask: 0.153  loss_rpn_cls: 0.003  loss_rpn_loc: 0.016  time: 0.4745  data_time: 0.0116  lr: 0.000250  max_mem: 4062M
[32m[03/21 14:32:57 d2.utils.events]: [0m eta: 0:08:22  iter: 3939  total_loss: 0.417  loss_cls: 0.093  loss_box_reg: 0.176  loss_mask: 0.132  loss_rpn_cls: 0.001  loss_rpn_loc: 0.011  time: 0.4745  data_time: 0.0107  lr: 0.000250  max_mem: 4062M
[32m[03/21 14:33:06 d2.utils.events]: [0m eta: 0:08:12  iter: 3959  total_loss: 0.504  loss_cls: 0.095  loss_box_reg: 0.220  loss_mask: 0.146  loss_rpn_cls: 0.003  loss_rpn_loc: 0.013  time: 0.4745  data_time: 0.0112  lr: 0.000250  max_mem: 4062M
[32m[03/21 14:33:15 d2.utils.events]: [0m eta: 0:08:03  iter: 3979  total_loss: 0.456  loss_cls: 0.089  loss_box_reg: 0.178  loss_mask: 0.138  loss_rpn_cls: 0.005  loss_rpn_loc: 0.010  time: 0.4745  data_time: 0.0099  lr: 0.000250  max_mem: 4062M
[32m[03/21 14:33:25 d2.utils.events]: [0m eta: 0:07:54  iter: 3999  total_loss: 0.469  loss_cls: 0.091  loss_box_reg: 0.178  loss_mask: 0.143  loss_rpn_cls: 0.004  loss_rpn_loc: 0.013  time: 0.4745  data_time: 0.0114  lr: 0.000250  max_mem: 4062M
[32m[03/21 14:33:35 d2.utils.events]: [0m eta: 0:07:44  iter: 4019  total_loss: 0.429  loss_cls: 0.096  loss_box_reg: 0.186  loss_mask: 0.132  loss_rpn_cls: 0.003  loss_rpn_loc: 0.011  time: 0.4745  data_time: 0.0102  lr: 0.000250  max_mem: 4062M
[32m[03/21 14:33:44 d2.utils.events]: [0m eta: 0:07:35  iter: 4039  total_loss: 0.467  loss_cls: 0.095  loss_box_reg: 0.203  loss_mask: 0.126  loss_rpn_cls: 0.004  loss_rpn_loc: 0.017  time: 0.4746  data_time: 0.0106  lr: 0.000250  max_mem: 4062M
[32m[03/21 14:33:54 d2.utils.events]: [0m eta: 0:07:25  iter: 4059  total_loss: 0.427  loss_cls: 0.090  loss_box_reg: 0.179  loss_mask: 0.145  loss_rpn_cls: 0.004  loss_rpn_loc: 0.012  time: 0.4746  data_time: 0.0105  lr: 0.000250  max_mem: 4062M
[32m[03/21 14:34:03 d2.utils.events]: [0m eta: 0:07:16  iter: 4079  total_loss: 0.495  loss_cls: 0.107  loss_box_reg: 0.202  loss_mask: 0.154  loss_rpn_cls: 0.006  loss_rpn_loc: 0.019  time: 0.4746  data_time: 0.0124  lr: 0.000250  max_mem: 4062M
[32m[03/21 14:34:13 d2.utils.events]: [0m eta: 0:07:07  iter: 4099  total_loss: 0.456  loss_cls: 0.091  loss_box_reg: 0.175  loss_mask: 0.156  loss_rpn_cls: 0.004  loss_rpn_loc: 0.017  time: 0.4746  data_time: 0.0119  lr: 0.000250  max_mem: 4062M
[32m[03/21 14:34:23 d2.utils.events]: [0m eta: 0:06:57  iter: 4119  total_loss: 0.504  loss_cls: 0.095  loss_box_reg: 0.220  loss_mask: 0.165  loss_rpn_cls: 0.008  loss_rpn_loc: 0.020  time: 0.4746  data_time: 0.0119  lr: 0.000250  max_mem: 4062M
[32m[03/21 14:34:32 d2.utils.events]: [0m eta: 0:06:48  iter: 4139  total_loss: 0.414  loss_cls: 0.084  loss_box_reg: 0.161  loss_mask: 0.134  loss_rpn_cls: 0.006  loss_rpn_loc: 0.018  time: 0.4746  data_time: 0.0112  lr: 0.000250  max_mem: 4062M
[32m[03/21 14:34:42 d2.utils.events]: [0m eta: 0:06:38  iter: 4159  total_loss: 0.411  loss_cls: 0.086  loss_box_reg: 0.187  loss_mask: 0.147  loss_rpn_cls: 0.003  loss_rpn_loc: 0.009  time: 0.4746  data_time: 0.0102  lr: 0.000250  max_mem: 4062M
[32m[03/21 14:34:51 d2.utils.events]: [0m eta: 0:06:29  iter: 4179  total_loss: 0.373  loss_cls: 0.076  loss_box_reg: 0.163  loss_mask: 0.133  loss_rpn_cls: 0.003  loss_rpn_loc: 0.010  time: 0.4746  data_time: 0.0105  lr: 0.000250  max_mem: 4062M
[32m[03/21 14:35:01 d2.utils.events]: [0m eta: 0:06:19  iter: 4199  total_loss: 0.436  loss_cls: 0.091  loss_box_reg: 0.180  loss_mask: 0.126  loss_rpn_cls: 0.001  loss_rpn_loc: 0.016  time: 0.4746  data_time: 0.0107  lr: 0.000250  max_mem: 4062M
[32m[03/21 14:35:10 d2.utils.events]: [0m eta: 0:06:10  iter: 4219  total_loss: 0.440  loss_cls: 0.081  loss_box_reg: 0.194  loss_mask: 0.143  loss_rpn_cls: 0.001  loss_rpn_loc: 0.013  time: 0.4746  data_time: 0.0104  lr: 0.000250  max_mem: 4062M
[32m[03/21 14:35:20 d2.utils.events]: [0m eta: 0:06:01  iter: 4239  total_loss: 0.523  loss_cls: 0.112  loss_box_reg: 0.208  loss_mask: 0.147  loss_rpn_cls: 0.004  loss_rpn_loc: 0.018  time: 0.4747  data_time: 0.0113  lr: 0.000250  max_mem: 4062M
[32m[03/21 14:35:29 d2.utils.events]: [0m eta: 0:05:51  iter: 4259  total_loss: 0.548  loss_cls: 0.096  loss_box_reg: 0.197  loss_mask: 0.140  loss_rpn_cls: 0.006  loss_rpn_loc: 0.016  time: 0.4747  data_time: 0.0111  lr: 0.000250  max_mem: 4062M
[32m[03/21 14:35:39 d2.utils.events]: [0m eta: 0:05:42  iter: 4279  total_loss: 0.322  loss_cls: 0.063  loss_box_reg: 0.131  loss_mask: 0.119  loss_rpn_cls: 0.004  loss_rpn_loc: 0.005  time: 0.4747  data_time: 0.0096  lr: 0.000250  max_mem: 4062M
[32m[03/21 14:35:48 d2.utils.events]: [0m eta: 0:05:32  iter: 4299  total_loss: 0.516  loss_cls: 0.098  loss_box_reg: 0.200  loss_mask: 0.143  loss_rpn_cls: 0.006  loss_rpn_loc: 0.016  time: 0.4747  data_time: 0.0118  lr: 0.000250  max_mem: 4062M
[32m[03/21 14:35:58 d2.utils.events]: [0m eta: 0:05:23  iter: 4319  total_loss: 0.468  loss_cls: 0.098  loss_box_reg: 0.198  loss_mask: 0.150  loss_rpn_cls: 0.005  loss_rpn_loc: 0.017  time: 0.4747  data_time: 0.0100  lr: 0.000250  max_mem: 4062M
[32m[03/21 14:36:08 d2.utils.events]: [0m eta: 0:05:13  iter: 4339  total_loss: 0.494  loss_cls: 0.107  loss_box_reg: 0.210  loss_mask: 0.152  loss_rpn_cls: 0.004  loss_rpn_loc: 0.014  time: 0.4747  data_time: 0.0104  lr: 0.000250  max_mem: 4062M
[32m[03/21 14:36:17 d2.utils.events]: [0m eta: 0:05:04  iter: 4359  total_loss: 0.500  loss_cls: 0.093  loss_box_reg: 0.201  loss_mask: 0.154  loss_rpn_cls: 0.006  loss_rpn_loc: 0.018  time: 0.4748  data_time: 0.0103  lr: 0.000250  max_mem: 4062M
[32m[03/21 14:36:27 d2.utils.events]: [0m eta: 0:04:54  iter: 4379  total_loss: 0.530  loss_cls: 0.106  loss_box_reg: 0.210  loss_mask: 0.157  loss_rpn_cls: 0.011  loss_rpn_loc: 0.022  time: 0.4748  data_time: 0.0112  lr: 0.000250  max_mem: 4062M
[32m[03/21 14:36:36 d2.utils.events]: [0m eta: 0:04:45  iter: 4399  total_loss: 0.411  loss_cls: 0.080  loss_box_reg: 0.166  loss_mask: 0.139  loss_rpn_cls: 0.008  loss_rpn_loc: 0.013  time: 0.4748  data_time: 0.0117  lr: 0.000250  max_mem: 4062M
[32m[03/21 14:36:46 d2.utils.events]: [0m eta: 0:04:35  iter: 4419  total_loss: 0.430  loss_cls: 0.079  loss_box_reg: 0.187  loss_mask: 0.125  loss_rpn_cls: 0.004  loss_rpn_loc: 0.013  time: 0.4748  data_time: 0.0116  lr: 0.000250  max_mem: 4062M
[32m[03/21 14:36:55 d2.utils.events]: [0m eta: 0:04:26  iter: 4439  total_loss: 0.473  loss_cls: 0.086  loss_box_reg: 0.191  loss_mask: 0.143  loss_rpn_cls: 0.002  loss_rpn_loc: 0.013  time: 0.4748  data_time: 0.0092  lr: 0.000250  max_mem: 4062M
[32m[03/21 14:37:05 d2.utils.events]: [0m eta: 0:04:16  iter: 4459  total_loss: 0.477  loss_cls: 0.105  loss_box_reg: 0.208  loss_mask: 0.149  loss_rpn_cls: 0.006  loss_rpn_loc: 0.017  time: 0.4748  data_time: 0.0106  lr: 0.000250  max_mem: 4062M
[32m[03/21 14:37:15 d2.utils.events]: [0m eta: 0:04:07  iter: 4479  total_loss: 0.456  loss_cls: 0.092  loss_box_reg: 0.194  loss_mask: 0.153  loss_rpn_cls: 0.004  loss_rpn_loc: 0.020  time: 0.4748  data_time: 0.0113  lr: 0.000250  max_mem: 4062M
[32m[03/21 14:37:24 d2.utils.events]: [0m eta: 0:03:57  iter: 4499  total_loss: 0.488  loss_cls: 0.107  loss_box_reg: 0.209  loss_mask: 0.143  loss_rpn_cls: 0.007  loss_rpn_loc: 0.018  time: 0.4748  data_time: 0.0123  lr: 0.000250  max_mem: 4062M
[32m[03/21 14:37:34 d2.utils.events]: [0m eta: 0:03:48  iter: 4519  total_loss: 0.437  loss_cls: 0.083  loss_box_reg: 0.192  loss_mask: 0.130  loss_rpn_cls: 0.005  loss_rpn_loc: 0.012  time: 0.4748  data_time: 0.0110  lr: 0.000250  max_mem: 4062M
[32m[03/21 14:37:43 d2.utils.events]: [0m eta: 0:03:38  iter: 4539  total_loss: 0.454  loss_cls: 0.082  loss_box_reg: 0.175  loss_mask: 0.151  loss_rpn_cls: 0.004  loss_rpn_loc: 0.019  time: 0.4748  data_time: 0.0113  lr: 0.000250  max_mem: 4062M
[32m[03/21 14:37:53 d2.utils.events]: [0m eta: 0:03:29  iter: 4559  total_loss: 0.449  loss_cls: 0.099  loss_box_reg: 0.179  loss_mask: 0.154  loss_rpn_cls: 0.003  loss_rpn_loc: 0.019  time: 0.4749  data_time: 0.0113  lr: 0.000250  max_mem: 4062M
[32m[03/21 14:38:03 d2.utils.events]: [0m eta: 0:03:19  iter: 4579  total_loss: 0.440  loss_cls: 0.096  loss_box_reg: 0.177  loss_mask: 0.143  loss_rpn_cls: 0.004  loss_rpn_loc: 0.015  time: 0.4749  data_time: 0.0107  lr: 0.000250  max_mem: 4062M
[32m[03/21 14:38:12 d2.utils.events]: [0m eta: 0:03:10  iter: 4599  total_loss: 0.416  loss_cls: 0.086  loss_box_reg: 0.176  loss_mask: 0.137  loss_rpn_cls: 0.003  loss_rpn_loc: 0.015  time: 0.4749  data_time: 0.0116  lr: 0.000250  max_mem: 4062M
[32m[03/21 14:38:21 d2.utils.events]: [0m eta: 0:03:00  iter: 4619  total_loss: 0.507  loss_cls: 0.113  loss_box_reg: 0.221  loss_mask: 0.149  loss_rpn_cls: 0.006  loss_rpn_loc: 0.018  time: 0.4749  data_time: 0.0115  lr: 0.000250  max_mem: 4062M
[32m[03/21 14:38:31 d2.utils.events]: [0m eta: 0:02:51  iter: 4639  total_loss: 0.478  loss_cls: 0.098  loss_box_reg: 0.198  loss_mask: 0.150  loss_rpn_cls: 0.005  loss_rpn_loc: 0.014  time: 0.4749  data_time: 0.0103  lr: 0.000250  max_mem: 4062M
[32m[03/21 14:38:41 d2.utils.events]: [0m eta: 0:02:41  iter: 4659  total_loss: 0.456  loss_cls: 0.077  loss_box_reg: 0.204  loss_mask: 0.134  loss_rpn_cls: 0.003  loss_rpn_loc: 0.018  time: 0.4749  data_time: 0.0106  lr: 0.000250  max_mem: 4062M
[32m[03/21 14:38:50 d2.utils.events]: [0m eta: 0:02:32  iter: 4679  total_loss: 0.476  loss_cls: 0.082  loss_box_reg: 0.177  loss_mask: 0.160  loss_rpn_cls: 0.004  loss_rpn_loc: 0.015  time: 0.4749  data_time: 0.0103  lr: 0.000250  max_mem: 4062M
[32m[03/21 14:39:00 d2.utils.events]: [0m eta: 0:02:22  iter: 4699  total_loss: 0.365  loss_cls: 0.071  loss_box_reg: 0.149  loss_mask: 0.123  loss_rpn_cls: 0.002  loss_rpn_loc: 0.010  time: 0.4749  data_time: 0.0109  lr: 0.000250  max_mem: 4062M
[32m[03/21 14:39:09 d2.utils.events]: [0m eta: 0:02:13  iter: 4719  total_loss: 0.419  loss_cls: 0.077  loss_box_reg: 0.173  loss_mask: 0.132  loss_rpn_cls: 0.004  loss_rpn_loc: 0.010  time: 0.4749  data_time: 0.0109  lr: 0.000250  max_mem: 4062M
[32m[03/21 14:39:19 d2.utils.events]: [0m eta: 0:02:03  iter: 4739  total_loss: 0.424  loss_cls: 0.096  loss_box_reg: 0.179  loss_mask: 0.133  loss_rpn_cls: 0.002  loss_rpn_loc: 0.017  time: 0.4749  data_time: 0.0111  lr: 0.000250  max_mem: 4062M
[32m[03/21 14:39:28 d2.utils.events]: [0m eta: 0:01:54  iter: 4759  total_loss: 0.490  loss_cls: 0.117  loss_box_reg: 0.188  loss_mask: 0.144  loss_rpn_cls: 0.007  loss_rpn_loc: 0.020  time: 0.4749  data_time: 0.0122  lr: 0.000250  max_mem: 4062M
[32m[03/21 14:39:38 d2.utils.events]: [0m eta: 0:01:45  iter: 4779  total_loss: 0.497  loss_cls: 0.101  loss_box_reg: 0.198  loss_mask: 0.169  loss_rpn_cls: 0.005  loss_rpn_loc: 0.013  time: 0.4749  data_time: 0.0102  lr: 0.000250  max_mem: 4062M
[32m[03/21 14:39:48 d2.utils.events]: [0m eta: 0:01:35  iter: 4799  total_loss: 0.404  loss_cls: 0.085  loss_box_reg: 0.173  loss_mask: 0.133  loss_rpn_cls: 0.002  loss_rpn_loc: 0.012  time: 0.4749  data_time: 0.0104  lr: 0.000250  max_mem: 4062M
[32m[03/21 14:39:57 d2.utils.events]: [0m eta: 0:01:25  iter: 4819  total_loss: 0.441  loss_cls: 0.091  loss_box_reg: 0.166  loss_mask: 0.135  loss_rpn_cls: 0.003  loss_rpn_loc: 0.016  time: 0.4750  data_time: 0.0114  lr: 0.000250  max_mem: 4062M
[32m[03/21 14:40:07 d2.utils.events]: [0m eta: 0:01:16  iter: 4839  total_loss: 0.404  loss_cls: 0.084  loss_box_reg: 0.170  loss_mask: 0.126  loss_rpn_cls: 0.001  loss_rpn_loc: 0.017  time: 0.4750  data_time: 0.0113  lr: 0.000250  max_mem: 4062M
[32m[03/21 14:40:16 d2.utils.events]: [0m eta: 0:01:06  iter: 4859  total_loss: 0.385  loss_cls: 0.091  loss_box_reg: 0.162  loss_mask: 0.120  loss_rpn_cls: 0.004  loss_rpn_loc: 0.014  time: 0.4750  data_time: 0.0117  lr: 0.000250  max_mem: 4062M
[32m[03/21 14:40:26 d2.utils.events]: [0m eta: 0:00:57  iter: 4879  total_loss: 0.416  loss_cls: 0.091  loss_box_reg: 0.156  loss_mask: 0.132  loss_rpn_cls: 0.005  loss_rpn_loc: 0.012  time: 0.4750  data_time: 0.0109  lr: 0.000250  max_mem: 4062M
[32m[03/21 14:40:35 d2.utils.events]: [0m eta: 0:00:47  iter: 4899  total_loss: 0.440  loss_cls: 0.092  loss_box_reg: 0.186  loss_mask: 0.124  loss_rpn_cls: 0.005  loss_rpn_loc: 0.016  time: 0.4750  data_time: 0.0117  lr: 0.000250  max_mem: 4062M
[32m[03/21 14:40:45 d2.utils.events]: [0m eta: 0:00:38  iter: 4919  total_loss: 0.439  loss_cls: 0.098  loss_box_reg: 0.198  loss_mask: 0.129  loss_rpn_cls: 0.001  loss_rpn_loc: 0.015  time: 0.4750  data_time: 0.0120  lr: 0.000250  max_mem: 4062M
[32m[03/21 14:40:55 d2.utils.events]: [0m eta: 0:00:28  iter: 4939  total_loss: 0.494  loss_cls: 0.105  loss_box_reg: 0.221  loss_mask: 0.140  loss_rpn_cls: 0.003  loss_rpn_loc: 0.017  time: 0.4750  data_time: 0.0114  lr: 0.000250  max_mem: 4062M
[32m[03/21 14:41:04 d2.utils.events]: [0m eta: 0:00:19  iter: 4959  total_loss: 0.457  loss_cls: 0.089  loss_box_reg: 0.188  loss_mask: 0.156  loss_rpn_cls: 0.006  loss_rpn_loc: 0.014  time: 0.4750  data_time: 0.0112  lr: 0.000250  max_mem: 4062M
[32m[03/21 14:41:14 d2.utils.events]: [0m eta: 0:00:09  iter: 4979  total_loss: 0.444  loss_cls: 0.080  loss_box_reg: 0.171  loss_mask: 0.133  loss_rpn_cls: 0.004  loss_rpn_loc: 0.017  time: 0.4750  data_time: 0.0118  lr: 0.000250  max_mem: 4062M
Loading sequence 0002
Loading sequence 0006
Loading sequence 0007
Loading sequence 0008
Loading sequence 0010
Loading sequence 0013
Loading sequence 0014
Loading sequence 0016
Loading sequence 0018
0002
0006
0007
0008
0010
0013
0014
0016
0018
Loaded 2920 images!
[32m[03/21 14:42:24 d2.data.build]: [0mDistribution of instances among all 3 categories:
[36m|  category  | #instances   |  category  | #instances   |  category  | #instances   |
|:----------:|:-------------|:----------:|:-------------|:----------:|:-------------|
|    None    | 0            |    Car     | 8029         | Pedestrian | 3347         |
|            |              |            |              |            |              |
|   total    | 11376        |            |              |            |              |[0m
[32m[03/21 14:42:24 d2.data.common]: [0mSerializing 2920 elements to byte tensors and concatenating them all ...
[32m[03/21 14:42:24 d2.data.common]: [0mSerialized dataset takes 7.44 MiB
[5m[31mWARNING[0m [32m[03/21 14:42:24 d2.engine.defaults]: [0mNo evaluator found. Use `DefaultTrainer.test(evaluators=)`, or implement its `build_evaluator` method.
[32m[03/21 14:42:24 d2.utils.events]: [0m eta: 0:00:00  iter: 4999  total_loss: 0.406  loss_cls: 0.078  loss_box_reg: 0.158  loss_mask: 0.129  loss_rpn_cls: 0.004  loss_rpn_loc: 0.010  time: 0.4751  data_time: 0.0119  lr: 0.000250  max_mem: 4062M
[32m[03/21 14:42:24 d2.engine.hooks]: [0mOverall training speed: 4997 iterations in 0:39:34 (0.4752 s / it)
[32m[03/21 14:42:24 d2.engine.hooks]: [0mTotal training time: 0:40:40 (0:01:05 on hooks)
Loading sequence 0002
Loading sequence 0006
Loading sequence 0007
Loading sequence 0008
Loading sequence 0010
Loading sequence 0013
Loading sequence 0014
Loading sequence 0016
Loading sequence 0018
0002
0006
0007
0008
0010
0013
0014
0016
0018
Loaded 2920 images!
[5m[31mWARNING[0m [32m[03/21 14:43:42 d2.evaluation.coco_evaluation]: [0mjson_file was not found in MetaDataCatalog for 'KITTI_MOTS_val'. Trying to convert it to COCO format ...
[32m[03/21 14:43:42 d2.data.datasets.coco]: [0mConverting annotations of dataset 'KITTI_MOTS_val' to COCO format ...)
Loading sequence 0002
Loading sequence 0006
Loading sequence 0007
Loading sequence 0008
Loading sequence 0010
Loading sequence 0013
Loading sequence 0014
Loading sequence 0016
Loading sequence 0018
0002
0006
0007
0008
0010
0013
0014
0016
0018
Loaded 2920 images!
[32m[03/21 14:44:40 d2.data.datasets.coco]: [0mConverting dataset dicts into COCO format
[32m[03/21 14:44:43 d2.data.datasets.coco]: [0mConversion finished, num images: 2920, num annotations: 11376
[32m[03/21 14:44:43 d2.data.datasets.coco]: [0mCaching COCO format annotations at '../mask_rcnn_R_50_FPN/output/KITTI_MOTS_val_coco_format.json' ...
Loading sequence 0002
Loading sequence 0006
Loading sequence 0007
Loading sequence 0008
Loading sequence 0010
Loading sequence 0013
Loading sequence 0014
Loading sequence 0016
Loading sequence 0018
0002
0006
0007
0008
0010
0013
0014
0016
0018
Loaded 2920 images!
[32m[03/21 14:45:44 d2.data.common]: [0mSerializing 2920 elements to byte tensors and concatenating them all ...
[32m[03/21 14:45:44 d2.data.common]: [0mSerialized dataset takes 7.44 MiB
[32m[03/21 14:45:44 d2.evaluation.evaluator]: [0mStart inference on 2920 images
[32m[03/21 14:45:46 d2.evaluation.evaluator]: [0mInference done 11/2920. 0.0895 s / img. ETA=0:04:36
[32m[03/21 14:45:51 d2.evaluation.evaluator]: [0mInference done 55/2920. 0.1063 s / img. ETA=0:05:21
[32m[03/21 14:45:56 d2.evaluation.evaluator]: [0mInference done 107/2920. 0.0986 s / img. ETA=0:04:53
[32m[03/21 14:46:01 d2.evaluation.evaluator]: [0mInference done 156/2920. 0.0981 s / img. ETA=0:04:46
[32m[03/21 14:46:06 d2.evaluation.evaluator]: [0mInference done 205/2920. 0.0979 s / img. ETA=0:04:40
[32m[03/21 14:46:11 d2.evaluation.evaluator]: [0mInference done 257/2920. 0.0968 s / img. ETA=0:04:31
[32m[03/21 14:46:16 d2.evaluation.evaluator]: [0mInference done 308/2920. 0.0963 s / img. ETA=0:04:24
[32m[03/21 14:46:21 d2.evaluation.evaluator]: [0mInference done 359/2920. 0.0961 s / img. ETA=0:04:18
[32m[03/21 14:46:26 d2.evaluation.evaluator]: [0mInference done 411/2920. 0.0958 s / img. ETA=0:04:12
[32m[03/21 14:46:31 d2.evaluation.evaluator]: [0mInference done 463/2920. 0.0955 s / img. ETA=0:04:05
[32m[03/21 14:46:36 d2.evaluation.evaluator]: [0mInference done 514/2920. 0.0953 s / img. ETA=0:04:00
[32m[03/21 14:46:41 d2.evaluation.evaluator]: [0mInference done 565/2920. 0.0952 s / img. ETA=0:03:55
[32m[03/21 14:46:46 d2.evaluation.evaluator]: [0mInference done 617/2920. 0.0951 s / img. ETA=0:03:49
[32m[03/21 14:46:51 d2.evaluation.evaluator]: [0mInference done 668/2920. 0.0950 s / img. ETA=0:03:44
[32m[03/21 14:46:56 d2.evaluation.evaluator]: [0mInference done 719/2920. 0.0950 s / img. ETA=0:03:39
[32m[03/21 14:47:01 d2.evaluation.evaluator]: [0mInference done 770/2920. 0.0950 s / img. ETA=0:03:34
[32m[03/21 14:47:06 d2.evaluation.evaluator]: [0mInference done 820/2920. 0.0950 s / img. ETA=0:03:29
[32m[03/21 14:47:11 d2.evaluation.evaluator]: [0mInference done 871/2920. 0.0949 s / img. ETA=0:03:24
[32m[03/21 14:47:16 d2.evaluation.evaluator]: [0mInference done 922/2920. 0.0949 s / img. ETA=0:03:18
[32m[03/21 14:47:21 d2.evaluation.evaluator]: [0mInference done 973/2920. 0.0948 s / img. ETA=0:03:13
[32m[03/21 14:47:27 d2.evaluation.evaluator]: [0mInference done 1025/2920. 0.0947 s / img. ETA=0:03:08
[32m[03/21 14:47:32 d2.evaluation.evaluator]: [0mInference done 1076/2920. 0.0946 s / img. ETA=0:03:03
[32m[03/21 14:47:37 d2.evaluation.evaluator]: [0mInference done 1127/2920. 0.0946 s / img. ETA=0:02:58
[32m[03/21 14:47:42 d2.evaluation.evaluator]: [0mInference done 1178/2920. 0.0946 s / img. ETA=0:02:53
[32m[03/21 14:47:47 d2.evaluation.evaluator]: [0mInference done 1228/2920. 0.0946 s / img. ETA=0:02:48
[32m[03/21 14:47:52 d2.evaluation.evaluator]: [0mInference done 1279/2920. 0.0946 s / img. ETA=0:02:43
[32m[03/21 14:47:57 d2.evaluation.evaluator]: [0mInference done 1332/2920. 0.0945 s / img. ETA=0:02:37
[32m[03/21 14:48:02 d2.evaluation.evaluator]: [0mInference done 1384/2920. 0.0944 s / img. ETA=0:02:32
[32m[03/21 14:48:07 d2.evaluation.evaluator]: [0mInference done 1435/2920. 0.0944 s / img. ETA=0:02:27
[32m[03/21 14:48:12 d2.evaluation.evaluator]: [0mInference done 1486/2920. 0.0945 s / img. ETA=0:02:22
[32m[03/21 14:48:17 d2.evaluation.evaluator]: [0mInference done 1537/2920. 0.0945 s / img. ETA=0:02:17
[32m[03/21 14:48:22 d2.evaluation.evaluator]: [0mInference done 1588/2920. 0.0945 s / img. ETA=0:02:12
[32m[03/21 14:48:27 d2.evaluation.evaluator]: [0mInference done 1639/2920. 0.0945 s / img. ETA=0:02:07
[32m[03/21 14:48:32 d2.evaluation.evaluator]: [0mInference done 1691/2920. 0.0945 s / img. ETA=0:02:01
[32m[03/21 14:48:37 d2.evaluation.evaluator]: [0mInference done 1742/2920. 0.0945 s / img. ETA=0:01:56
[32m[03/21 14:48:42 d2.evaluation.evaluator]: [0mInference done 1794/2920. 0.0944 s / img. ETA=0:01:51
[32m[03/21 14:48:47 d2.evaluation.evaluator]: [0mInference done 1846/2920. 0.0944 s / img. ETA=0:01:46
[32m[03/21 14:48:53 d2.evaluation.evaluator]: [0mInference done 1898/2920. 0.0944 s / img. ETA=0:01:41
[32m[03/21 14:48:58 d2.evaluation.evaluator]: [0mInference done 1949/2920. 0.0944 s / img. ETA=0:01:36
[32m[03/21 14:49:03 d2.evaluation.evaluator]: [0mInference done 1999/2920. 0.0944 s / img. ETA=0:01:31
[32m[03/21 14:49:08 d2.evaluation.evaluator]: [0mInference done 2049/2920. 0.0944 s / img. ETA=0:01:26
[32m[03/21 14:49:13 d2.evaluation.evaluator]: [0mInference done 2099/2920. 0.0944 s / img. ETA=0:01:21
[32m[03/21 14:49:18 d2.evaluation.evaluator]: [0mInference done 2149/2920. 0.0944 s / img. ETA=0:01:16
[32m[03/21 14:49:23 d2.evaluation.evaluator]: [0mInference done 2199/2920. 0.0945 s / img. ETA=0:01:11
[32m[03/21 14:49:28 d2.evaluation.evaluator]: [0mInference done 2249/2920. 0.0945 s / img. ETA=0:01:06
[32m[03/21 14:49:33 d2.evaluation.evaluator]: [0mInference done 2299/2920. 0.0945 s / img. ETA=0:01:01
[32m[03/21 14:49:38 d2.evaluation.evaluator]: [0mInference done 2349/2920. 0.0945 s / img. ETA=0:00:56
[32m[03/21 14:49:43 d2.evaluation.evaluator]: [0mInference done 2398/2920. 0.0945 s / img. ETA=0:00:51
[32m[03/21 14:49:48 d2.evaluation.evaluator]: [0mInference done 2445/2920. 0.0945 s / img. ETA=0:00:47
[32m[03/21 14:49:53 d2.evaluation.evaluator]: [0mInference done 2493/2920. 0.0945 s / img. ETA=0:00:42
[32m[03/21 14:49:58 d2.evaluation.evaluator]: [0mInference done 2540/2920. 0.0946 s / img. ETA=0:00:37
[32m[03/21 14:50:03 d2.evaluation.evaluator]: [0mInference done 2588/2920. 0.0946 s / img. ETA=0:00:33
[32m[03/21 14:50:08 d2.evaluation.evaluator]: [0mInference done 2638/2920. 0.0946 s / img. ETA=0:00:28
[32m[03/21 14:50:13 d2.evaluation.evaluator]: [0mInference done 2688/2920. 0.0946 s / img. ETA=0:00:23
[32m[03/21 14:50:18 d2.evaluation.evaluator]: [0mInference done 2738/2920. 0.0947 s / img. ETA=0:00:18
[32m[03/21 14:50:23 d2.evaluation.evaluator]: [0mInference done 2788/2920. 0.0947 s / img. ETA=0:00:13
[32m[03/21 14:50:28 d2.evaluation.evaluator]: [0mInference done 2838/2920. 0.0947 s / img. ETA=0:00:08
[32m[03/21 14:50:34 d2.evaluation.evaluator]: [0mInference done 2888/2920. 0.0947 s / img. ETA=0:00:03
[32m[03/21 14:50:37 d2.evaluation.evaluator]: [0mTotal inference time: 0:04:51.777828 (0.100095 s / img per device, on 1 devices)
[32m[03/21 14:50:37 d2.evaluation.evaluator]: [0mTotal inference pure compute time: 0:04:36 (0.094721 s / img per device, on 1 devices)
[32m[03/21 14:50:37 d2.evaluation.coco_evaluation]: [0mPreparing results for COCO format ...
[32m[03/21 14:50:37 d2.evaluation.coco_evaluation]: [0mSaving results to ../mask_rcnn_R_50_FPN/output/coco_instances_results.json
[32m[03/21 14:50:37 d2.evaluation.coco_evaluation]: [0mEvaluating predictions ...
Loading and preparing results...
DONE (t=0.02s)
creating index...
index created!
Running per image evaluation...
Evaluate annotation type *bbox*
DONE (t=4.30s).
Accumulating evaluation results...
DONE (t=0.52s).
 Average Precision  (AP) @[ IoU=0.50:0.95 | area=   all | maxDets=100 ] = 0.647
 Average Precision  (AP) @[ IoU=0.50      | area=   all | maxDets=100 ] = 0.841
 Average Precision  (AP) @[ IoU=0.75      | area=   all | maxDets=100 ] = 0.755
 Average Precision  (AP) @[ IoU=0.50:0.95 | area= small | maxDets=100 ] = 0.481
 Average Precision  (AP) @[ IoU=0.50:0.95 | area=medium | maxDets=100 ] = 0.751
 Average Precision  (AP) @[ IoU=0.50:0.95 | area= large | maxDets=100 ] = 0.778
 Average Recall     (AR) @[ IoU=0.50:0.95 | area=   all | maxDets=  1 ] = 0.211
 Average Recall     (AR) @[ IoU=0.50:0.95 | area=   all | maxDets= 10 ] = 0.701
 Average Recall     (AR) @[ IoU=0.50:0.95 | area=   all | maxDets=100 ] = 0.709
 Average Recall     (AR) @[ IoU=0.50:0.95 | area= small | maxDets=100 ] = 0.550
 Average Recall     (AR) @[ IoU=0.50:0.95 | area=medium | maxDets=100 ] = 0.812
 Average Recall     (AR) @[ IoU=0.50:0.95 | area= large | maxDets=100 ] = 0.911
[32m[03/21 14:50:42 d2.evaluation.coco_evaluation]: [0mEvaluation results for bbox: 
|   AP   |  AP50  |  AP75  |  APs   |  APm   |  APl   |
|:------:|:------:|:------:|:------:|:------:|:------:|
| 64.679 | 84.062 | 75.548 | 48.050 | 75.106 | 77.759 |
[32m[03/21 14:50:42 d2.evaluation.coco_evaluation]: [0mPer-category bbox AP: 
| category   | AP   | category   | AP     | category   | AP     |
|:-----------|:-----|:-----------|:-------|:-----------|:-------|
| None       | nan  | Car        | 72.623 | Pedestrian | 56.735 |
Loading and preparing results...
DONE (t=0.17s)
creating index...
index created!
Running per image evaluation...
Evaluate annotation type *segm*
DONE (t=5.15s).
Accumulating evaluation results...
DONE (t=0.53s).
 Average Precision  (AP) @[ IoU=0.50:0.95 | area=   all | maxDets=100 ] = 0.580
 Average Precision  (AP) @[ IoU=0.50      | area=   all | maxDets=100 ] = 0.816
 Average Precision  (AP) @[ IoU=0.75      | area=   all | maxDets=100 ] = 0.651
 Average Precision  (AP) @[ IoU=0.50:0.95 | area= small | maxDets=100 ] = 0.388
 Average Precision  (AP) @[ IoU=0.50:0.95 | area=medium | maxDets=100 ] = 0.691
 Average Precision  (AP) @[ IoU=0.50:0.95 | area= large | maxDets=100 ] = 0.779
 Average Recall     (AR) @[ IoU=0.50:0.95 | area=   all | maxDets=  1 ] = 0.191
 Average Recall     (AR) @[ IoU=0.50:0.95 | area=   all | maxDets= 10 ] = 0.641
 Average Recall     (AR) @[ IoU=0.50:0.95 | area=   all | maxDets=100 ] = 0.647
 Average Recall     (AR) @[ IoU=0.50:0.95 | area= small | maxDets=100 ] = 0.487
 Average Recall     (AR) @[ IoU=0.50:0.95 | area=medium | maxDets=100 ] = 0.748
 Average Recall     (AR) @[ IoU=0.50:0.95 | area= large | maxDets=100 ] = 0.817
[32m[03/21 14:50:48 d2.evaluation.coco_evaluation]: [0mEvaluation results for segm: 
|   AP   |  AP50  |  AP75  |  APs   |  APm   |  APl   |
|:------:|:------:|:------:|:------:|:------:|:------:|
| 57.964 | 81.621 | 65.127 | 38.838 | 69.109 | 77.864 |
[32m[03/21 14:50:48 d2.evaluation.coco_evaluation]: [0mPer-category segm AP: 
| category   | AP   | category   | AP     | category   | AP     |
|:-----------|:-----|:-----------|:-------|:-----------|:-------|
| None       | nan  | Car        | 72.513 | Pedestrian | 43.415 |
