Metadata(name='MOTSChallenge_train', thing_classes=['None', 'Car', 'Pedestrian'])
Loading sequence 0002
Loading sequence 0005
Loading sequence 0009
Loading sequence 0011
0002
0005
0009
0011
Loaded 2004 images!
[5m[31mWARNING[0m [32m[03/14 22:48:18 d2.evaluation.coco_evaluation]: [0mjson_file was not found in MetaDataCatalog for 'MOTSChallenge_val'. Trying to convert it to COCO format ...
[32m[03/14 22:48:18 d2.data.datasets.coco]: [0mCached annotations in COCO format already exist: ./output/MOTSChallenge_val_coco_format.json
Loading sequence 0002
Loading sequence 0005
Loading sequence 0009
Loading sequence 0011
0002
0005
0009
0011
Loaded 850 images!
[32m[03/14 22:49:19 d2.data.build]: [0mDistribution of instances among all 3 categories:
[36m|  category  | #instances   |  category  | #instances   |  category  | #instances   |
|:----------:|:-------------|:----------:|:-------------|:----------:|:-------------|
|    None    | 0            |    Car     | 0            | Pedestrian | 8006         |
|            |              |            |              |            |              |
|   total    | 8006         |            |              |            |              |[0m
[32m[03/14 22:49:19 d2.data.common]: [0mSerializing 850 elements to byte tensors and concatenating them all ...
[32m[03/14 22:49:20 d2.data.common]: [0mSerialized dataset takes 0.97 MiB
[32m[03/14 22:49:20 d2.evaluation.evaluator]: [0mStart inference on 850 images
[32m[03/14 22:49:23 d2.evaluation.evaluator]: [0mInference done 11/850. 0.1991 s / img. ETA=0:02:48
[32m[03/14 22:49:28 d2.evaluation.evaluator]: [0mInference done 36/850. 0.2030 s / img. ETA=0:02:46
[32m[03/14 22:49:33 d2.evaluation.evaluator]: [0mInference done 61/850. 0.2044 s / img. ETA=0:02:42
[32m[03/14 22:49:38 d2.evaluation.evaluator]: [0mInference done 86/850. 0.2043 s / img. ETA=0:02:37
[32m[03/14 22:49:43 d2.evaluation.evaluator]: [0mInference done 110/850. 0.2052 s / img. ETA=0:02:33
[32m[03/14 22:49:49 d2.evaluation.evaluator]: [0mInference done 136/850. 0.2039 s / img. ETA=0:02:26
[32m[03/14 22:49:54 d2.evaluation.evaluator]: [0mInference done 161/850. 0.2042 s / img. ETA=0:02:21
[32m[03/14 22:49:59 d2.evaluation.evaluator]: [0mInference done 186/850. 0.2035 s / img. ETA=0:02:16
[32m[03/14 22:50:04 d2.evaluation.evaluator]: [0mInference done 213/850. 0.2012 s / img. ETA=0:02:09
[32m[03/14 22:50:09 d2.evaluation.evaluator]: [0mInference done 275/850. 0.1733 s / img. ETA=0:01:40
[32m[03/14 22:50:14 d2.evaluation.evaluator]: [0mInference done 338/850. 0.1554 s / img. ETA=0:01:20
[32m[03/14 22:50:19 d2.evaluation.evaluator]: [0mInference done 401/850. 0.1432 s / img. ETA=0:01:04
[32m[03/14 22:50:24 d2.evaluation.evaluator]: [0mInference done 454/850. 0.1367 s / img. ETA=0:00:55
[32m[03/14 22:50:29 d2.evaluation.evaluator]: [0mInference done 503/850. 0.1326 s / img. ETA=0:00:46
[32m[03/14 22:50:34 d2.evaluation.evaluator]: [0mInference done 556/850. 0.1288 s / img. ETA=0:00:38
[32m[03/14 22:50:39 d2.evaluation.evaluator]: [0mInference done 609/850. 0.1257 s / img. ETA=0:00:30
[32m[03/14 22:50:44 d2.evaluation.evaluator]: [0mInference done 662/850. 0.1231 s / img. ETA=0:00:23
[32m[03/14 22:50:49 d2.evaluation.evaluator]: [0mInference done 715/850. 0.1208 s / img. ETA=0:00:16
[32m[03/14 22:50:54 d2.evaluation.evaluator]: [0mInference done 768/850. 0.1189 s / img. ETA=0:00:09
[32m[03/14 22:50:59 d2.evaluation.evaluator]: [0mInference done 821/850. 0.1172 s / img. ETA=0:00:03
[32m[03/14 22:51:02 d2.evaluation.evaluator]: [0mTotal inference time: 0:01:40.481271 (0.118913 s / img per device, on 1 devices)
[32m[03/14 22:51:02 d2.evaluation.evaluator]: [0mTotal inference pure compute time: 0:01:38 (0.116372 s / img per device, on 1 devices)
[32m[03/14 22:51:02 d2.evaluation.coco_evaluation]: [0mPreparing results for COCO format ...
[32m[03/14 22:51:02 d2.evaluation.coco_evaluation]: [0mSaving results to ./output/coco_instances_results.json
[32m[03/14 22:51:02 d2.evaluation.coco_evaluation]: [0mEvaluating predictions ...
Loading and preparing results...
DONE (t=0.01s)
creating index...
index created!
Running per image evaluation...
Evaluate annotation type *bbox*
DONE (t=3.30s).
Accumulating evaluation results...
DONE (t=0.37s).
 Average Precision  (AP) @[ IoU=0.50:0.95 | area=   all | maxDets=100 ] = 0.763
 Average Precision  (AP) @[ IoU=0.50      | area=   all | maxDets=100 ] = 0.926
 Average Precision  (AP) @[ IoU=0.75      | area=   all | maxDets=100 ] = 0.849
 Average Precision  (AP) @[ IoU=0.50:0.95 | area= small | maxDets=100 ] = 0.351
 Average Precision  (AP) @[ IoU=0.50:0.95 | area=medium | maxDets=100 ] = 0.634
 Average Precision  (AP) @[ IoU=0.50:0.95 | area= large | maxDets=100 ] = 0.836
 Average Recall     (AR) @[ IoU=0.50:0.95 | area=   all | maxDets=  1 ] = 0.102
 Average Recall     (AR) @[ IoU=0.50:0.95 | area=   all | maxDets= 10 ] = 0.760
 Average Recall     (AR) @[ IoU=0.50:0.95 | area=   all | maxDets=100 ] = 0.791
 Average Recall     (AR) @[ IoU=0.50:0.95 | area= small | maxDets=100 ] = 0.436
 Average Recall     (AR) @[ IoU=0.50:0.95 | area=medium | maxDets=100 ] = 0.686
 Average Recall     (AR) @[ IoU=0.50:0.95 | area= large | maxDets=100 ] = 0.862
[32m[03/14 22:51:06 d2.evaluation.coco_evaluation]: [0mEvaluation results for bbox: 
|   AP   |  AP50  |  AP75  |  APs   |  APm   |  APl   |
|:------:|:------:|:------:|:------:|:------:|:------:|
| 76.314 | 92.587 | 84.946 | 35.063 | 63.350 | 83.580 |
[32m[03/14 22:51:06 d2.evaluation.coco_evaluation]: [0mPer-category bbox AP: 
| category   | AP   | category   | AP   | category   | AP     |
|:-----------|:-----|:-----------|:-----|:-----------|:-------|
| None       | nan  | Car        | nan  | Pedestrian | 76.314 |
